## Starting pipeline #
bio_pipeline.sh -ref NC_017331.1.fasta -sra ERR159989.sra -mem-pacbio -dbq 0 -nofix -skip-fastqc -indels
######################

## Saving SRA statistics..
## Dumping fastq files from ERR159989.sra
Rejected 77967 READS because READLEN < 1
Read 81741 spots for ERR159989.sra
Written 3774 spots for ERR159989.sra
## One fastq file generated
## Creating bwa index for NC_017331.1.fasta
[bwa_index] Pack FASTA... 0.02 sec
[bwa_index] Construct BWT for the packed sequence...
[bwa_index] 0.61 seconds elapse.
[bwa_index] Update BWT... 0.02 sec
[bwa_index] Pack forward-only FASTA... 0.01 sec
[bwa_index] Construct SA from BWT and Occ... 0.29 sec
[main] Version: 0.7.12-r1039
[main] CMD: bwa index NC_017331.1.fasta
[main] Real time: 1.551 sec; CPU: 0.948 sec
## Generating sam file with bwa-mem aligner
[M::bwa_idx_load_from_disk] read 0 ALT contigs
[M::process] read 3774 sequences (2480935 bp)...
[M::mem_process_seqs] Processed 3774 reads in 5.540 CPU sec, 1.386 real sec
[main] Version: 0.7.12-r1039
[main] CMD: bwa mem -t 4 -x pacbio NC_017331.1.fasta ERR159989_1.fastq
[main] Real time: 1.548 sec; CPU: 5.556 sec
## Converting sam file to BAM, sorting and indexing
[samopen] SAM header is present: 1 sequences.
## Removing duplicates
[bam_rmdup_core] processing reference gi|387141638|ref|NC_017331.1|...
## Adding read groups and indexing
[Thu Jul 02 11:08:08 CEST 2015] picard.sam.AddOrReplaceReadGroups INPUT=tmp.rmdup.sorted.bam OUTPUT=tmp.addrg.rmdup.sorted.bam RGLB=rglib RGPL=rgpl RGPU=rgpu RGSM=rgsm VALIDATION_STRINGENCY=SILENT    RGID=1 VERBOSITY=INFO QUIET=false COMPRESSION_LEVEL=5 MAX_RECORDS_IN_RAM=500000 CREATE_INDEX=false CREATE_MD5_FILE=false GA4GH_CLIENT_SECRETS=client_secrets.json
[Thu Jul 02 11:08:08 CEST 2015] Executing as fabio@ahmad-desktop on Linux 3.19.0-22-generic amd64; OpenJDK 64-Bit Server VM 1.7.0_79-b14; Picard version: 1.135(83ec44e03ec8d07ef180ef86b7a62d59a80dedd3_1435607037) IntelDeflater
INFO	2015-07-02 11:08:08	AddOrReplaceReadGroups	Created read group ID=1 PL=rgpl LB=rglib SM=rgsm

[Thu Jul 02 11:08:09 CEST 2015] picard.sam.AddOrReplaceReadGroups done. Elapsed time: 0.01 minutes.
Runtime.totalMemory()=251658240
## Realigning near indels and re-indexing
[Thu Jul 02 11:08:09 CEST 2015] picard.sam.CreateSequenceDictionary REFERENCE=NC_017331.1.fasta OUTPUT=NC_017331.1.dict    TRUNCATE_NAMES_AT_WHITESPACE=true NUM_SEQUENCES=2147483647 VERBOSITY=INFO QUIET=false VALIDATION_STRINGENCY=STRICT COMPRESSION_LEVEL=5 MAX_RECORDS_IN_RAM=500000 CREATE_INDEX=false CREATE_MD5_FILE=false GA4GH_CLIENT_SECRETS=client_secrets.json
[Thu Jul 02 11:08:09 CEST 2015] Executing as fabio@ahmad-desktop on Linux 3.19.0-22-generic amd64; OpenJDK 64-Bit Server VM 1.7.0_79-b14; Picard version: 1.135(83ec44e03ec8d07ef180ef86b7a62d59a80dedd3_1435607037) IntelDeflater
[Thu Jul 02 11:08:09 CEST 2015] picard.sam.CreateSequenceDictionary done. Elapsed time: 0.00 minutes.
Runtime.totalMemory()=251658240
INFO  11:08:10,604 HelpFormatter - -------------------------------------------------------------------------------- 
INFO  11:08:10,606 HelpFormatter - The Genome Analysis Toolkit (GATK) v3.4-0-g7e26428, Compiled 2015/05/15 03:25:41 
INFO  11:08:10,606 HelpFormatter - Copyright (c) 2010 The Broad Institute 
INFO  11:08:10,606 HelpFormatter - For support and documentation go to http://www.broadinstitute.org/gatk 
INFO  11:08:10,609 HelpFormatter - Program Args: -I tmp.addrg.rmdup.sorted.bam -R NC_017331.1.fasta -T RealignerTargetCreator -o help.intervals -filterNoBases -rf BadCigar --allow_potentially_misencoded_quality_scores 
INFO  11:08:10,613 HelpFormatter - Executing as fabio@ahmad-desktop on Linux 3.19.0-22-generic amd64; OpenJDK 64-Bit Server VM 1.7.0_79-b14. 
INFO  11:08:10,613 HelpFormatter - Date/Time: 2015/07/02 11:08:10 
INFO  11:08:10,613 HelpFormatter - -------------------------------------------------------------------------------- 
INFO  11:08:10,613 HelpFormatter - -------------------------------------------------------------------------------- 
INFO  11:08:10,655 GenomeAnalysisEngine - Strictness is SILENT 
INFO  11:08:10,740 GenomeAnalysisEngine - Downsampling Settings: Method: BY_SAMPLE, Target Coverage: 1000 
INFO  11:08:10,746 SAMDataSource$SAMReaders - Initializing SAMRecords in serial 
INFO  11:08:10,761 SAMDataSource$SAMReaders - Done initializing BAM readers: total time 0.01 
INFO  11:08:10,821 GenomeAnalysisEngine - Preparing for traversal over 1 BAM files 
INFO  11:08:10,846 GenomeAnalysisEngine - Done preparing for traversal 
INFO  11:08:10,847 ProgressMeter - [INITIALIZATION COMPLETE; STARTING PROCESSING] 
INFO  11:08:10,847 ProgressMeter -                 | processed |    time |    per 1M |           |   total | remaining 
INFO  11:08:10,847 ProgressMeter -        Location |     sites | elapsed |     sites | completed | runtime |   runtime 
INFO  11:08:12,998 ProgressMeter -            done   3043210.0     2.0 s       0.0 s      100.0%     2.0 s       0.0 s 
INFO  11:08:12,998 ProgressMeter - Total runtime 2.15 secs, 0.04 min, 0.00 hours 
INFO  11:08:13,000 MicroScheduler - 55 reads were filtered out during the traversal out of approximately 2839 total reads (1.94%) 
INFO  11:08:13,001 MicroScheduler -   -> 0 reads (0.00% of total) failing BadCigarFilter 
INFO  11:08:13,001 MicroScheduler -   -> 0 reads (0.00% of total) failing BadMateFilter 
INFO  11:08:13,001 MicroScheduler -   -> 0 reads (0.00% of total) failing DuplicateReadFilter 
INFO  11:08:13,001 MicroScheduler -   -> 0 reads (0.00% of total) failing FailsVendorQualityCheckFilter 
INFO  11:08:13,001 MicroScheduler -   -> 0 reads (0.00% of total) failing MalformedReadFilter 
INFO  11:08:13,002 MicroScheduler -   -> 0 reads (0.00% of total) failing MappingQualityUnavailableFilter 
INFO  11:08:13,002 MicroScheduler -   -> 55 reads (1.94% of total) failing MappingQualityZeroFilter 
INFO  11:08:13,002 MicroScheduler -   -> 0 reads (0.00% of total) failing NotPrimaryAlignmentFilter 
INFO  11:08:13,002 MicroScheduler -   -> 0 reads (0.00% of total) failing Platform454Filter 
INFO  11:08:13,002 MicroScheduler -   -> 0 reads (0.00% of total) failing UnmappedReadFilter 
INFO  11:08:14,026 GATKRunReport - Uploaded run statistics report to AWS S3 
INFO  11:08:15,303 HelpFormatter - -------------------------------------------------------------------------------- 
INFO  11:08:15,305 HelpFormatter - The Genome Analysis Toolkit (GATK) v3.4-0-g7e26428, Compiled 2015/05/15 03:25:41 
INFO  11:08:15,305 HelpFormatter - Copyright (c) 2010 The Broad Institute 
INFO  11:08:15,305 HelpFormatter - For support and documentation go to http://www.broadinstitute.org/gatk 
INFO  11:08:15,308 HelpFormatter - Program Args: -I tmp.addrg.rmdup.sorted.bam -R NC_017331.1.fasta -T IndelRealigner -targetIntervals help.intervals -o ERR159989.bam -filterNoBases -rf BadCigar --allow_potentially_misencoded_quality_scores --defaultBaseQualities 0 
INFO  11:08:15,312 HelpFormatter - Executing as fabio@ahmad-desktop on Linux 3.19.0-22-generic amd64; OpenJDK 64-Bit Server VM 1.7.0_79-b14. 
INFO  11:08:15,312 HelpFormatter - Date/Time: 2015/07/02 11:08:15 
INFO  11:08:15,312 HelpFormatter - -------------------------------------------------------------------------------- 
INFO  11:08:15,312 HelpFormatter - -------------------------------------------------------------------------------- 
INFO  11:08:15,418 GenomeAnalysisEngine - Strictness is SILENT 
INFO  11:08:15,451 GenomeAnalysisEngine - Downsampling Settings: No downsampling 
INFO  11:08:15,458 SAMDataSource$SAMReaders - Initializing SAMRecords in serial 
INFO  11:08:15,475 SAMDataSource$SAMReaders - Done initializing BAM readers: total time 0.02 
INFO  11:08:15,540 GenomeAnalysisEngine - Preparing for traversal over 1 BAM files 
INFO  11:08:15,543 GenomeAnalysisEngine - Done preparing for traversal 
INFO  11:08:15,544 ProgressMeter - [INITIALIZATION COMPLETE; STARTING PROCESSING] 
INFO  11:08:15,544 ProgressMeter -                 | processed |    time |    per 1M |           |   total | remaining 
INFO  11:08:15,544 ProgressMeter -        Location |     reads | elapsed |     reads | completed | runtime |   runtime 
INFO  11:08:15,568 ReadShardBalancer$1 - Loading BAM index data 
INFO  11:08:15,569 ReadShardBalancer$1 - Done loading BAM index data 
INFO  11:08:16,461 ProgressMeter -            done      3832.0     0.0 s       4.0 m       97.2%     0.0 s       0.0 s 
INFO  11:08:16,461 ProgressMeter - Total runtime 0.92 secs, 0.02 min, 0.00 hours 
INFO  11:08:16,463 MicroScheduler - 0 reads were filtered out during the traversal out of approximately 3832 total reads (0.00%) 
INFO  11:08:16,463 MicroScheduler -   -> 0 reads (0.00% of total) failing BadCigarFilter 
INFO  11:08:16,464 MicroScheduler -   -> 0 reads (0.00% of total) failing MalformedReadFilter 
INFO  11:08:17,517 GATKRunReport - Uploaded run statistics report to AWS S3 

##################
# Reads coverage #
##################
(only counts reads where MAPQ >= 1)
Genome length: 3043210
min =  0
max =  6
% cov. =  38.1458
Avg. base cov. =  0.47909
Stdev base cov. =  0.707476

Reads length (MAPQ >= 1):
min-max avg stdev
131-1703 618.818 +- 215.53

flagstats:
3832 + 0 in total (QC-passed reads + QC-failed reads)
0 + 0 duplicates
2767 + 0 mapped (72.21%:-nan%)
0 + 0 paired in sequencing
0 + 0 read1
0 + 0 read2
0 + 0 properly paired (-nan%:-nan%)
0 + 0 with itself and mate mapped
0 + 0 singletons (-nan%:-nan%)
0 + 0 with mate mapped to a different chr
0 + 0 with mate mapped to a different chr (mapQ>=5)

idxstats:
Chr	length	mapped	unmapped
gi|387141638|ref|NC_017331.1|	3043210	2767	0
*	0	0	1065

## SNP calling with GATK
INFO  11:08:19,903 HelpFormatter - -------------------------------------------------------------------------------- 
INFO  11:08:19,905 HelpFormatter - The Genome Analysis Toolkit (GATK) v3.4-0-g7e26428, Compiled 2015/05/15 03:25:41 
INFO  11:08:19,905 HelpFormatter - Copyright (c) 2010 The Broad Institute 
INFO  11:08:19,905 HelpFormatter - For support and documentation go to http://www.broadinstitute.org/gatk 
INFO  11:08:19,908 HelpFormatter - Program Args: -ploidy 1 -I ERR159989.bam -R NC_017331.1.fasta -T UnifiedGenotyper -o ERR159989-snps.vcf -filterNoBases -rf BadCigar --allow_potentially_misencoded_quality_scores 
INFO  11:08:19,912 HelpFormatter - Executing as fabio@ahmad-desktop on Linux 3.19.0-22-generic amd64; OpenJDK 64-Bit Server VM 1.7.0_79-b14. 
INFO  11:08:19,912 HelpFormatter - Date/Time: 2015/07/02 11:08:19 
INFO  11:08:19,913 HelpFormatter - -------------------------------------------------------------------------------- 
INFO  11:08:19,913 HelpFormatter - -------------------------------------------------------------------------------- 
INFO  11:08:19,984 GenomeAnalysisEngine - Strictness is SILENT 
INFO  11:08:20,057 GenomeAnalysisEngine - Downsampling Settings: Method: BY_SAMPLE, Target Coverage: 250 
INFO  11:08:20,063 SAMDataSource$SAMReaders - Initializing SAMRecords in serial 
INFO  11:08:20,079 SAMDataSource$SAMReaders - Done initializing BAM readers: total time 0.02 
INFO  11:08:20,141 GenomeAnalysisEngine - Preparing for traversal over 1 BAM files 
INFO  11:08:20,167 GenomeAnalysisEngine - Done preparing for traversal 
INFO  11:08:20,168 ProgressMeter - [INITIALIZATION COMPLETE; STARTING PROCESSING] 
INFO  11:08:20,168 ProgressMeter -                 | processed |    time |    per 1M |           |   total | remaining 
INFO  11:08:20,168 ProgressMeter -        Location |     sites | elapsed |     sites | completed | runtime |   runtime 
INFO  11:08:20,196 StrandBiasTest - SAM/BAM data was found. Attempting to use read data to calculate strand bias annotations values. 
INFO  11:08:20,197 StrandBiasTest - SAM/BAM data was found. Attempting to use read data to calculate strand bias annotations values. 
INFO  11:08:32,767 ProgressMeter -            done   3043210.0    12.0 s       4.0 s      100.0%    12.0 s       0.0 s 
INFO  11:08:32,767 ProgressMeter - Total runtime 12.60 secs, 0.21 min, 0.00 hours 
INFO  11:08:32,768 MicroScheduler - 0 reads were filtered out during the traversal out of approximately 2839 total reads (0.00%) 
INFO  11:08:32,768 MicroScheduler -   -> 0 reads (0.00% of total) failing BadCigarFilter 
INFO  11:08:32,768 MicroScheduler -   -> 0 reads (0.00% of total) failing BadMateFilter 
INFO  11:08:32,769 MicroScheduler -   -> 0 reads (0.00% of total) failing DuplicateReadFilter 
INFO  11:08:32,769 MicroScheduler -   -> 0 reads (0.00% of total) failing FailsVendorQualityCheckFilter 
INFO  11:08:32,769 MicroScheduler -   -> 0 reads (0.00% of total) failing MalformedReadFilter 
INFO  11:08:32,769 MicroScheduler -   -> 0 reads (0.00% of total) failing MappingQualityUnavailableFilter 
INFO  11:08:32,769 MicroScheduler -   -> 0 reads (0.00% of total) failing NotPrimaryAlignmentFilter 
INFO  11:08:32,770 MicroScheduler -   -> 0 reads (0.00% of total) failing UnmappedReadFilter 
INFO  11:08:33,810 GATKRunReport - Uploaded run statistics report to AWS S3 
SNPs found: 2
## INDELS calling with GATK
INFO  11:08:35,192 HelpFormatter - -------------------------------------------------------------------------------- 
INFO  11:08:35,194 HelpFormatter - The Genome Analysis Toolkit (GATK) v3.4-0-g7e26428, Compiled 2015/05/15 03:25:41 
INFO  11:08:35,194 HelpFormatter - Copyright (c) 2010 The Broad Institute 
INFO  11:08:35,194 HelpFormatter - For support and documentation go to http://www.broadinstitute.org/gatk 
INFO  11:08:35,197 HelpFormatter - Program Args: -ploidy 1 -I ERR159989.bam -R NC_017331.1.fasta -T UnifiedGenotyper -o ERR159989-indels.vcf -glm INDEL -filterNoBases -rf BadCigar --allow_potentially_misencoded_quality_scores 
INFO  11:08:35,201 HelpFormatter - Executing as fabio@ahmad-desktop on Linux 3.19.0-22-generic amd64; OpenJDK 64-Bit Server VM 1.7.0_79-b14. 
INFO  11:08:35,201 HelpFormatter - Date/Time: 2015/07/02 11:08:35 
INFO  11:08:35,201 HelpFormatter - -------------------------------------------------------------------------------- 
INFO  11:08:35,201 HelpFormatter - -------------------------------------------------------------------------------- 
INFO  11:08:35,275 GenomeAnalysisEngine - Strictness is SILENT 
INFO  11:08:35,349 GenomeAnalysisEngine - Downsampling Settings: Method: BY_SAMPLE, Target Coverage: 250 
INFO  11:08:35,354 SAMDataSource$SAMReaders - Initializing SAMRecords in serial 
INFO  11:08:35,370 SAMDataSource$SAMReaders - Done initializing BAM readers: total time 0.02 
INFO  11:08:35,434 GenomeAnalysisEngine - Preparing for traversal over 1 BAM files 
INFO  11:08:35,467 GenomeAnalysisEngine - Done preparing for traversal 
INFO  11:08:35,467 ProgressMeter - [INITIALIZATION COMPLETE; STARTING PROCESSING] 
INFO  11:08:35,468 ProgressMeter -                 | processed |    time |    per 1M |           |   total | remaining 
INFO  11:08:35,468 ProgressMeter -        Location |     sites | elapsed |     sites | completed | runtime |   runtime 
INFO  11:08:35,497 StrandBiasTest - SAM/BAM data was found. Attempting to use read data to calculate strand bias annotations values. 
INFO  11:08:35,498 StrandBiasTest - SAM/BAM data was found. Attempting to use read data to calculate strand bias annotations values. 
INFO  11:08:38,619 ProgressMeter -            done   3043210.0     3.0 s       1.0 s      100.0%     3.0 s       0.0 s 
INFO  11:08:38,619 ProgressMeter - Total runtime 3.15 secs, 0.05 min, 0.00 hours 
INFO  11:08:38,621 MicroScheduler - 0 reads were filtered out during the traversal out of approximately 2839 total reads (0.00%) 
INFO  11:08:38,622 MicroScheduler -   -> 0 reads (0.00% of total) failing BadCigarFilter 
INFO  11:08:38,622 MicroScheduler -   -> 0 reads (0.00% of total) failing BadMateFilter 
INFO  11:08:38,622 MicroScheduler -   -> 0 reads (0.00% of total) failing DuplicateReadFilter 
INFO  11:08:38,622 MicroScheduler -   -> 0 reads (0.00% of total) failing FailsVendorQualityCheckFilter 
INFO  11:08:38,623 MicroScheduler -   -> 0 reads (0.00% of total) failing MalformedReadFilter 
INFO  11:08:38,623 MicroScheduler -   -> 0 reads (0.00% of total) failing MappingQualityUnavailableFilter 
INFO  11:08:38,623 MicroScheduler -   -> 0 reads (0.00% of total) failing NotPrimaryAlignmentFilter 
INFO  11:08:38,623 MicroScheduler -   -> 0 reads (0.00% of total) failing UnmappedReadFilter 
INFO  11:08:39,690 GATKRunReport - Uploaded run statistics report to AWS S3 
INDELS found: 0
