## Starting pipeline #
bio_pipeline.sh -ref NC_017331.1.fasta -sra ERR160000.sra -mem-pacbio -dbq 0 -nofix -skip-fastqc -indels
######################

## Saving SRA statistics..
## Dumping fastq files from ERR160000.sra
Rejected 74869 READS because READLEN < 1
Read 81741 spots for ERR160000.sra
Written 6872 spots for ERR160000.sra
## One fastq file generated
## Creating bwa index for NC_017331.1.fasta
[bwa_index] Pack FASTA... 0.02 sec
[bwa_index] Construct BWT for the packed sequence...
[bwa_index] 0.59 seconds elapse.
[bwa_index] Update BWT... 0.02 sec
[bwa_index] Pack forward-only FASTA... 0.01 sec
[bwa_index] Construct SA from BWT and Occ... 0.28 sec
[main] Version: 0.7.12-r1039
[main] CMD: bwa index NC_017331.1.fasta
[main] Real time: 1.492 sec; CPU: 0.908 sec
## Generating sam file with bwa-mem aligner
[M::bwa_idx_load_from_disk] read 0 ALT contigs
[M::process] read 6872 sequences (4441522 bp)...
[M::mem_process_seqs] Processed 6872 reads in 9.740 CPU sec, 2.439 real sec
[main] Version: 0.7.12-r1039
[main] CMD: bwa mem -t 4 -x pacbio NC_017331.1.fasta ERR160000_1.fastq
[main] Real time: 2.752 sec; CPU: 9.764 sec
## Converting sam file to BAM, sorting and indexing
[samopen] SAM header is present: 1 sequences.
## Removing duplicates
[bam_rmdup_core] processing reference gi|387141638|ref|NC_017331.1|...
## Adding read groups and indexing
[Thu Jul 02 11:16:02 CEST 2015] picard.sam.AddOrReplaceReadGroups INPUT=tmp.rmdup.sorted.bam OUTPUT=tmp.addrg.rmdup.sorted.bam RGLB=rglib RGPL=rgpl RGPU=rgpu RGSM=rgsm VALIDATION_STRINGENCY=SILENT    RGID=1 VERBOSITY=INFO QUIET=false COMPRESSION_LEVEL=5 MAX_RECORDS_IN_RAM=500000 CREATE_INDEX=false CREATE_MD5_FILE=false GA4GH_CLIENT_SECRETS=client_secrets.json
[Thu Jul 02 11:16:02 CEST 2015] Executing as fabio@ahmad-desktop on Linux 3.19.0-22-generic amd64; OpenJDK 64-Bit Server VM 1.7.0_79-b14; Picard version: 1.135(83ec44e03ec8d07ef180ef86b7a62d59a80dedd3_1435607037) IntelDeflater
INFO	2015-07-02 11:16:02	AddOrReplaceReadGroups	Created read group ID=1 PL=rgpl LB=rglib SM=rgsm

[Thu Jul 02 11:16:03 CEST 2015] picard.sam.AddOrReplaceReadGroups done. Elapsed time: 0.01 minutes.
Runtime.totalMemory()=251658240
## Realigning near indels and re-indexing
[Thu Jul 02 11:16:03 CEST 2015] picard.sam.CreateSequenceDictionary REFERENCE=NC_017331.1.fasta OUTPUT=NC_017331.1.dict    TRUNCATE_NAMES_AT_WHITESPACE=true NUM_SEQUENCES=2147483647 VERBOSITY=INFO QUIET=false VALIDATION_STRINGENCY=STRICT COMPRESSION_LEVEL=5 MAX_RECORDS_IN_RAM=500000 CREATE_INDEX=false CREATE_MD5_FILE=false GA4GH_CLIENT_SECRETS=client_secrets.json
[Thu Jul 02 11:16:03 CEST 2015] Executing as fabio@ahmad-desktop on Linux 3.19.0-22-generic amd64; OpenJDK 64-Bit Server VM 1.7.0_79-b14; Picard version: 1.135(83ec44e03ec8d07ef180ef86b7a62d59a80dedd3_1435607037) IntelDeflater
[Thu Jul 02 11:16:03 CEST 2015] picard.sam.CreateSequenceDictionary done. Elapsed time: 0.00 minutes.
Runtime.totalMemory()=251658240
INFO  11:16:05,077 HelpFormatter - -------------------------------------------------------------------------------- 
INFO  11:16:05,079 HelpFormatter - The Genome Analysis Toolkit (GATK) v3.4-0-g7e26428, Compiled 2015/05/15 03:25:41 
INFO  11:16:05,079 HelpFormatter - Copyright (c) 2010 The Broad Institute 
INFO  11:16:05,079 HelpFormatter - For support and documentation go to http://www.broadinstitute.org/gatk 
INFO  11:16:05,082 HelpFormatter - Program Args: -I tmp.addrg.rmdup.sorted.bam -R NC_017331.1.fasta -T RealignerTargetCreator -o help.intervals -filterNoBases -rf BadCigar --allow_potentially_misencoded_quality_scores 
INFO  11:16:05,086 HelpFormatter - Executing as fabio@ahmad-desktop on Linux 3.19.0-22-generic amd64; OpenJDK 64-Bit Server VM 1.7.0_79-b14. 
INFO  11:16:05,086 HelpFormatter - Date/Time: 2015/07/02 11:16:05 
INFO  11:16:05,086 HelpFormatter - -------------------------------------------------------------------------------- 
INFO  11:16:05,086 HelpFormatter - -------------------------------------------------------------------------------- 
INFO  11:16:05,127 GenomeAnalysisEngine - Strictness is SILENT 
INFO  11:16:05,209 GenomeAnalysisEngine - Downsampling Settings: Method: BY_SAMPLE, Target Coverage: 1000 
INFO  11:16:05,215 SAMDataSource$SAMReaders - Initializing SAMRecords in serial 
INFO  11:16:05,231 SAMDataSource$SAMReaders - Done initializing BAM readers: total time 0.02 
INFO  11:16:05,291 GenomeAnalysisEngine - Preparing for traversal over 1 BAM files 
INFO  11:16:05,320 GenomeAnalysisEngine - Done preparing for traversal 
INFO  11:16:05,320 ProgressMeter - [INITIALIZATION COMPLETE; STARTING PROCESSING] 
INFO  11:16:05,321 ProgressMeter -                 | processed |    time |    per 1M |           |   total | remaining 
INFO  11:16:05,321 ProgressMeter -        Location |     sites | elapsed |     sites | completed | runtime |   runtime 
INFO  11:16:08,199 ProgressMeter -            done   3043210.0     2.0 s       0.0 s      100.0%     2.0 s       0.0 s 
INFO  11:16:08,200 ProgressMeter - Total runtime 2.88 secs, 0.05 min, 0.00 hours 
INFO  11:16:08,202 MicroScheduler - 87 reads were filtered out during the traversal out of approximately 5647 total reads (1.54%) 
INFO  11:16:08,203 MicroScheduler -   -> 0 reads (0.00% of total) failing BadCigarFilter 
INFO  11:16:08,203 MicroScheduler -   -> 0 reads (0.00% of total) failing BadMateFilter 
INFO  11:16:08,203 MicroScheduler -   -> 0 reads (0.00% of total) failing DuplicateReadFilter 
INFO  11:16:08,203 MicroScheduler -   -> 0 reads (0.00% of total) failing FailsVendorQualityCheckFilter 
INFO  11:16:08,203 MicroScheduler -   -> 0 reads (0.00% of total) failing MalformedReadFilter 
INFO  11:16:08,204 MicroScheduler -   -> 0 reads (0.00% of total) failing MappingQualityUnavailableFilter 
INFO  11:16:08,204 MicroScheduler -   -> 87 reads (1.54% of total) failing MappingQualityZeroFilter 
INFO  11:16:08,204 MicroScheduler -   -> 0 reads (0.00% of total) failing NotPrimaryAlignmentFilter 
INFO  11:16:08,204 MicroScheduler -   -> 0 reads (0.00% of total) failing Platform454Filter 
INFO  11:16:08,204 MicroScheduler -   -> 0 reads (0.00% of total) failing UnmappedReadFilter 
INFO  11:16:09,279 GATKRunReport - Uploaded run statistics report to AWS S3 
INFO  11:16:10,505 HelpFormatter - -------------------------------------------------------------------------------- 
INFO  11:16:10,507 HelpFormatter - The Genome Analysis Toolkit (GATK) v3.4-0-g7e26428, Compiled 2015/05/15 03:25:41 
INFO  11:16:10,507 HelpFormatter - Copyright (c) 2010 The Broad Institute 
INFO  11:16:10,507 HelpFormatter - For support and documentation go to http://www.broadinstitute.org/gatk 
INFO  11:16:10,509 HelpFormatter - Program Args: -I tmp.addrg.rmdup.sorted.bam -R NC_017331.1.fasta -T IndelRealigner -targetIntervals help.intervals -o ERR160000.bam -filterNoBases -rf BadCigar --allow_potentially_misencoded_quality_scores --defaultBaseQualities 0 
INFO  11:16:10,514 HelpFormatter - Executing as fabio@ahmad-desktop on Linux 3.19.0-22-generic amd64; OpenJDK 64-Bit Server VM 1.7.0_79-b14. 
INFO  11:16:10,514 HelpFormatter - Date/Time: 2015/07/02 11:16:10 
INFO  11:16:10,514 HelpFormatter - -------------------------------------------------------------------------------- 
INFO  11:16:10,515 HelpFormatter - -------------------------------------------------------------------------------- 
INFO  11:16:10,621 GenomeAnalysisEngine - Strictness is SILENT 
INFO  11:16:10,653 GenomeAnalysisEngine - Downsampling Settings: No downsampling 
INFO  11:16:10,658 SAMDataSource$SAMReaders - Initializing SAMRecords in serial 
INFO  11:16:10,673 SAMDataSource$SAMReaders - Done initializing BAM readers: total time 0.01 
INFO  11:16:10,731 GenomeAnalysisEngine - Preparing for traversal over 1 BAM files 
INFO  11:16:10,734 GenomeAnalysisEngine - Done preparing for traversal 
INFO  11:16:10,734 ProgressMeter - [INITIALIZATION COMPLETE; STARTING PROCESSING] 
INFO  11:16:10,734 ProgressMeter -                 | processed |    time |    per 1M |           |   total | remaining 
INFO  11:16:10,735 ProgressMeter -        Location |     reads | elapsed |     reads | completed | runtime |   runtime 
INFO  11:16:10,752 ReadShardBalancer$1 - Loading BAM index data 
INFO  11:16:10,753 ReadShardBalancer$1 - Done loading BAM index data 
INFO  11:16:12,006 ProgressMeter -            done      7037.0     1.0 s       3.0 m       98.3%     1.0 s       0.0 s 
INFO  11:16:12,007 ProgressMeter - Total runtime 1.27 secs, 0.02 min, 0.00 hours 
INFO  11:16:12,009 MicroScheduler - 0 reads were filtered out during the traversal out of approximately 7037 total reads (0.00%) 
INFO  11:16:12,009 MicroScheduler -   -> 0 reads (0.00% of total) failing BadCigarFilter 
INFO  11:16:12,010 MicroScheduler -   -> 0 reads (0.00% of total) failing MalformedReadFilter 
INFO  11:16:13,025 GATKRunReport - Uploaded run statistics report to AWS S3 

##################
# Reads coverage #
##################
(only counts reads where MAPQ >= 1)
Genome length: 3043210
min =  0
max =  9
% cov. =  63.8624
Avg. base cov. =  1.02325
Stdev base cov. =  1.05872

Reads length (MAPQ >= 1):
min-max avg stdev
75-2210 634.788 +- 259.201

flagstats:
7037 + 0 in total (QC-passed reads + QC-failed reads)
0 + 0 duplicates
5493 + 0 mapped (78.06%:-nan%)
0 + 0 paired in sequencing
0 + 0 read1
0 + 0 read2
0 + 0 properly paired (-nan%:-nan%)
0 + 0 with itself and mate mapped
0 + 0 singletons (-nan%:-nan%)
0 + 0 with mate mapped to a different chr
0 + 0 with mate mapped to a different chr (mapQ>=5)

idxstats:
Chr	length	mapped	unmapped
gi|387141638|ref|NC_017331.1|	3043210	5493	0
*	0	0	1544

## SNP calling with GATK
INFO  11:16:16,200 HelpFormatter - -------------------------------------------------------------------------------- 
INFO  11:16:16,202 HelpFormatter - The Genome Analysis Toolkit (GATK) v3.4-0-g7e26428, Compiled 2015/05/15 03:25:41 
INFO  11:16:16,202 HelpFormatter - Copyright (c) 2010 The Broad Institute 
INFO  11:16:16,202 HelpFormatter - For support and documentation go to http://www.broadinstitute.org/gatk 
INFO  11:16:16,205 HelpFormatter - Program Args: -ploidy 1 -I ERR160000.bam -R NC_017331.1.fasta -T UnifiedGenotyper -o ERR160000-snps.vcf -filterNoBases -rf BadCigar --allow_potentially_misencoded_quality_scores 
INFO  11:16:16,209 HelpFormatter - Executing as fabio@ahmad-desktop on Linux 3.19.0-22-generic amd64; OpenJDK 64-Bit Server VM 1.7.0_79-b14. 
INFO  11:16:16,209 HelpFormatter - Date/Time: 2015/07/02 11:16:16 
INFO  11:16:16,209 HelpFormatter - -------------------------------------------------------------------------------- 
INFO  11:16:16,210 HelpFormatter - -------------------------------------------------------------------------------- 
INFO  11:16:16,274 GenomeAnalysisEngine - Strictness is SILENT 
INFO  11:16:16,343 GenomeAnalysisEngine - Downsampling Settings: Method: BY_SAMPLE, Target Coverage: 250 
INFO  11:16:16,348 SAMDataSource$SAMReaders - Initializing SAMRecords in serial 
INFO  11:16:16,364 SAMDataSource$SAMReaders - Done initializing BAM readers: total time 0.01 
INFO  11:16:16,422 GenomeAnalysisEngine - Preparing for traversal over 1 BAM files 
INFO  11:16:16,450 GenomeAnalysisEngine - Done preparing for traversal 
INFO  11:16:16,450 ProgressMeter - [INITIALIZATION COMPLETE; STARTING PROCESSING] 
INFO  11:16:16,451 ProgressMeter -                 | processed |    time |    per 1M |           |   total | remaining 
INFO  11:16:16,451 ProgressMeter -        Location |     sites | elapsed |     sites | completed | runtime |   runtime 
INFO  11:16:16,477 StrandBiasTest - SAM/BAM data was found. Attempting to use read data to calculate strand bias annotations values. 
INFO  11:16:16,477 StrandBiasTest - SAM/BAM data was found. Attempting to use read data to calculate strand bias annotations values. 
INFO  11:16:34,956 ProgressMeter -            done   3043210.0    18.0 s       6.0 s      100.0%    18.0 s       0.0 s 
INFO  11:16:34,957 ProgressMeter - Total runtime 18.51 secs, 0.31 min, 0.01 hours 
INFO  11:16:34,957 MicroScheduler - 0 reads were filtered out during the traversal out of approximately 5645 total reads (0.00%) 
INFO  11:16:34,957 MicroScheduler -   -> 0 reads (0.00% of total) failing BadCigarFilter 
INFO  11:16:34,957 MicroScheduler -   -> 0 reads (0.00% of total) failing BadMateFilter 
INFO  11:16:34,958 MicroScheduler -   -> 0 reads (0.00% of total) failing DuplicateReadFilter 
INFO  11:16:34,958 MicroScheduler -   -> 0 reads (0.00% of total) failing FailsVendorQualityCheckFilter 
INFO  11:16:34,958 MicroScheduler -   -> 0 reads (0.00% of total) failing MalformedReadFilter 
INFO  11:16:34,958 MicroScheduler -   -> 0 reads (0.00% of total) failing MappingQualityUnavailableFilter 
INFO  11:16:34,959 MicroScheduler -   -> 0 reads (0.00% of total) failing NotPrimaryAlignmentFilter 
INFO  11:16:34,959 MicroScheduler -   -> 0 reads (0.00% of total) failing UnmappedReadFilter 
INFO  11:16:35,874 GATKRunReport - Uploaded run statistics report to AWS S3 
SNPs found: 24
## INDELS calling with GATK
INFO  11:16:37,063 HelpFormatter - -------------------------------------------------------------------------------- 
INFO  11:16:37,065 HelpFormatter - The Genome Analysis Toolkit (GATK) v3.4-0-g7e26428, Compiled 2015/05/15 03:25:41 
INFO  11:16:37,065 HelpFormatter - Copyright (c) 2010 The Broad Institute 
INFO  11:16:37,065 HelpFormatter - For support and documentation go to http://www.broadinstitute.org/gatk 
INFO  11:16:37,068 HelpFormatter - Program Args: -ploidy 1 -I ERR160000.bam -R NC_017331.1.fasta -T UnifiedGenotyper -o ERR160000-indels.vcf -glm INDEL -filterNoBases -rf BadCigar --allow_potentially_misencoded_quality_scores 
INFO  11:16:37,072 HelpFormatter - Executing as fabio@ahmad-desktop on Linux 3.19.0-22-generic amd64; OpenJDK 64-Bit Server VM 1.7.0_79-b14. 
INFO  11:16:37,072 HelpFormatter - Date/Time: 2015/07/02 11:16:37 
INFO  11:16:37,073 HelpFormatter - -------------------------------------------------------------------------------- 
INFO  11:16:37,073 HelpFormatter - -------------------------------------------------------------------------------- 
INFO  11:16:37,141 GenomeAnalysisEngine - Strictness is SILENT 
INFO  11:16:37,210 GenomeAnalysisEngine - Downsampling Settings: Method: BY_SAMPLE, Target Coverage: 250 
INFO  11:16:37,215 SAMDataSource$SAMReaders - Initializing SAMRecords in serial 
INFO  11:16:37,231 SAMDataSource$SAMReaders - Done initializing BAM readers: total time 0.01 
INFO  11:16:37,290 GenomeAnalysisEngine - Preparing for traversal over 1 BAM files 
INFO  11:16:37,318 GenomeAnalysisEngine - Done preparing for traversal 
INFO  11:16:37,318 ProgressMeter - [INITIALIZATION COMPLETE; STARTING PROCESSING] 
INFO  11:16:37,319 ProgressMeter -                 | processed |    time |    per 1M |           |   total | remaining 
INFO  11:16:37,319 ProgressMeter -        Location |     sites | elapsed |     sites | completed | runtime |   runtime 
INFO  11:16:37,345 StrandBiasTest - SAM/BAM data was found. Attempting to use read data to calculate strand bias annotations values. 
INFO  11:16:37,345 StrandBiasTest - SAM/BAM data was found. Attempting to use read data to calculate strand bias annotations values. 
INFO  11:16:41,637 ProgressMeter -            done   3043210.0     4.0 s       1.0 s      100.0%     4.0 s       0.0 s 
INFO  11:16:41,638 ProgressMeter - Total runtime 4.32 secs, 0.07 min, 0.00 hours 
INFO  11:16:41,640 MicroScheduler - 0 reads were filtered out during the traversal out of approximately 5645 total reads (0.00%) 
INFO  11:16:41,640 MicroScheduler -   -> 0 reads (0.00% of total) failing BadCigarFilter 
INFO  11:16:41,640 MicroScheduler -   -> 0 reads (0.00% of total) failing BadMateFilter 
INFO  11:16:41,641 MicroScheduler -   -> 0 reads (0.00% of total) failing DuplicateReadFilter 
INFO  11:16:41,641 MicroScheduler -   -> 0 reads (0.00% of total) failing FailsVendorQualityCheckFilter 
INFO  11:16:41,641 MicroScheduler -   -> 0 reads (0.00% of total) failing MalformedReadFilter 
INFO  11:16:41,641 MicroScheduler -   -> 0 reads (0.00% of total) failing MappingQualityUnavailableFilter 
INFO  11:16:41,642 MicroScheduler -   -> 0 reads (0.00% of total) failing NotPrimaryAlignmentFilter 
INFO  11:16:41,642 MicroScheduler -   -> 0 reads (0.00% of total) failing UnmappedReadFilter 
INFO  11:16:42,606 GATKRunReport - Uploaded run statistics report to AWS S3 
INDELS found: 0
