## Starting pipeline #
bio_pipeline.sh -ref NC_017331.1.fasta -sra ERR160064.sra -mem-pacbio -dbq 0 -nofix -skip-fastqc -indels
######################

## Saving SRA statistics..
## Dumping fastq files from ERR160064.sra
Rejected 76418 READS because READLEN < 1
Read 81741 spots for ERR160064.sra
Written 5323 spots for ERR160064.sra
## One fastq file generated
## Creating bwa index for NC_017331.1.fasta
[bwa_index] Pack FASTA... 0.02 sec
[bwa_index] Construct BWT for the packed sequence...
[bwa_index] 0.59 seconds elapse.
[bwa_index] Update BWT... 0.02 sec
[bwa_index] Pack forward-only FASTA... 0.01 sec
[bwa_index] Construct SA from BWT and Occ... 0.28 sec
[main] Version: 0.7.12-r1039
[main] CMD: bwa index NC_017331.1.fasta
[main] Real time: 1.505 sec; CPU: 0.916 sec
## Generating sam file with bwa-mem aligner
[M::bwa_idx_load_from_disk] read 0 ALT contigs
[M::process] read 5323 sequences (3971580 bp)...
[M::mem_process_seqs] Processed 5323 reads in 10.628 CPU sec, 2.661 real sec
[main] Version: 0.7.12-r1039
[main] CMD: bwa mem -t 4 -x pacbio NC_017331.1.fasta ERR160064_1.fastq
[main] Real time: 2.865 sec; CPU: 10.652 sec
## Converting sam file to BAM, sorting and indexing
[samopen] SAM header is present: 1 sequences.
## Removing duplicates
[bam_rmdup_core] processing reference gi|387141638|ref|NC_017331.1|...
## Adding read groups and indexing
[Thu Jul 02 11:17:38 CEST 2015] picard.sam.AddOrReplaceReadGroups INPUT=tmp.rmdup.sorted.bam OUTPUT=tmp.addrg.rmdup.sorted.bam RGLB=rglib RGPL=rgpl RGPU=rgpu RGSM=rgsm VALIDATION_STRINGENCY=SILENT    RGID=1 VERBOSITY=INFO QUIET=false COMPRESSION_LEVEL=5 MAX_RECORDS_IN_RAM=500000 CREATE_INDEX=false CREATE_MD5_FILE=false GA4GH_CLIENT_SECRETS=client_secrets.json
[Thu Jul 02 11:17:38 CEST 2015] Executing as fabio@ahmad-desktop on Linux 3.19.0-22-generic amd64; OpenJDK 64-Bit Server VM 1.7.0_79-b14; Picard version: 1.135(83ec44e03ec8d07ef180ef86b7a62d59a80dedd3_1435607037) IntelDeflater
INFO	2015-07-02 11:17:38	AddOrReplaceReadGroups	Created read group ID=1 PL=rgpl LB=rglib SM=rgsm

[Thu Jul 02 11:17:38 CEST 2015] picard.sam.AddOrReplaceReadGroups done. Elapsed time: 0.01 minutes.
Runtime.totalMemory()=251658240
## Realigning near indels and re-indexing
[Thu Jul 02 11:17:38 CEST 2015] picard.sam.CreateSequenceDictionary REFERENCE=NC_017331.1.fasta OUTPUT=NC_017331.1.dict    TRUNCATE_NAMES_AT_WHITESPACE=true NUM_SEQUENCES=2147483647 VERBOSITY=INFO QUIET=false VALIDATION_STRINGENCY=STRICT COMPRESSION_LEVEL=5 MAX_RECORDS_IN_RAM=500000 CREATE_INDEX=false CREATE_MD5_FILE=false GA4GH_CLIENT_SECRETS=client_secrets.json
[Thu Jul 02 11:17:38 CEST 2015] Executing as fabio@ahmad-desktop on Linux 3.19.0-22-generic amd64; OpenJDK 64-Bit Server VM 1.7.0_79-b14; Picard version: 1.135(83ec44e03ec8d07ef180ef86b7a62d59a80dedd3_1435607037) IntelDeflater
[Thu Jul 02 11:17:39 CEST 2015] picard.sam.CreateSequenceDictionary done. Elapsed time: 0.00 minutes.
Runtime.totalMemory()=251658240
INFO  11:17:40,245 HelpFormatter - -------------------------------------------------------------------------------- 
INFO  11:17:40,247 HelpFormatter - The Genome Analysis Toolkit (GATK) v3.4-0-g7e26428, Compiled 2015/05/15 03:25:41 
INFO  11:17:40,247 HelpFormatter - Copyright (c) 2010 The Broad Institute 
INFO  11:17:40,247 HelpFormatter - For support and documentation go to http://www.broadinstitute.org/gatk 
INFO  11:17:40,250 HelpFormatter - Program Args: -I tmp.addrg.rmdup.sorted.bam -R NC_017331.1.fasta -T RealignerTargetCreator -o help.intervals -filterNoBases -rf BadCigar --allow_potentially_misencoded_quality_scores 
INFO  11:17:40,254 HelpFormatter - Executing as fabio@ahmad-desktop on Linux 3.19.0-22-generic amd64; OpenJDK 64-Bit Server VM 1.7.0_79-b14. 
INFO  11:17:40,254 HelpFormatter - Date/Time: 2015/07/02 11:17:40 
INFO  11:17:40,254 HelpFormatter - -------------------------------------------------------------------------------- 
INFO  11:17:40,254 HelpFormatter - -------------------------------------------------------------------------------- 
INFO  11:17:40,294 GenomeAnalysisEngine - Strictness is SILENT 
INFO  11:17:40,366 GenomeAnalysisEngine - Downsampling Settings: Method: BY_SAMPLE, Target Coverage: 1000 
INFO  11:17:40,372 SAMDataSource$SAMReaders - Initializing SAMRecords in serial 
INFO  11:17:40,388 SAMDataSource$SAMReaders - Done initializing BAM readers: total time 0.01 
INFO  11:17:40,447 GenomeAnalysisEngine - Preparing for traversal over 1 BAM files 
INFO  11:17:40,474 GenomeAnalysisEngine - Done preparing for traversal 
INFO  11:17:40,475 ProgressMeter - [INITIALIZATION COMPLETE; STARTING PROCESSING] 
INFO  11:17:40,475 ProgressMeter -                 | processed |    time |    per 1M |           |   total | remaining 
INFO  11:17:40,475 ProgressMeter -        Location |     sites | elapsed |     sites | completed | runtime |   runtime 
INFO  11:17:43,265 ProgressMeter -            done   3043210.0     2.0 s       0.0 s      100.0%     2.0 s       0.0 s 
INFO  11:17:43,265 ProgressMeter - Total runtime 2.79 secs, 0.05 min, 0.00 hours 
INFO  11:17:43,268 MicroScheduler - 82 reads were filtered out during the traversal out of approximately 4877 total reads (1.68%) 
INFO  11:17:43,268 MicroScheduler -   -> 0 reads (0.00% of total) failing BadCigarFilter 
INFO  11:17:43,268 MicroScheduler -   -> 0 reads (0.00% of total) failing BadMateFilter 
INFO  11:17:43,268 MicroScheduler -   -> 0 reads (0.00% of total) failing DuplicateReadFilter 
INFO  11:17:43,269 MicroScheduler -   -> 0 reads (0.00% of total) failing FailsVendorQualityCheckFilter 
INFO  11:17:43,269 MicroScheduler -   -> 0 reads (0.00% of total) failing MalformedReadFilter 
INFO  11:17:43,269 MicroScheduler -   -> 0 reads (0.00% of total) failing MappingQualityUnavailableFilter 
INFO  11:17:43,269 MicroScheduler -   -> 82 reads (1.68% of total) failing MappingQualityZeroFilter 
INFO  11:17:43,269 MicroScheduler -   -> 0 reads (0.00% of total) failing NotPrimaryAlignmentFilter 
INFO  11:17:43,269 MicroScheduler -   -> 0 reads (0.00% of total) failing Platform454Filter 
INFO  11:17:43,270 MicroScheduler -   -> 0 reads (0.00% of total) failing UnmappedReadFilter 
INFO  11:17:44,278 GATKRunReport - Uploaded run statistics report to AWS S3 
INFO  11:17:45,474 HelpFormatter - -------------------------------------------------------------------------------- 
INFO  11:17:45,475 HelpFormatter - The Genome Analysis Toolkit (GATK) v3.4-0-g7e26428, Compiled 2015/05/15 03:25:41 
INFO  11:17:45,476 HelpFormatter - Copyright (c) 2010 The Broad Institute 
INFO  11:17:45,476 HelpFormatter - For support and documentation go to http://www.broadinstitute.org/gatk 
INFO  11:17:45,478 HelpFormatter - Program Args: -I tmp.addrg.rmdup.sorted.bam -R NC_017331.1.fasta -T IndelRealigner -targetIntervals help.intervals -o ERR160064.bam -filterNoBases -rf BadCigar --allow_potentially_misencoded_quality_scores --defaultBaseQualities 0 
INFO  11:17:45,482 HelpFormatter - Executing as fabio@ahmad-desktop on Linux 3.19.0-22-generic amd64; OpenJDK 64-Bit Server VM 1.7.0_79-b14. 
INFO  11:17:45,483 HelpFormatter - Date/Time: 2015/07/02 11:17:45 
INFO  11:17:45,483 HelpFormatter - -------------------------------------------------------------------------------- 
INFO  11:17:45,483 HelpFormatter - -------------------------------------------------------------------------------- 
INFO  11:17:45,593 GenomeAnalysisEngine - Strictness is SILENT 
INFO  11:17:45,625 GenomeAnalysisEngine - Downsampling Settings: No downsampling 
INFO  11:17:45,630 SAMDataSource$SAMReaders - Initializing SAMRecords in serial 
INFO  11:17:45,645 SAMDataSource$SAMReaders - Done initializing BAM readers: total time 0.01 
INFO  11:17:45,702 GenomeAnalysisEngine - Preparing for traversal over 1 BAM files 
INFO  11:17:45,706 GenomeAnalysisEngine - Done preparing for traversal 
INFO  11:17:45,706 ProgressMeter - [INITIALIZATION COMPLETE; STARTING PROCESSING] 
INFO  11:17:45,706 ProgressMeter -                 | processed |    time |    per 1M |           |   total | remaining 
INFO  11:17:45,707 ProgressMeter -        Location |     reads | elapsed |     reads | completed | runtime |   runtime 
INFO  11:17:45,723 ReadShardBalancer$1 - Loading BAM index data 
INFO  11:17:45,724 ReadShardBalancer$1 - Done loading BAM index data 
INFO  11:17:46,850 ProgressMeter -            done      5520.0     1.0 s       3.5 m       99.9%     1.0 s       0.0 s 
INFO  11:17:46,850 ProgressMeter - Total runtime 1.14 secs, 0.02 min, 0.00 hours 
INFO  11:17:46,852 MicroScheduler - 0 reads were filtered out during the traversal out of approximately 5520 total reads (0.00%) 
INFO  11:17:46,852 MicroScheduler -   -> 0 reads (0.00% of total) failing BadCigarFilter 
INFO  11:17:46,853 MicroScheduler -   -> 0 reads (0.00% of total) failing MalformedReadFilter 
INFO  11:17:47,824 GATKRunReport - Uploaded run statistics report to AWS S3 

##################
# Reads coverage #
##################
(only counts reads where MAPQ >= 1)
Genome length: 3043210
min =  0
max =  11
% cov. =  61.8841
Avg. base cov. =  0.987491
Stdev base cov. =  1.03633

Reads length (MAPQ >= 1):
min-max avg stdev
84-2574 737.429 +- 331.783

flagstats:
5520 + 0 in total (QC-passed reads + QC-failed reads)
0 + 0 duplicates
4709 + 0 mapped (85.31%:-nan%)
0 + 0 paired in sequencing
0 + 0 read1
0 + 0 read2
0 + 0 properly paired (-nan%:-nan%)
0 + 0 with itself and mate mapped
0 + 0 singletons (-nan%:-nan%)
0 + 0 with mate mapped to a different chr
0 + 0 with mate mapped to a different chr (mapQ>=5)

idxstats:
Chr	length	mapped	unmapped
gi|387141638|ref|NC_017331.1|	3043210	4709	0
*	0	0	811

## SNP calling with GATK
INFO  11:17:50,591 HelpFormatter - -------------------------------------------------------------------------------- 
INFO  11:17:50,592 HelpFormatter - The Genome Analysis Toolkit (GATK) v3.4-0-g7e26428, Compiled 2015/05/15 03:25:41 
INFO  11:17:50,592 HelpFormatter - Copyright (c) 2010 The Broad Institute 
INFO  11:17:50,593 HelpFormatter - For support and documentation go to http://www.broadinstitute.org/gatk 
INFO  11:17:50,595 HelpFormatter - Program Args: -ploidy 1 -I ERR160064.bam -R NC_017331.1.fasta -T UnifiedGenotyper -o ERR160064-snps.vcf -filterNoBases -rf BadCigar --allow_potentially_misencoded_quality_scores 
INFO  11:17:50,599 HelpFormatter - Executing as fabio@ahmad-desktop on Linux 3.19.0-22-generic amd64; OpenJDK 64-Bit Server VM 1.7.0_79-b14. 
INFO  11:17:50,600 HelpFormatter - Date/Time: 2015/07/02 11:17:50 
INFO  11:17:50,600 HelpFormatter - -------------------------------------------------------------------------------- 
INFO  11:17:50,600 HelpFormatter - -------------------------------------------------------------------------------- 
INFO  11:17:50,666 GenomeAnalysisEngine - Strictness is SILENT 
INFO  11:17:50,733 GenomeAnalysisEngine - Downsampling Settings: Method: BY_SAMPLE, Target Coverage: 250 
INFO  11:17:50,738 SAMDataSource$SAMReaders - Initializing SAMRecords in serial 
INFO  11:17:50,753 SAMDataSource$SAMReaders - Done initializing BAM readers: total time 0.01 
INFO  11:17:50,812 GenomeAnalysisEngine - Preparing for traversal over 1 BAM files 
INFO  11:17:50,839 GenomeAnalysisEngine - Done preparing for traversal 
INFO  11:17:50,839 ProgressMeter - [INITIALIZATION COMPLETE; STARTING PROCESSING] 
INFO  11:17:50,840 ProgressMeter -                 | processed |    time |    per 1M |           |   total | remaining 
INFO  11:17:50,840 ProgressMeter -        Location |     sites | elapsed |     sites | completed | runtime |   runtime 
INFO  11:17:50,866 StrandBiasTest - SAM/BAM data was found. Attempting to use read data to calculate strand bias annotations values. 
INFO  11:17:50,866 StrandBiasTest - SAM/BAM data was found. Attempting to use read data to calculate strand bias annotations values. 
INFO  11:18:09,161 ProgressMeter -            done   3043210.0    18.0 s       6.0 s      100.0%    18.0 s       0.0 s 
INFO  11:18:09,161 ProgressMeter - Total runtime 18.32 secs, 0.31 min, 0.01 hours 
INFO  11:18:09,162 MicroScheduler - 0 reads were filtered out during the traversal out of approximately 4876 total reads (0.00%) 
INFO  11:18:09,162 MicroScheduler -   -> 0 reads (0.00% of total) failing BadCigarFilter 
INFO  11:18:09,162 MicroScheduler -   -> 0 reads (0.00% of total) failing BadMateFilter 
INFO  11:18:09,162 MicroScheduler -   -> 0 reads (0.00% of total) failing DuplicateReadFilter 
INFO  11:18:09,163 MicroScheduler -   -> 0 reads (0.00% of total) failing FailsVendorQualityCheckFilter 
INFO  11:18:09,163 MicroScheduler -   -> 0 reads (0.00% of total) failing MalformedReadFilter 
INFO  11:18:09,163 MicroScheduler -   -> 0 reads (0.00% of total) failing MappingQualityUnavailableFilter 
INFO  11:18:09,163 MicroScheduler -   -> 0 reads (0.00% of total) failing NotPrimaryAlignmentFilter 
INFO  11:18:09,164 MicroScheduler -   -> 0 reads (0.00% of total) failing UnmappedReadFilter 
INFO  11:18:10,200 GATKRunReport - Uploaded run statistics report to AWS S3 
SNPs found: 29
## INDELS calling with GATK
INFO  11:18:11,409 HelpFormatter - -------------------------------------------------------------------------------- 
INFO  11:18:11,411 HelpFormatter - The Genome Analysis Toolkit (GATK) v3.4-0-g7e26428, Compiled 2015/05/15 03:25:41 
INFO  11:18:11,411 HelpFormatter - Copyright (c) 2010 The Broad Institute 
INFO  11:18:11,411 HelpFormatter - For support and documentation go to http://www.broadinstitute.org/gatk 
INFO  11:18:11,414 HelpFormatter - Program Args: -ploidy 1 -I ERR160064.bam -R NC_017331.1.fasta -T UnifiedGenotyper -o ERR160064-indels.vcf -glm INDEL -filterNoBases -rf BadCigar --allow_potentially_misencoded_quality_scores 
INFO  11:18:11,418 HelpFormatter - Executing as fabio@ahmad-desktop on Linux 3.19.0-22-generic amd64; OpenJDK 64-Bit Server VM 1.7.0_79-b14. 
INFO  11:18:11,418 HelpFormatter - Date/Time: 2015/07/02 11:18:11 
INFO  11:18:11,418 HelpFormatter - -------------------------------------------------------------------------------- 
INFO  11:18:11,418 HelpFormatter - -------------------------------------------------------------------------------- 
INFO  11:18:11,486 GenomeAnalysisEngine - Strictness is SILENT 
INFO  11:18:11,570 GenomeAnalysisEngine - Downsampling Settings: Method: BY_SAMPLE, Target Coverage: 250 
INFO  11:18:11,575 SAMDataSource$SAMReaders - Initializing SAMRecords in serial 
INFO  11:18:11,591 SAMDataSource$SAMReaders - Done initializing BAM readers: total time 0.01 
INFO  11:18:11,649 GenomeAnalysisEngine - Preparing for traversal over 1 BAM files 
INFO  11:18:11,677 GenomeAnalysisEngine - Done preparing for traversal 
INFO  11:18:11,677 ProgressMeter - [INITIALIZATION COMPLETE; STARTING PROCESSING] 
INFO  11:18:11,677 ProgressMeter -                 | processed |    time |    per 1M |           |   total | remaining 
INFO  11:18:11,678 ProgressMeter -        Location |     sites | elapsed |     sites | completed | runtime |   runtime 
INFO  11:18:11,704 StrandBiasTest - SAM/BAM data was found. Attempting to use read data to calculate strand bias annotations values. 
INFO  11:18:11,704 StrandBiasTest - SAM/BAM data was found. Attempting to use read data to calculate strand bias annotations values. 
INFO  11:18:16,223 ProgressMeter -            done   3043210.0     4.0 s       1.0 s      100.0%     4.0 s       0.0 s 
INFO  11:18:16,223 ProgressMeter - Total runtime 4.55 secs, 0.08 min, 0.00 hours 
INFO  11:18:16,224 MicroScheduler - 0 reads were filtered out during the traversal out of approximately 4876 total reads (0.00%) 
INFO  11:18:16,224 MicroScheduler -   -> 0 reads (0.00% of total) failing BadCigarFilter 
INFO  11:18:16,224 MicroScheduler -   -> 0 reads (0.00% of total) failing BadMateFilter 
INFO  11:18:16,224 MicroScheduler -   -> 0 reads (0.00% of total) failing DuplicateReadFilter 
INFO  11:18:16,225 MicroScheduler -   -> 0 reads (0.00% of total) failing FailsVendorQualityCheckFilter 
INFO  11:18:16,225 MicroScheduler -   -> 0 reads (0.00% of total) failing MalformedReadFilter 
INFO  11:18:16,225 MicroScheduler -   -> 0 reads (0.00% of total) failing MappingQualityUnavailableFilter 
INFO  11:18:16,225 MicroScheduler -   -> 0 reads (0.00% of total) failing NotPrimaryAlignmentFilter 
INFO  11:18:16,226 MicroScheduler -   -> 0 reads (0.00% of total) failing UnmappedReadFilter 
INFO  11:18:17,209 GATKRunReport - Uploaded run statistics report to AWS S3 
INDELS found: 0
