## Starting pipeline #
bio_pipeline.sh -ref NC_017331.1.fasta -sra ERR159991.sra -mem-pacbio -dbq 0 -nofix -skip-fastqc -indels
######################

## Saving SRA statistics..
## Dumping fastq files from ERR159991.sra
Rejected 78097 READS because READLEN < 1
Read 81741 spots for ERR159991.sra
Written 3644 spots for ERR159991.sra
## One fastq file generated
## Creating bwa index for NC_017331.1.fasta
[bwa_index] Pack FASTA... 0.02 sec
[bwa_index] Construct BWT for the packed sequence...
[bwa_index] 0.61 seconds elapse.
[bwa_index] Update BWT... 0.02 sec
[bwa_index] Pack forward-only FASTA... 0.01 sec
[bwa_index] Construct SA from BWT and Occ... 0.29 sec
[main] Version: 0.7.12-r1039
[main] CMD: bwa index NC_017331.1.fasta
[main] Real time: 1.538 sec; CPU: 0.952 sec
## Generating sam file with bwa-mem aligner
[M::bwa_idx_load_from_disk] read 0 ALT contigs
[M::process] read 3644 sequences (2418392 bp)...
[M::mem_process_seqs] Processed 3644 reads in 5.920 CPU sec, 1.496 real sec
[main] Version: 0.7.12-r1039
[main] CMD: bwa mem -t 4 -x pacbio NC_017331.1.fasta ERR159991_1.fastq
[main] Real time: 1.708 sec; CPU: 5.936 sec
## Converting sam file to BAM, sorting and indexing
[samopen] SAM header is present: 1 sequences.
## Removing duplicates
[bam_rmdup_core] processing reference gi|387141638|ref|NC_017331.1|...
## Adding read groups and indexing
[Thu Jul 02 11:09:27 CEST 2015] picard.sam.AddOrReplaceReadGroups INPUT=tmp.rmdup.sorted.bam OUTPUT=tmp.addrg.rmdup.sorted.bam RGLB=rglib RGPL=rgpl RGPU=rgpu RGSM=rgsm VALIDATION_STRINGENCY=SILENT    RGID=1 VERBOSITY=INFO QUIET=false COMPRESSION_LEVEL=5 MAX_RECORDS_IN_RAM=500000 CREATE_INDEX=false CREATE_MD5_FILE=false GA4GH_CLIENT_SECRETS=client_secrets.json
[Thu Jul 02 11:09:27 CEST 2015] Executing as fabio@ahmad-desktop on Linux 3.19.0-22-generic amd64; OpenJDK 64-Bit Server VM 1.7.0_79-b14; Picard version: 1.135(83ec44e03ec8d07ef180ef86b7a62d59a80dedd3_1435607037) IntelDeflater
INFO	2015-07-02 11:09:27	AddOrReplaceReadGroups	Created read group ID=1 PL=rgpl LB=rglib SM=rgsm

[Thu Jul 02 11:09:27 CEST 2015] picard.sam.AddOrReplaceReadGroups done. Elapsed time: 0.01 minutes.
Runtime.totalMemory()=251658240
## Realigning near indels and re-indexing
[Thu Jul 02 11:09:28 CEST 2015] picard.sam.CreateSequenceDictionary REFERENCE=NC_017331.1.fasta OUTPUT=NC_017331.1.dict    TRUNCATE_NAMES_AT_WHITESPACE=true NUM_SEQUENCES=2147483647 VERBOSITY=INFO QUIET=false VALIDATION_STRINGENCY=STRICT COMPRESSION_LEVEL=5 MAX_RECORDS_IN_RAM=500000 CREATE_INDEX=false CREATE_MD5_FILE=false GA4GH_CLIENT_SECRETS=client_secrets.json
[Thu Jul 02 11:09:28 CEST 2015] Executing as fabio@ahmad-desktop on Linux 3.19.0-22-generic amd64; OpenJDK 64-Bit Server VM 1.7.0_79-b14; Picard version: 1.135(83ec44e03ec8d07ef180ef86b7a62d59a80dedd3_1435607037) IntelDeflater
[Thu Jul 02 11:09:28 CEST 2015] picard.sam.CreateSequenceDictionary done. Elapsed time: 0.00 minutes.
Runtime.totalMemory()=251658240
INFO  11:09:29,886 HelpFormatter - -------------------------------------------------------------------------------- 
INFO  11:09:29,888 HelpFormatter - The Genome Analysis Toolkit (GATK) v3.4-0-g7e26428, Compiled 2015/05/15 03:25:41 
INFO  11:09:29,889 HelpFormatter - Copyright (c) 2010 The Broad Institute 
INFO  11:09:29,889 HelpFormatter - For support and documentation go to http://www.broadinstitute.org/gatk 
INFO  11:09:29,892 HelpFormatter - Program Args: -I tmp.addrg.rmdup.sorted.bam -R NC_017331.1.fasta -T RealignerTargetCreator -o help.intervals -filterNoBases -rf BadCigar --allow_potentially_misencoded_quality_scores 
INFO  11:09:29,897 HelpFormatter - Executing as fabio@ahmad-desktop on Linux 3.19.0-22-generic amd64; OpenJDK 64-Bit Server VM 1.7.0_79-b14. 
INFO  11:09:29,897 HelpFormatter - Date/Time: 2015/07/02 11:09:29 
INFO  11:09:29,897 HelpFormatter - -------------------------------------------------------------------------------- 
INFO  11:09:29,897 HelpFormatter - -------------------------------------------------------------------------------- 
INFO  11:09:29,942 GenomeAnalysisEngine - Strictness is SILENT 
INFO  11:09:30,014 GenomeAnalysisEngine - Downsampling Settings: Method: BY_SAMPLE, Target Coverage: 1000 
INFO  11:09:30,020 SAMDataSource$SAMReaders - Initializing SAMRecords in serial 
INFO  11:09:30,035 SAMDataSource$SAMReaders - Done initializing BAM readers: total time 0.02 
INFO  11:09:30,099 GenomeAnalysisEngine - Preparing for traversal over 1 BAM files 
INFO  11:09:30,130 GenomeAnalysisEngine - Done preparing for traversal 
INFO  11:09:30,131 ProgressMeter - [INITIALIZATION COMPLETE; STARTING PROCESSING] 
INFO  11:09:30,131 ProgressMeter -                 | processed |    time |    per 1M |           |   total | remaining 
INFO  11:09:30,131 ProgressMeter -        Location |     sites | elapsed |     sites | completed | runtime |   runtime 
INFO  11:09:32,329 ProgressMeter -            done   3043210.0     2.0 s       0.0 s      100.0%     2.0 s       0.0 s 
INFO  11:09:32,330 ProgressMeter - Total runtime 2.20 secs, 0.04 min, 0.00 hours 
INFO  11:09:32,332 MicroScheduler - 45 reads were filtered out during the traversal out of approximately 2795 total reads (1.61%) 
INFO  11:09:32,332 MicroScheduler -   -> 0 reads (0.00% of total) failing BadCigarFilter 
INFO  11:09:32,333 MicroScheduler -   -> 0 reads (0.00% of total) failing BadMateFilter 
INFO  11:09:32,333 MicroScheduler -   -> 0 reads (0.00% of total) failing DuplicateReadFilter 
INFO  11:09:32,333 MicroScheduler -   -> 0 reads (0.00% of total) failing FailsVendorQualityCheckFilter 
INFO  11:09:32,333 MicroScheduler -   -> 0 reads (0.00% of total) failing MalformedReadFilter 
INFO  11:09:32,333 MicroScheduler -   -> 0 reads (0.00% of total) failing MappingQualityUnavailableFilter 
INFO  11:09:32,334 MicroScheduler -   -> 45 reads (1.61% of total) failing MappingQualityZeroFilter 
INFO  11:09:32,334 MicroScheduler -   -> 0 reads (0.00% of total) failing NotPrimaryAlignmentFilter 
INFO  11:09:32,334 MicroScheduler -   -> 0 reads (0.00% of total) failing Platform454Filter 
INFO  11:09:32,334 MicroScheduler -   -> 0 reads (0.00% of total) failing UnmappedReadFilter 
INFO  11:09:33,331 GATKRunReport - Uploaded run statistics report to AWS S3 
INFO  11:09:34,613 HelpFormatter - -------------------------------------------------------------------------------- 
INFO  11:09:34,615 HelpFormatter - The Genome Analysis Toolkit (GATK) v3.4-0-g7e26428, Compiled 2015/05/15 03:25:41 
INFO  11:09:34,615 HelpFormatter - Copyright (c) 2010 The Broad Institute 
INFO  11:09:34,615 HelpFormatter - For support and documentation go to http://www.broadinstitute.org/gatk 
INFO  11:09:34,618 HelpFormatter - Program Args: -I tmp.addrg.rmdup.sorted.bam -R NC_017331.1.fasta -T IndelRealigner -targetIntervals help.intervals -o ERR159991.bam -filterNoBases -rf BadCigar --allow_potentially_misencoded_quality_scores --defaultBaseQualities 0 
INFO  11:09:34,622 HelpFormatter - Executing as fabio@ahmad-desktop on Linux 3.19.0-22-generic amd64; OpenJDK 64-Bit Server VM 1.7.0_79-b14. 
INFO  11:09:34,622 HelpFormatter - Date/Time: 2015/07/02 11:09:34 
INFO  11:09:34,622 HelpFormatter - -------------------------------------------------------------------------------- 
INFO  11:09:34,622 HelpFormatter - -------------------------------------------------------------------------------- 
INFO  11:09:34,743 GenomeAnalysisEngine - Strictness is SILENT 
INFO  11:09:34,775 GenomeAnalysisEngine - Downsampling Settings: No downsampling 
INFO  11:09:34,781 SAMDataSource$SAMReaders - Initializing SAMRecords in serial 
INFO  11:09:34,796 SAMDataSource$SAMReaders - Done initializing BAM readers: total time 0.01 
INFO  11:09:34,855 GenomeAnalysisEngine - Preparing for traversal over 1 BAM files 
INFO  11:09:34,859 GenomeAnalysisEngine - Done preparing for traversal 
INFO  11:09:34,859 ProgressMeter - [INITIALIZATION COMPLETE; STARTING PROCESSING] 
INFO  11:09:34,859 ProgressMeter -                 | processed |    time |    per 1M |           |   total | remaining 
INFO  11:09:34,860 ProgressMeter -        Location |     reads | elapsed |     reads | completed | runtime |   runtime 
INFO  11:09:34,880 ReadShardBalancer$1 - Loading BAM index data 
INFO  11:09:34,881 ReadShardBalancer$1 - Done loading BAM index data 
INFO  11:09:35,782 ProgressMeter -            done      3705.0     0.0 s       4.2 m       98.4%     0.0 s       0.0 s 
INFO  11:09:35,783 ProgressMeter - Total runtime 0.92 secs, 0.02 min, 0.00 hours 
INFO  11:09:35,785 MicroScheduler - 0 reads were filtered out during the traversal out of approximately 3705 total reads (0.00%) 
INFO  11:09:35,785 MicroScheduler -   -> 0 reads (0.00% of total) failing BadCigarFilter 
INFO  11:09:35,785 MicroScheduler -   -> 0 reads (0.00% of total) failing MalformedReadFilter 
INFO  11:09:36,746 GATKRunReport - Uploaded run statistics report to AWS S3 

##################
# Reads coverage #
##################
(only counts reads where MAPQ >= 1)
Genome length: 3043210
min =  0
max =  6
% cov. =  38.3859
Avg. base cov. =  0.479177
Stdev base cov. =  0.709878

Reads length (MAPQ >= 1):
min-max avg stdev
71-2040 625.751 +- 224.408

flagstats:
3705 + 0 in total (QC-passed reads + QC-failed reads)
0 + 0 duplicates
2737 + 0 mapped (73.87%:-nan%)
0 + 0 paired in sequencing
0 + 0 read1
0 + 0 read2
0 + 0 properly paired (-nan%:-nan%)
0 + 0 with itself and mate mapped
0 + 0 singletons (-nan%:-nan%)
0 + 0 with mate mapped to a different chr
0 + 0 with mate mapped to a different chr (mapQ>=5)

idxstats:
Chr	length	mapped	unmapped
gi|387141638|ref|NC_017331.1|	3043210	2737	0
*	0	0	968

## SNP calling with GATK
INFO  11:09:39,282 HelpFormatter - -------------------------------------------------------------------------------- 
INFO  11:09:39,284 HelpFormatter - The Genome Analysis Toolkit (GATK) v3.4-0-g7e26428, Compiled 2015/05/15 03:25:41 
INFO  11:09:39,284 HelpFormatter - Copyright (c) 2010 The Broad Institute 
INFO  11:09:39,284 HelpFormatter - For support and documentation go to http://www.broadinstitute.org/gatk 
INFO  11:09:39,287 HelpFormatter - Program Args: -ploidy 1 -I ERR159991.bam -R NC_017331.1.fasta -T UnifiedGenotyper -o ERR159991-snps.vcf -filterNoBases -rf BadCigar --allow_potentially_misencoded_quality_scores 
INFO  11:09:39,291 HelpFormatter - Executing as fabio@ahmad-desktop on Linux 3.19.0-22-generic amd64; OpenJDK 64-Bit Server VM 1.7.0_79-b14. 
INFO  11:09:39,291 HelpFormatter - Date/Time: 2015/07/02 11:09:39 
INFO  11:09:39,291 HelpFormatter - -------------------------------------------------------------------------------- 
INFO  11:09:39,292 HelpFormatter - -------------------------------------------------------------------------------- 
INFO  11:09:39,358 GenomeAnalysisEngine - Strictness is SILENT 
INFO  11:09:39,427 GenomeAnalysisEngine - Downsampling Settings: Method: BY_SAMPLE, Target Coverage: 250 
INFO  11:09:39,433 SAMDataSource$SAMReaders - Initializing SAMRecords in serial 
INFO  11:09:39,450 SAMDataSource$SAMReaders - Done initializing BAM readers: total time 0.02 
INFO  11:09:39,519 GenomeAnalysisEngine - Preparing for traversal over 1 BAM files 
INFO  11:09:39,550 GenomeAnalysisEngine - Done preparing for traversal 
INFO  11:09:39,551 ProgressMeter - [INITIALIZATION COMPLETE; STARTING PROCESSING] 
INFO  11:09:39,551 ProgressMeter -                 | processed |    time |    per 1M |           |   total | remaining 
INFO  11:09:39,551 ProgressMeter -        Location |     sites | elapsed |     sites | completed | runtime |   runtime 
INFO  11:09:39,579 StrandBiasTest - SAM/BAM data was found. Attempting to use read data to calculate strand bias annotations values. 
INFO  11:09:39,579 StrandBiasTest - SAM/BAM data was found. Attempting to use read data to calculate strand bias annotations values. 
INFO  11:09:52,022 ProgressMeter -            done   3043210.0    12.0 s       4.0 s      100.0%    12.0 s       0.0 s 
INFO  11:09:52,022 ProgressMeter - Total runtime 12.47 secs, 0.21 min, 0.00 hours 
INFO  11:09:52,023 MicroScheduler - 0 reads were filtered out during the traversal out of approximately 2795 total reads (0.00%) 
INFO  11:09:52,023 MicroScheduler -   -> 0 reads (0.00% of total) failing BadCigarFilter 
INFO  11:09:52,023 MicroScheduler -   -> 0 reads (0.00% of total) failing BadMateFilter 
INFO  11:09:52,023 MicroScheduler -   -> 0 reads (0.00% of total) failing DuplicateReadFilter 
INFO  11:09:52,024 MicroScheduler -   -> 0 reads (0.00% of total) failing FailsVendorQualityCheckFilter 
INFO  11:09:52,024 MicroScheduler -   -> 0 reads (0.00% of total) failing MalformedReadFilter 
INFO  11:09:52,024 MicroScheduler -   -> 0 reads (0.00% of total) failing MappingQualityUnavailableFilter 
INFO  11:09:52,024 MicroScheduler -   -> 0 reads (0.00% of total) failing NotPrimaryAlignmentFilter 
INFO  11:09:52,024 MicroScheduler -   -> 0 reads (0.00% of total) failing UnmappedReadFilter 
INFO  11:09:53,064 GATKRunReport - Uploaded run statistics report to AWS S3 
SNPs found: 2
## INDELS calling with GATK
INFO  11:09:54,421 HelpFormatter - -------------------------------------------------------------------------------- 
INFO  11:09:54,423 HelpFormatter - The Genome Analysis Toolkit (GATK) v3.4-0-g7e26428, Compiled 2015/05/15 03:25:41 
INFO  11:09:54,423 HelpFormatter - Copyright (c) 2010 The Broad Institute 
INFO  11:09:54,423 HelpFormatter - For support and documentation go to http://www.broadinstitute.org/gatk 
INFO  11:09:54,426 HelpFormatter - Program Args: -ploidy 1 -I ERR159991.bam -R NC_017331.1.fasta -T UnifiedGenotyper -o ERR159991-indels.vcf -glm INDEL -filterNoBases -rf BadCigar --allow_potentially_misencoded_quality_scores 
INFO  11:09:54,430 HelpFormatter - Executing as fabio@ahmad-desktop on Linux 3.19.0-22-generic amd64; OpenJDK 64-Bit Server VM 1.7.0_79-b14. 
INFO  11:09:54,430 HelpFormatter - Date/Time: 2015/07/02 11:09:54 
INFO  11:09:54,430 HelpFormatter - -------------------------------------------------------------------------------- 
INFO  11:09:54,430 HelpFormatter - -------------------------------------------------------------------------------- 
INFO  11:09:54,516 GenomeAnalysisEngine - Strictness is SILENT 
INFO  11:09:54,598 GenomeAnalysisEngine - Downsampling Settings: Method: BY_SAMPLE, Target Coverage: 250 
INFO  11:09:54,603 SAMDataSource$SAMReaders - Initializing SAMRecords in serial 
INFO  11:09:54,620 SAMDataSource$SAMReaders - Done initializing BAM readers: total time 0.02 
INFO  11:09:54,681 GenomeAnalysisEngine - Preparing for traversal over 1 BAM files 
INFO  11:09:54,713 GenomeAnalysisEngine - Done preparing for traversal 
INFO  11:09:54,713 ProgressMeter - [INITIALIZATION COMPLETE; STARTING PROCESSING] 
INFO  11:09:54,713 ProgressMeter -                 | processed |    time |    per 1M |           |   total | remaining 
INFO  11:09:54,714 ProgressMeter -        Location |     sites | elapsed |     sites | completed | runtime |   runtime 
INFO  11:09:54,741 StrandBiasTest - SAM/BAM data was found. Attempting to use read data to calculate strand bias annotations values. 
INFO  11:09:54,741 StrandBiasTest - SAM/BAM data was found. Attempting to use read data to calculate strand bias annotations values. 
INFO  11:09:57,999 ProgressMeter -            done   3043210.0     3.0 s       1.0 s      100.0%     3.0 s       0.0 s 
INFO  11:09:57,999 ProgressMeter - Total runtime 3.29 secs, 0.05 min, 0.00 hours 
INFO  11:09:58,001 MicroScheduler - 0 reads were filtered out during the traversal out of approximately 2795 total reads (0.00%) 
INFO  11:09:58,002 MicroScheduler -   -> 0 reads (0.00% of total) failing BadCigarFilter 
INFO  11:09:58,002 MicroScheduler -   -> 0 reads (0.00% of total) failing BadMateFilter 
INFO  11:09:58,002 MicroScheduler -   -> 0 reads (0.00% of total) failing DuplicateReadFilter 
INFO  11:09:58,002 MicroScheduler -   -> 0 reads (0.00% of total) failing FailsVendorQualityCheckFilter 
INFO  11:09:58,003 MicroScheduler -   -> 0 reads (0.00% of total) failing MalformedReadFilter 
INFO  11:09:58,003 MicroScheduler -   -> 0 reads (0.00% of total) failing MappingQualityUnavailableFilter 
INFO  11:09:58,003 MicroScheduler -   -> 0 reads (0.00% of total) failing NotPrimaryAlignmentFilter 
INFO  11:09:58,003 MicroScheduler -   -> 0 reads (0.00% of total) failing UnmappedReadFilter 
INFO  11:09:59,028 GATKRunReport - Uploaded run statistics report to AWS S3 
INDELS found: 0
