## Starting pipeline #
bio_pipeline.sh -ref NC_017331.1.fasta -sra ERR159976.sra -mem-pacbio -dbq 0 -nofix -skip-fastqc -indels
######################

## Saving SRA statistics..
## Dumping fastq files from ERR159976.sra
Rejected 73286 READS because READLEN < 1
Read 81741 spots for ERR159976.sra
Written 8455 spots for ERR159976.sra
## One fastq file generated
## Creating bwa index for NC_017331.1.fasta
[bwa_index] Pack FASTA... 0.02 sec
[bwa_index] Construct BWT for the packed sequence...
[bwa_index] 0.59 seconds elapse.
[bwa_index] Update BWT... 0.02 sec
[bwa_index] Pack forward-only FASTA... 0.01 sec
[bwa_index] Construct SA from BWT and Occ... 0.28 sec
[main] Version: 0.7.12-r1039
[main] CMD: bwa index NC_017331.1.fasta
[main] Real time: 1.505 sec; CPU: 0.908 sec
## Generating sam file with bwa-mem aligner
[M::bwa_idx_load_from_disk] read 0 ALT contigs
[M::process] read 8455 sequences (6052323 bp)...
[M::mem_process_seqs] Processed 8455 reads in 15.084 CPU sec, 3.776 real sec
[main] Version: 0.7.12-r1039
[main] CMD: bwa mem -t 4 -x pacbio NC_017331.1.fasta ERR159976_1.fastq
[main] Real time: 4.148 sec; CPU: 15.128 sec
## Converting sam file to BAM, sorting and indexing
[samopen] SAM header is present: 1 sequences.
## Removing duplicates
[bam_rmdup_core] processing reference gi|387141638|ref|NC_017331.1|...
## Adding read groups and indexing
[Thu Jul 02 10:58:28 CEST 2015] picard.sam.AddOrReplaceReadGroups INPUT=tmp.rmdup.sorted.bam OUTPUT=tmp.addrg.rmdup.sorted.bam RGLB=rglib RGPL=rgpl RGPU=rgpu RGSM=rgsm VALIDATION_STRINGENCY=SILENT    RGID=1 VERBOSITY=INFO QUIET=false COMPRESSION_LEVEL=5 MAX_RECORDS_IN_RAM=500000 CREATE_INDEX=false CREATE_MD5_FILE=false GA4GH_CLIENT_SECRETS=client_secrets.json
[Thu Jul 02 10:58:28 CEST 2015] Executing as fabio@ahmad-desktop on Linux 3.19.0-22-generic amd64; OpenJDK 64-Bit Server VM 1.7.0_79-b14; Picard version: 1.135(83ec44e03ec8d07ef180ef86b7a62d59a80dedd3_1435607037) IntelDeflater
INFO	2015-07-02 10:58:28	AddOrReplaceReadGroups	Created read group ID=1 PL=rgpl LB=rglib SM=rgsm

[Thu Jul 02 10:58:29 CEST 2015] picard.sam.AddOrReplaceReadGroups done. Elapsed time: 0.02 minutes.
Runtime.totalMemory()=251658240
## Realigning near indels and re-indexing
[Thu Jul 02 10:58:29 CEST 2015] picard.sam.CreateSequenceDictionary REFERENCE=NC_017331.1.fasta OUTPUT=NC_017331.1.dict    TRUNCATE_NAMES_AT_WHITESPACE=true NUM_SEQUENCES=2147483647 VERBOSITY=INFO QUIET=false VALIDATION_STRINGENCY=STRICT COMPRESSION_LEVEL=5 MAX_RECORDS_IN_RAM=500000 CREATE_INDEX=false CREATE_MD5_FILE=false GA4GH_CLIENT_SECRETS=client_secrets.json
[Thu Jul 02 10:58:29 CEST 2015] Executing as fabio@ahmad-desktop on Linux 3.19.0-22-generic amd64; OpenJDK 64-Bit Server VM 1.7.0_79-b14; Picard version: 1.135(83ec44e03ec8d07ef180ef86b7a62d59a80dedd3_1435607037) IntelDeflater
[Thu Jul 02 10:58:29 CEST 2015] picard.sam.CreateSequenceDictionary done. Elapsed time: 0.00 minutes.
Runtime.totalMemory()=251658240
INFO  10:58:30,618 HelpFormatter - -------------------------------------------------------------------------------- 
INFO  10:58:30,620 HelpFormatter - The Genome Analysis Toolkit (GATK) v3.4-0-g7e26428, Compiled 2015/05/15 03:25:41 
INFO  10:58:30,620 HelpFormatter - Copyright (c) 2010 The Broad Institute 
INFO  10:58:30,620 HelpFormatter - For support and documentation go to http://www.broadinstitute.org/gatk 
INFO  10:58:30,623 HelpFormatter - Program Args: -I tmp.addrg.rmdup.sorted.bam -R NC_017331.1.fasta -T RealignerTargetCreator -o help.intervals -filterNoBases -rf BadCigar --allow_potentially_misencoded_quality_scores 
INFO  10:58:30,627 HelpFormatter - Executing as fabio@ahmad-desktop on Linux 3.19.0-22-generic amd64; OpenJDK 64-Bit Server VM 1.7.0_79-b14. 
INFO  10:58:30,627 HelpFormatter - Date/Time: 2015/07/02 10:58:30 
INFO  10:58:30,627 HelpFormatter - -------------------------------------------------------------------------------- 
INFO  10:58:30,627 HelpFormatter - -------------------------------------------------------------------------------- 
INFO  10:58:30,667 GenomeAnalysisEngine - Strictness is SILENT 
INFO  10:58:30,735 GenomeAnalysisEngine - Downsampling Settings: Method: BY_SAMPLE, Target Coverage: 1000 
INFO  10:58:30,740 SAMDataSource$SAMReaders - Initializing SAMRecords in serial 
INFO  10:58:30,756 SAMDataSource$SAMReaders - Done initializing BAM readers: total time 0.01 
INFO  10:58:30,814 GenomeAnalysisEngine - Preparing for traversal over 1 BAM files 
INFO  10:58:30,844 GenomeAnalysisEngine - Done preparing for traversal 
INFO  10:58:30,844 ProgressMeter - [INITIALIZATION COMPLETE; STARTING PROCESSING] 
INFO  10:58:30,844 ProgressMeter -                 | processed |    time |    per 1M |           |   total | remaining 
INFO  10:58:30,845 ProgressMeter -        Location |     sites | elapsed |     sites | completed | runtime |   runtime 
INFO  10:58:33,961 ProgressMeter -            done   3043210.0     3.0 s       1.0 s      100.0%     3.0 s       0.0 s 
INFO  10:58:33,961 ProgressMeter - Total runtime 3.12 secs, 0.05 min, 0.00 hours 
INFO  10:58:33,964 MicroScheduler - 117 reads were filtered out during the traversal out of approximately 7161 total reads (1.63%) 
INFO  10:58:33,964 MicroScheduler -   -> 0 reads (0.00% of total) failing BadCigarFilter 
INFO  10:58:33,964 MicroScheduler -   -> 0 reads (0.00% of total) failing BadMateFilter 
INFO  10:58:33,964 MicroScheduler -   -> 0 reads (0.00% of total) failing DuplicateReadFilter 
INFO  10:58:33,965 MicroScheduler -   -> 0 reads (0.00% of total) failing FailsVendorQualityCheckFilter 
INFO  10:58:33,965 MicroScheduler -   -> 0 reads (0.00% of total) failing MalformedReadFilter 
INFO  10:58:33,965 MicroScheduler -   -> 0 reads (0.00% of total) failing MappingQualityUnavailableFilter 
INFO  10:58:33,965 MicroScheduler -   -> 117 reads (1.63% of total) failing MappingQualityZeroFilter 
INFO  10:58:33,965 MicroScheduler -   -> 0 reads (0.00% of total) failing NotPrimaryAlignmentFilter 
INFO  10:58:33,965 MicroScheduler -   -> 0 reads (0.00% of total) failing Platform454Filter 
INFO  10:58:33,966 MicroScheduler -   -> 0 reads (0.00% of total) failing UnmappedReadFilter 
INFO  10:58:34,936 GATKRunReport - Uploaded run statistics report to AWS S3 
INFO  10:58:36,110 HelpFormatter - -------------------------------------------------------------------------------- 
INFO  10:58:36,112 HelpFormatter - The Genome Analysis Toolkit (GATK) v3.4-0-g7e26428, Compiled 2015/05/15 03:25:41 
INFO  10:58:36,112 HelpFormatter - Copyright (c) 2010 The Broad Institute 
INFO  10:58:36,112 HelpFormatter - For support and documentation go to http://www.broadinstitute.org/gatk 
INFO  10:58:36,115 HelpFormatter - Program Args: -I tmp.addrg.rmdup.sorted.bam -R NC_017331.1.fasta -T IndelRealigner -targetIntervals help.intervals -o ERR159976.bam -filterNoBases -rf BadCigar --allow_potentially_misencoded_quality_scores --defaultBaseQualities 0 
INFO  10:58:36,119 HelpFormatter - Executing as fabio@ahmad-desktop on Linux 3.19.0-22-generic amd64; OpenJDK 64-Bit Server VM 1.7.0_79-b14. 
INFO  10:58:36,119 HelpFormatter - Date/Time: 2015/07/02 10:58:36 
INFO  10:58:36,119 HelpFormatter - -------------------------------------------------------------------------------- 
INFO  10:58:36,119 HelpFormatter - -------------------------------------------------------------------------------- 
INFO  10:58:36,221 GenomeAnalysisEngine - Strictness is SILENT 
INFO  10:58:36,254 GenomeAnalysisEngine - Downsampling Settings: No downsampling 
INFO  10:58:36,259 SAMDataSource$SAMReaders - Initializing SAMRecords in serial 
INFO  10:58:36,274 SAMDataSource$SAMReaders - Done initializing BAM readers: total time 0.01 
INFO  10:58:36,331 GenomeAnalysisEngine - Preparing for traversal over 1 BAM files 
INFO  10:58:36,334 GenomeAnalysisEngine - Done preparing for traversal 
INFO  10:58:36,334 ProgressMeter - [INITIALIZATION COMPLETE; STARTING PROCESSING] 
INFO  10:58:36,335 ProgressMeter -                 | processed |    time |    per 1M |           |   total | remaining 
INFO  10:58:36,335 ProgressMeter -        Location |     reads | elapsed |     reads | completed | runtime |   runtime 
INFO  10:58:36,349 ReadShardBalancer$1 - Loading BAM index data 
INFO  10:58:36,350 ReadShardBalancer$1 - Done loading BAM index data 
INFO  10:58:37,852 ProgressMeter -            done      8704.0     1.0 s       2.9 m       99.8%     1.0 s       0.0 s 
INFO  10:58:37,853 ProgressMeter - Total runtime 1.52 secs, 0.03 min, 0.00 hours 
INFO  10:58:37,855 MicroScheduler - 0 reads were filtered out during the traversal out of approximately 8704 total reads (0.00%) 
INFO  10:58:37,856 MicroScheduler -   -> 0 reads (0.00% of total) failing BadCigarFilter 
INFO  10:58:37,856 MicroScheduler -   -> 0 reads (0.00% of total) failing MalformedReadFilter 
INFO  10:58:38,787 GATKRunReport - Uploaded run statistics report to AWS S3 

##################
# Reads coverage #
##################
(only counts reads where MAPQ >= 1)
Genome length: 3043210
min =  0
max =  11
% cov. =  75.2528
Avg. base cov. =  1.39801
Stdev base cov. =  1.23669

Reads length (MAPQ >= 1):
min-max avg stdev
114-2260 703.305 +- 314.53

flagstats:
8704 + 0 in total (QC-passed reads + QC-failed reads)
0 + 0 duplicates
6912 + 0 mapped (79.41%:-nan%)
0 + 0 paired in sequencing
0 + 0 read1
0 + 0 read2
0 + 0 properly paired (-nan%:-nan%)
0 + 0 with itself and mate mapped
0 + 0 singletons (-nan%:-nan%)
0 + 0 with mate mapped to a different chr
0 + 0 with mate mapped to a different chr (mapQ>=5)

idxstats:
Chr	length	mapped	unmapped
gi|387141638|ref|NC_017331.1|	3043210	6912	0
*	0	0	1792

## SNP calling with GATK
INFO  10:58:41,932 HelpFormatter - -------------------------------------------------------------------------------- 
INFO  10:58:41,934 HelpFormatter - The Genome Analysis Toolkit (GATK) v3.4-0-g7e26428, Compiled 2015/05/15 03:25:41 
INFO  10:58:41,934 HelpFormatter - Copyright (c) 2010 The Broad Institute 
INFO  10:58:41,934 HelpFormatter - For support and documentation go to http://www.broadinstitute.org/gatk 
INFO  10:58:41,937 HelpFormatter - Program Args: -ploidy 1 -I ERR159976.bam -R NC_017331.1.fasta -T UnifiedGenotyper -o ERR159976-snps.vcf -filterNoBases -rf BadCigar --allow_potentially_misencoded_quality_scores 
INFO  10:58:41,941 HelpFormatter - Executing as fabio@ahmad-desktop on Linux 3.19.0-22-generic amd64; OpenJDK 64-Bit Server VM 1.7.0_79-b14. 
INFO  10:58:41,941 HelpFormatter - Date/Time: 2015/07/02 10:58:41 
INFO  10:58:41,941 HelpFormatter - -------------------------------------------------------------------------------- 
INFO  10:58:41,942 HelpFormatter - -------------------------------------------------------------------------------- 
INFO  10:58:42,007 GenomeAnalysisEngine - Strictness is SILENT 
INFO  10:58:42,077 GenomeAnalysisEngine - Downsampling Settings: Method: BY_SAMPLE, Target Coverage: 250 
INFO  10:58:42,082 SAMDataSource$SAMReaders - Initializing SAMRecords in serial 
INFO  10:58:42,098 SAMDataSource$SAMReaders - Done initializing BAM readers: total time 0.01 
INFO  10:58:42,160 GenomeAnalysisEngine - Preparing for traversal over 1 BAM files 
INFO  10:58:42,195 GenomeAnalysisEngine - Done preparing for traversal 
INFO  10:58:42,195 ProgressMeter - [INITIALIZATION COMPLETE; STARTING PROCESSING] 
INFO  10:58:42,195 ProgressMeter -                 | processed |    time |    per 1M |           |   total | remaining 
INFO  10:58:42,195 ProgressMeter -        Location |     sites | elapsed |     sites | completed | runtime |   runtime 
INFO  10:58:42,222 StrandBiasTest - SAM/BAM data was found. Attempting to use read data to calculate strand bias annotations values. 
INFO  10:58:42,222 StrandBiasTest - SAM/BAM data was found. Attempting to use read data to calculate strand bias annotations values. 
INFO  10:59:03,472 ProgressMeter -            done   3043210.0    21.0 s       6.0 s      100.0%    21.0 s       0.0 s 
INFO  10:59:03,472 ProgressMeter - Total runtime 21.28 secs, 0.35 min, 0.01 hours 
INFO  10:59:03,472 MicroScheduler - 0 reads were filtered out during the traversal out of approximately 7161 total reads (0.00%) 
INFO  10:59:03,473 MicroScheduler -   -> 0 reads (0.00% of total) failing BadCigarFilter 
INFO  10:59:03,473 MicroScheduler -   -> 0 reads (0.00% of total) failing BadMateFilter 
INFO  10:59:03,473 MicroScheduler -   -> 0 reads (0.00% of total) failing DuplicateReadFilter 
INFO  10:59:03,473 MicroScheduler -   -> 0 reads (0.00% of total) failing FailsVendorQualityCheckFilter 
INFO  10:59:03,474 MicroScheduler -   -> 0 reads (0.00% of total) failing MalformedReadFilter 
INFO  10:59:03,474 MicroScheduler -   -> 0 reads (0.00% of total) failing MappingQualityUnavailableFilter 
INFO  10:59:03,474 MicroScheduler -   -> 0 reads (0.00% of total) failing NotPrimaryAlignmentFilter 
INFO  10:59:03,474 MicroScheduler -   -> 0 reads (0.00% of total) failing UnmappedReadFilter 
INFO  10:59:04,412 GATKRunReport - Uploaded run statistics report to AWS S3 
SNPs found: 50
## INDELS calling with GATK
INFO  10:59:05,691 HelpFormatter - -------------------------------------------------------------------------------- 
INFO  10:59:05,693 HelpFormatter - The Genome Analysis Toolkit (GATK) v3.4-0-g7e26428, Compiled 2015/05/15 03:25:41 
INFO  10:59:05,693 HelpFormatter - Copyright (c) 2010 The Broad Institute 
INFO  10:59:05,693 HelpFormatter - For support and documentation go to http://www.broadinstitute.org/gatk 
INFO  10:59:05,696 HelpFormatter - Program Args: -ploidy 1 -I ERR159976.bam -R NC_017331.1.fasta -T UnifiedGenotyper -o ERR159976-indels.vcf -glm INDEL -filterNoBases -rf BadCigar --allow_potentially_misencoded_quality_scores 
INFO  10:59:05,700 HelpFormatter - Executing as fabio@ahmad-desktop on Linux 3.19.0-22-generic amd64; OpenJDK 64-Bit Server VM 1.7.0_79-b14. 
INFO  10:59:05,701 HelpFormatter - Date/Time: 2015/07/02 10:59:05 
INFO  10:59:05,701 HelpFormatter - -------------------------------------------------------------------------------- 
INFO  10:59:05,701 HelpFormatter - -------------------------------------------------------------------------------- 
INFO  10:59:05,771 GenomeAnalysisEngine - Strictness is SILENT 
INFO  10:59:05,833 GenomeAnalysisEngine - Downsampling Settings: Method: BY_SAMPLE, Target Coverage: 250 
INFO  10:59:05,838 SAMDataSource$SAMReaders - Initializing SAMRecords in serial 
INFO  10:59:05,854 SAMDataSource$SAMReaders - Done initializing BAM readers: total time 0.01 
INFO  10:59:05,915 GenomeAnalysisEngine - Preparing for traversal over 1 BAM files 
INFO  10:59:05,945 GenomeAnalysisEngine - Done preparing for traversal 
INFO  10:59:05,946 ProgressMeter - [INITIALIZATION COMPLETE; STARTING PROCESSING] 
INFO  10:59:05,946 ProgressMeter -                 | processed |    time |    per 1M |           |   total | remaining 
INFO  10:59:05,946 ProgressMeter -        Location |     sites | elapsed |     sites | completed | runtime |   runtime 
INFO  10:59:05,974 StrandBiasTest - SAM/BAM data was found. Attempting to use read data to calculate strand bias annotations values. 
INFO  10:59:05,974 StrandBiasTest - SAM/BAM data was found. Attempting to use read data to calculate strand bias annotations values. 
INFO  10:59:11,453 ProgressMeter -            done   3043210.0     5.0 s       1.0 s      100.0%     5.0 s       0.0 s 
INFO  10:59:11,454 ProgressMeter - Total runtime 5.51 secs, 0.09 min, 0.00 hours 
INFO  10:59:11,454 MicroScheduler - 0 reads were filtered out during the traversal out of approximately 7161 total reads (0.00%) 
INFO  10:59:11,454 MicroScheduler -   -> 0 reads (0.00% of total) failing BadCigarFilter 
INFO  10:59:11,454 MicroScheduler -   -> 0 reads (0.00% of total) failing BadMateFilter 
INFO  10:59:11,455 MicroScheduler -   -> 0 reads (0.00% of total) failing DuplicateReadFilter 
INFO  10:59:11,455 MicroScheduler -   -> 0 reads (0.00% of total) failing FailsVendorQualityCheckFilter 
INFO  10:59:11,455 MicroScheduler -   -> 0 reads (0.00% of total) failing MalformedReadFilter 
INFO  10:59:11,455 MicroScheduler -   -> 0 reads (0.00% of total) failing MappingQualityUnavailableFilter 
INFO  10:59:11,456 MicroScheduler -   -> 0 reads (0.00% of total) failing NotPrimaryAlignmentFilter 
INFO  10:59:11,456 MicroScheduler -   -> 0 reads (0.00% of total) failing UnmappedReadFilter 
INFO  10:59:12,451 GATKRunReport - Uploaded run statistics report to AWS S3 
INDELS found: 8
