## Starting pipeline #
bio_pipeline.sh -ref NC_017331.1.fasta -sra ERR159978.sra -mem-pacbio -dbq 0 -nofix -skip-fastqc -indels
######################

## Saving SRA statistics..
## Dumping fastq files from ERR159978.sra
Rejected 75052 READS because READLEN < 1
Read 81741 spots for ERR159978.sra
Written 6689 spots for ERR159978.sra
## One fastq file generated
## Creating bwa index for NC_017331.1.fasta
[bwa_index] Pack FASTA... 0.02 sec
[bwa_index] Construct BWT for the packed sequence...
[bwa_index] 0.60 seconds elapse.
[bwa_index] Update BWT... 0.02 sec
[bwa_index] Pack forward-only FASTA... 0.01 sec
[bwa_index] Construct SA from BWT and Occ... 0.27 sec
[main] Version: 0.7.12-r1039
[main] CMD: bwa index NC_017331.1.fasta
[main] Real time: 1.550 sec; CPU: 0.920 sec
## Generating sam file with bwa-mem aligner
[M::bwa_idx_load_from_disk] read 0 ALT contigs
[M::process] read 6689 sequences (4784611 bp)...
[M::mem_process_seqs] Processed 6689 reads in 12.172 CPU sec, 3.052 real sec
[main] Version: 0.7.12-r1039
[main] CMD: bwa mem -t 4 -x pacbio NC_017331.1.fasta ERR159978_1.fastq
[main] Real time: 3.315 sec; CPU: 12.200 sec
## Converting sam file to BAM, sorting and indexing
[samopen] SAM header is present: 1 sequences.
## Removing duplicates
[bam_rmdup_core] processing reference gi|387141638|ref|NC_017331.1|...
## Adding read groups and indexing
[Thu Jul 02 11:00:08 CEST 2015] picard.sam.AddOrReplaceReadGroups INPUT=tmp.rmdup.sorted.bam OUTPUT=tmp.addrg.rmdup.sorted.bam RGLB=rglib RGPL=rgpl RGPU=rgpu RGSM=rgsm VALIDATION_STRINGENCY=SILENT    RGID=1 VERBOSITY=INFO QUIET=false COMPRESSION_LEVEL=5 MAX_RECORDS_IN_RAM=500000 CREATE_INDEX=false CREATE_MD5_FILE=false GA4GH_CLIENT_SECRETS=client_secrets.json
[Thu Jul 02 11:00:08 CEST 2015] Executing as fabio@ahmad-desktop on Linux 3.19.0-22-generic amd64; OpenJDK 64-Bit Server VM 1.7.0_79-b14; Picard version: 1.135(83ec44e03ec8d07ef180ef86b7a62d59a80dedd3_1435607037) IntelDeflater
INFO	2015-07-02 11:00:08	AddOrReplaceReadGroups	Created read group ID=1 PL=rgpl LB=rglib SM=rgsm

[Thu Jul 02 11:00:09 CEST 2015] picard.sam.AddOrReplaceReadGroups done. Elapsed time: 0.01 minutes.
Runtime.totalMemory()=251658240
## Realigning near indels and re-indexing
[Thu Jul 02 11:00:09 CEST 2015] picard.sam.CreateSequenceDictionary REFERENCE=NC_017331.1.fasta OUTPUT=NC_017331.1.dict    TRUNCATE_NAMES_AT_WHITESPACE=true NUM_SEQUENCES=2147483647 VERBOSITY=INFO QUIET=false VALIDATION_STRINGENCY=STRICT COMPRESSION_LEVEL=5 MAX_RECORDS_IN_RAM=500000 CREATE_INDEX=false CREATE_MD5_FILE=false GA4GH_CLIENT_SECRETS=client_secrets.json
[Thu Jul 02 11:00:09 CEST 2015] Executing as fabio@ahmad-desktop on Linux 3.19.0-22-generic amd64; OpenJDK 64-Bit Server VM 1.7.0_79-b14; Picard version: 1.135(83ec44e03ec8d07ef180ef86b7a62d59a80dedd3_1435607037) IntelDeflater
[Thu Jul 02 11:00:09 CEST 2015] picard.sam.CreateSequenceDictionary done. Elapsed time: 0.00 minutes.
Runtime.totalMemory()=251658240
INFO  11:00:10,712 HelpFormatter - -------------------------------------------------------------------------------- 
INFO  11:00:10,714 HelpFormatter - The Genome Analysis Toolkit (GATK) v3.4-0-g7e26428, Compiled 2015/05/15 03:25:41 
INFO  11:00:10,714 HelpFormatter - Copyright (c) 2010 The Broad Institute 
INFO  11:00:10,714 HelpFormatter - For support and documentation go to http://www.broadinstitute.org/gatk 
INFO  11:00:10,717 HelpFormatter - Program Args: -I tmp.addrg.rmdup.sorted.bam -R NC_017331.1.fasta -T RealignerTargetCreator -o help.intervals -filterNoBases -rf BadCigar --allow_potentially_misencoded_quality_scores 
INFO  11:00:10,721 HelpFormatter - Executing as fabio@ahmad-desktop on Linux 3.19.0-22-generic amd64; OpenJDK 64-Bit Server VM 1.7.0_79-b14. 
INFO  11:00:10,721 HelpFormatter - Date/Time: 2015/07/02 11:00:10 
INFO  11:00:10,721 HelpFormatter - -------------------------------------------------------------------------------- 
INFO  11:00:10,721 HelpFormatter - -------------------------------------------------------------------------------- 
INFO  11:00:10,761 GenomeAnalysisEngine - Strictness is SILENT 
INFO  11:00:10,834 GenomeAnalysisEngine - Downsampling Settings: Method: BY_SAMPLE, Target Coverage: 1000 
INFO  11:00:10,840 SAMDataSource$SAMReaders - Initializing SAMRecords in serial 
INFO  11:00:10,855 SAMDataSource$SAMReaders - Done initializing BAM readers: total time 0.01 
INFO  11:00:10,914 GenomeAnalysisEngine - Preparing for traversal over 1 BAM files 
INFO  11:00:10,943 GenomeAnalysisEngine - Done preparing for traversal 
INFO  11:00:10,944 ProgressMeter - [INITIALIZATION COMPLETE; STARTING PROCESSING] 
INFO  11:00:10,944 ProgressMeter -                 | processed |    time |    per 1M |           |   total | remaining 
INFO  11:00:10,944 ProgressMeter -        Location |     sites | elapsed |     sites | completed | runtime |   runtime 
INFO  11:00:14,349 ProgressMeter -            done   3043210.0     3.0 s       1.0 s      100.0%     3.0 s       0.0 s 
INFO  11:00:14,350 ProgressMeter - Total runtime 3.41 secs, 0.06 min, 0.00 hours 
INFO  11:00:14,352 MicroScheduler - 90 reads were filtered out during the traversal out of approximately 5795 total reads (1.55%) 
INFO  11:00:14,352 MicroScheduler -   -> 0 reads (0.00% of total) failing BadCigarFilter 
INFO  11:00:14,353 MicroScheduler -   -> 0 reads (0.00% of total) failing BadMateFilter 
INFO  11:00:14,353 MicroScheduler -   -> 0 reads (0.00% of total) failing DuplicateReadFilter 
INFO  11:00:14,353 MicroScheduler -   -> 0 reads (0.00% of total) failing FailsVendorQualityCheckFilter 
INFO  11:00:14,353 MicroScheduler -   -> 0 reads (0.00% of total) failing MalformedReadFilter 
INFO  11:00:14,353 MicroScheduler -   -> 0 reads (0.00% of total) failing MappingQualityUnavailableFilter 
INFO  11:00:14,354 MicroScheduler -   -> 90 reads (1.55% of total) failing MappingQualityZeroFilter 
INFO  11:00:14,354 MicroScheduler -   -> 0 reads (0.00% of total) failing NotPrimaryAlignmentFilter 
INFO  11:00:14,354 MicroScheduler -   -> 0 reads (0.00% of total) failing Platform454Filter 
INFO  11:00:14,354 MicroScheduler -   -> 0 reads (0.00% of total) failing UnmappedReadFilter 
INFO  11:00:15,518 GATKRunReport - Uploaded run statistics report to AWS S3 
INFO  11:00:16,803 HelpFormatter - -------------------------------------------------------------------------------- 
INFO  11:00:16,805 HelpFormatter - The Genome Analysis Toolkit (GATK) v3.4-0-g7e26428, Compiled 2015/05/15 03:25:41 
INFO  11:00:16,805 HelpFormatter - Copyright (c) 2010 The Broad Institute 
INFO  11:00:16,805 HelpFormatter - For support and documentation go to http://www.broadinstitute.org/gatk 
INFO  11:00:16,808 HelpFormatter - Program Args: -I tmp.addrg.rmdup.sorted.bam -R NC_017331.1.fasta -T IndelRealigner -targetIntervals help.intervals -o ERR159978.bam -filterNoBases -rf BadCigar --allow_potentially_misencoded_quality_scores --defaultBaseQualities 0 
INFO  11:00:16,812 HelpFormatter - Executing as fabio@ahmad-desktop on Linux 3.19.0-22-generic amd64; OpenJDK 64-Bit Server VM 1.7.0_79-b14. 
INFO  11:00:16,812 HelpFormatter - Date/Time: 2015/07/02 11:00:16 
INFO  11:00:16,812 HelpFormatter - -------------------------------------------------------------------------------- 
INFO  11:00:16,812 HelpFormatter - -------------------------------------------------------------------------------- 
INFO  11:00:16,919 GenomeAnalysisEngine - Strictness is SILENT 
INFO  11:00:16,952 GenomeAnalysisEngine - Downsampling Settings: No downsampling 
INFO  11:00:16,957 SAMDataSource$SAMReaders - Initializing SAMRecords in serial 
INFO  11:00:16,972 SAMDataSource$SAMReaders - Done initializing BAM readers: total time 0.01 
INFO  11:00:17,033 GenomeAnalysisEngine - Preparing for traversal over 1 BAM files 
INFO  11:00:17,036 GenomeAnalysisEngine - Done preparing for traversal 
INFO  11:00:17,036 ProgressMeter - [INITIALIZATION COMPLETE; STARTING PROCESSING] 
INFO  11:00:17,036 ProgressMeter -                 | processed |    time |    per 1M |           |   total | remaining 
INFO  11:00:17,037 ProgressMeter -        Location |     reads | elapsed |     reads | completed | runtime |   runtime 
INFO  11:00:17,057 ReadShardBalancer$1 - Loading BAM index data 
INFO  11:00:17,058 ReadShardBalancer$1 - Done loading BAM index data 
INFO  11:00:18,401 ProgressMeter -            done      6861.0     1.0 s       3.3 m       98.2%     1.0 s       0.0 s 
INFO  11:00:18,401 ProgressMeter - Total runtime 1.37 secs, 0.02 min, 0.00 hours 
INFO  11:00:18,404 MicroScheduler - 0 reads were filtered out during the traversal out of approximately 6861 total reads (0.00%) 
INFO  11:00:18,404 MicroScheduler -   -> 0 reads (0.00% of total) failing BadCigarFilter 
INFO  11:00:18,404 MicroScheduler -   -> 0 reads (0.00% of total) failing MalformedReadFilter 
INFO  11:00:19,375 GATKRunReport - Uploaded run statistics report to AWS S3 

##################
# Reads coverage #
##################
(only counts reads where MAPQ >= 1)
Genome length: 3043210
min =  0
max =  7
% cov. =  68.0805
Avg. base cov. =  1.14168
Stdev base cov. =  1.09711

Reads length (MAPQ >= 1):
min-max avg stdev
116-2383 702.739 +- 306.414

flagstats:
6861 + 0 in total (QC-passed reads + QC-failed reads)
0 + 0 duplicates
5600 + 0 mapped (81.62%:-nan%)
0 + 0 paired in sequencing
0 + 0 read1
0 + 0 read2
0 + 0 properly paired (-nan%:-nan%)
0 + 0 with itself and mate mapped
0 + 0 singletons (-nan%:-nan%)
0 + 0 with mate mapped to a different chr
0 + 0 with mate mapped to a different chr (mapQ>=5)

idxstats:
Chr	length	mapped	unmapped
gi|387141638|ref|NC_017331.1|	3043210	5600	0
*	0	0	1261

## SNP calling with GATK
INFO  11:00:22,431 HelpFormatter - -------------------------------------------------------------------------------- 
INFO  11:00:22,433 HelpFormatter - The Genome Analysis Toolkit (GATK) v3.4-0-g7e26428, Compiled 2015/05/15 03:25:41 
INFO  11:00:22,433 HelpFormatter - Copyright (c) 2010 The Broad Institute 
INFO  11:00:22,433 HelpFormatter - For support and documentation go to http://www.broadinstitute.org/gatk 
INFO  11:00:22,436 HelpFormatter - Program Args: -ploidy 1 -I ERR159978.bam -R NC_017331.1.fasta -T UnifiedGenotyper -o ERR159978-snps.vcf -filterNoBases -rf BadCigar --allow_potentially_misencoded_quality_scores 
INFO  11:00:22,440 HelpFormatter - Executing as fabio@ahmad-desktop on Linux 3.19.0-22-generic amd64; OpenJDK 64-Bit Server VM 1.7.0_79-b14. 
INFO  11:00:22,440 HelpFormatter - Date/Time: 2015/07/02 11:00:22 
INFO  11:00:22,440 HelpFormatter - -------------------------------------------------------------------------------- 
INFO  11:00:22,441 HelpFormatter - -------------------------------------------------------------------------------- 
INFO  11:00:22,504 GenomeAnalysisEngine - Strictness is SILENT 
INFO  11:00:22,575 GenomeAnalysisEngine - Downsampling Settings: Method: BY_SAMPLE, Target Coverage: 250 
INFO  11:00:22,581 SAMDataSource$SAMReaders - Initializing SAMRecords in serial 
INFO  11:00:22,597 SAMDataSource$SAMReaders - Done initializing BAM readers: total time 0.02 
INFO  11:00:22,657 GenomeAnalysisEngine - Preparing for traversal over 1 BAM files 
INFO  11:00:22,686 GenomeAnalysisEngine - Done preparing for traversal 
INFO  11:00:22,687 ProgressMeter - [INITIALIZATION COMPLETE; STARTING PROCESSING] 
INFO  11:00:22,687 ProgressMeter -                 | processed |    time |    per 1M |           |   total | remaining 
INFO  11:00:22,687 ProgressMeter -        Location |     sites | elapsed |     sites | completed | runtime |   runtime 
INFO  11:00:22,713 StrandBiasTest - SAM/BAM data was found. Attempting to use read data to calculate strand bias annotations values. 
INFO  11:00:22,714 StrandBiasTest - SAM/BAM data was found. Attempting to use read data to calculate strand bias annotations values. 
INFO  11:00:42,340 ProgressMeter -            done   3043210.0    19.0 s       6.0 s      100.0%    19.0 s       0.0 s 
INFO  11:00:42,340 ProgressMeter - Total runtime 19.65 secs, 0.33 min, 0.01 hours 
INFO  11:00:42,340 MicroScheduler - 0 reads were filtered out during the traversal out of approximately 5794 total reads (0.00%) 
INFO  11:00:42,341 MicroScheduler -   -> 0 reads (0.00% of total) failing BadCigarFilter 
INFO  11:00:42,341 MicroScheduler -   -> 0 reads (0.00% of total) failing BadMateFilter 
INFO  11:00:42,341 MicroScheduler -   -> 0 reads (0.00% of total) failing DuplicateReadFilter 
INFO  11:00:42,341 MicroScheduler -   -> 0 reads (0.00% of total) failing FailsVendorQualityCheckFilter 
INFO  11:00:42,341 MicroScheduler -   -> 0 reads (0.00% of total) failing MalformedReadFilter 
INFO  11:00:42,342 MicroScheduler -   -> 0 reads (0.00% of total) failing MappingQualityUnavailableFilter 
INFO  11:00:42,342 MicroScheduler -   -> 0 reads (0.00% of total) failing NotPrimaryAlignmentFilter 
INFO  11:00:42,342 MicroScheduler -   -> 0 reads (0.00% of total) failing UnmappedReadFilter 
INFO  11:00:43,317 GATKRunReport - Uploaded run statistics report to AWS S3 
SNPs found: 28
## INDELS calling with GATK
INFO  11:00:44,534 HelpFormatter - -------------------------------------------------------------------------------- 
INFO  11:00:44,536 HelpFormatter - The Genome Analysis Toolkit (GATK) v3.4-0-g7e26428, Compiled 2015/05/15 03:25:41 
INFO  11:00:44,536 HelpFormatter - Copyright (c) 2010 The Broad Institute 
INFO  11:00:44,536 HelpFormatter - For support and documentation go to http://www.broadinstitute.org/gatk 
INFO  11:00:44,539 HelpFormatter - Program Args: -ploidy 1 -I ERR159978.bam -R NC_017331.1.fasta -T UnifiedGenotyper -o ERR159978-indels.vcf -glm INDEL -filterNoBases -rf BadCigar --allow_potentially_misencoded_quality_scores 
INFO  11:00:44,543 HelpFormatter - Executing as fabio@ahmad-desktop on Linux 3.19.0-22-generic amd64; OpenJDK 64-Bit Server VM 1.7.0_79-b14. 
INFO  11:00:44,543 HelpFormatter - Date/Time: 2015/07/02 11:00:44 
INFO  11:00:44,543 HelpFormatter - -------------------------------------------------------------------------------- 
INFO  11:00:44,543 HelpFormatter - -------------------------------------------------------------------------------- 
INFO  11:00:44,611 GenomeAnalysisEngine - Strictness is SILENT 
INFO  11:00:44,674 GenomeAnalysisEngine - Downsampling Settings: Method: BY_SAMPLE, Target Coverage: 250 
INFO  11:00:44,680 SAMDataSource$SAMReaders - Initializing SAMRecords in serial 
INFO  11:00:44,695 SAMDataSource$SAMReaders - Done initializing BAM readers: total time 0.01 
INFO  11:00:44,754 GenomeAnalysisEngine - Preparing for traversal over 1 BAM files 
INFO  11:00:44,783 GenomeAnalysisEngine - Done preparing for traversal 
INFO  11:00:44,784 ProgressMeter - [INITIALIZATION COMPLETE; STARTING PROCESSING] 
INFO  11:00:44,784 ProgressMeter -                 | processed |    time |    per 1M |           |   total | remaining 
INFO  11:00:44,784 ProgressMeter -        Location |     sites | elapsed |     sites | completed | runtime |   runtime 
INFO  11:00:44,811 StrandBiasTest - SAM/BAM data was found. Attempting to use read data to calculate strand bias annotations values. 
INFO  11:00:44,811 StrandBiasTest - SAM/BAM data was found. Attempting to use read data to calculate strand bias annotations values. 
INFO  11:00:49,569 ProgressMeter -            done   3043210.0     4.0 s       1.0 s      100.0%     4.0 s       0.0 s 
INFO  11:00:49,570 ProgressMeter - Total runtime 4.79 secs, 0.08 min, 0.00 hours 
INFO  11:00:49,572 MicroScheduler - 0 reads were filtered out during the traversal out of approximately 5794 total reads (0.00%) 
INFO  11:00:49,572 MicroScheduler -   -> 0 reads (0.00% of total) failing BadCigarFilter 
INFO  11:00:49,573 MicroScheduler -   -> 0 reads (0.00% of total) failing BadMateFilter 
INFO  11:00:49,573 MicroScheduler -   -> 0 reads (0.00% of total) failing DuplicateReadFilter 
INFO  11:00:49,573 MicroScheduler -   -> 0 reads (0.00% of total) failing FailsVendorQualityCheckFilter 
INFO  11:00:49,573 MicroScheduler -   -> 0 reads (0.00% of total) failing MalformedReadFilter 
INFO  11:00:49,573 MicroScheduler -   -> 0 reads (0.00% of total) failing MappingQualityUnavailableFilter 
INFO  11:00:49,574 MicroScheduler -   -> 0 reads (0.00% of total) failing NotPrimaryAlignmentFilter 
INFO  11:00:49,574 MicroScheduler -   -> 0 reads (0.00% of total) failing UnmappedReadFilter 
INFO  11:00:50,533 GATKRunReport - Uploaded run statistics report to AWS S3 
INDELS found: 0
