## Starting pipeline #
bio_pipeline.sh -ref NC_017331.1.fasta -sra ERR160066.sra -mem-pacbio -dbq 0 -nofix -skip-fastqc -indels
######################

## Saving SRA statistics..
## Dumping fastq files from ERR160066.sra
Rejected 75874 READS because READLEN < 1
Read 81741 spots for ERR160066.sra
Written 5867 spots for ERR160066.sra
## One fastq file generated
## Creating bwa index for NC_017331.1.fasta
[bwa_index] Pack FASTA... 0.02 sec
[bwa_index] Construct BWT for the packed sequence...
[bwa_index] 0.61 seconds elapse.
[bwa_index] Update BWT... 0.02 sec
[bwa_index] Pack forward-only FASTA... 0.01 sec
[bwa_index] Construct SA from BWT and Occ... 0.33 sec
[main] Version: 0.7.12-r1039
[main] CMD: bwa index NC_017331.1.fasta
[main] Real time: 1.589 sec; CPU: 0.984 sec
## Generating sam file with bwa-mem aligner
[M::bwa_idx_load_from_disk] read 0 ALT contigs
[M::process] read 5867 sequences (4337557 bp)...
[M::mem_process_seqs] Processed 5867 reads in 13.736 CPU sec, 3.444 real sec
[main] Version: 0.7.12-r1039
[main] CMD: bwa mem -t 4 -x pacbio NC_017331.1.fasta ERR160066_1.fastq
[main] Real time: 3.698 sec; CPU: 13.764 sec
## Converting sam file to BAM, sorting and indexing
[samopen] SAM header is present: 1 sequences.
## Removing duplicates
[bam_rmdup_core] processing reference gi|387141638|ref|NC_017331.1|...
## Adding read groups and indexing
[Thu Jul 02 11:19:15 CEST 2015] picard.sam.AddOrReplaceReadGroups INPUT=tmp.rmdup.sorted.bam OUTPUT=tmp.addrg.rmdup.sorted.bam RGLB=rglib RGPL=rgpl RGPU=rgpu RGSM=rgsm VALIDATION_STRINGENCY=SILENT    RGID=1 VERBOSITY=INFO QUIET=false COMPRESSION_LEVEL=5 MAX_RECORDS_IN_RAM=500000 CREATE_INDEX=false CREATE_MD5_FILE=false GA4GH_CLIENT_SECRETS=client_secrets.json
[Thu Jul 02 11:19:15 CEST 2015] Executing as fabio@ahmad-desktop on Linux 3.19.0-22-generic amd64; OpenJDK 64-Bit Server VM 1.7.0_79-b14; Picard version: 1.135(83ec44e03ec8d07ef180ef86b7a62d59a80dedd3_1435607037) IntelDeflater
INFO	2015-07-02 11:19:15	AddOrReplaceReadGroups	Created read group ID=1 PL=rgpl LB=rglib SM=rgsm

[Thu Jul 02 11:19:16 CEST 2015] picard.sam.AddOrReplaceReadGroups done. Elapsed time: 0.01 minutes.
Runtime.totalMemory()=251658240
## Realigning near indels and re-indexing
[Thu Jul 02 11:19:16 CEST 2015] picard.sam.CreateSequenceDictionary REFERENCE=NC_017331.1.fasta OUTPUT=NC_017331.1.dict    TRUNCATE_NAMES_AT_WHITESPACE=true NUM_SEQUENCES=2147483647 VERBOSITY=INFO QUIET=false VALIDATION_STRINGENCY=STRICT COMPRESSION_LEVEL=5 MAX_RECORDS_IN_RAM=500000 CREATE_INDEX=false CREATE_MD5_FILE=false GA4GH_CLIENT_SECRETS=client_secrets.json
[Thu Jul 02 11:19:16 CEST 2015] Executing as fabio@ahmad-desktop on Linux 3.19.0-22-generic amd64; OpenJDK 64-Bit Server VM 1.7.0_79-b14; Picard version: 1.135(83ec44e03ec8d07ef180ef86b7a62d59a80dedd3_1435607037) IntelDeflater
[Thu Jul 02 11:19:16 CEST 2015] picard.sam.CreateSequenceDictionary done. Elapsed time: 0.00 minutes.
Runtime.totalMemory()=251658240
INFO  11:19:17,894 HelpFormatter - -------------------------------------------------------------------------------- 
INFO  11:19:17,895 HelpFormatter - The Genome Analysis Toolkit (GATK) v3.4-0-g7e26428, Compiled 2015/05/15 03:25:41 
INFO  11:19:17,895 HelpFormatter - Copyright (c) 2010 The Broad Institute 
INFO  11:19:17,896 HelpFormatter - For support and documentation go to http://www.broadinstitute.org/gatk 
INFO  11:19:17,898 HelpFormatter - Program Args: -I tmp.addrg.rmdup.sorted.bam -R NC_017331.1.fasta -T RealignerTargetCreator -o help.intervals -filterNoBases -rf BadCigar --allow_potentially_misencoded_quality_scores 
INFO  11:19:17,902 HelpFormatter - Executing as fabio@ahmad-desktop on Linux 3.19.0-22-generic amd64; OpenJDK 64-Bit Server VM 1.7.0_79-b14. 
INFO  11:19:17,903 HelpFormatter - Date/Time: 2015/07/02 11:19:17 
INFO  11:19:17,903 HelpFormatter - -------------------------------------------------------------------------------- 
INFO  11:19:17,903 HelpFormatter - -------------------------------------------------------------------------------- 
INFO  11:19:17,945 GenomeAnalysisEngine - Strictness is SILENT 
INFO  11:19:18,018 GenomeAnalysisEngine - Downsampling Settings: Method: BY_SAMPLE, Target Coverage: 1000 
INFO  11:19:18,024 SAMDataSource$SAMReaders - Initializing SAMRecords in serial 
INFO  11:19:18,040 SAMDataSource$SAMReaders - Done initializing BAM readers: total time 0.02 
INFO  11:19:18,100 GenomeAnalysisEngine - Preparing for traversal over 1 BAM files 
INFO  11:19:18,130 GenomeAnalysisEngine - Done preparing for traversal 
INFO  11:19:18,130 ProgressMeter - [INITIALIZATION COMPLETE; STARTING PROCESSING] 
INFO  11:19:18,131 ProgressMeter -                 | processed |    time |    per 1M |           |   total | remaining 
INFO  11:19:18,131 ProgressMeter -        Location |     sites | elapsed |     sites | completed | runtime |   runtime 
INFO  11:19:20,992 ProgressMeter -            done   3043210.0     2.0 s       0.0 s      100.0%     2.0 s       0.0 s 
INFO  11:19:20,992 ProgressMeter - Total runtime 2.86 secs, 0.05 min, 0.00 hours 
INFO  11:19:20,995 MicroScheduler - 82 reads were filtered out during the traversal out of approximately 5337 total reads (1.54%) 
INFO  11:19:20,995 MicroScheduler -   -> 0 reads (0.00% of total) failing BadCigarFilter 
INFO  11:19:20,995 MicroScheduler -   -> 0 reads (0.00% of total) failing BadMateFilter 
INFO  11:19:20,995 MicroScheduler -   -> 0 reads (0.00% of total) failing DuplicateReadFilter 
INFO  11:19:20,995 MicroScheduler -   -> 0 reads (0.00% of total) failing FailsVendorQualityCheckFilter 
INFO  11:19:20,996 MicroScheduler -   -> 0 reads (0.00% of total) failing MalformedReadFilter 
INFO  11:19:20,996 MicroScheduler -   -> 0 reads (0.00% of total) failing MappingQualityUnavailableFilter 
INFO  11:19:20,996 MicroScheduler -   -> 82 reads (1.54% of total) failing MappingQualityZeroFilter 
INFO  11:19:20,996 MicroScheduler -   -> 0 reads (0.00% of total) failing NotPrimaryAlignmentFilter 
INFO  11:19:20,996 MicroScheduler -   -> 0 reads (0.00% of total) failing Platform454Filter 
INFO  11:19:20,997 MicroScheduler -   -> 0 reads (0.00% of total) failing UnmappedReadFilter 
INFO  11:19:21,988 GATKRunReport - Uploaded run statistics report to AWS S3 
INFO  11:19:23,183 HelpFormatter - -------------------------------------------------------------------------------- 
INFO  11:19:23,185 HelpFormatter - The Genome Analysis Toolkit (GATK) v3.4-0-g7e26428, Compiled 2015/05/15 03:25:41 
INFO  11:19:23,185 HelpFormatter - Copyright (c) 2010 The Broad Institute 
INFO  11:19:23,185 HelpFormatter - For support and documentation go to http://www.broadinstitute.org/gatk 
INFO  11:19:23,188 HelpFormatter - Program Args: -I tmp.addrg.rmdup.sorted.bam -R NC_017331.1.fasta -T IndelRealigner -targetIntervals help.intervals -o ERR160066.bam -filterNoBases -rf BadCigar --allow_potentially_misencoded_quality_scores --defaultBaseQualities 0 
INFO  11:19:23,192 HelpFormatter - Executing as fabio@ahmad-desktop on Linux 3.19.0-22-generic amd64; OpenJDK 64-Bit Server VM 1.7.0_79-b14. 
INFO  11:19:23,192 HelpFormatter - Date/Time: 2015/07/02 11:19:23 
INFO  11:19:23,192 HelpFormatter - -------------------------------------------------------------------------------- 
INFO  11:19:23,192 HelpFormatter - -------------------------------------------------------------------------------- 
INFO  11:19:23,298 GenomeAnalysisEngine - Strictness is SILENT 
INFO  11:19:23,330 GenomeAnalysisEngine - Downsampling Settings: No downsampling 
INFO  11:19:23,336 SAMDataSource$SAMReaders - Initializing SAMRecords in serial 
INFO  11:19:23,351 SAMDataSource$SAMReaders - Done initializing BAM readers: total time 0.01 
INFO  11:19:23,409 GenomeAnalysisEngine - Preparing for traversal over 1 BAM files 
INFO  11:19:23,412 GenomeAnalysisEngine - Done preparing for traversal 
INFO  11:19:23,412 ProgressMeter - [INITIALIZATION COMPLETE; STARTING PROCESSING] 
INFO  11:19:23,413 ProgressMeter -                 | processed |    time |    per 1M |           |   total | remaining 
INFO  11:19:23,413 ProgressMeter -        Location |     reads | elapsed |     reads | completed | runtime |   runtime 
INFO  11:19:23,429 ReadShardBalancer$1 - Loading BAM index data 
INFO  11:19:23,430 ReadShardBalancer$1 - Done loading BAM index data 
INFO  11:19:24,641 ProgressMeter -            done      6039.0     1.0 s       3.4 m       99.2%     1.0 s       0.0 s 
INFO  11:19:24,641 ProgressMeter - Total runtime 1.23 secs, 0.02 min, 0.00 hours 
INFO  11:19:24,643 MicroScheduler - 0 reads were filtered out during the traversal out of approximately 6039 total reads (0.00%) 
INFO  11:19:24,644 MicroScheduler -   -> 0 reads (0.00% of total) failing BadCigarFilter 
INFO  11:19:24,644 MicroScheduler -   -> 0 reads (0.00% of total) failing MalformedReadFilter 
INFO  11:19:25,595 GATKRunReport - Uploaded run statistics report to AWS S3 

##################
# Reads coverage #
##################
(only counts reads where MAPQ >= 1)
Genome length: 3043210
min =  0
max =  8
% cov. =  66.0893
Avg. base cov. =  1.07946
Stdev base cov. =  1.05844

Reads length (MAPQ >= 1):
min-max avg stdev
87-3075 729.021 +- 326.377

flagstats:
6039 + 0 in total (QC-passed reads + QC-failed reads)
0 + 0 duplicates
5149 + 0 mapped (85.26%:-nan%)
0 + 0 paired in sequencing
0 + 0 read1
0 + 0 read2
0 + 0 properly paired (-nan%:-nan%)
0 + 0 with itself and mate mapped
0 + 0 singletons (-nan%:-nan%)
0 + 0 with mate mapped to a different chr
0 + 0 with mate mapped to a different chr (mapQ>=5)

idxstats:
Chr	length	mapped	unmapped
gi|387141638|ref|NC_017331.1|	3043210	5149	0
*	0	0	890

## SNP calling with GATK
INFO  11:19:28,809 HelpFormatter - -------------------------------------------------------------------------------- 
INFO  11:19:28,811 HelpFormatter - The Genome Analysis Toolkit (GATK) v3.4-0-g7e26428, Compiled 2015/05/15 03:25:41 
INFO  11:19:28,811 HelpFormatter - Copyright (c) 2010 The Broad Institute 
INFO  11:19:28,811 HelpFormatter - For support and documentation go to http://www.broadinstitute.org/gatk 
INFO  11:19:28,814 HelpFormatter - Program Args: -ploidy 1 -I ERR160066.bam -R NC_017331.1.fasta -T UnifiedGenotyper -o ERR160066-snps.vcf -filterNoBases -rf BadCigar --allow_potentially_misencoded_quality_scores 
INFO  11:19:28,822 HelpFormatter - Executing as fabio@ahmad-desktop on Linux 3.19.0-22-generic amd64; OpenJDK 64-Bit Server VM 1.7.0_79-b14. 
INFO  11:19:28,822 HelpFormatter - Date/Time: 2015/07/02 11:19:28 
INFO  11:19:28,822 HelpFormatter - -------------------------------------------------------------------------------- 
INFO  11:19:28,823 HelpFormatter - -------------------------------------------------------------------------------- 
INFO  11:19:28,895 GenomeAnalysisEngine - Strictness is SILENT 
INFO  11:19:28,974 GenomeAnalysisEngine - Downsampling Settings: Method: BY_SAMPLE, Target Coverage: 250 
INFO  11:19:28,980 SAMDataSource$SAMReaders - Initializing SAMRecords in serial 
INFO  11:19:28,996 SAMDataSource$SAMReaders - Done initializing BAM readers: total time 0.02 
INFO  11:19:29,058 GenomeAnalysisEngine - Preparing for traversal over 1 BAM files 
INFO  11:19:29,093 GenomeAnalysisEngine - Done preparing for traversal 
INFO  11:19:29,094 ProgressMeter - [INITIALIZATION COMPLETE; STARTING PROCESSING] 
INFO  11:19:29,094 ProgressMeter -                 | processed |    time |    per 1M |           |   total | remaining 
INFO  11:19:29,094 ProgressMeter -        Location |     sites | elapsed |     sites | completed | runtime |   runtime 
INFO  11:19:29,121 StrandBiasTest - SAM/BAM data was found. Attempting to use read data to calculate strand bias annotations values. 
INFO  11:19:29,121 StrandBiasTest - SAM/BAM data was found. Attempting to use read data to calculate strand bias annotations values. 
INFO  11:19:48,841 ProgressMeter -            done   3043210.0    19.0 s       6.0 s      100.0%    19.0 s       0.0 s 
INFO  11:19:48,841 ProgressMeter - Total runtime 19.75 secs, 0.33 min, 0.01 hours 
INFO  11:19:48,842 MicroScheduler - 0 reads were filtered out during the traversal out of approximately 5337 total reads (0.00%) 
INFO  11:19:48,842 MicroScheduler -   -> 0 reads (0.00% of total) failing BadCigarFilter 
INFO  11:19:48,842 MicroScheduler -   -> 0 reads (0.00% of total) failing BadMateFilter 
INFO  11:19:48,842 MicroScheduler -   -> 0 reads (0.00% of total) failing DuplicateReadFilter 
INFO  11:19:48,842 MicroScheduler -   -> 0 reads (0.00% of total) failing FailsVendorQualityCheckFilter 
INFO  11:19:48,843 MicroScheduler -   -> 0 reads (0.00% of total) failing MalformedReadFilter 
INFO  11:19:48,843 MicroScheduler -   -> 0 reads (0.00% of total) failing MappingQualityUnavailableFilter 
INFO  11:19:48,843 MicroScheduler -   -> 0 reads (0.00% of total) failing NotPrimaryAlignmentFilter 
INFO  11:19:48,843 MicroScheduler -   -> 0 reads (0.00% of total) failing UnmappedReadFilter 
INFO  11:19:49,781 GATKRunReport - Uploaded run statistics report to AWS S3 
SNPs found: 9
## INDELS calling with GATK
INFO  11:19:51,072 HelpFormatter - -------------------------------------------------------------------------------- 
INFO  11:19:51,074 HelpFormatter - The Genome Analysis Toolkit (GATK) v3.4-0-g7e26428, Compiled 2015/05/15 03:25:41 
INFO  11:19:51,074 HelpFormatter - Copyright (c) 2010 The Broad Institute 
INFO  11:19:51,074 HelpFormatter - For support and documentation go to http://www.broadinstitute.org/gatk 
INFO  11:19:51,077 HelpFormatter - Program Args: -ploidy 1 -I ERR160066.bam -R NC_017331.1.fasta -T UnifiedGenotyper -o ERR160066-indels.vcf -glm INDEL -filterNoBases -rf BadCigar --allow_potentially_misencoded_quality_scores 
INFO  11:19:51,082 HelpFormatter - Executing as fabio@ahmad-desktop on Linux 3.19.0-22-generic amd64; OpenJDK 64-Bit Server VM 1.7.0_79-b14. 
INFO  11:19:51,082 HelpFormatter - Date/Time: 2015/07/02 11:19:51 
INFO  11:19:51,082 HelpFormatter - -------------------------------------------------------------------------------- 
INFO  11:19:51,082 HelpFormatter - -------------------------------------------------------------------------------- 
INFO  11:19:51,165 GenomeAnalysisEngine - Strictness is SILENT 
INFO  11:19:51,233 GenomeAnalysisEngine - Downsampling Settings: Method: BY_SAMPLE, Target Coverage: 250 
INFO  11:19:51,238 SAMDataSource$SAMReaders - Initializing SAMRecords in serial 
INFO  11:19:51,254 SAMDataSource$SAMReaders - Done initializing BAM readers: total time 0.01 
INFO  11:19:51,312 GenomeAnalysisEngine - Preparing for traversal over 1 BAM files 
INFO  11:19:51,342 GenomeAnalysisEngine - Done preparing for traversal 
INFO  11:19:51,342 ProgressMeter - [INITIALIZATION COMPLETE; STARTING PROCESSING] 
INFO  11:19:51,343 ProgressMeter -                 | processed |    time |    per 1M |           |   total | remaining 
INFO  11:19:51,343 ProgressMeter -        Location |     sites | elapsed |     sites | completed | runtime |   runtime 
INFO  11:19:51,369 StrandBiasTest - SAM/BAM data was found. Attempting to use read data to calculate strand bias annotations values. 
INFO  11:19:51,369 StrandBiasTest - SAM/BAM data was found. Attempting to use read data to calculate strand bias annotations values. 
INFO  11:19:55,671 ProgressMeter -            done   3043210.0     4.0 s       1.0 s      100.0%     4.0 s       0.0 s 
INFO  11:19:55,671 ProgressMeter - Total runtime 4.33 secs, 0.07 min, 0.00 hours 
INFO  11:19:55,674 MicroScheduler - 0 reads were filtered out during the traversal out of approximately 5337 total reads (0.00%) 
INFO  11:19:55,674 MicroScheduler -   -> 0 reads (0.00% of total) failing BadCigarFilter 
INFO  11:19:55,674 MicroScheduler -   -> 0 reads (0.00% of total) failing BadMateFilter 
INFO  11:19:55,674 MicroScheduler -   -> 0 reads (0.00% of total) failing DuplicateReadFilter 
INFO  11:19:55,675 MicroScheduler -   -> 0 reads (0.00% of total) failing FailsVendorQualityCheckFilter 
INFO  11:19:55,675 MicroScheduler -   -> 0 reads (0.00% of total) failing MalformedReadFilter 
INFO  11:19:55,675 MicroScheduler -   -> 0 reads (0.00% of total) failing MappingQualityUnavailableFilter 
INFO  11:19:55,675 MicroScheduler -   -> 0 reads (0.00% of total) failing NotPrimaryAlignmentFilter 
INFO  11:19:55,676 MicroScheduler -   -> 0 reads (0.00% of total) failing UnmappedReadFilter 
INFO  11:19:56,664 GATKRunReport - Uploaded run statistics report to AWS S3 
INDELS found: 0
