## Starting pipeline #
bio_pipeline.sh -ref NC_017331.1.fasta -sra ERR159997.sra -mem-pacbio -dbq 0 -nofix -skip-fastqc -indels
######################

## Saving SRA statistics..
## Dumping fastq files from ERR159997.sra
Rejected 75568 READS because READLEN < 1
Read 81741 spots for ERR159997.sra
Written 6173 spots for ERR159997.sra
## One fastq file generated
## Creating bwa index for NC_017331.1.fasta
[bwa_index] Pack FASTA... 0.02 sec
[bwa_index] Construct BWT for the packed sequence...
[bwa_index] 0.60 seconds elapse.
[bwa_index] Update BWT... 0.02 sec
[bwa_index] Pack forward-only FASTA... 0.01 sec
[bwa_index] Construct SA from BWT and Occ... 0.27 sec
[main] Version: 0.7.12-r1039
[main] CMD: bwa index NC_017331.1.fasta
[main] Real time: 1.483 sec; CPU: 0.916 sec
## Generating sam file with bwa-mem aligner
[M::bwa_idx_load_from_disk] read 0 ALT contigs
[M::process] read 6173 sequences (4603735 bp)...
[M::mem_process_seqs] Processed 6173 reads in 12.484 CPU sec, 3.133 real sec
[main] Version: 0.7.12-r1039
[main] CMD: bwa mem -t 4 -x pacbio NC_017331.1.fasta ERR159997_1.fastq
[main] Real time: 3.382 sec; CPU: 12.508 sec
## Converting sam file to BAM, sorting and indexing
[samopen] SAM header is present: 1 sequences.
## Removing duplicates
[bam_rmdup_core] processing reference gi|387141638|ref|NC_017331.1|...
## Adding read groups and indexing
[Thu Jul 02 11:13:34 CEST 2015] picard.sam.AddOrReplaceReadGroups INPUT=tmp.rmdup.sorted.bam OUTPUT=tmp.addrg.rmdup.sorted.bam RGLB=rglib RGPL=rgpl RGPU=rgpu RGSM=rgsm VALIDATION_STRINGENCY=SILENT    RGID=1 VERBOSITY=INFO QUIET=false COMPRESSION_LEVEL=5 MAX_RECORDS_IN_RAM=500000 CREATE_INDEX=false CREATE_MD5_FILE=false GA4GH_CLIENT_SECRETS=client_secrets.json
[Thu Jul 02 11:13:34 CEST 2015] Executing as fabio@ahmad-desktop on Linux 3.19.0-22-generic amd64; OpenJDK 64-Bit Server VM 1.7.0_79-b14; Picard version: 1.135(83ec44e03ec8d07ef180ef86b7a62d59a80dedd3_1435607037) IntelDeflater
INFO	2015-07-02 11:13:34	AddOrReplaceReadGroups	Created read group ID=1 PL=rgpl LB=rglib SM=rgsm

[Thu Jul 02 11:13:35 CEST 2015] picard.sam.AddOrReplaceReadGroups done. Elapsed time: 0.01 minutes.
Runtime.totalMemory()=251658240
## Realigning near indels and re-indexing
[Thu Jul 02 11:13:35 CEST 2015] picard.sam.CreateSequenceDictionary REFERENCE=NC_017331.1.fasta OUTPUT=NC_017331.1.dict    TRUNCATE_NAMES_AT_WHITESPACE=true NUM_SEQUENCES=2147483647 VERBOSITY=INFO QUIET=false VALIDATION_STRINGENCY=STRICT COMPRESSION_LEVEL=5 MAX_RECORDS_IN_RAM=500000 CREATE_INDEX=false CREATE_MD5_FILE=false GA4GH_CLIENT_SECRETS=client_secrets.json
[Thu Jul 02 11:13:35 CEST 2015] Executing as fabio@ahmad-desktop on Linux 3.19.0-22-generic amd64; OpenJDK 64-Bit Server VM 1.7.0_79-b14; Picard version: 1.135(83ec44e03ec8d07ef180ef86b7a62d59a80dedd3_1435607037) IntelDeflater
[Thu Jul 02 11:13:35 CEST 2015] picard.sam.CreateSequenceDictionary done. Elapsed time: 0.00 minutes.
Runtime.totalMemory()=251658240
INFO  11:13:36,694 HelpFormatter - -------------------------------------------------------------------------------- 
INFO  11:13:36,695 HelpFormatter - The Genome Analysis Toolkit (GATK) v3.4-0-g7e26428, Compiled 2015/05/15 03:25:41 
INFO  11:13:36,695 HelpFormatter - Copyright (c) 2010 The Broad Institute 
INFO  11:13:36,696 HelpFormatter - For support and documentation go to http://www.broadinstitute.org/gatk 
INFO  11:13:36,698 HelpFormatter - Program Args: -I tmp.addrg.rmdup.sorted.bam -R NC_017331.1.fasta -T RealignerTargetCreator -o help.intervals -filterNoBases -rf BadCigar --allow_potentially_misencoded_quality_scores 
INFO  11:13:36,702 HelpFormatter - Executing as fabio@ahmad-desktop on Linux 3.19.0-22-generic amd64; OpenJDK 64-Bit Server VM 1.7.0_79-b14. 
INFO  11:13:36,703 HelpFormatter - Date/Time: 2015/07/02 11:13:36 
INFO  11:13:36,703 HelpFormatter - -------------------------------------------------------------------------------- 
INFO  11:13:36,703 HelpFormatter - -------------------------------------------------------------------------------- 
INFO  11:13:36,743 GenomeAnalysisEngine - Strictness is SILENT 
INFO  11:13:36,821 GenomeAnalysisEngine - Downsampling Settings: Method: BY_SAMPLE, Target Coverage: 1000 
INFO  11:13:36,827 SAMDataSource$SAMReaders - Initializing SAMRecords in serial 
INFO  11:13:36,843 SAMDataSource$SAMReaders - Done initializing BAM readers: total time 0.02 
INFO  11:13:36,902 GenomeAnalysisEngine - Preparing for traversal over 1 BAM files 
INFO  11:13:36,931 GenomeAnalysisEngine - Done preparing for traversal 
INFO  11:13:36,931 ProgressMeter - [INITIALIZATION COMPLETE; STARTING PROCESSING] 
INFO  11:13:36,932 ProgressMeter -                 | processed |    time |    per 1M |           |   total | remaining 
INFO  11:13:36,932 ProgressMeter -        Location |     sites | elapsed |     sites | completed | runtime |   runtime 
INFO  11:13:39,722 ProgressMeter -            done   3043210.0     2.0 s       0.0 s      100.0%     2.0 s       0.0 s 
INFO  11:13:39,722 ProgressMeter - Total runtime 2.79 secs, 0.05 min, 0.00 hours 
INFO  11:13:39,724 MicroScheduler - 77 reads were filtered out during the traversal out of approximately 4818 total reads (1.60%) 
INFO  11:13:39,725 MicroScheduler -   -> 0 reads (0.00% of total) failing BadCigarFilter 
INFO  11:13:39,725 MicroScheduler -   -> 0 reads (0.00% of total) failing BadMateFilter 
INFO  11:13:39,725 MicroScheduler -   -> 0 reads (0.00% of total) failing DuplicateReadFilter 
INFO  11:13:39,725 MicroScheduler -   -> 0 reads (0.00% of total) failing FailsVendorQualityCheckFilter 
INFO  11:13:39,726 MicroScheduler -   -> 0 reads (0.00% of total) failing MalformedReadFilter 
INFO  11:13:39,726 MicroScheduler -   -> 0 reads (0.00% of total) failing MappingQualityUnavailableFilter 
INFO  11:13:39,726 MicroScheduler -   -> 77 reads (1.60% of total) failing MappingQualityZeroFilter 
INFO  11:13:39,726 MicroScheduler -   -> 0 reads (0.00% of total) failing NotPrimaryAlignmentFilter 
INFO  11:13:39,726 MicroScheduler -   -> 0 reads (0.00% of total) failing Platform454Filter 
INFO  11:13:39,726 MicroScheduler -   -> 0 reads (0.00% of total) failing UnmappedReadFilter 
INFO  11:13:40,793 GATKRunReport - Uploaded run statistics report to AWS S3 
INFO  11:13:42,139 HelpFormatter - -------------------------------------------------------------------------------- 
INFO  11:13:42,141 HelpFormatter - The Genome Analysis Toolkit (GATK) v3.4-0-g7e26428, Compiled 2015/05/15 03:25:41 
INFO  11:13:42,141 HelpFormatter - Copyright (c) 2010 The Broad Institute 
INFO  11:13:42,141 HelpFormatter - For support and documentation go to http://www.broadinstitute.org/gatk 
INFO  11:13:42,144 HelpFormatter - Program Args: -I tmp.addrg.rmdup.sorted.bam -R NC_017331.1.fasta -T IndelRealigner -targetIntervals help.intervals -o ERR159997.bam -filterNoBases -rf BadCigar --allow_potentially_misencoded_quality_scores --defaultBaseQualities 0 
INFO  11:13:42,149 HelpFormatter - Executing as fabio@ahmad-desktop on Linux 3.19.0-22-generic amd64; OpenJDK 64-Bit Server VM 1.7.0_79-b14. 
INFO  11:13:42,149 HelpFormatter - Date/Time: 2015/07/02 11:13:42 
INFO  11:13:42,149 HelpFormatter - -------------------------------------------------------------------------------- 
INFO  11:13:42,150 HelpFormatter - -------------------------------------------------------------------------------- 
INFO  11:13:42,258 GenomeAnalysisEngine - Strictness is SILENT 
INFO  11:13:42,291 GenomeAnalysisEngine - Downsampling Settings: No downsampling 
INFO  11:13:42,297 SAMDataSource$SAMReaders - Initializing SAMRecords in serial 
INFO  11:13:42,312 SAMDataSource$SAMReaders - Done initializing BAM readers: total time 0.01 
INFO  11:13:42,374 GenomeAnalysisEngine - Preparing for traversal over 1 BAM files 
INFO  11:13:42,378 GenomeAnalysisEngine - Done preparing for traversal 
INFO  11:13:42,378 ProgressMeter - [INITIALIZATION COMPLETE; STARTING PROCESSING] 
INFO  11:13:42,378 ProgressMeter -                 | processed |    time |    per 1M |           |   total | remaining 
INFO  11:13:42,379 ProgressMeter -        Location |     reads | elapsed |     reads | completed | runtime |   runtime 
INFO  11:13:42,400 ReadShardBalancer$1 - Loading BAM index data 
INFO  11:13:42,401 ReadShardBalancer$1 - Done loading BAM index data 
INFO  11:13:43,693 ProgressMeter -            done      6324.0     1.0 s       3.5 m       98.7%     1.0 s       0.0 s 
INFO  11:13:43,694 ProgressMeter - Total runtime 1.32 secs, 0.02 min, 0.00 hours 
INFO  11:13:43,696 MicroScheduler - 0 reads were filtered out during the traversal out of approximately 6324 total reads (0.00%) 
INFO  11:13:43,696 MicroScheduler -   -> 0 reads (0.00% of total) failing BadCigarFilter 
INFO  11:13:43,696 MicroScheduler -   -> 0 reads (0.00% of total) failing MalformedReadFilter 
INFO  11:13:44,729 GATKRunReport - Uploaded run statistics report to AWS S3 

##################
# Reads coverage #
##################
(only counts reads where MAPQ >= 1)
Genome length: 3043210
min =  0
max =  8
% cov. =  60.3373
Avg. base cov. =  0.918327
Stdev base cov. =  0.99458

Reads length (MAPQ >= 1):
min-max avg stdev
112-2554 704.013 +- 297.411

flagstats:
6324 + 0 in total (QC-passed reads + QC-failed reads)
0 + 0 duplicates
4674 + 0 mapped (73.91%:-nan%)
0 + 0 paired in sequencing
0 + 0 read1
0 + 0 read2
0 + 0 properly paired (-nan%:-nan%)
0 + 0 with itself and mate mapped
0 + 0 singletons (-nan%:-nan%)
0 + 0 with mate mapped to a different chr
0 + 0 with mate mapped to a different chr (mapQ>=5)

idxstats:
Chr	length	mapped	unmapped
gi|387141638|ref|NC_017331.1|	3043210	4674	0
*	0	0	1650

## SNP calling with GATK
INFO  11:13:47,694 HelpFormatter - -------------------------------------------------------------------------------- 
INFO  11:13:47,695 HelpFormatter - The Genome Analysis Toolkit (GATK) v3.4-0-g7e26428, Compiled 2015/05/15 03:25:41 
INFO  11:13:47,695 HelpFormatter - Copyright (c) 2010 The Broad Institute 
INFO  11:13:47,696 HelpFormatter - For support and documentation go to http://www.broadinstitute.org/gatk 
INFO  11:13:47,698 HelpFormatter - Program Args: -ploidy 1 -I ERR159997.bam -R NC_017331.1.fasta -T UnifiedGenotyper -o ERR159997-snps.vcf -filterNoBases -rf BadCigar --allow_potentially_misencoded_quality_scores 
INFO  11:13:47,708 HelpFormatter - Executing as fabio@ahmad-desktop on Linux 3.19.0-22-generic amd64; OpenJDK 64-Bit Server VM 1.7.0_79-b14. 
INFO  11:13:47,708 HelpFormatter - Date/Time: 2015/07/02 11:13:47 
INFO  11:13:47,708 HelpFormatter - -------------------------------------------------------------------------------- 
INFO  11:13:47,708 HelpFormatter - -------------------------------------------------------------------------------- 
INFO  11:13:47,781 GenomeAnalysisEngine - Strictness is SILENT 
INFO  11:13:47,851 GenomeAnalysisEngine - Downsampling Settings: Method: BY_SAMPLE, Target Coverage: 250 
INFO  11:13:47,856 SAMDataSource$SAMReaders - Initializing SAMRecords in serial 
INFO  11:13:47,873 SAMDataSource$SAMReaders - Done initializing BAM readers: total time 0.02 
INFO  11:13:47,938 GenomeAnalysisEngine - Preparing for traversal over 1 BAM files 
INFO  11:13:47,971 GenomeAnalysisEngine - Done preparing for traversal 
INFO  11:13:47,971 ProgressMeter - [INITIALIZATION COMPLETE; STARTING PROCESSING] 
INFO  11:13:47,971 ProgressMeter -                 | processed |    time |    per 1M |           |   total | remaining 
INFO  11:13:47,972 ProgressMeter -        Location |     sites | elapsed |     sites | completed | runtime |   runtime 
INFO  11:13:47,999 StrandBiasTest - SAM/BAM data was found. Attempting to use read data to calculate strand bias annotations values. 
INFO  11:13:47,999 StrandBiasTest - SAM/BAM data was found. Attempting to use read data to calculate strand bias annotations values. 
INFO  11:14:06,107 ProgressMeter -            done   3043210.0    18.0 s       5.0 s      100.0%    18.0 s       0.0 s 
INFO  11:14:06,108 ProgressMeter - Total runtime 18.14 secs, 0.30 min, 0.01 hours 
INFO  11:14:06,108 MicroScheduler - 0 reads were filtered out during the traversal out of approximately 4818 total reads (0.00%) 
INFO  11:14:06,108 MicroScheduler -   -> 0 reads (0.00% of total) failing BadCigarFilter 
INFO  11:14:06,109 MicroScheduler -   -> 0 reads (0.00% of total) failing BadMateFilter 
INFO  11:14:06,109 MicroScheduler -   -> 0 reads (0.00% of total) failing DuplicateReadFilter 
INFO  11:14:06,109 MicroScheduler -   -> 0 reads (0.00% of total) failing FailsVendorQualityCheckFilter 
INFO  11:14:06,110 MicroScheduler -   -> 0 reads (0.00% of total) failing MalformedReadFilter 
INFO  11:14:06,110 MicroScheduler -   -> 0 reads (0.00% of total) failing MappingQualityUnavailableFilter 
INFO  11:14:06,110 MicroScheduler -   -> 0 reads (0.00% of total) failing NotPrimaryAlignmentFilter 
INFO  11:14:06,111 MicroScheduler -   -> 0 reads (0.00% of total) failing UnmappedReadFilter 
INFO  11:14:07,098 GATKRunReport - Uploaded run statistics report to AWS S3 
SNPs found: 21
## INDELS calling with GATK
INFO  11:14:08,386 HelpFormatter - -------------------------------------------------------------------------------- 
INFO  11:14:08,388 HelpFormatter - The Genome Analysis Toolkit (GATK) v3.4-0-g7e26428, Compiled 2015/05/15 03:25:41 
INFO  11:14:08,388 HelpFormatter - Copyright (c) 2010 The Broad Institute 
INFO  11:14:08,388 HelpFormatter - For support and documentation go to http://www.broadinstitute.org/gatk 
INFO  11:14:08,391 HelpFormatter - Program Args: -ploidy 1 -I ERR159997.bam -R NC_017331.1.fasta -T UnifiedGenotyper -o ERR159997-indels.vcf -glm INDEL -filterNoBases -rf BadCigar --allow_potentially_misencoded_quality_scores 
INFO  11:14:08,395 HelpFormatter - Executing as fabio@ahmad-desktop on Linux 3.19.0-22-generic amd64; OpenJDK 64-Bit Server VM 1.7.0_79-b14. 
INFO  11:14:08,395 HelpFormatter - Date/Time: 2015/07/02 11:14:08 
INFO  11:14:08,395 HelpFormatter - -------------------------------------------------------------------------------- 
INFO  11:14:08,396 HelpFormatter - -------------------------------------------------------------------------------- 
INFO  11:14:08,465 GenomeAnalysisEngine - Strictness is SILENT 
INFO  11:14:08,537 GenomeAnalysisEngine - Downsampling Settings: Method: BY_SAMPLE, Target Coverage: 250 
INFO  11:14:08,544 SAMDataSource$SAMReaders - Initializing SAMRecords in serial 
INFO  11:14:08,567 SAMDataSource$SAMReaders - Done initializing BAM readers: total time 0.02 
INFO  11:14:08,651 GenomeAnalysisEngine - Preparing for traversal over 1 BAM files 
INFO  11:14:08,689 GenomeAnalysisEngine - Done preparing for traversal 
INFO  11:14:08,690 ProgressMeter - [INITIALIZATION COMPLETE; STARTING PROCESSING] 
INFO  11:14:08,690 ProgressMeter -                 | processed |    time |    per 1M |           |   total | remaining 
INFO  11:14:08,691 ProgressMeter -        Location |     sites | elapsed |     sites | completed | runtime |   runtime 
INFO  11:14:08,729 StrandBiasTest - SAM/BAM data was found. Attempting to use read data to calculate strand bias annotations values. 
INFO  11:14:08,729 StrandBiasTest - SAM/BAM data was found. Attempting to use read data to calculate strand bias annotations values. 
INFO  11:14:13,905 ProgressMeter -            done   3043210.0     5.0 s       1.0 s      100.0%     5.0 s       0.0 s 
INFO  11:14:13,905 ProgressMeter - Total runtime 5.22 secs, 0.09 min, 0.00 hours 
INFO  11:14:13,906 MicroScheduler - 0 reads were filtered out during the traversal out of approximately 4818 total reads (0.00%) 
INFO  11:14:13,906 MicroScheduler -   -> 0 reads (0.00% of total) failing BadCigarFilter 
INFO  11:14:13,906 MicroScheduler -   -> 0 reads (0.00% of total) failing BadMateFilter 
INFO  11:14:13,907 MicroScheduler -   -> 0 reads (0.00% of total) failing DuplicateReadFilter 
INFO  11:14:13,907 MicroScheduler -   -> 0 reads (0.00% of total) failing FailsVendorQualityCheckFilter 
INFO  11:14:13,907 MicroScheduler -   -> 0 reads (0.00% of total) failing MalformedReadFilter 
INFO  11:14:13,907 MicroScheduler -   -> 0 reads (0.00% of total) failing MappingQualityUnavailableFilter 
INFO  11:14:13,907 MicroScheduler -   -> 0 reads (0.00% of total) failing NotPrimaryAlignmentFilter 
INFO  11:14:13,908 MicroScheduler -   -> 0 reads (0.00% of total) failing UnmappedReadFilter 
INFO  11:14:14,867 GATKRunReport - Uploaded run statistics report to AWS S3 
INDELS found: 1
