## Starting pipeline #
bio_pipeline.sh -ref NC_017331.1.fasta -sra ERR160065.sra -mem-pacbio -dbq 0 -nofix -skip-fastqc -indels
######################

## Saving SRA statistics..
## Dumping fastq files from ERR160065.sra
Rejected 75986 READS because READLEN < 1
Read 81741 spots for ERR160065.sra
Written 5755 spots for ERR160065.sra
## One fastq file generated
## Creating bwa index for NC_017331.1.fasta
[bwa_index] Pack FASTA... 0.02 sec
[bwa_index] Construct BWT for the packed sequence...
[bwa_index] 0.81 seconds elapse.
[bwa_index] Update BWT... 0.02 sec
[bwa_index] Pack forward-only FASTA... 0.01 sec
[bwa_index] Construct SA from BWT and Occ... 0.29 sec
[main] Version: 0.7.12-r1039
[main] CMD: bwa index NC_017331.1.fasta
[main] Real time: 1.804 sec; CPU: 1.148 sec
## Generating sam file with bwa-mem aligner
[M::bwa_idx_load_from_disk] read 0 ALT contigs
[M::process] read 5755 sequences (4492280 bp)...
[M::mem_process_seqs] Processed 5755 reads in 12.604 CPU sec, 3.176 real sec
[main] Version: 0.7.12-r1039
[main] CMD: bwa mem -t 4 -x pacbio NC_017331.1.fasta ERR160065_1.fastq
[main] Real time: 3.414 sec; CPU: 12.632 sec
## Converting sam file to BAM, sorting and indexing
[samopen] SAM header is present: 1 sequences.
## Removing duplicates
[bam_rmdup_core] processing reference gi|387141638|ref|NC_017331.1|...
## Adding read groups and indexing
[Thu Jul 02 11:18:25 CEST 2015] picard.sam.AddOrReplaceReadGroups INPUT=tmp.rmdup.sorted.bam OUTPUT=tmp.addrg.rmdup.sorted.bam RGLB=rglib RGPL=rgpl RGPU=rgpu RGSM=rgsm VALIDATION_STRINGENCY=SILENT    RGID=1 VERBOSITY=INFO QUIET=false COMPRESSION_LEVEL=5 MAX_RECORDS_IN_RAM=500000 CREATE_INDEX=false CREATE_MD5_FILE=false GA4GH_CLIENT_SECRETS=client_secrets.json
[Thu Jul 02 11:18:25 CEST 2015] Executing as fabio@ahmad-desktop on Linux 3.19.0-22-generic amd64; OpenJDK 64-Bit Server VM 1.7.0_79-b14; Picard version: 1.135(83ec44e03ec8d07ef180ef86b7a62d59a80dedd3_1435607037) IntelDeflater
INFO	2015-07-02 11:18:25	AddOrReplaceReadGroups	Created read group ID=1 PL=rgpl LB=rglib SM=rgsm

[Thu Jul 02 11:18:26 CEST 2015] picard.sam.AddOrReplaceReadGroups done. Elapsed time: 0.01 minutes.
Runtime.totalMemory()=251658240
## Realigning near indels and re-indexing
[Thu Jul 02 11:18:26 CEST 2015] picard.sam.CreateSequenceDictionary REFERENCE=NC_017331.1.fasta OUTPUT=NC_017331.1.dict    TRUNCATE_NAMES_AT_WHITESPACE=true NUM_SEQUENCES=2147483647 VERBOSITY=INFO QUIET=false VALIDATION_STRINGENCY=STRICT COMPRESSION_LEVEL=5 MAX_RECORDS_IN_RAM=500000 CREATE_INDEX=false CREATE_MD5_FILE=false GA4GH_CLIENT_SECRETS=client_secrets.json
[Thu Jul 02 11:18:26 CEST 2015] Executing as fabio@ahmad-desktop on Linux 3.19.0-22-generic amd64; OpenJDK 64-Bit Server VM 1.7.0_79-b14; Picard version: 1.135(83ec44e03ec8d07ef180ef86b7a62d59a80dedd3_1435607037) IntelDeflater
[Thu Jul 02 11:18:26 CEST 2015] picard.sam.CreateSequenceDictionary done. Elapsed time: 0.00 minutes.
Runtime.totalMemory()=251658240
INFO  11:18:27,977 HelpFormatter - -------------------------------------------------------------------------------- 
INFO  11:18:27,978 HelpFormatter - The Genome Analysis Toolkit (GATK) v3.4-0-g7e26428, Compiled 2015/05/15 03:25:41 
INFO  11:18:27,978 HelpFormatter - Copyright (c) 2010 The Broad Institute 
INFO  11:18:27,978 HelpFormatter - For support and documentation go to http://www.broadinstitute.org/gatk 
INFO  11:18:27,981 HelpFormatter - Program Args: -I tmp.addrg.rmdup.sorted.bam -R NC_017331.1.fasta -T RealignerTargetCreator -o help.intervals -filterNoBases -rf BadCigar --allow_potentially_misencoded_quality_scores 
INFO  11:18:27,985 HelpFormatter - Executing as fabio@ahmad-desktop on Linux 3.19.0-22-generic amd64; OpenJDK 64-Bit Server VM 1.7.0_79-b14. 
INFO  11:18:27,985 HelpFormatter - Date/Time: 2015/07/02 11:18:27 
INFO  11:18:27,985 HelpFormatter - -------------------------------------------------------------------------------- 
INFO  11:18:27,985 HelpFormatter - -------------------------------------------------------------------------------- 
INFO  11:18:28,025 GenomeAnalysisEngine - Strictness is SILENT 
INFO  11:18:28,093 GenomeAnalysisEngine - Downsampling Settings: Method: BY_SAMPLE, Target Coverage: 1000 
INFO  11:18:28,099 SAMDataSource$SAMReaders - Initializing SAMRecords in serial 
INFO  11:18:28,114 SAMDataSource$SAMReaders - Done initializing BAM readers: total time 0.01 
INFO  11:18:28,173 GenomeAnalysisEngine - Preparing for traversal over 1 BAM files 
INFO  11:18:28,202 GenomeAnalysisEngine - Done preparing for traversal 
INFO  11:18:28,202 ProgressMeter - [INITIALIZATION COMPLETE; STARTING PROCESSING] 
INFO  11:18:28,202 ProgressMeter -                 | processed |    time |    per 1M |           |   total | remaining 
INFO  11:18:28,203 ProgressMeter -        Location |     sites | elapsed |     sites | completed | runtime |   runtime 
INFO  11:18:31,090 ProgressMeter -            done   3043210.0     2.0 s       0.0 s      100.0%     2.0 s       0.0 s 
INFO  11:18:31,091 ProgressMeter - Total runtime 2.89 secs, 0.05 min, 0.00 hours 
INFO  11:18:31,093 MicroScheduler - 87 reads were filtered out during the traversal out of approximately 5025 total reads (1.73%) 
INFO  11:18:31,093 MicroScheduler -   -> 0 reads (0.00% of total) failing BadCigarFilter 
INFO  11:18:31,093 MicroScheduler -   -> 0 reads (0.00% of total) failing BadMateFilter 
INFO  11:18:31,094 MicroScheduler -   -> 0 reads (0.00% of total) failing DuplicateReadFilter 
INFO  11:18:31,094 MicroScheduler -   -> 0 reads (0.00% of total) failing FailsVendorQualityCheckFilter 
INFO  11:18:31,094 MicroScheduler -   -> 0 reads (0.00% of total) failing MalformedReadFilter 
INFO  11:18:31,094 MicroScheduler -   -> 0 reads (0.00% of total) failing MappingQualityUnavailableFilter 
INFO  11:18:31,094 MicroScheduler -   -> 87 reads (1.73% of total) failing MappingQualityZeroFilter 
INFO  11:18:31,095 MicroScheduler -   -> 0 reads (0.00% of total) failing NotPrimaryAlignmentFilter 
INFO  11:18:31,095 MicroScheduler -   -> 0 reads (0.00% of total) failing Platform454Filter 
INFO  11:18:31,095 MicroScheduler -   -> 0 reads (0.00% of total) failing UnmappedReadFilter 
INFO  11:18:32,045 GATKRunReport - Uploaded run statistics report to AWS S3 
INFO  11:18:33,233 HelpFormatter - -------------------------------------------------------------------------------- 
INFO  11:18:33,234 HelpFormatter - The Genome Analysis Toolkit (GATK) v3.4-0-g7e26428, Compiled 2015/05/15 03:25:41 
INFO  11:18:33,235 HelpFormatter - Copyright (c) 2010 The Broad Institute 
INFO  11:18:33,235 HelpFormatter - For support and documentation go to http://www.broadinstitute.org/gatk 
INFO  11:18:33,237 HelpFormatter - Program Args: -I tmp.addrg.rmdup.sorted.bam -R NC_017331.1.fasta -T IndelRealigner -targetIntervals help.intervals -o ERR160065.bam -filterNoBases -rf BadCigar --allow_potentially_misencoded_quality_scores --defaultBaseQualities 0 
INFO  11:18:33,241 HelpFormatter - Executing as fabio@ahmad-desktop on Linux 3.19.0-22-generic amd64; OpenJDK 64-Bit Server VM 1.7.0_79-b14. 
INFO  11:18:33,241 HelpFormatter - Date/Time: 2015/07/02 11:18:33 
INFO  11:18:33,242 HelpFormatter - -------------------------------------------------------------------------------- 
INFO  11:18:33,242 HelpFormatter - -------------------------------------------------------------------------------- 
INFO  11:18:33,338 GenomeAnalysisEngine - Strictness is SILENT 
INFO  11:18:33,371 GenomeAnalysisEngine - Downsampling Settings: No downsampling 
INFO  11:18:33,376 SAMDataSource$SAMReaders - Initializing SAMRecords in serial 
INFO  11:18:33,391 SAMDataSource$SAMReaders - Done initializing BAM readers: total time 0.01 
INFO  11:18:33,453 GenomeAnalysisEngine - Preparing for traversal over 1 BAM files 
INFO  11:18:33,457 GenomeAnalysisEngine - Done preparing for traversal 
INFO  11:18:33,457 ProgressMeter - [INITIALIZATION COMPLETE; STARTING PROCESSING] 
INFO  11:18:33,458 ProgressMeter -                 | processed |    time |    per 1M |           |   total | remaining 
INFO  11:18:33,458 ProgressMeter -        Location |     reads | elapsed |     reads | completed | runtime |   runtime 
INFO  11:18:33,477 ReadShardBalancer$1 - Loading BAM index data 
INFO  11:18:33,478 ReadShardBalancer$1 - Done loading BAM index data 
INFO  11:18:34,749 ProgressMeter -            done      5921.0     1.0 s       3.6 m       98.9%     1.0 s       0.0 s 
INFO  11:18:34,750 ProgressMeter - Total runtime 1.29 secs, 0.02 min, 0.00 hours 
INFO  11:18:34,752 MicroScheduler - 0 reads were filtered out during the traversal out of approximately 5921 total reads (0.00%) 
INFO  11:18:34,752 MicroScheduler -   -> 0 reads (0.00% of total) failing BadCigarFilter 
INFO  11:18:34,753 MicroScheduler -   -> 0 reads (0.00% of total) failing MalformedReadFilter 
INFO  11:18:35,758 GATKRunReport - Uploaded run statistics report to AWS S3 

##################
# Reads coverage #
##################
(only counts reads where MAPQ >= 1)
Genome length: 3043210
min =  0
max =  8
% cov. =  63.4269
Avg. base cov. =  1.03478
Stdev base cov. =  1.07035

Reads length (MAPQ >= 1):
min-max avg stdev
65-2851 759.012 +- 343.611

flagstats:
5921 + 0 in total (QC-passed reads + QC-failed reads)
0 + 0 duplicates
4850 + 0 mapped (81.91%:-nan%)
0 + 0 paired in sequencing
0 + 0 read1
0 + 0 read2
0 + 0 properly paired (-nan%:-nan%)
0 + 0 with itself and mate mapped
0 + 0 singletons (-nan%:-nan%)
0 + 0 with mate mapped to a different chr
0 + 0 with mate mapped to a different chr (mapQ>=5)

idxstats:
Chr	length	mapped	unmapped
gi|387141638|ref|NC_017331.1|	3043210	4850	0
*	0	0	1071

## SNP calling with GATK
INFO  11:18:39,060 HelpFormatter - -------------------------------------------------------------------------------- 
INFO  11:18:39,062 HelpFormatter - The Genome Analysis Toolkit (GATK) v3.4-0-g7e26428, Compiled 2015/05/15 03:25:41 
INFO  11:18:39,062 HelpFormatter - Copyright (c) 2010 The Broad Institute 
INFO  11:18:39,062 HelpFormatter - For support and documentation go to http://www.broadinstitute.org/gatk 
INFO  11:18:39,065 HelpFormatter - Program Args: -ploidy 1 -I ERR160065.bam -R NC_017331.1.fasta -T UnifiedGenotyper -o ERR160065-snps.vcf -filterNoBases -rf BadCigar --allow_potentially_misencoded_quality_scores 
INFO  11:18:39,070 HelpFormatter - Executing as fabio@ahmad-desktop on Linux 3.19.0-22-generic amd64; OpenJDK 64-Bit Server VM 1.7.0_79-b14. 
INFO  11:18:39,071 HelpFormatter - Date/Time: 2015/07/02 11:18:39 
INFO  11:18:39,071 HelpFormatter - -------------------------------------------------------------------------------- 
INFO  11:18:39,071 HelpFormatter - -------------------------------------------------------------------------------- 
INFO  11:18:39,140 GenomeAnalysisEngine - Strictness is SILENT 
INFO  11:18:39,207 GenomeAnalysisEngine - Downsampling Settings: Method: BY_SAMPLE, Target Coverage: 250 
INFO  11:18:39,213 SAMDataSource$SAMReaders - Initializing SAMRecords in serial 
INFO  11:18:39,229 SAMDataSource$SAMReaders - Done initializing BAM readers: total time 0.02 
INFO  11:18:39,293 GenomeAnalysisEngine - Preparing for traversal over 1 BAM files 
INFO  11:18:39,322 GenomeAnalysisEngine - Done preparing for traversal 
INFO  11:18:39,322 ProgressMeter - [INITIALIZATION COMPLETE; STARTING PROCESSING] 
INFO  11:18:39,323 ProgressMeter -                 | processed |    time |    per 1M |           |   total | remaining 
INFO  11:18:39,323 ProgressMeter -        Location |     sites | elapsed |     sites | completed | runtime |   runtime 
INFO  11:18:39,349 StrandBiasTest - SAM/BAM data was found. Attempting to use read data to calculate strand bias annotations values. 
INFO  11:18:39,350 StrandBiasTest - SAM/BAM data was found. Attempting to use read data to calculate strand bias annotations values. 
INFO  11:18:59,394 ProgressMeter -            done   3043210.0    20.0 s       6.0 s      100.0%    20.0 s       0.0 s 
INFO  11:18:59,394 ProgressMeter - Total runtime 20.07 secs, 0.33 min, 0.01 hours 
INFO  11:18:59,395 MicroScheduler - 0 reads were filtered out during the traversal out of approximately 5025 total reads (0.00%) 
INFO  11:18:59,395 MicroScheduler -   -> 0 reads (0.00% of total) failing BadCigarFilter 
INFO  11:18:59,395 MicroScheduler -   -> 0 reads (0.00% of total) failing BadMateFilter 
INFO  11:18:59,395 MicroScheduler -   -> 0 reads (0.00% of total) failing DuplicateReadFilter 
INFO  11:18:59,396 MicroScheduler -   -> 0 reads (0.00% of total) failing FailsVendorQualityCheckFilter 
INFO  11:18:59,396 MicroScheduler -   -> 0 reads (0.00% of total) failing MalformedReadFilter 
INFO  11:18:59,396 MicroScheduler -   -> 0 reads (0.00% of total) failing MappingQualityUnavailableFilter 
INFO  11:18:59,396 MicroScheduler -   -> 0 reads (0.00% of total) failing NotPrimaryAlignmentFilter 
INFO  11:18:59,396 MicroScheduler -   -> 0 reads (0.00% of total) failing UnmappedReadFilter 
INFO  11:19:00,458 GATKRunReport - Uploaded run statistics report to AWS S3 
SNPs found: 24
## INDELS calling with GATK
INFO  11:19:01,776 HelpFormatter - -------------------------------------------------------------------------------- 
INFO  11:19:01,777 HelpFormatter - The Genome Analysis Toolkit (GATK) v3.4-0-g7e26428, Compiled 2015/05/15 03:25:41 
INFO  11:19:01,778 HelpFormatter - Copyright (c) 2010 The Broad Institute 
INFO  11:19:01,778 HelpFormatter - For support and documentation go to http://www.broadinstitute.org/gatk 
INFO  11:19:01,781 HelpFormatter - Program Args: -ploidy 1 -I ERR160065.bam -R NC_017331.1.fasta -T UnifiedGenotyper -o ERR160065-indels.vcf -glm INDEL -filterNoBases -rf BadCigar --allow_potentially_misencoded_quality_scores 
INFO  11:19:01,785 HelpFormatter - Executing as fabio@ahmad-desktop on Linux 3.19.0-22-generic amd64; OpenJDK 64-Bit Server VM 1.7.0_79-b14. 
INFO  11:19:01,785 HelpFormatter - Date/Time: 2015/07/02 11:19:01 
INFO  11:19:01,786 HelpFormatter - -------------------------------------------------------------------------------- 
INFO  11:19:01,786 HelpFormatter - -------------------------------------------------------------------------------- 
INFO  11:19:01,867 GenomeAnalysisEngine - Strictness is SILENT 
INFO  11:19:01,933 GenomeAnalysisEngine - Downsampling Settings: Method: BY_SAMPLE, Target Coverage: 250 
INFO  11:19:01,938 SAMDataSource$SAMReaders - Initializing SAMRecords in serial 
INFO  11:19:01,954 SAMDataSource$SAMReaders - Done initializing BAM readers: total time 0.02 
INFO  11:19:02,013 GenomeAnalysisEngine - Preparing for traversal over 1 BAM files 
INFO  11:19:02,042 GenomeAnalysisEngine - Done preparing for traversal 
INFO  11:19:02,042 ProgressMeter - [INITIALIZATION COMPLETE; STARTING PROCESSING] 
INFO  11:19:02,042 ProgressMeter -                 | processed |    time |    per 1M |           |   total | remaining 
INFO  11:19:02,043 ProgressMeter -        Location |     sites | elapsed |     sites | completed | runtime |   runtime 
INFO  11:19:02,069 StrandBiasTest - SAM/BAM data was found. Attempting to use read data to calculate strand bias annotations values. 
INFO  11:19:02,069 StrandBiasTest - SAM/BAM data was found. Attempting to use read data to calculate strand bias annotations values. 
INFO  11:19:06,540 ProgressMeter -            done   3043210.0     4.0 s       1.0 s      100.0%     4.0 s       0.0 s 
INFO  11:19:06,540 ProgressMeter - Total runtime 4.50 secs, 0.07 min, 0.00 hours 
INFO  11:19:06,542 MicroScheduler - 0 reads were filtered out during the traversal out of approximately 5025 total reads (0.00%) 
INFO  11:19:06,543 MicroScheduler -   -> 0 reads (0.00% of total) failing BadCigarFilter 
INFO  11:19:06,543 MicroScheduler -   -> 0 reads (0.00% of total) failing BadMateFilter 
INFO  11:19:06,543 MicroScheduler -   -> 0 reads (0.00% of total) failing DuplicateReadFilter 
INFO  11:19:06,543 MicroScheduler -   -> 0 reads (0.00% of total) failing FailsVendorQualityCheckFilter 
INFO  11:19:06,544 MicroScheduler -   -> 0 reads (0.00% of total) failing MalformedReadFilter 
INFO  11:19:06,544 MicroScheduler -   -> 0 reads (0.00% of total) failing MappingQualityUnavailableFilter 
INFO  11:19:06,544 MicroScheduler -   -> 0 reads (0.00% of total) failing NotPrimaryAlignmentFilter 
INFO  11:19:06,544 MicroScheduler -   -> 0 reads (0.00% of total) failing UnmappedReadFilter 
INFO  11:19:07,537 GATKRunReport - Uploaded run statistics report to AWS S3 
INDELS found: 0
