Warning: 0 q-grams of 4215602 contain other letters than A,C,G and T, ignore these q-grams
Start Strand Bias Score calculation
Start Strand Bias Score calculation
Start Strand Bias Score calculation
Loading serialized object instead of annotating (parsing) genome...
Number of in-, del keys before all_results [should match!]:  256 256 256
Number of in-, del keys after all_results [should match!]:  608 608 608
############################### snps #########################
#Sequence	Occurrence	Forward Match	Backward Match	Forward Mismatch	Backward Mismatch	Strand Bias Score	FER (Forward Error Rate)	RER (Reverse Error Rate), ERD (Error rate Difference)
GGGT	13478	365251	383255	16231	2057	9223372036854775807	0.0425472237222	0.00533853085292	0.0372086928693
AGGT	20146	570848	582943	18925	3349	9223372036854775807	0.0320886171459	0.00571217072721	0.0263764464187
NGGT	79810	2231421	2310244	70791	12479	9223372036854775807	0.0307491230173	0.00537257348379	0.0253765495335
CGGT	25144	703769	728098	21832	3747	9223372036854775807	0.0300881614	0.0051199365986	0.0249682248014
TGGT	21042	591553	615948	13803	3326	9223372036854775807	0.0228014589762	0.00537080516863	0.0174306538076
GNGT	70410	2010371	2054399	43185	11738	9223372036854775807	0.0210293753859	0.00568113343888	0.015348241947
GAGT	15444	439236	443324	8420	2728	9223372036854775807	0.0188090855478	0.00611587886614	0.0126932066817
GCGT	20827	607078	617111	10777	3445	9223372036854775807	0.0174426038472	0.00555147319501	0.0118911306522
CNGT	115506	3282580	3377724	58177	19552	9223372036854775807	0.0174143165756	0.00575519916545	0.0116591174101
ANGT	101572	2921772	2957582	53212	18581	9223372036854775807	0.0178864827508	0.0062432736379	0.0116432091129
NNGT	389101	11084076	11358333	194649	66556	9223372036854775807	0.0172580677337	0.00582552705764	0.0114325406761
AAGT	28412	804496	806883	15254	5949	9223372036854775807	0.0186081122293	0.00731885555687	0.0112892566725
GGGN	67773	1885458	1886830	33154	12834	9223372036854775807	0.0172802004783	0.00675593157527	0.010524268903
NAGT	80198	2276440	2307092	39038	15066	9223372036854775807	0.0168595857961	0.00648793062315	0.010371655173
CCGT	26889	767728	786495	12775	4745	9223372036854775807	0.0163676500923	0.00599691623275	0.0103707338596
NCGT	91400	2656620	2708289	40847	15765	9223372036854775807	0.0151427246376	0.00578733020711	0.00935539443048
CAGT	25364	726046	742829	11173	4574	9223372036854775807	0.0151556050509	0.00611985769391	0.00903574735697
GGGA	23391	665052	652948	10640	4454	9223372036854775807	0.0157468195568	0.00677515431958	0.00897166523726
ACGT	18070	540897	545347	7875	3239	9223372036854775807	0.0143502219501	0.00590427025115	0.00844595169894
TNGT	101613	2869353	2968628	40075	16685	9223372036854775807	0.0137741851663	0.00558902868811	0.00818515647818
TAGT	10978	306662	314056	4191	1815	215.942629801	0.0134822568867	0.00574601657006	0.00773624031664
GTGT	20661	598806	610709	7757	3508	9223372036854775807	0.0127884490152	0.00571133654718	0.00707711246801
TCGT	25614	740917	759336	9420	4336	9223372036854775807	0.0125543589081	0.00567783027268	0.00687652863538
CGGN	117875	3328114	3322049	45487	22251	9223372036854775807	0.0134832186735	0.00665341028018	0.00682980839328
NGGN	386030	10960076	10933543	148113	73492	9223372036854775807	0.0133336766236	0.00667682077871	0.0066568558449
AGGN	100591	2911202	2864078	36773	19486	9223372036854775807	0.0124739863805	0.00675760968024	0.00571637670024
CTGT	38109	1085037	1120302	12397	6486	9223372036854775807	0.0112963513068	0.0057561848369	0.00554016646988
CGNT	128030	3683839	3743819	45023	24679	9223372036854775807	0.0120741931453	0.00654876292889	0.00552543021636
CGGA	34005	984511	961880	12859	7143	9223372036854775807	0.012892908349	0.00737134206309	0.00552156628587
NTGT	137693	3919595	4032708	43973	23246	9223372036854775807	0.0110942968558	0.00573132732768	0.00536296952809
GGNT	106861	3023034	3064909	36401	20421	9223372036854775807	0.0118979484774	0.00661874094505	0.00527920753236
ATGT	34944	1005531	1022409	11158	6044	9223372036854775807	0.0109748408805	0.00587678775792	0.00509805312262
NGGA	124326	3592041	3512293	43481	25087	9223372036854775807	0.011960043152	0.00709197202449	0.00486807112749
TGGN	99791	2835302	2860586	32699	18921	9223372036854775807	0.0114013209898	0.0065709164798	0.00483040450998
TTGT	43979	1230221	1279288	12661	7208	9223372036854775807	0.0101868077581	0.00560281571027	0.00458399204783
TTTC	74468	2035990	2135955	19343	11102	9223372036854775807	0.00941112705338	0.00517079891219	0.00424032814119
TGGA	32059	920487	911837	10353	6427	191.236002407	0.0111222121954	0.0069990765183	0.00412313567714
TTTA	59458	1605957	1641891	17279	11380	291.800769431	0.010644786094	0.00688332402855	0.0037614620654
GNGN	351209	10085495	10017078	106701	67978	9223372036854775807	0.0104688920817	0.00674046827306	0.00372842380869
NGNT	530498	15163089	15394234	160954	105194	9223372036854775807	0.0105033638969	0.00678696013814	0.00371640375871
TTTG	63497	1755566	1811571	17192	10984	9223372036854775807	0.00969788318541	0.00602670426956	0.00367117891585
AGNT	122062	3501572	3512004	38976	26418	9223372036854775807	0.0110084653562	0.00746603994662	0.00354242540959
CCCG	20433	560134	560870	5461	3672	77.2736092974	0.00965531873514	0.00650438762749	0.00315093110764
GNGA	106923	3115351	3044457	32167	21968	9223372036854775807	0.0102197985842	0.00716404281859	0.00305575576556
CNGN	523708	14958874	14962146	144139	99995	9223372036854775807	0.00954372481835	0.00663883042922	0.00290489438913
NTTC	199367	5556031	5774915	44883	30803	9223372036854775807	0.00801351350869	0.00530563144817	0.00270788206052
CCGN	117875	3326011	3323206	31383	22989	279.175288069	0.00934742839238	0.00687019136661	0.00247723702577
GCGN	103803	2987903	2962938	27916	20421	238.521664338	0.00925652368395	0.00684496904328	0.00241155464066
CGCT	33186	950895	965086	8862	6655	76.1470369785	0.00923358725177	0.00684853268515	0.00238505456662
TNGN	427189	12167698	12271660	107586	79091	9223372036854775807	0.00876444080642	0.00640374014503	0.00236070066139
TNTC	175921	4913228	5090489	38114	27677	9223372036854775807	0.0076977110448	0.00540760108211	0.0022901099627
AGGA	34871	1021991	985628	9629	7063	67.4178321778	0.00933386324422	0.00711500356103	0.00221885968319
TAAC	21387	611956	614435	4459	3125	53.021345859	0.00723376296813	0.00506023706199	0.00217352590614
GTGN	83901	2440827	2450911	21196	16006	162.156030619	0.00860918033666	0.00648826044816	0.0021209198885
ATTC	44585	1250859	1279428	9422	6896	98.4829892906	0.00747611048647	0.00536101324394	0.00211509724253
AAAC	55949	1615020	1581302	12043	8409	124.68959265	0.00740168020538	0.0052896406957	0.00211203950968
GCCT	28023	794886	818046	7458	5947	47.8383634805	0.00929526487392	0.00721729432168	0.00207797055224
NCGN	413156	11926177	11854387	105468	80624	9223372036854775807	0.00876588363437	0.00675525141954	0.00201063221482
GGCT	31947	903008	916907	7791	6069	53.183143406	0.0085540278371	0.00657546891794	0.00197855891916
TTNC	187554	5224868	5415645	39695	30450	9223372036854775807	0.00754003703631	0.0055911621079	0.00194887492842
GCGA	24467	724054	702840	7197	5603	34.2824581323	0.00984203782285	0.00790889316431	0.00193314465855
NTTG	170874	4833608	4908681	38697	29811	280.545436202	0.00794223678526	0.00603645809288	0.00190577869238
GAGN	95732	2771307	2716399	24435	18717	140.988901934	0.00874007687405	0.00684321981225	0.0018968570618
NAAC	131367	3807879	3763919	27465	20021	235.070016987	0.00716102649462	0.00529104584111	0.00186998065352
CNGA	142328	4120809	4046734	39082	30702	186.709026453	0.00939495770442	0.00752973191977	0.00186522578466
TCGN	100078	2894844	2896811	24159	18757	148.819267438	0.00827645603653	0.00643339479649	0.00184306124004
ANGN	532290	15516449	15249104	135700	105249	9223372036854775807	0.00866973602155	0.00685466850997	0.00181506751159
CNNT	546625	15487481	15875684	137732	112863	9223372036854775807	0.00881472783763	0.00705899041358	0.00175573742405
GTTC	30745	876541	902747	6515	5110	47.3201482929	0.00737778804515	0.00562863975274	0.00174914829242
TNGA	129184	3708362	3665989	32689	25987	150.215909737	0.00873791883618	0.00703877815024	0.00169914068594
CCGA	28095	804779	795153	7928	6458	29.7526268822	0.00975505317415	0.00805627667285	0.0016987765013
CCNT	116888	3303258	3412801	30236	25355	131.246046425	0.00907036280851	0.00737459265955	0.00169577014896
CCCA	16687	466854	470685	4872	4105	16.4669765855	0.0103280294069	0.00864592767329	0.00168210173361
CGNN	413156	11932888	11874862	105430	84702	9223372036854775807	0.00875786800116	0.00708236520997	0.00167550279119
CTTG	36505	1046838	1061919	8151	6469	48.2970370228	0.00772614690769	0.00605491637869	0.001671230529
CTGN	143979	4130171	4162686	34113	27348	173.641723643	0.00819180440143	0.00652691601071	0.00166488839072
TTTN	320831	8684740	9036704	70922	58566	9223372036854775807	0.0081001299502	0.00643917112961	0.00166095882059
NTTA	141070	3903354	3927378	33887	27526	151.962737379	0.00860678835763	0.00695996666417	0.00164682169346
CCCT	17551	486708	508003	4836	4201	17.3523963964	0.00983838679752	0.00820181021624	0.00163657658128
TTNG	142112	3980000	4058346	31191	25226	163.723326122	0.0077759947108	0.0061774348536	0.00159855985719
TATC	37379	1059932	1078720	7407	5797	49.9132183612	0.0069396883277	0.00534523663529	0.00159445169241
CTTC	49569	1392641	1456785	9603	7695	67.170788929	0.00684830885352	0.00525442477876	0.00159388407476
TTGN	170874	4830773	4914452	38380	31227	187.604377662	0.00788227439146	0.006313996521	0.00156827787046
GNNT	505197	14397331	14622216	122927	101619	9223372036854775807	0.00846589640487	0.00690166658347	0.0015642298214
CCCN	67773	1866472	1902126	17264	14628	59.5469028295	0.00916476618804	0.00763165226211	0.00153311392594
GAAC	30745	900444	888427	6464	5001	37.311614819	0.00712751458803	0.00559754115609	0.00152997343194
TGNT	173545	4954644	5073502	40554	33676	176.290654871	0.00811859710066	0.00659385672479	0.00152474037587
CAAC	23286	680459	679755	4499	3486	28.6148945734	0.0065682859387	0.00510215282748	0.00146613311122
CTTA	22614	638460	640145	5322	4397	20.5387721407	0.00826677353514	0.00682189834022	0.00144487519492
NNGA	551175	16005305	15634924	140995	114912	9223372036854775807	0.00873234115556	0.00729607597184	0.00143626518372
NTGN	561841	16142829	16230361	128389	106037	9223372036854775807	0.00789055865394	0.00649084333034	0.0013997153236
GCNT	141090	4062305	4138911	34163	28943	116.676010421	0.00833962330476	0.00694434114055	0.00139528216421
TNTG	158280	4467514	4543056	33603	27866	138.623813361	0.00746548023524	0.00609636305323	0.00136911718201
TTAC	26271	748138	755557	4873	3896	26.7145994272	0.00647135300812	0.00513000804526	0.00134134496286
NAGN	473369	13699434	13481697	112156	92160	9223372036854775807	0.00812042639551	0.00678952194649	0.00133090444902
CAGN	143979	4174578	4154205	33156	27407	113.078342725	0.00787977567023	0.00655417097521	0.00132560469502
TANC	89726	2560372	2590750	17647	14422	79.772875767	0.00684517841024	0.00553591087268	0.00130926753757
GTGA	29412	863224	855018	7344	6142	21.7306858327	0.00843587175269	0.0071322402341	0.00130363151859
NCCG	117875	3333706	3318761	25504	21006	90.8627956154	0.00759226127572	0.0062896603266	0.00130260094911
TAGN	56446	1606779	1599811	12348	10186	43.9321461268	0.00762633196778	0.00632671986345	0.00129961210433
CTCG	16136	461045	462365	3498	2922	12.4299674432	0.00752998107818	0.00627999492786	0.00124998615032
NNTC	551173	15620482	16015345	106967	89661	9223372036854775807	0.00680129371267	0.00556727516898	0.00123401854369
NCGA	100078	2939231	2868844	26465	22256	59.1633308686	0.00892370627333	0.00769810798658	0.00122559828675
ANAC	129733	3760644	3718021	25025	20214	100.300611898	0.00661045643452	0.00540736470554	0.00120309172898
CNCG	69994	2003262	1989997	15166	12649	46.8003698728	0.00751376814035	0.00631614374183	0.00119762439853
TCGA	21902	641957	629221	5601	4730	13.2316194785	0.00864941827605	0.00746114447331	0.00118827380274
ACGN	91400	2717419	2671432	22010	18457	56.0710286596	0.0080345210626	0.0068616214275	0.0011728996351
GAGA	29653	863021	833651	6986	5769	17.7879801349	0.00802982044972	0.00687260251126	0.00115721793846
TTGA	56024	1597288	1593027	13139	11233	32.1793753554	0.00815870573457	0.00700198222233	0.00115672351223
TCCG	34005	965320	974712	7328	6257	21.5658009606	0.00753407193558	0.00637838708461	0.00115568485097
GGNN	386029	11024537	10945675	92785	79421	204.816504443	0.00834598476144	0.00720365609515	0.00114232866629
NTNC	543415	15374642	15771354	106412	90930	9223372036854775807	0.00687369219176	0.00573246576596	0.00114122642579
CGAT	36506	1068027	1070445	7976	6770	22.9307607916	0.00741261873805	0.00628472496205	0.001127893776
GGAT	34866	1005390	1002286	7720	6604	19.0393843671	0.00762010048267	0.00654580776893	0.00107429271374
ANTC	127513	3617432	3656541	23741	20093	75.600644796	0.00652015161048	0.00546505308932	0.00105509852116
AAGN	177212	5146770	5011282	42217	35850	79.6560047602	0.00813588471122	0.00710304386729	0.00103284084393
TNAC	110236	3188015	3209384	20393	17314	60.0855935864	0.0063561118162	0.00536585698445	0.000990254831756
NATC	165559	4755326	4806506	30694	26333	83.7737680942	0.00641326195879	0.0054487641736	0.000964497785184
ATAC	30364	872753	874044	5373	4560	15.6106609776	0.00611871189328	0.00519005149077	0.000928660402508
AATC	49648	1412579	1414351	8941	7628	23.8966810808	0.00628974618718	0.0053643548885	0.000925391298676
NTAC	83318	2402106	2415397	14954	12776	40.7698160813	0.00618685510496	0.00526156908919	0.000925286015775
TNTA	142282	3924115	3963769	32545	29198	47.9206429332	0.00822537190459	0.00731235695161	0.000913014952976
NGCT	153761	4415860	4479475	34804	31223	54.9027256883	0.00781995675252	0.00692198857028	0.000897968182237
NNAC	389101	11307803	11268832	72880	62399	169.067764065	0.00640383358363	0.00550681563195	0.000897017951679
ACCG	25144	727959	716661	5145	4423	10.3402418058	0.00701810384338	0.00613382074765	0.000884283095732
GNCT	100565	2858729	2922360	22456	20338	34.9369406953	0.00779401530967	0.0069113446232	0.000882670686473
TTNA	228893	6379742	6427524	52251	46965	70.8086407297	0.00812360958726	0.00725385431962	0.000869755267639
TNNC	516100	14611080	14961062	99509	88927	189.525560583	0.0067644470252	0.00590877508283	0.000855671942375
CGNA	108891	3199930	3117272	29348	25883	30.4609018499	0.00908809956901	0.00823471957317	0.000853379995838
CTGA	45149	1310501	1297145	10963	9748	13.7584217548	0.00829610189911	0.0074589120915	0.000837189807603
ATNC	146085	4174054	4227935	27387	24207	52.8212832223	0.00651847782701	0.00569289548656	0.000825582340455
CTNG	81440	2330183	2342364	16647	14777	27.2669714236	0.00709339832881	0.00626903524227	0.000824363086539
CTAC	11091	321398	324349	1982	1735	4.76977492407	0.0061290123075	0.00532071490782	0.000808297399687
TTNN	832142	23004015	23639874	167996	153907	230.351667966	0.00724995340284	0.00646837087389	0.000781582528951
GATC	36006	1047853	1055536	6811	6034	12.3442328577	0.00645798093042	0.00568403402508	0.000773946905343
GGGC	17802	492670	494473	4186	3816	4.71096505047	0.00842497625066	0.00765820638224	0.000766769868424
GCCG	38293	1080293	1066518	7570	6654	11.2354363535	0.00695859680861	0.00620031085418	0.000758285954427
ATTG	47586	1356386	1355869	9376	8334	14.1109649335	0.00686503212126	0.00610906148132	0.000755970639944
NCCT	100591	2833166	2938642	23447	22113	23.2908654145	0.00820797216844	0.00746870308418	0.000739269084259
CNTC	136336	3891891	4013714	24438	22207	41.4854275045	0.00624002733172	0.00550233763248	0.000737689699242
NCNT	532290	15158928	15559864	120444	112224	118.835524504	0.00788278471131	0.00716075611622	0.000722028595085
CNAC	63847	1860557	1859271	11456	10103	19.167195561	0.00611961562233	0.00540448299805	0.000715132624276
AANC	188137	5414553	5360922	35326	31195	48.089229984	0.00648197877421	0.00578529731458	0.000696681459628
CTNC	124491	3518910	3624277	22788	20969	31.1093030222	0.00643420189977	0.0057524238419	0.000681778057864
NANC	530497	15313929	15312622	99948	89525	125.001646293	0.00648428685398	0.00581250133504	0.000671785518941
TGAC	33166	971678	973868	6181	5567	8.07561002246	0.00632095220272	0.00568388918101	0.000637063021713
CNCT	98473	2787787	2864612	22241	21002	17.6596287133	0.00791486775221	0.00727817372663	0.000636694025576
CATC	42526	1234962	1257899	7535	6874	10.3390812237	0.00606440096032	0.0054349673815	0.000629433578826
TGTC	34421	989327	1014999	6428	5951	7.88627554007	0.00645540318653	0.00582888486214	0.000626518324389
ATGN	163087	4741058	4702312	34700	31456	29.9450302201	0.00726586229872	0.00664502358375	0.000620838714968
GTNC	85285	2456810	2503497	16542	15304	17.0386562155	0.00668808968558	0.00607590675087	0.000612182934706
NTNG	427189	12198843	12250066	83931	77065	70.8596315482	0.00683322838961	0.00625165742134	0.000581570968271
TCTG	35079	990891	1011912	6537	6084	6.66881293988	0.00655385651897	0.00597644784459	0.000577408674378
CCNN	386030	10883719	11006869	84141	78797	53.1236107388	0.00767159682928	0.00710800776426	0.000563589065021
NTTN	832142	23004298	23671040	163790	155579	111.632994592	0.00706963820234	0.00652962973891	0.000540008463434
CTNA	112654	3229561	3215314	26017	24171	13.9016733351	0.00799151487078	0.00746137117474	0.000530143696046
NTGA	187952	5445368	5373484	42647	39269	22.2086465201	0.0077709335707	0.00725490337357	0.000516030197129
CTNN	473369	13386377	13647419	95697	90608	56.2101477812	0.00709809188112	0.0065954157755	0.000502676105619
GCCN	114121	3230908	3237181	25990	24421	12.1360066529	0.00797998586385	0.0074874248912	0.000492560972646
GANC	111403	3238336	3225678	21658	20081	12.5103666048	0.00664357050964	0.00618684258443	0.000456727925208
GNAC	85285	2498587	2482156	16006	14768	9.95947026845	0.00636524479309	0.00591447717271	0.00045076762038
NCCN	386030	10891193	11019576	84753	81133	28.5355716566	0.00772170344133	0.00730881243712	0.00041289100421
GNTC	111403	3197931	3254601	20674	19684	10.5825657215	0.00642327965066	0.00601169415613	0.000411585494527
CANC	141231	4100668	4135272	25317	23827	13.6142235371	0.00613598934557	0.00572888503015	0.000407104315427
GGNA	119459	3463150	3377137	29540	27448	8.0082709823	0.00845766443629	0.00806206923898	0.000395595197312
CCNG	101651	2855468	2854645	19776	18792	6.1526359344	0.00687802496066	0.00653990325871	0.000338121701953
NGAC	90515	2647634	2629100	16687	15681	6.10510153382	0.00626313420943	0.00592903533412	0.000334098875312
NTCG	100078	2898586	2894713	18771	17830	5.73554480931	0.00643424853386	0.00612179803011	0.000312450503755
TNCG	108891	3140862	3154255	20689	19828	5.55427301743	0.00654393998389	0.00624684357655	0.000297096407333
TNNG	465733	13292888	13351657	87639	84251	18.8634577433	0.00654974202436	0.00627058476435	0.000279157260012
ANNC	505197	14531528	14518015	92241	88290	18.9273247824	0.00630760784036	0.00604464989606	0.000262957944304
TNTN	752559	20817300	21416976	144732	143362	23.4270299562	0.00690448330582	0.00664933917084	0.000255144134975
ANNT	593166	16743254	16850913	136292	133595	11.0620837629	0.0080743877827	0.00786569737551	0.00020869040719
NNCG	413156	11957170	11830908	77490	74600	6.9864369037	0.00643890230385	0.00626600729679	0.000172895007055
TGNN	561841	16153949	16244626	115774	114371	4.67017247486	0.00711591709336	0.00699132104493	0.000124596048437
NNTG	561841	16189938	16223996	102312	100633	4.54499646522	0.00627979560834	0.00616448925118	0.000115306357161
############################### insertion #########################
#Sequence	Occurrence	Forward Match	Backward Match	Forward Mismatch	Backward Mismatch	Strand Bias Score	FER (Forward Error Rate)	RER (Reverse Error Rate), ERD (Error rate Difference)
############################### deletions #########################
#Sequence	Occurrence	Forward Match	Backward Match	Forward Mismatch	Backward Mismatch	Strand Bias Score	FER (Forward Error Rate)	RER (Reverse Error Rate), ERD (Error rate Difference)
