1000000 reads considered for genome annotation 
2000000 reads considered for genome annotation 
3000000 reads considered for genome annotation 
Warning: 0 q-grams of 4215598 contain other letters than A,C,G and T, ignore these q-grams
Start Strand Bias Score calculation
#Sequence	Occurrence	Forward Match	Backward Match	Forward Mismatch	Backward Mismatch	Strand Bias Score	FER (Forward Error Rate)	RER (Reverse Error Rate), ERD (Error rate Difference)
CGGCGGGT	93	1850	2343	416	14	115.670066639	0.183583406884	0.00593975392448	0.17764365296
TGGCGGGT	77	1774	2133	280	14	71.4491060552	0.136319376826	0.00652072659525	0.12979865023
NGGCGGGT	259	5851	6850	851	40	177.950423842	0.126977021785	0.00580551523948	0.121171506545
CGGNGGGT	150	3363	3920	472	21	120.37038224	0.123076923077	0.00532859680284	0.117748326274
GGCGGGGT	60	1312	1629	180	5	52.4604319579	0.120643431635	0.0030599755202	0.117583456115
ACGGCGGG	76	1688	2054	240	17	57.5536897564	0.124481327801	0.0082085948817	0.116272732919
GTGGCGGG	55	1239	1468	161	10	39.2720917687	0.115	0.00676589986468	0.108234100135
CGGCAGGT	110	2741	3057	326	17	78.5447277106	0.106292794261	0.00553025374105	0.10076254052
CGNCGGGT	194	4509	5120	515	29	103.402302202	0.102507961783	0.00563216158477	0.0968758001987
CGGCNGGT	414	10029	11302	1114	70	217.097280404	0.0999730772682	0.00615546957439	0.0938176076938
ATGGCGGG	158	3835	4468	368	28	84.5341412213	0.0875565072567	0.00622775800712	0.0813287492496
TGGNGGGT	163	4178	4639	394	24	91.8887360112	0.086176727909	0.00514690113661	0.0810298267724
CGGCGGGN	441	10072	11375	966	94	172.3926952	0.0875158543214	0.00819600662656	0.0793198476949
GGCGGGCG	89	2121	2261	199	15	42.5086014833	0.085775862069	0.00659050966608	0.0791853524029
GGCGGGTG	61	1472	1610	140	17	26.0015987757	0.0868486352357	0.0104486785495	0.0763999566863
TGGCAGGT	94	2494	2719	222	15	49.99432016	0.0817378497791	0.00548646671544	0.0762513830637
AGGCGGGT	47	1184	1299	95	4	24.2203823036	0.0742767787334	0.00306983883346	0.0712069398999
TGGCGGGA	168	4184	4580	359	37	70.6141647457	0.079022672243	0.00801386181503	0.071008810428
NGGNGGGT	530	13373	14434	1112	85	201.311772944	0.0767690714532	0.00585439768579	0.0709146737674
TGGCGGGN	468	11347	12857	920	95	163.301625918	0.0749979620119	0.00733477455219	0.0676631874597
GTGGCTAG	13	339	403	25	1	6.95644903865	0.0686813186813	0.00247524752475	0.0662060711566
TGGCNGGT	346	8914	9888	687	54	128.212030369	0.0715550463493	0.00543150271575	0.0661235436336
CGGCTGGT	125	3264	3625	260	29	50.5365104118	0.0737797956867	0.00793650793651	0.0658432877502
GTGGCGGT	55	1458	1587	110	8	24.6053370716	0.0701530612245	0.00501567398119	0.0651373872433
NTGGCGGG	468	11439	12836	882	88	156.695464146	0.0715850986121	0.00680903744971	0.0647760611624
TCGGCGGG	109	2555	2872	193	16	42.4959598132	0.0702328966521	0.00554016620499	0.0646927304471
CGGCGGGA	145	3513	3909	269	28	54.0207066529	0.0711263881544	0.00711201422403	0.0640143739304
GCGGCGGT	170	4201	4784	329	45	60.1184764593	0.0726269315673	0.00931869952371	0.0633082320436
NGGCAGGT	345	9311	9834	691	59	119.710734735	0.0690861827634	0.00596381279693	0.0631223699665
CNGCGGGT	357	8976	9740	671	74	111.438378953	0.0695553021665	0.00754024862441	0.0620150535421
CGGCGGGG	80	1757	2118	131	17	26.4436322122	0.0693855932203	0.007962529274	0.0614230639463
TCGGCGGT	143	3552	4009	255	28	50.8326194552	0.0669818754925	0.00693584344811	0.0600460320444
GGNGGGGT	121	3066	3307	204	10	49.3898423178	0.0623853211009	0.00301477238468	0.0593705487162
NGGCNGGT	1263	32772	35452	2269	233	9223372036854775807	0.0647527182443	0.00652935407034	0.058223364174
ACGTCCCC	37	889	1121	63	9	13.0890040629	0.0661764705882	0.00796460176991	0.0582118688183
GGCGGTTA	104	2479	2888	174	22	34.1442934103	0.0655861289107	0.00756013745704	0.0580259914536
CCGGCGGT	114	2748	3060	198	31	33.3357116919	0.0672097759674	0.0100291167907	0.0571806591767
NCGGCGGG	441	10336	11329	717	95	113.147621993	0.0648692662626	0.00831582633053	0.056553439932
NCGGCGGT	544	13654	15249	941	122	153.034848914	0.0644741349777	0.00793702426648	0.0565371107113
GTGGCAGG	81	2162	2353	143	14	29.1397068264	0.0620390455531	0.00591465990706	0.0561243856461
CGGCGNGT	340	9000	9528	600	69	95.8489775097	0.0625	0.00718974679587	0.0553102532041
GGCGGGNG	298	7270	7789	485	58	77.6990373371	0.0625402965828	0.00739135975532	0.0551489368275
GNCGGGGT	200	4903	5390	316	32	55.4342873731	0.0605479977007	0.00590188122464	0.0546461164761
GGCGGGGN	318	7488	8656	473	50	86.5929965014	0.0594146464012	0.0057431656329	0.0536714807683
NGCGGGGT	198	4946	5402	301	24	55.9044260164	0.0573661139699	0.00442314780686	0.052942966163
TGGCTGGT	77	2074	2292	125	9	28.6772980141	0.0568440200091	0.00391134289439	0.0529326771147
GNGGCGGT	376	9296	10435	598	79	97.7384482984	0.0604406711138	0.00751379113563	0.0529268799782
NGGCGGGN	1515	37385	40551	2401	312	9223372036854775807	0.0603478610567	0.00763526906982	0.0527125919868
GTGGCNGG	246	6365	6889	389	38	67.6551678551	0.0575954989636	0.00548578028006	0.0521097186835
ANGGCGGG	404	10399	11195	673	100	99.2191842598	0.0607839595376	0.00885347498893	0.0519304845486
NGNCGGGT	978	25373	27128	1557	171	254.87463455	0.0578165614556	0.00626396571303	0.0515525957426
CGGNAGGT	280	7682	7879	485	64	70.99759204	0.059385331211	0.00805740903941	0.0513279221716
ACGGCTCG	71	1892	1990	112	10	22.8204239815	0.0558882235529	0.005	0.0508882235529
TGNCGGGT	349	9092	9886	547	64	90.1173755934	0.0567486253761	0.00643216080402	0.0503164645721
CGNCAGGT	287	7846	8192	468	50	75.8066221273	0.0562905941785	0.00606648871633	0.0502241054622
