1000000 reads considered for genome annotation 
2000000 reads considered for genome annotation 
3000000 reads considered for genome annotation 
Warning: 0 q-grams of 4215602 contain other letters than A,C,G and T, ignore these q-grams
Start Strand Bias Score calculation
#Sequence	Occurrence	Forward Match	Backward Match	Forward Mismatch	Backward Mismatch	Strand Bias Score	FER (Forward Error Rate)	RER (Reverse Error Rate), ERD (Error rate Difference)
GGGT	13478	372673	382485	8984	2269	9223372036854775807	0.0235394608248	0.00589727462223	0.0176421862025
AGGT	20146	578914	581794	10982	3674	9223372036854775807	0.0186168409347	0.00627532162304	0.0123415193116
NGGT	79810	2261104	2305681	41400	14134	9223372036854775807	0.0179804247897	0.00609272722178	0.0118876975679
CGGT	25144	712726	726619	12938	4427	9223372036854775807	0.0178291881642	0.00605570648085	0.0117734816834
TGGT	21042	596791	614783	8496	3764	9223372036854775807	0.0140363166564	0.00608522877	0.00795108788639
CGGG	20433	564116	561137	8182	3906	9223372036854775807	0.0142967474987	0.00691274823332	0.00738399926536
GNGT	70410	2026688	2050905	27438	12859	9223372036854775807	0.01335750582	0.00623084810085	0.00712665771914
GGGN	67773	1894536	1888420	25161	13149	9223372036854775807	0.0131067559099	0.00691481613341	0.0061919397765
GAGT	15444	442344	442543	5512	2867	181.283546394	0.0123075274195	0.00643676612559	0.00587076129394
GGGG	13102	359754	357006	4520	2482	125.580826	0.0124082421474	0.00690426384191	0.00550397830549
GCGT	20827	610905	616029	7198	3871	222.696746286	0.0116453083062	0.00624455557348	0.00540075273274
CNGT	115506	3302052	3370121	38748	21660	9223372036854775807	0.0115984195402	0.00638602551285	0.00521239402738
NNGT	389101	11151137	11336651	129394	72635	9223372036854775807	0.0114705593203	0.00636630548134	0.00510425383896
ANGT	101572	2941199	2951782	34679	19754	9223372036854775807	0.0116533675104	0.00664774042785	0.00500562708252
NGGG	67773	1898289	1882285	22518	13038	9223372036854775807	0.0117231975935	0.00687903855965	0.00484415903386
CCGT	26889	771851	784798	8878	5191	222.836945198	0.0113714233748	0.00657097757057	0.00480044580425
AAGT	28412	810602	805596	9748	5956	193.370302702	0.0118827329798	0.00733902448642	0.00454370849341
CGGN	117875	3336467	3323676	38911	23383	9223372036854775807	0.0115278940611	0.00698613319933	0.00454176086173
GCGG	33833	949363	947083	10980	6629	230.564909888	0.0114334149361	0.00695073565185	0.00448267928427
GGGA	23391	667445	654568	7695	4627	153.175850472	0.0113976360459	0.00701916731771	0.00437846872814
NAGT	80198	2290751	2301847	25684	15787	9223372036854775807	0.0110877274778	0.00681168812677	0.00427603935101
NCGT	91400	2669757	2702996	28590	17301	9223372036854775807	0.0105953756133	0.00635996731239	0.0042354083009
NGGN	386030	10992440	10939322	120422	76502	9223372036854775807	0.0108362724202	0.00694473695295	0.00389153546724
CNGG	101651	2863463	2849287	30949	19832	9223372036854775807	0.0106926726396	0.00691222636635	0.0037804462732
GNGG	81583	2311467	2290756	24930	16012	9223372036854775807	0.0106702756424	0.00694131356079	0.00372896208158
TNGT	101613	2881198	2963843	28529	18362	9223372036854775807	0.00980469989109	0.00615718905977	0.00364751083132
ACGT	18070	543168	544157	5556	3548	97.4877428823	0.0101253088985	0.00647793976685	0.00364736913162
CAGT	25364	729691	740577	7490	4907	125.658759935	0.0101603269753	0.00658230089445	0.00357802608088
CCCG	20433	559957	561061	5634	3746	83.9386981107	0.00996126175982	0.00663235406077	0.00332890769906
TGGG	16687	469434	469985	4727	3196	65.3416231106	0.00996918768098	0.00675428641471	0.00321490126627
GTGT	20661	600766	609848	5744	3852	87.9125290472	0.00947057756673	0.00627668241812	0.00319389514861
CGNG	69994	2014119	1989653	19675	13071	271.317702487	0.00967403778357	0.00652661075615	0.00314742702742
CAGG	29579	855913	848025	8672	5886	110.680533735	0.0100302457248	0.00689299001887	0.00313725570596
TCGT	25614	743833	758012	6958	4691	105.868549715	0.00926755914762	0.00615049370463	0.00311706544299
AGGG	17551	504985	494157	5089	3454	61.209076787	0.00997698373177	0.00694116488582	0.00303581884595
NCGG	117875	3342804	3314610	33428	22948	9223372036854775807	0.00990097836879	0.00687568575587	0.00302529261291
AGGN	100591	2919746	2865729	29516	20409	9223372036854775807	0.0100079274069	0.00707138743885	0.00293653996807
NNGG	386030	11009418	10910524	108672	75421	9223372036854775807	0.00977434073658	0.0068652264325	0.00290911430408
TAGT	10978	308114	313131	2934	2057	37.4514867781	0.00943262776163	0.00652626369024	0.00290636407139
CTGG	22581	641177	642457	6167	4376	67.5672761508	0.00952661954077	0.0067652701702	0.00276134937057
CCGG	29058	802257	797668	7928	5664	79.734739691	0.00978541937952	0.00705063410894	0.00273478527059
GCGN	103803	2986296	2966694	29249	20915	288.035822433	0.00969940756978	0.00700058140138	0.00269882616839
CGGA	34005	986686	964805	9671	6843	92.4268074885	0.00970636027047	0.00704267389013	0.00266368638033
TTTG	63497	1756883	1812968	15746	11348	186.601559775	0.0088828514032	0.0062204135687	0.0026624378345
GTGG	12919	371379	373768	3485	2522	35.7294496505	0.00929670493832	0.00670227749874	0.00259442743959
GNGN	351209	10097919	10025296	96854	69935	9223372036854775807	0.00950035866419	0.00692752845378	0.00257283021041
TGGN	99791	2841691	2861497	26834	19561	258.146737268	0.00935463347888	0.00678951968339	0.00256511379548
TCGG	28095	802696	795539	7334	5320	66.5007054478	0.00905398565485	0.00664286722132	0.00241111843353
CTCG	16136	460653	462593	4022	2918	40.0143484325	0.00865551191693	0.00626838033903	0.00238713157791
NAGG	100591	2922788	2859003	27557	20173	213.74855806	0.00934026359629	0.00700651853169	0.0023337450646
CGNT	128030	3694195	3737950	33601	25251	278.449391761	0.00901363701233	0.0067099790843	0.00230365792803
TNGG	85908	2429309	2436654	21795	16246	179.520863788	0.00889191156312	0.00662318072486	0.00226873083826
CTGT	38109	1087784	1118127	9442	7135	84.8912076527	0.0086053374601	0.00634074553304	0.00226459192706
CNCG	69994	2000702	1991936	17522	12887	149.346790951	0.00868189061274	0.0064279988807	0.00225389173204
CGCG	16952	488168	481292	4299	3137	36.804118114	0.00872951893223	0.00647566516455	0.00225385376768
GAGG	21729	630971	612899	5945	4379	43.0190098438	0.00933404090963	0.00709404838663	0.00223999252301
NTGT	137693	3929525	4026127	33720	25413	298.53264094	0.0085081795347	0.00627242974276	0.00223574979193
ACGG	26889	788488	774320	7186	5335	53.1730777387	0.00903133695458	0.00684277019964	0.00218856675494
NGGA	124326	3598540	3521140	33539	25133	223.088049543	0.00923410531544	0.00708715882844	0.002146946487
ANGG	116888	3405179	3333827	30998	23331	200.959222272	0.00902107196457	0.00694962822721	0.00207144373736
NTGG	99791	2845537	2854626	25169	19262	174.785998732	0.00876752965995	0.00670241846586	0.0020651111941
TTTC	74468	2040801	2132584	16522	12801	141.668827953	0.00803082452294	0.00596676121069	0.00206406331224
GGNT	106862	3032481	3060551	26788	20636	185.895141988	0.00875634015838	0.00669741888435	0.00205892127404
TTGT	43979	1232460	1277917	10141	7850	83.4083052656	0.00816110722589	0.00610530523804	0.00205580198785
CTNG	81440	2325946	2344400	19702	15021	145.559216203	0.00839938473292	0.00636639243272	0.0020329923002
CNGN	523708	14972883	14963315	134766	104937	9223372036854775807	0.00892038198663	0.00696411236021	0.00195626962642
CCGN	117875	3328444	3325375	30414	23788	174.651849608	0.00905486328984	0.00710267012982	0.00195219316002
NCCG	117875	3329865	3321057	28482	21904	182.846238407	0.00848095804275	0.00655227506393	0.00192868297882
AAGG	37942	1114100	1075909	10187	7733	56.3890831931	0.00906085367882	0.00713612060071	0.00192473307811
CCNG	101651	2849154	2856816	24313	18936	148.660371837	0.00846120731507	0.00658471245087	0.0018764948642
CNNG	368492	10574489	10543881	89685	69383	9223372036854775807	0.00840993404646	0.00653738567136	0.0018725483751
ATGT	34944	1008515	1020235	8393	6576	53.4111007282	0.0082534506563	0.0064042944612	0.0018491561951
NCGN	413156	11928799	11864767	105399	82623	9223372036854775807	0.00875829033227	0.00691556900712	0.00184272132515
TTNG	142112	3978471	4062704	32555	25659	210.18848455	0.00811637720623	0.00627610610897	0.00184027109726
TTGG	29785	835375	848960	6981	5555	41.2797543587	0.00828746990584	0.00650076359104	0.00178670631479
NTTG	170874	4832004	4911364	38675	30437	243.229263044	0.00794037135274	0.00615909058256	0.00178128077018
TAGG	11341	321804	322170	2753	2175	15.7195945423	0.00848233130082	0.00670582250382	0.001776508797
TGGA	32059	921799	913861	8060	6357	41.4126193033	0.00866798084441	0.00690814567852	0.00175983516588
CTTG	36505	1046053	1062262	8323	6575	51.438393104	0.00789376844693	0.00615154602619	0.00174222242073
GCCG	38293	1078441	1067475	9077	7159	45.9072595632	0.00834652851723	0.00666180299525	0.00168472552198
TCCG	34005	964413	975316	8019	6451	41.7075538705	0.00824633496224	0.00657080549662	0.00167552946562
ATGG	34506	997606	989441	8536	6809	40.0604162257	0.00848389193573	0.00683462986198	0.00164926207375
TTTA	59458	1609664	1644323	13236	10825	65.0262581465	0.00815577053423	0.00654020063463	0.0016155698996
GCNG	164223	4707000	4679598	38902	31170	175.797377317	0.00819696656189	0.00661675548446	0.00158021107743
TTTN	320831	8686973	9033941	69934	58268	9223372036854775807	0.00798615310177	0.00640856363949	0.00157758946229
ACCG	25144	727054	717205	5752	4548	28.0089421831	0.00784928071004	0.00630132469141	0.00154795601863
TCGN	100078	2896948	2898927	23743	19298	100.986974669	0.00812924064887	0.00661292395206	0.00151631669681
NTNG	427189	12183487	12260601	95953	78236	9223372036854775807	0.00781411855915	0.00634062999617	0.00147348856299
NGNG	351209	10118947	9999902	81440	66202	9223372036854775807	0.00798401080273	0.00657672521563	0.00140728558709
GGNG	89140	2535172	2508074	20439	16692	74.3829966259	0.00799769604999	0.00661130576061	0.00138639028937
NCNG	523708	14995449	14948465	119396	98203	9223372036854775807	0.00789925401154	0.00652656122937	0.00137269278217
NGNT	530499	15195971	15374814	124899	104968	9223372036854775807	0.00815221328815	0.00678097404731	0.00137123924084
GNGA	106923	3118510	3052756	26474	21769	79.7960656964	0.00841784886664	0.00708044332051	0.00133740554613
TNGN	427189	12179883	12276877	98056	82240	9223372036854775807	0.00798635666784	0.00665419705955	0.00133215960829
TNTG	158280	4465343	4544015	34193	28697	126.750909085	0.00759922800929	0.0062757068453	0.00132352116398
CGTG	16473	488697	488018	3736	3086	14.115444454	0.0075868189175	0.00628380139441	0.00130301752309
CCCN	67773	1866579	1900055	16466	14388	39.8185937194	0.00874434758596	0.00751550189794	0.00122884568802
GTGN	83901	2442264	2452816	19538	16603	55.4035314761	0.00793646280245	0.00672344385461	0.00121301894784
CGNN	413156	11938935	11879627	99772	84798	247.539989838	0.00828760098572	0.00708751151852	0.0012000894672
GTNG	63847	1851209	1856545	13884	11694	43.0134596911	0.00744413281268	0.00625937045528	0.0011847623574
NTTC	199367	5566609	5762501	40449	35150	125.998372892	0.00721394356898	0.00606280026169	0.00115114330729
TNNG	465733	13274230	13364994	100972	86094	279.105876565	0.00754919439721	0.00640052313984	0.00114867125738
GAGN	95732	2774823	2717366	22906	19268	53.4812564679	0.00818735481528	0.00704076613826	0.00114658867702
TCNG	142328	4064202	4090183	30845	26293	85.9378968983	0.00753227008139	0.00638725939371	0.00114501068768
AGNT	122062	3511106	3508973	29288	25242	65.4598934656	0.00827252560026	0.00714218008808	0.00113034551218
GNNG	453546	13111600	12961595	101952	85988	255.694763046	0.00771571489634	0.0065903393755	0.00112537552084
ACGN	91400	2717111	2673771	21993	18622	50.4335104808	0.008029267965	0.00691652370215	0.00111274426285
NNCG	413156	11941717	11842539	91618	77594	227.598916624	0.007613683156	0.00650949112732	0.00110419202868
GCGA	24467	724422	705272	6215	5261	12.9708894841	0.00850627603037	0.0074043007151	0.00110197531527
GTTG	23286	673459	680012	4833	4156	13.4079276466	0.00712524989238	0.00607453140164	0.00105071849073
NTCG	100078	2896710	2895705	21463	18391	52.089238839	0.0073549443436	0.00631104809176	0.00104389625184
GNCG	106241	3045709	3010931	23475	20027	51.9471437866	0.00764861279089	0.00660748185887	0.00104113093202
ATTG	47586	1355609	1356122	9773	8358	25.0249490298	0.00715770385138	0.00612541041276	0.00103229343862
TTCG	30885	882215	895569	6474	5635	16.400067102	0.00728488818923	0.00625274632603	0.00103214186321
CANG	115407	3385270	3353012	25995	22355	53.0663787044	0.00762034025501	0.00662298351557	0.000997356739438
GGCG	28885	814473	807045	6292	5420	13.2794193102	0.007666018897	0.00667105659936	0.000994962297643
TNCG	108891	3137907	3157289	23490	20464	50.2770648836	0.00743025947073	0.00643977049192	0.000990488978817
NGCG	103803	2994238	2956639	22801	19583	45.503290917	0.007557409765	0.00657981830656	0.00097759145844
CTGN	143979	4131620	4164085	32466	28617	60.264705848	0.00779666894488	0.00682543142823	0.000971237516648
ANGN	532290	15531974	15255282	125403	108168	212.964677339	0.00800919592087	0.00704060611386	0.000968589807014
CNTG	115407	3345388	3368736	24375	21317	50.0931475123	0.00723344638777	0.00628810228041	0.000945344107366
ACNG	115506	3375093	3321868	25336	21804	46.8350879827	0.00745082458713	0.00652097454535	0.000929850041783
ATNG	139790	4027861	3996952	29812	25862	55.3214889912	0.00734706813486	0.00642883315013	0.000918234984736
GTCG	16551	481996	480772	3449	2998	7.38103498575	0.00710482134948	0.00619715980735	0.000907661542137
CACG	16473	491924	486990	3567	3086	7.3105053369	0.00719891985929	0.00629698250884	0.000901937350456
TNTC	175921	4922110	5080051	35005	31498	68.6937220779	0.00706156706068	0.00616212424062	0.000899442820063
CGAG	16136	473138	459206	3458	2942	6.75834788696	0.00725562111306	0.00636592606697	0.000889695046086
CCAG	22581	643022	643970	4667	4102	8.89616465236	0.00720561874603	0.00632954363095	0.000876075115079
CAGN	143979	4176352	4150179	32975	29149	46.9724079632	0.00783379385826	0.00697456624606	0.000859227612201
CCGA	28095	805259	797387	6863	6105	8.87606082325	0.00845070075678	0.00759808436176	0.000852616395022
CCTG	29579	843918	854117	6084	5424	10.8738282658	0.00715763021734	0.00631034470723	0.000847285510107
GGTG	21462	621489	621089	4495	3974	7.67325934249	0.00718069471424	0.00635775913788	0.000822935576363
TGNG	93602	2704360	2700375	19907	17650	29.6709117712	0.007307286694	0.0064936856725	0.000813601021498
TTNC	187554	5234033	5406542	37217	34054	57.7368983345	0.00706037467394	0.00625924071554	0.0008011339584
TCTG	35079	989823	1011269	7025	6373	11.107834329	0.00704721281479	0.00626251668072	0.000784696134073
NNTG	561841	16166255	16227097	115582	103177	163.452808786	0.00709883043295	0.00631814261047	0.000780687822487
TTGN	170874	4833182	4917627	35877	32673	46.6057815306	0.00736836419522	0.00660020604812	0.000768158147099
AGNG	98473	2865296	2801800	21419	18789	26.5892758818	0.0074198526699	0.00666137462778	0.000758478042122
NTGN	561841	16148656	16237612	121963	110274	142.550211039	0.00749590412018	0.00674545932116	0.000750444799019
ANNG	546625	15882429	15572023	118510	104413	138.393274975	0.00740644033453	0.00666050625282	0.000745934081709
CNGA	142328	4122499	4056708	33212	29650	33.1884023991	0.00799189356526	0.00725584983009	0.000736043735172
NAGN	473369	13712764	13479069	107295	95881	100.569540271	0.00776371504637	0.00706308310528	0.00070063194109
GTTC	30745	877934	901753	6000	5537	7.97442970577	0.00678783710096	0.00610278962625	0.00068504747471
GGNN	386030	11031332	10955082	86406	78262	76.4136995124	0.00777190468061	0.0070932257709	0.000678678909711
CGCT	33186	952401	963783	7325	6751	7.45541994713	0.00763238674372	0.00695596444844	0.000676422295279
TTTT	123408	3279625	3444066	24430	23294	25.0826591983	0.00739394471339	0.00671807946103	0.000675865252359
TTNN	832142	23008958	23636645	166549	154959	171.482217908	0.00718642314923	0.00651318002771	0.000673243121522
CTTC	49569	1394492	1452269	9547	8959	11.7612110047	0.00679966867017	0.00613114448943	0.000668524180743
NTTN	832142	23003887	23654821	165885	154687	166.748308556	0.00715954390919	0.00649685831391	0.000662685595279
GCTG	53957	1567825	1566732	11129	10104	11.4466933171	0.00704833706365	0.006407768468	0.000640568595656
NCTG	143979	4139354	4164523	29137	26627	28.8955998732	0.0069898195774	0.00635314889708	0.000636670680315
ANCG	128030	3757399	3682383	27131	24216	25.2440540987	0.00716892190047	0.00653321279156	0.000635709108909
AGCG	33186	970270	948408	7097	6342	6.62002143239	0.00726134604504	0.00664257659073	0.000618769454307
TCGA	21902	642432	631269	4906	4432	4.25947637695	0.00757873012244	0.00697183109669	0.000606899025745
NCGA	100078	2940096	2877562	23373	21119	16.2851365935	0.00788704049207	0.00728572754298	0.000601312949096
TGCG	24780	721327	719894	5113	4684	4.59541458026	0.00703843400694	0.0064644524123	0.000573981594637
CCNN	386030	10881203	10999535	84222	78769	54.3407173985	0.00768068725106	0.00711020387236	0.000570483378702
NANG	532290	15544865	15233525	114330	103237	79.7332307929	0.00730114159764	0.00673134263934	0.000569798958297
GNTG	141231	4117282	4107627	28654	26236	22.8524053883	0.00691134643661	0.00634660606798	0.000564740368626
GCCN	114121	3229815	3236219	25929	24156	15.2891502756	0.00796407825677	0.00740896369283	0.00055511456394
CNAG	81440	2364936	2333922	16839	15347	11.9119262728	0.00706993733665	0.00653267037534	0.000537266961312
ATCG	36506	1071846	1056771	7518	6840	5.76761240191	0.00696521284757	0.00643092258354	0.000534290264027
AGGA	34871	1022610	987906	8113	7306	4.82959939926	0.00787117392355	0.00734114942344	0.000530024500107
ATTC	44585	1253382	1275895	8380	7853	6.8080766115	0.00664150608435	0.00611724419434	0.000524261890005
NCCN	386030	10887336	11013640	84515	79757	43.9415593573	0.00770289352271	0.00718959215108	0.000513301371628
TAGN	56446	1608062	1598826	11602	10708	7.49263358749	0.00716321409873	0.00665285728664	0.000510356812083
AANG	192856	5614179	5451403	41943	37958	22.3876529847	0.00741550482822	0.00691483034182	0.0005006744864
NGTG	83901	2447654	2449329	16826	15595	11.1923530617	0.00682740375252	0.00632676707274	0.000500636679778
NTTA	141070	3907762	3932540	28063	26355	15.00021887	0.00713014425184	0.0066571606471	0.000472983604741
TNGA	129184	3710396	3674318	27704	25699	13.2476575661	0.00741125170541	0.00694564376326	0.000465607942153
CNNT	546625	15504332	15841399	116752	111819	52.798287838	0.00747400116407	0.00700918147047	0.000464819693596
TNTN	752559	20814471	21401479	147719	142033	71.6018954498	0.00704692591757	0.00659284335813	0.000454082559438
GCNN	508090	14627217	14613534	110282	103533	45.8143066222	0.00748308786993	0.00703489356949	0.000448194300443
TTNT	273583	7412610	7727868	51729	50429	25.925222186	0.00693015148428	0.00648329576513	0.00044685571915
GNNT	505198	14412279	14597284	105622	100480	44.8486978983	0.00727529413515	0.00683641402869	0.000438880106459
TCCN	124326	3497283	3585659	25883	24967	11.1232533837	0.00734651730858	0.00691486739419	0.000431649914394
TGNT	173545	4958189	5067340	35222	33839	15.2335420826	0.00705369535975	0.00663356451518	0.000420130844561
TANG	87691	2527197	2511732	17665	16492	8.06160598948	0.00694143729601	0.00652315617604	0.000418281119976
GCNT	141090	4065459	4128290	29711	28510	10.979069518	0.00725513226557	0.00685864126251	0.000396491003062
GANG	136336	4018219	3917378	28727	26432	10.8606340346	0.0070984391687	0.00670214843007	0.000396290738625
CTNN	473369	13385780	13637039	96266	92632	34.3527500586	0.0071403108994	0.00674684775768	0.000393463141722
AAGN	177212	5153527	5012698	39812	36756	12.1599064709	0.00766597366357	0.00727920286035	0.000386770803223
CCNT	116888	3307177	3403135	25339	24741	8.29968789243	0.00760356439399	0.00721758896763	0.00038597542636
AAAG	68524	1974377	1900258	15075	13776	4.91977734877	0.00757746354272	0.00719736431014	0.000380099232581
NNGA	551175	16010959	15672488	121855	113235	35.4048765137	0.00755323900716	0.00717325395866	0.0003799850485
NCAG	143979	4183426	4148275	28349	26724	8.4674390383	0.00673089137003	0.006400959617	0.000329931753032
NTNC	543416	15398123	15739676	103826	101196	26.17182875	0.00669760944253	0.00638828468534	0.000309324757191
NGAG	95732	2778766	2711649	19295	17986	4.96429485048	0.00689584680248	0.00658915935647	0.000306687446011
CTTN	177212	4956199	5113810	34436	33980	8.21565725527	0.00690012393212	0.00660089086773	0.000299233064393
ATGN	163087	4741590	4703084	34082	32381	7.47895671581	0.00713658726981	0.00683797684071	0.000298610429101
NACG	91400	2720904	2669138	18872	17716	4.54909981354	0.00688815436006	0.00659358491381	0.000294569446258
ANTG	146923	4238242	4206719	28360	26927	6.6901029148	0.00664697574323	0.00636023890519	0.000286736838037
NNAG	473369	13725358	13462333	95247	89686	17.6302962649	0.00689166646467	0.00661790689638	0.000273759568292
NNTC	551173	15644174	15974649	103441	101297	20.4093298049	0.00656867722509	0.00630115328827	0.000267523936818
ANAG	154784	4481609	4349094	32021	29939	5.3934940524	0.00709428996174	0.0068368975525	0.000257392409242
CNCN	351209	9994769	10083547	75265	73601	8.68883537828	0.00747415549938	0.00724622699207	0.000227928507311
NAAG	177212	5153930	5003503	36957	34830	4.11325856722	0.00711959247042	0.00691300078816	0.000206591682262
TCNN	551175	15655817	15913795	108687	107815	7.80734237763	0.00689441291651	0.00672934867345	0.000165064243064
TNNC	516100	14635024	14937410	97987	97898	5.60408042448	0.00665084686355	0.00651120682064	0.000139640042912
