## Starting pipeline #
bio_pipeline.sh -ref NC_017331.1.fasta -sra ERR159981.sra -mem-pacbio -dbq 0 -nofix -skip-fastqc -indels
######################

## Saving SRA statistics..
## Dumping fastq files from ERR159981.sra
Rejected 74768 READS because READLEN < 1
Read 81741 spots for ERR159981.sra
Written 6973 spots for ERR159981.sra
## One fastq file generated
## Creating bwa index for NC_017331.1.fasta
[bwa_index] Pack FASTA... 0.02 sec
[bwa_index] Construct BWT for the packed sequence...
[bwa_index] 0.59 seconds elapse.
[bwa_index] Update BWT... 0.02 sec
[bwa_index] Pack forward-only FASTA... 0.01 sec
[bwa_index] Construct SA from BWT and Occ... 0.27 sec
[main] Version: 0.7.12-r1039
[main] CMD: bwa index NC_017331.1.fasta
[main] Real time: 1.581 sec; CPU: 0.904 sec
## Generating sam file with bwa-mem aligner
[M::bwa_idx_load_from_disk] read 0 ALT contigs
[M::process] read 6973 sequences (5173076 bp)...
[M::mem_process_seqs] Processed 6973 reads in 14.848 CPU sec, 3.715 real sec
[main] Version: 0.7.12-r1039
[main] CMD: bwa mem -t 4 -x pacbio NC_017331.1.fasta ERR159981_1.fastq
[main] Real time: 4.015 sec; CPU: 14.876 sec
## Converting sam file to BAM, sorting and indexing
[samopen] SAM header is present: 1 sequences.
## Removing duplicates
[bam_rmdup_core] processing reference gi|387141638|ref|NC_017331.1|...
## Adding read groups and indexing
[Thu Jul 02 11:02:45 CEST 2015] picard.sam.AddOrReplaceReadGroups INPUT=tmp.rmdup.sorted.bam OUTPUT=tmp.addrg.rmdup.sorted.bam RGLB=rglib RGPL=rgpl RGPU=rgpu RGSM=rgsm VALIDATION_STRINGENCY=SILENT    RGID=1 VERBOSITY=INFO QUIET=false COMPRESSION_LEVEL=5 MAX_RECORDS_IN_RAM=500000 CREATE_INDEX=false CREATE_MD5_FILE=false GA4GH_CLIENT_SECRETS=client_secrets.json
[Thu Jul 02 11:02:45 CEST 2015] Executing as fabio@ahmad-desktop on Linux 3.19.0-22-generic amd64; OpenJDK 64-Bit Server VM 1.7.0_79-b14; Picard version: 1.135(83ec44e03ec8d07ef180ef86b7a62d59a80dedd3_1435607037) IntelDeflater
INFO	2015-07-02 11:02:45	AddOrReplaceReadGroups	Created read group ID=1 PL=rgpl LB=rglib SM=rgsm

[Thu Jul 02 11:02:46 CEST 2015] picard.sam.AddOrReplaceReadGroups done. Elapsed time: 0.01 minutes.
Runtime.totalMemory()=251658240
## Realigning near indels and re-indexing
[Thu Jul 02 11:02:46 CEST 2015] picard.sam.CreateSequenceDictionary REFERENCE=NC_017331.1.fasta OUTPUT=NC_017331.1.dict    TRUNCATE_NAMES_AT_WHITESPACE=true NUM_SEQUENCES=2147483647 VERBOSITY=INFO QUIET=false VALIDATION_STRINGENCY=STRICT COMPRESSION_LEVEL=5 MAX_RECORDS_IN_RAM=500000 CREATE_INDEX=false CREATE_MD5_FILE=false GA4GH_CLIENT_SECRETS=client_secrets.json
[Thu Jul 02 11:02:46 CEST 2015] Executing as fabio@ahmad-desktop on Linux 3.19.0-22-generic amd64; OpenJDK 64-Bit Server VM 1.7.0_79-b14; Picard version: 1.135(83ec44e03ec8d07ef180ef86b7a62d59a80dedd3_1435607037) IntelDeflater
[Thu Jul 02 11:02:46 CEST 2015] picard.sam.CreateSequenceDictionary done. Elapsed time: 0.00 minutes.
Runtime.totalMemory()=251658240
INFO  11:02:47,585 HelpFormatter - -------------------------------------------------------------------------------- 
INFO  11:02:47,587 HelpFormatter - The Genome Analysis Toolkit (GATK) v3.4-0-g7e26428, Compiled 2015/05/15 03:25:41 
INFO  11:02:47,587 HelpFormatter - Copyright (c) 2010 The Broad Institute 
INFO  11:02:47,587 HelpFormatter - For support and documentation go to http://www.broadinstitute.org/gatk 
INFO  11:02:47,590 HelpFormatter - Program Args: -I tmp.addrg.rmdup.sorted.bam -R NC_017331.1.fasta -T RealignerTargetCreator -o help.intervals -filterNoBases -rf BadCigar --allow_potentially_misencoded_quality_scores 
INFO  11:02:47,593 HelpFormatter - Executing as fabio@ahmad-desktop on Linux 3.19.0-22-generic amd64; OpenJDK 64-Bit Server VM 1.7.0_79-b14. 
INFO  11:02:47,593 HelpFormatter - Date/Time: 2015/07/02 11:02:47 
INFO  11:02:47,594 HelpFormatter - -------------------------------------------------------------------------------- 
INFO  11:02:47,594 HelpFormatter - -------------------------------------------------------------------------------- 
INFO  11:02:47,634 GenomeAnalysisEngine - Strictness is SILENT 
INFO  11:02:47,710 GenomeAnalysisEngine - Downsampling Settings: Method: BY_SAMPLE, Target Coverage: 1000 
INFO  11:02:47,715 SAMDataSource$SAMReaders - Initializing SAMRecords in serial 
INFO  11:02:47,731 SAMDataSource$SAMReaders - Done initializing BAM readers: total time 0.01 
INFO  11:02:47,789 GenomeAnalysisEngine - Preparing for traversal over 1 BAM files 
INFO  11:02:47,819 GenomeAnalysisEngine - Done preparing for traversal 
INFO  11:02:47,819 ProgressMeter - [INITIALIZATION COMPLETE; STARTING PROCESSING] 
INFO  11:02:47,819 ProgressMeter -                 | processed |    time |    per 1M |           |   total | remaining 
INFO  11:02:47,820 ProgressMeter -        Location |     sites | elapsed |     sites | completed | runtime |   runtime 
INFO  11:02:50,906 ProgressMeter -            done   3043210.0     3.0 s       1.0 s      100.0%     3.0 s       0.0 s 
INFO  11:02:50,906 ProgressMeter - Total runtime 3.09 secs, 0.05 min, 0.00 hours 
INFO  11:02:50,908 MicroScheduler - 84 reads were filtered out during the traversal out of approximately 5813 total reads (1.45%) 
INFO  11:02:50,909 MicroScheduler -   -> 0 reads (0.00% of total) failing BadCigarFilter 
INFO  11:02:50,909 MicroScheduler -   -> 0 reads (0.00% of total) failing BadMateFilter 
INFO  11:02:50,909 MicroScheduler -   -> 0 reads (0.00% of total) failing DuplicateReadFilter 
INFO  11:02:50,909 MicroScheduler -   -> 0 reads (0.00% of total) failing FailsVendorQualityCheckFilter 
INFO  11:02:50,909 MicroScheduler -   -> 0 reads (0.00% of total) failing MalformedReadFilter 
INFO  11:02:50,910 MicroScheduler -   -> 0 reads (0.00% of total) failing MappingQualityUnavailableFilter 
INFO  11:02:50,910 MicroScheduler -   -> 84 reads (1.45% of total) failing MappingQualityZeroFilter 
INFO  11:02:50,910 MicroScheduler -   -> 0 reads (0.00% of total) failing NotPrimaryAlignmentFilter 
INFO  11:02:50,910 MicroScheduler -   -> 0 reads (0.00% of total) failing Platform454Filter 
INFO  11:02:50,910 MicroScheduler -   -> 0 reads (0.00% of total) failing UnmappedReadFilter 
INFO  11:02:51,859 GATKRunReport - Uploaded run statistics report to AWS S3 
INFO  11:02:53,038 HelpFormatter - -------------------------------------------------------------------------------- 
INFO  11:02:53,040 HelpFormatter - The Genome Analysis Toolkit (GATK) v3.4-0-g7e26428, Compiled 2015/05/15 03:25:41 
INFO  11:02:53,040 HelpFormatter - Copyright (c) 2010 The Broad Institute 
INFO  11:02:53,040 HelpFormatter - For support and documentation go to http://www.broadinstitute.org/gatk 
INFO  11:02:53,043 HelpFormatter - Program Args: -I tmp.addrg.rmdup.sorted.bam -R NC_017331.1.fasta -T IndelRealigner -targetIntervals help.intervals -o ERR159981.bam -filterNoBases -rf BadCigar --allow_potentially_misencoded_quality_scores --defaultBaseQualities 0 
INFO  11:02:53,047 HelpFormatter - Executing as fabio@ahmad-desktop on Linux 3.19.0-22-generic amd64; OpenJDK 64-Bit Server VM 1.7.0_79-b14. 
INFO  11:02:53,047 HelpFormatter - Date/Time: 2015/07/02 11:02:53 
INFO  11:02:53,047 HelpFormatter - -------------------------------------------------------------------------------- 
INFO  11:02:53,047 HelpFormatter - -------------------------------------------------------------------------------- 
INFO  11:02:53,138 GenomeAnalysisEngine - Strictness is SILENT 
INFO  11:02:53,171 GenomeAnalysisEngine - Downsampling Settings: No downsampling 
INFO  11:02:53,176 SAMDataSource$SAMReaders - Initializing SAMRecords in serial 
INFO  11:02:53,191 SAMDataSource$SAMReaders - Done initializing BAM readers: total time 0.01 
INFO  11:02:53,249 GenomeAnalysisEngine - Preparing for traversal over 1 BAM files 
INFO  11:02:53,252 GenomeAnalysisEngine - Done preparing for traversal 
INFO  11:02:53,253 ProgressMeter - [INITIALIZATION COMPLETE; STARTING PROCESSING] 
INFO  11:02:53,253 ProgressMeter -                 | processed |    time |    per 1M |           |   total | remaining 
INFO  11:02:53,253 ProgressMeter -        Location |     reads | elapsed |     reads | completed | runtime |   runtime 
INFO  11:02:53,268 ReadShardBalancer$1 - Loading BAM index data 
INFO  11:02:53,269 ReadShardBalancer$1 - Done loading BAM index data 
INFO  11:02:54,598 ProgressMeter -            done      7151.0     1.0 s       3.1 m       99.6%     1.0 s       0.0 s 
INFO  11:02:54,598 ProgressMeter - Total runtime 1.35 secs, 0.02 min, 0.00 hours 
INFO  11:02:54,600 MicroScheduler - 0 reads were filtered out during the traversal out of approximately 7151 total reads (0.00%) 
INFO  11:02:54,601 MicroScheduler -   -> 0 reads (0.00% of total) failing BadCigarFilter 
INFO  11:02:54,601 MicroScheduler -   -> 0 reads (0.00% of total) failing MalformedReadFilter 
INFO  11:02:55,628 GATKRunReport - Uploaded run statistics report to AWS S3 

##################
# Reads coverage #
##################
(only counts reads where MAPQ >= 1)
Genome length: 3043210
min =  0
max =  9
% cov. =  68.5589
Avg. base cov. =  1.15861
Stdev base cov. =  1.10961

Reads length (MAPQ >= 1):
min-max avg stdev
84-2408 723.444 +- 315.641

flagstats:
7151 + 0 in total (QC-passed reads + QC-failed reads)
0 + 0 duplicates
5623 + 0 mapped (78.63%:-nan%)
0 + 0 paired in sequencing
0 + 0 read1
0 + 0 read2
0 + 0 properly paired (-nan%:-nan%)
0 + 0 with itself and mate mapped
0 + 0 singletons (-nan%:-nan%)
0 + 0 with mate mapped to a different chr
0 + 0 with mate mapped to a different chr (mapQ>=5)

idxstats:
Chr	length	mapped	unmapped
gi|387141638|ref|NC_017331.1|	3043210	5623	0
*	0	0	1528

## SNP calling with GATK
INFO  11:02:58,589 HelpFormatter - -------------------------------------------------------------------------------- 
INFO  11:02:58,591 HelpFormatter - The Genome Analysis Toolkit (GATK) v3.4-0-g7e26428, Compiled 2015/05/15 03:25:41 
INFO  11:02:58,591 HelpFormatter - Copyright (c) 2010 The Broad Institute 
INFO  11:02:58,591 HelpFormatter - For support and documentation go to http://www.broadinstitute.org/gatk 
INFO  11:02:58,594 HelpFormatter - Program Args: -ploidy 1 -I ERR159981.bam -R NC_017331.1.fasta -T UnifiedGenotyper -o ERR159981-snps.vcf -filterNoBases -rf BadCigar --allow_potentially_misencoded_quality_scores 
INFO  11:02:58,598 HelpFormatter - Executing as fabio@ahmad-desktop on Linux 3.19.0-22-generic amd64; OpenJDK 64-Bit Server VM 1.7.0_79-b14. 
INFO  11:02:58,598 HelpFormatter - Date/Time: 2015/07/02 11:02:58 
INFO  11:02:58,598 HelpFormatter - -------------------------------------------------------------------------------- 
INFO  11:02:58,598 HelpFormatter - -------------------------------------------------------------------------------- 
INFO  11:02:58,662 GenomeAnalysisEngine - Strictness is SILENT 
INFO  11:02:58,727 GenomeAnalysisEngine - Downsampling Settings: Method: BY_SAMPLE, Target Coverage: 250 
INFO  11:02:58,732 SAMDataSource$SAMReaders - Initializing SAMRecords in serial 
INFO  11:02:58,748 SAMDataSource$SAMReaders - Done initializing BAM readers: total time 0.01 
INFO  11:02:58,806 GenomeAnalysisEngine - Preparing for traversal over 1 BAM files 
INFO  11:02:58,835 GenomeAnalysisEngine - Done preparing for traversal 
INFO  11:02:58,836 ProgressMeter - [INITIALIZATION COMPLETE; STARTING PROCESSING] 
INFO  11:02:58,836 ProgressMeter -                 | processed |    time |    per 1M |           |   total | remaining 
INFO  11:02:58,836 ProgressMeter -        Location |     sites | elapsed |     sites | completed | runtime |   runtime 
INFO  11:02:58,862 StrandBiasTest - SAM/BAM data was found. Attempting to use read data to calculate strand bias annotations values. 
INFO  11:02:58,862 StrandBiasTest - SAM/BAM data was found. Attempting to use read data to calculate strand bias annotations values. 
INFO  11:03:18,842 ProgressMeter -            done   3043210.0    20.0 s       6.0 s      100.0%    20.0 s       0.0 s 
INFO  11:03:18,843 ProgressMeter - Total runtime 20.01 secs, 0.33 min, 0.01 hours 
INFO  11:03:18,843 MicroScheduler - 0 reads were filtered out during the traversal out of approximately 5813 total reads (0.00%) 
INFO  11:03:18,843 MicroScheduler -   -> 0 reads (0.00% of total) failing BadCigarFilter 
INFO  11:03:18,843 MicroScheduler -   -> 0 reads (0.00% of total) failing BadMateFilter 
INFO  11:03:18,844 MicroScheduler -   -> 0 reads (0.00% of total) failing DuplicateReadFilter 
INFO  11:03:18,844 MicroScheduler -   -> 0 reads (0.00% of total) failing FailsVendorQualityCheckFilter 
INFO  11:03:18,844 MicroScheduler -   -> 0 reads (0.00% of total) failing MalformedReadFilter 
INFO  11:03:18,844 MicroScheduler -   -> 0 reads (0.00% of total) failing MappingQualityUnavailableFilter 
INFO  11:03:18,844 MicroScheduler -   -> 0 reads (0.00% of total) failing NotPrimaryAlignmentFilter 
INFO  11:03:18,845 MicroScheduler -   -> 0 reads (0.00% of total) failing UnmappedReadFilter 
INFO  11:03:19,869 GATKRunReport - Uploaded run statistics report to AWS S3 
SNPs found: 39
## INDELS calling with GATK
INFO  11:03:21,125 HelpFormatter - -------------------------------------------------------------------------------- 
INFO  11:03:21,127 HelpFormatter - The Genome Analysis Toolkit (GATK) v3.4-0-g7e26428, Compiled 2015/05/15 03:25:41 
INFO  11:03:21,127 HelpFormatter - Copyright (c) 2010 The Broad Institute 
INFO  11:03:21,127 HelpFormatter - For support and documentation go to http://www.broadinstitute.org/gatk 
INFO  11:03:21,130 HelpFormatter - Program Args: -ploidy 1 -I ERR159981.bam -R NC_017331.1.fasta -T UnifiedGenotyper -o ERR159981-indels.vcf -glm INDEL -filterNoBases -rf BadCigar --allow_potentially_misencoded_quality_scores 
INFO  11:03:21,134 HelpFormatter - Executing as fabio@ahmad-desktop on Linux 3.19.0-22-generic amd64; OpenJDK 64-Bit Server VM 1.7.0_79-b14. 
INFO  11:03:21,134 HelpFormatter - Date/Time: 2015/07/02 11:03:21 
INFO  11:03:21,134 HelpFormatter - -------------------------------------------------------------------------------- 
INFO  11:03:21,135 HelpFormatter - -------------------------------------------------------------------------------- 
INFO  11:03:21,203 GenomeAnalysisEngine - Strictness is SILENT 
INFO  11:03:21,273 GenomeAnalysisEngine - Downsampling Settings: Method: BY_SAMPLE, Target Coverage: 250 
INFO  11:03:21,278 SAMDataSource$SAMReaders - Initializing SAMRecords in serial 
INFO  11:03:21,294 SAMDataSource$SAMReaders - Done initializing BAM readers: total time 0.01 
INFO  11:03:21,355 GenomeAnalysisEngine - Preparing for traversal over 1 BAM files 
INFO  11:03:21,384 GenomeAnalysisEngine - Done preparing for traversal 
INFO  11:03:21,385 ProgressMeter - [INITIALIZATION COMPLETE; STARTING PROCESSING] 
INFO  11:03:21,385 ProgressMeter -                 | processed |    time |    per 1M |           |   total | remaining 
INFO  11:03:21,386 ProgressMeter -        Location |     sites | elapsed |     sites | completed | runtime |   runtime 
INFO  11:03:21,412 StrandBiasTest - SAM/BAM data was found. Attempting to use read data to calculate strand bias annotations values. 
INFO  11:03:21,413 StrandBiasTest - SAM/BAM data was found. Attempting to use read data to calculate strand bias annotations values. 
INFO  11:03:26,586 ProgressMeter -            done   3043210.0     5.0 s       1.0 s      100.0%     5.0 s       0.0 s 
INFO  11:03:26,587 ProgressMeter - Total runtime 5.20 secs, 0.09 min, 0.00 hours 
INFO  11:03:26,587 MicroScheduler - 0 reads were filtered out during the traversal out of approximately 5813 total reads (0.00%) 
INFO  11:03:26,587 MicroScheduler -   -> 0 reads (0.00% of total) failing BadCigarFilter 
INFO  11:03:26,587 MicroScheduler -   -> 0 reads (0.00% of total) failing BadMateFilter 
INFO  11:03:26,588 MicroScheduler -   -> 0 reads (0.00% of total) failing DuplicateReadFilter 
INFO  11:03:26,588 MicroScheduler -   -> 0 reads (0.00% of total) failing FailsVendorQualityCheckFilter 
INFO  11:03:26,588 MicroScheduler -   -> 0 reads (0.00% of total) failing MalformedReadFilter 
INFO  11:03:26,588 MicroScheduler -   -> 0 reads (0.00% of total) failing MappingQualityUnavailableFilter 
INFO  11:03:26,588 MicroScheduler -   -> 0 reads (0.00% of total) failing NotPrimaryAlignmentFilter 
INFO  11:03:26,589 MicroScheduler -   -> 0 reads (0.00% of total) failing UnmappedReadFilter 
INFO  11:03:27,514 GATKRunReport - Uploaded run statistics report to AWS S3 
INDELS found: 1
