## Starting pipeline #
bio_pipeline.sh -ref NC_017331.1.fasta -sra ERR159974.sra -mem-pacbio -dbq 0 -nofix -skip-fastqc -indels
######################

## Saving SRA statistics..
## Dumping fastq files from ERR159974.sra
Rejected 79228 READS because READLEN < 1
Read 81741 spots for ERR159974.sra
Written 2513 spots for ERR159974.sra
## One fastq file generated
## Creating bwa index for NC_017331.1.fasta
[bwa_index] Pack FASTA... 0.02 sec
[bwa_index] Construct BWT for the packed sequence...
[bwa_index] 0.58 seconds elapse.
[bwa_index] Update BWT... 0.02 sec
[bwa_index] Pack forward-only FASTA... 0.01 sec
[bwa_index] Construct SA from BWT and Occ... 0.27 sec
[main] Version: 0.7.12-r1039
[main] CMD: bwa index NC_017331.1.fasta
[main] Real time: 1.598 sec; CPU: 0.900 sec
## Generating sam file with bwa-mem aligner
[M::bwa_idx_load_from_disk] read 0 ALT contigs
[M::process] read 2513 sequences (1448555 bp)...
[M::mem_process_seqs] Processed 2513 reads in 3.596 CPU sec, 0.901 real sec
[main] Version: 0.7.12-r1039
[main] CMD: bwa mem -t 4 -x pacbio NC_017331.1.fasta ERR159974_1.fastq
[main] Real time: 1.023 sec; CPU: 3.604 sec
## Converting sam file to BAM, sorting and indexing
[samopen] SAM header is present: 1 sequences.
## Removing duplicates
[bam_rmdup_core] processing reference gi|387141638|ref|NC_017331.1|...
## Adding read groups and indexing
[Thu Jul 02 10:57:03 CEST 2015] picard.sam.AddOrReplaceReadGroups INPUT=tmp.rmdup.sorted.bam OUTPUT=tmp.addrg.rmdup.sorted.bam RGLB=rglib RGPL=rgpl RGPU=rgpu RGSM=rgsm VALIDATION_STRINGENCY=SILENT    RGID=1 VERBOSITY=INFO QUIET=false COMPRESSION_LEVEL=5 MAX_RECORDS_IN_RAM=500000 CREATE_INDEX=false CREATE_MD5_FILE=false GA4GH_CLIENT_SECRETS=client_secrets.json
[Thu Jul 02 10:57:03 CEST 2015] Executing as fabio@ahmad-desktop on Linux 3.19.0-22-generic amd64; OpenJDK 64-Bit Server VM 1.7.0_79-b14; Picard version: 1.135(83ec44e03ec8d07ef180ef86b7a62d59a80dedd3_1435607037) IntelDeflater
INFO	2015-07-02 10:57:03	AddOrReplaceReadGroups	Created read group ID=1 PL=rgpl LB=rglib SM=rgsm

[Thu Jul 02 10:57:04 CEST 2015] picard.sam.AddOrReplaceReadGroups done. Elapsed time: 0.01 minutes.
Runtime.totalMemory()=251658240
## Realigning near indels and re-indexing
[Thu Jul 02 10:57:04 CEST 2015] picard.sam.CreateSequenceDictionary REFERENCE=NC_017331.1.fasta OUTPUT=NC_017331.1.dict    TRUNCATE_NAMES_AT_WHITESPACE=true NUM_SEQUENCES=2147483647 VERBOSITY=INFO QUIET=false VALIDATION_STRINGENCY=STRICT COMPRESSION_LEVEL=5 MAX_RECORDS_IN_RAM=500000 CREATE_INDEX=false CREATE_MD5_FILE=false GA4GH_CLIENT_SECRETS=client_secrets.json
[Thu Jul 02 10:57:04 CEST 2015] Executing as fabio@ahmad-desktop on Linux 3.19.0-22-generic amd64; OpenJDK 64-Bit Server VM 1.7.0_79-b14; Picard version: 1.135(83ec44e03ec8d07ef180ef86b7a62d59a80dedd3_1435607037) IntelDeflater
[Thu Jul 02 10:57:04 CEST 2015] picard.sam.CreateSequenceDictionary done. Elapsed time: 0.00 minutes.
Runtime.totalMemory()=251658240
INFO  10:57:05,686 HelpFormatter - -------------------------------------------------------------------------------- 
INFO  10:57:05,688 HelpFormatter - The Genome Analysis Toolkit (GATK) v3.4-0-g7e26428, Compiled 2015/05/15 03:25:41 
INFO  10:57:05,688 HelpFormatter - Copyright (c) 2010 The Broad Institute 
INFO  10:57:05,688 HelpFormatter - For support and documentation go to http://www.broadinstitute.org/gatk 
INFO  10:57:05,691 HelpFormatter - Program Args: -I tmp.addrg.rmdup.sorted.bam -R NC_017331.1.fasta -T RealignerTargetCreator -o help.intervals -filterNoBases -rf BadCigar --allow_potentially_misencoded_quality_scores 
INFO  10:57:05,695 HelpFormatter - Executing as fabio@ahmad-desktop on Linux 3.19.0-22-generic amd64; OpenJDK 64-Bit Server VM 1.7.0_79-b14. 
INFO  10:57:05,695 HelpFormatter - Date/Time: 2015/07/02 10:57:05 
INFO  10:57:05,695 HelpFormatter - -------------------------------------------------------------------------------- 
INFO  10:57:05,696 HelpFormatter - -------------------------------------------------------------------------------- 
INFO  10:57:05,736 GenomeAnalysisEngine - Strictness is SILENT 
INFO  10:57:05,814 GenomeAnalysisEngine - Downsampling Settings: Method: BY_SAMPLE, Target Coverage: 1000 
INFO  10:57:05,820 SAMDataSource$SAMReaders - Initializing SAMRecords in serial 
INFO  10:57:05,835 SAMDataSource$SAMReaders - Done initializing BAM readers: total time 0.01 
INFO  10:57:05,893 GenomeAnalysisEngine - Preparing for traversal over 1 BAM files 
INFO  10:57:05,915 GenomeAnalysisEngine - Done preparing for traversal 
INFO  10:57:05,916 ProgressMeter - [INITIALIZATION COMPLETE; STARTING PROCESSING] 
INFO  10:57:05,916 ProgressMeter -                 | processed |    time |    per 1M |           |   total | remaining 
INFO  10:57:05,916 ProgressMeter -        Location |     sites | elapsed |     sites | completed | runtime |   runtime 
INFO  10:57:07,779 ProgressMeter -            done   3043210.0     1.0 s       0.0 s      100.0%     1.0 s       0.0 s 
INFO  10:57:07,780 ProgressMeter - Total runtime 1.86 secs, 0.03 min, 0.00 hours 
INFO  10:57:07,782 MicroScheduler - 37 reads were filtered out during the traversal out of approximately 2112 total reads (1.75%) 
INFO  10:57:07,782 MicroScheduler -   -> 0 reads (0.00% of total) failing BadCigarFilter 
INFO  10:57:07,782 MicroScheduler -   -> 0 reads (0.00% of total) failing BadMateFilter 
INFO  10:57:07,782 MicroScheduler -   -> 0 reads (0.00% of total) failing DuplicateReadFilter 
INFO  10:57:07,783 MicroScheduler -   -> 0 reads (0.00% of total) failing FailsVendorQualityCheckFilter 
INFO  10:57:07,783 MicroScheduler -   -> 0 reads (0.00% of total) failing MalformedReadFilter 
INFO  10:57:07,783 MicroScheduler -   -> 0 reads (0.00% of total) failing MappingQualityUnavailableFilter 
INFO  10:57:07,783 MicroScheduler -   -> 37 reads (1.75% of total) failing MappingQualityZeroFilter 
INFO  10:57:07,783 MicroScheduler -   -> 0 reads (0.00% of total) failing NotPrimaryAlignmentFilter 
INFO  10:57:07,784 MicroScheduler -   -> 0 reads (0.00% of total) failing Platform454Filter 
INFO  10:57:07,784 MicroScheduler -   -> 0 reads (0.00% of total) failing UnmappedReadFilter 
INFO  10:57:08,826 GATKRunReport - Uploaded run statistics report to AWS S3 
INFO  10:57:10,044 HelpFormatter - -------------------------------------------------------------------------------- 
INFO  10:57:10,046 HelpFormatter - The Genome Analysis Toolkit (GATK) v3.4-0-g7e26428, Compiled 2015/05/15 03:25:41 
INFO  10:57:10,046 HelpFormatter - Copyright (c) 2010 The Broad Institute 
INFO  10:57:10,046 HelpFormatter - For support and documentation go to http://www.broadinstitute.org/gatk 
INFO  10:57:10,049 HelpFormatter - Program Args: -I tmp.addrg.rmdup.sorted.bam -R NC_017331.1.fasta -T IndelRealigner -targetIntervals help.intervals -o ERR159974.bam -filterNoBases -rf BadCigar --allow_potentially_misencoded_quality_scores --defaultBaseQualities 0 
INFO  10:57:10,053 HelpFormatter - Executing as fabio@ahmad-desktop on Linux 3.19.0-22-generic amd64; OpenJDK 64-Bit Server VM 1.7.0_79-b14. 
INFO  10:57:10,053 HelpFormatter - Date/Time: 2015/07/02 10:57:10 
INFO  10:57:10,053 HelpFormatter - -------------------------------------------------------------------------------- 
INFO  10:57:10,054 HelpFormatter - -------------------------------------------------------------------------------- 
INFO  10:57:10,147 GenomeAnalysisEngine - Strictness is SILENT 
INFO  10:57:10,178 GenomeAnalysisEngine - Downsampling Settings: No downsampling 
INFO  10:57:10,184 SAMDataSource$SAMReaders - Initializing SAMRecords in serial 
INFO  10:57:10,199 SAMDataSource$SAMReaders - Done initializing BAM readers: total time 0.01 
INFO  10:57:10,261 GenomeAnalysisEngine - Preparing for traversal over 1 BAM files 
INFO  10:57:10,264 GenomeAnalysisEngine - Done preparing for traversal 
INFO  10:57:10,264 ProgressMeter - [INITIALIZATION COMPLETE; STARTING PROCESSING] 
INFO  10:57:10,264 ProgressMeter -                 | processed |    time |    per 1M |           |   total | remaining 
INFO  10:57:10,264 ProgressMeter -        Location |     reads | elapsed |     reads | completed | runtime |   runtime 
INFO  10:57:10,291 ReadShardBalancer$1 - Loading BAM index data 
INFO  10:57:10,292 ReadShardBalancer$1 - Done loading BAM index data 
INFO  10:57:11,071 ProgressMeter -            done      2549.0     0.0 s       5.3 m       95.7%     0.0 s       0.0 s 
INFO  10:57:11,072 ProgressMeter - Total runtime 0.81 secs, 0.01 min, 0.00 hours 
INFO  10:57:11,074 MicroScheduler - 0 reads were filtered out during the traversal out of approximately 2549 total reads (0.00%) 
INFO  10:57:11,074 MicroScheduler -   -> 0 reads (0.00% of total) failing BadCigarFilter 
INFO  10:57:11,074 MicroScheduler -   -> 0 reads (0.00% of total) failing MalformedReadFilter 
INFO  10:57:12,068 GATKRunReport - Uploaded run statistics report to AWS S3 

##################
# Reads coverage #
##################
(only counts reads where MAPQ >= 1)
Genome length: 3043210
min =  0
max =  5
% cov. =  28.4476
Avg. base cov. =  0.33569
Stdev base cov. =  0.59355

Reads length (MAPQ >= 1):
min-max avg stdev
137-1544 568.081 +- 185.462

flagstats:
2549 + 0 in total (QC-passed reads + QC-failed reads)
0 + 0 duplicates
2067 + 0 mapped (81.09%:-nan%)
0 + 0 paired in sequencing
0 + 0 read1
0 + 0 read2
0 + 0 properly paired (-nan%:-nan%)
0 + 0 with itself and mate mapped
0 + 0 singletons (-nan%:-nan%)
0 + 0 with mate mapped to a different chr
0 + 0 with mate mapped to a different chr (mapQ>=5)

idxstats:
Chr	length	mapped	unmapped
gi|387141638|ref|NC_017331.1|	3043210	2067	0
*	0	0	482

## SNP calling with GATK
INFO  10:57:14,000 HelpFormatter - -------------------------------------------------------------------------------- 
INFO  10:57:14,002 HelpFormatter - The Genome Analysis Toolkit (GATK) v3.4-0-g7e26428, Compiled 2015/05/15 03:25:41 
INFO  10:57:14,002 HelpFormatter - Copyright (c) 2010 The Broad Institute 
INFO  10:57:14,002 HelpFormatter - For support and documentation go to http://www.broadinstitute.org/gatk 
INFO  10:57:14,005 HelpFormatter - Program Args: -ploidy 1 -I ERR159974.bam -R NC_017331.1.fasta -T UnifiedGenotyper -o ERR159974-snps.vcf -filterNoBases -rf BadCigar --allow_potentially_misencoded_quality_scores 
INFO  10:57:14,009 HelpFormatter - Executing as fabio@ahmad-desktop on Linux 3.19.0-22-generic amd64; OpenJDK 64-Bit Server VM 1.7.0_79-b14. 
INFO  10:57:14,009 HelpFormatter - Date/Time: 2015/07/02 10:57:13 
INFO  10:57:14,009 HelpFormatter - -------------------------------------------------------------------------------- 
INFO  10:57:14,010 HelpFormatter - -------------------------------------------------------------------------------- 
INFO  10:57:14,074 GenomeAnalysisEngine - Strictness is SILENT 
INFO  10:57:14,146 GenomeAnalysisEngine - Downsampling Settings: Method: BY_SAMPLE, Target Coverage: 250 
INFO  10:57:14,151 SAMDataSource$SAMReaders - Initializing SAMRecords in serial 
INFO  10:57:14,167 SAMDataSource$SAMReaders - Done initializing BAM readers: total time 0.01 
INFO  10:57:14,225 GenomeAnalysisEngine - Preparing for traversal over 1 BAM files 
INFO  10:57:14,247 GenomeAnalysisEngine - Done preparing for traversal 
INFO  10:57:14,247 ProgressMeter - [INITIALIZATION COMPLETE; STARTING PROCESSING] 
INFO  10:57:14,248 ProgressMeter -                 | processed |    time |    per 1M |           |   total | remaining 
INFO  10:57:14,248 ProgressMeter -        Location |     sites | elapsed |     sites | completed | runtime |   runtime 
INFO  10:57:14,274 StrandBiasTest - SAM/BAM data was found. Attempting to use read data to calculate strand bias annotations values. 
INFO  10:57:14,274 StrandBiasTest - SAM/BAM data was found. Attempting to use read data to calculate strand bias annotations values. 
INFO  10:57:23,879 ProgressMeter -            done   3043210.0     9.0 s       3.0 s      100.0%     9.0 s       0.0 s 
INFO  10:57:23,879 ProgressMeter - Total runtime 9.63 secs, 0.16 min, 0.00 hours 
INFO  10:57:23,880 MicroScheduler - 0 reads were filtered out during the traversal out of approximately 2111 total reads (0.00%) 
INFO  10:57:23,880 MicroScheduler -   -> 0 reads (0.00% of total) failing BadCigarFilter 
INFO  10:57:23,880 MicroScheduler -   -> 0 reads (0.00% of total) failing BadMateFilter 
INFO  10:57:23,880 MicroScheduler -   -> 0 reads (0.00% of total) failing DuplicateReadFilter 
INFO  10:57:23,881 MicroScheduler -   -> 0 reads (0.00% of total) failing FailsVendorQualityCheckFilter 
INFO  10:57:23,881 MicroScheduler -   -> 0 reads (0.00% of total) failing MalformedReadFilter 
INFO  10:57:23,881 MicroScheduler -   -> 0 reads (0.00% of total) failing MappingQualityUnavailableFilter 
INFO  10:57:23,881 MicroScheduler -   -> 0 reads (0.00% of total) failing NotPrimaryAlignmentFilter 
INFO  10:57:23,881 MicroScheduler -   -> 0 reads (0.00% of total) failing UnmappedReadFilter 
INFO  10:57:24,841 GATKRunReport - Uploaded run statistics report to AWS S3 
SNPs found: 2
## INDELS calling with GATK
INFO  10:57:26,026 HelpFormatter - -------------------------------------------------------------------------------- 
INFO  10:57:26,028 HelpFormatter - The Genome Analysis Toolkit (GATK) v3.4-0-g7e26428, Compiled 2015/05/15 03:25:41 
INFO  10:57:26,028 HelpFormatter - Copyright (c) 2010 The Broad Institute 
INFO  10:57:26,028 HelpFormatter - For support and documentation go to http://www.broadinstitute.org/gatk 
INFO  10:57:26,031 HelpFormatter - Program Args: -ploidy 1 -I ERR159974.bam -R NC_017331.1.fasta -T UnifiedGenotyper -o ERR159974-indels.vcf -glm INDEL -filterNoBases -rf BadCigar --allow_potentially_misencoded_quality_scores 
INFO  10:57:26,035 HelpFormatter - Executing as fabio@ahmad-desktop on Linux 3.19.0-22-generic amd64; OpenJDK 64-Bit Server VM 1.7.0_79-b14. 
INFO  10:57:26,035 HelpFormatter - Date/Time: 2015/07/02 10:57:26 
INFO  10:57:26,035 HelpFormatter - -------------------------------------------------------------------------------- 
INFO  10:57:26,035 HelpFormatter - -------------------------------------------------------------------------------- 
INFO  10:57:26,103 GenomeAnalysisEngine - Strictness is SILENT 
INFO  10:57:26,169 GenomeAnalysisEngine - Downsampling Settings: Method: BY_SAMPLE, Target Coverage: 250 
INFO  10:57:26,174 SAMDataSource$SAMReaders - Initializing SAMRecords in serial 
INFO  10:57:26,189 SAMDataSource$SAMReaders - Done initializing BAM readers: total time 0.01 
INFO  10:57:26,248 GenomeAnalysisEngine - Preparing for traversal over 1 BAM files 
INFO  10:57:26,270 GenomeAnalysisEngine - Done preparing for traversal 
INFO  10:57:26,270 ProgressMeter - [INITIALIZATION COMPLETE; STARTING PROCESSING] 
INFO  10:57:26,270 ProgressMeter -                 | processed |    time |    per 1M |           |   total | remaining 
INFO  10:57:26,271 ProgressMeter -        Location |     sites | elapsed |     sites | completed | runtime |   runtime 
INFO  10:57:26,297 StrandBiasTest - SAM/BAM data was found. Attempting to use read data to calculate strand bias annotations values. 
INFO  10:57:26,297 StrandBiasTest - SAM/BAM data was found. Attempting to use read data to calculate strand bias annotations values. 
INFO  10:57:29,024 ProgressMeter -            done   3043210.0     2.0 s       0.0 s      100.0%     2.0 s       0.0 s 
INFO  10:57:29,025 ProgressMeter - Total runtime 2.75 secs, 0.05 min, 0.00 hours 
INFO  10:57:29,027 MicroScheduler - 0 reads were filtered out during the traversal out of approximately 2111 total reads (0.00%) 
INFO  10:57:29,027 MicroScheduler -   -> 0 reads (0.00% of total) failing BadCigarFilter 
INFO  10:57:29,027 MicroScheduler -   -> 0 reads (0.00% of total) failing BadMateFilter 
INFO  10:57:29,028 MicroScheduler -   -> 0 reads (0.00% of total) failing DuplicateReadFilter 
INFO  10:57:29,028 MicroScheduler -   -> 0 reads (0.00% of total) failing FailsVendorQualityCheckFilter 
INFO  10:57:29,028 MicroScheduler -   -> 0 reads (0.00% of total) failing MalformedReadFilter 
INFO  10:57:29,028 MicroScheduler -   -> 0 reads (0.00% of total) failing MappingQualityUnavailableFilter 
INFO  10:57:29,028 MicroScheduler -   -> 0 reads (0.00% of total) failing NotPrimaryAlignmentFilter 
INFO  10:57:29,029 MicroScheduler -   -> 0 reads (0.00% of total) failing UnmappedReadFilter 
INFO  10:57:29,990 GATKRunReport - Uploaded run statistics report to AWS S3 
INDELS found: 0
