## Starting pipeline #
bio_pipeline.sh -ref NC_017331.1.fasta -sra ERR159971.sra -mem-pacbio -dbq 0 -nofix -skip-fastqc -indels
######################

## Saving SRA statistics..
## Dumping fastq files from ERR159971.sra
Rejected 78854 READS because READLEN < 1
Read 81741 spots for ERR159971.sra
Written 2887 spots for ERR159971.sra
## One fastq file generated
## Creating bwa index for NC_017331.1.fasta
[bwa_index] Pack FASTA... 0.02 sec
[bwa_index] Construct BWT for the packed sequence...
[bwa_index] 0.61 seconds elapse.
[bwa_index] Update BWT... 0.02 sec
[bwa_index] Pack forward-only FASTA... 0.01 sec
[bwa_index] Construct SA from BWT and Occ... 0.28 sec
[main] Version: 0.7.12-r1039
[main] CMD: bwa index NC_017331.1.fasta
[main] Real time: 1.669 sec; CPU: 0.944 sec
## Generating sam file with bwa-mem aligner
[M::bwa_idx_load_from_disk] read 0 ALT contigs
[M::process] read 2887 sequences (1876227 bp)...
[M::mem_process_seqs] Processed 2887 reads in 3.900 CPU sec, 0.979 real sec
[main] Version: 0.7.12-r1039
[main] CMD: bwa mem -t 4 -x pacbio NC_017331.1.fasta ERR159971_1.fastq
[main] Real time: 1.115 sec; CPU: 3.912 sec
## Converting sam file to BAM, sorting and indexing
[samopen] SAM header is present: 1 sequences.
## Removing duplicates
[bam_rmdup_core] processing reference gi|387141638|ref|NC_017331.1|...
## Adding read groups and indexing
[Thu Jul 02 10:55:28 CEST 2015] picard.sam.AddOrReplaceReadGroups INPUT=tmp.rmdup.sorted.bam OUTPUT=tmp.addrg.rmdup.sorted.bam RGLB=rglib RGPL=rgpl RGPU=rgpu RGSM=rgsm VALIDATION_STRINGENCY=SILENT    RGID=1 VERBOSITY=INFO QUIET=false COMPRESSION_LEVEL=5 MAX_RECORDS_IN_RAM=500000 CREATE_INDEX=false CREATE_MD5_FILE=false GA4GH_CLIENT_SECRETS=client_secrets.json
[Thu Jul 02 10:55:28 CEST 2015] Executing as fabio@ahmad-desktop on Linux 3.19.0-22-generic amd64; OpenJDK 64-Bit Server VM 1.7.0_79-b14; Picard version: 1.135(83ec44e03ec8d07ef180ef86b7a62d59a80dedd3_1435607037) IntelDeflater
INFO	2015-07-02 10:55:28	AddOrReplaceReadGroups	Created read group ID=1 PL=rgpl LB=rglib SM=rgsm

[Thu Jul 02 10:55:29 CEST 2015] picard.sam.AddOrReplaceReadGroups done. Elapsed time: 0.01 minutes.
Runtime.totalMemory()=251658240
## Realigning near indels and re-indexing
[Thu Jul 02 10:55:29 CEST 2015] picard.sam.CreateSequenceDictionary REFERENCE=NC_017331.1.fasta OUTPUT=NC_017331.1.dict    TRUNCATE_NAMES_AT_WHITESPACE=true NUM_SEQUENCES=2147483647 VERBOSITY=INFO QUIET=false VALIDATION_STRINGENCY=STRICT COMPRESSION_LEVEL=5 MAX_RECORDS_IN_RAM=500000 CREATE_INDEX=false CREATE_MD5_FILE=false GA4GH_CLIENT_SECRETS=client_secrets.json
[Thu Jul 02 10:55:29 CEST 2015] Executing as fabio@ahmad-desktop on Linux 3.19.0-22-generic amd64; OpenJDK 64-Bit Server VM 1.7.0_79-b14; Picard version: 1.135(83ec44e03ec8d07ef180ef86b7a62d59a80dedd3_1435607037) IntelDeflater
[Thu Jul 02 10:55:29 CEST 2015] picard.sam.CreateSequenceDictionary done. Elapsed time: 0.00 minutes.
Runtime.totalMemory()=251658240
INFO  10:55:30,529 HelpFormatter - -------------------------------------------------------------------------------- 
INFO  10:55:30,531 HelpFormatter - The Genome Analysis Toolkit (GATK) v3.4-0-g7e26428, Compiled 2015/05/15 03:25:41 
INFO  10:55:30,531 HelpFormatter - Copyright (c) 2010 The Broad Institute 
INFO  10:55:30,531 HelpFormatter - For support and documentation go to http://www.broadinstitute.org/gatk 
INFO  10:55:30,533 HelpFormatter - Program Args: -I tmp.addrg.rmdup.sorted.bam -R NC_017331.1.fasta -T RealignerTargetCreator -o help.intervals -filterNoBases -rf BadCigar --allow_potentially_misencoded_quality_scores 
INFO  10:55:30,537 HelpFormatter - Executing as fabio@ahmad-desktop on Linux 3.19.0-22-generic amd64; OpenJDK 64-Bit Server VM 1.7.0_79-b14. 
INFO  10:55:30,538 HelpFormatter - Date/Time: 2015/07/02 10:55:30 
INFO  10:55:30,538 HelpFormatter - -------------------------------------------------------------------------------- 
INFO  10:55:30,538 HelpFormatter - -------------------------------------------------------------------------------- 
INFO  10:55:30,578 GenomeAnalysisEngine - Strictness is SILENT 
INFO  10:55:30,651 GenomeAnalysisEngine - Downsampling Settings: Method: BY_SAMPLE, Target Coverage: 1000 
INFO  10:55:30,657 SAMDataSource$SAMReaders - Initializing SAMRecords in serial 
INFO  10:55:30,672 SAMDataSource$SAMReaders - Done initializing BAM readers: total time 0.01 
INFO  10:55:30,731 GenomeAnalysisEngine - Preparing for traversal over 1 BAM files 
INFO  10:55:30,756 GenomeAnalysisEngine - Done preparing for traversal 
INFO  10:55:30,756 ProgressMeter - [INITIALIZATION COMPLETE; STARTING PROCESSING] 
INFO  10:55:30,757 ProgressMeter -                 | processed |    time |    per 1M |           |   total | remaining 
INFO  10:55:30,757 ProgressMeter -        Location |     sites | elapsed |     sites | completed | runtime |   runtime 
INFO  10:55:32,621 ProgressMeter -            done   3043210.0     1.0 s       0.0 s      100.0%     1.0 s       0.0 s 
INFO  10:55:32,621 ProgressMeter - Total runtime 1.86 secs, 0.03 min, 0.00 hours 
INFO  10:55:32,623 MicroScheduler - 28 reads were filtered out during the traversal out of approximately 2213 total reads (1.27%) 
INFO  10:55:32,624 MicroScheduler -   -> 0 reads (0.00% of total) failing BadCigarFilter 
INFO  10:55:32,624 MicroScheduler -   -> 0 reads (0.00% of total) failing BadMateFilter 
INFO  10:55:32,624 MicroScheduler -   -> 0 reads (0.00% of total) failing DuplicateReadFilter 
INFO  10:55:32,624 MicroScheduler -   -> 0 reads (0.00% of total) failing FailsVendorQualityCheckFilter 
INFO  10:55:32,624 MicroScheduler -   -> 0 reads (0.00% of total) failing MalformedReadFilter 
INFO  10:55:32,625 MicroScheduler -   -> 0 reads (0.00% of total) failing MappingQualityUnavailableFilter 
INFO  10:55:32,625 MicroScheduler -   -> 28 reads (1.27% of total) failing MappingQualityZeroFilter 
INFO  10:55:32,625 MicroScheduler -   -> 0 reads (0.00% of total) failing NotPrimaryAlignmentFilter 
INFO  10:55:32,625 MicroScheduler -   -> 0 reads (0.00% of total) failing Platform454Filter 
INFO  10:55:32,625 MicroScheduler -   -> 0 reads (0.00% of total) failing UnmappedReadFilter 
INFO  10:55:33,688 GATKRunReport - Uploaded run statistics report to AWS S3 
INFO  10:55:34,882 HelpFormatter - -------------------------------------------------------------------------------- 
INFO  10:55:34,883 HelpFormatter - The Genome Analysis Toolkit (GATK) v3.4-0-g7e26428, Compiled 2015/05/15 03:25:41 
INFO  10:55:34,884 HelpFormatter - Copyright (c) 2010 The Broad Institute 
INFO  10:55:34,884 HelpFormatter - For support and documentation go to http://www.broadinstitute.org/gatk 
INFO  10:55:34,886 HelpFormatter - Program Args: -I tmp.addrg.rmdup.sorted.bam -R NC_017331.1.fasta -T IndelRealigner -targetIntervals help.intervals -o ERR159971.bam -filterNoBases -rf BadCigar --allow_potentially_misencoded_quality_scores --defaultBaseQualities 0 
INFO  10:55:34,890 HelpFormatter - Executing as fabio@ahmad-desktop on Linux 3.19.0-22-generic amd64; OpenJDK 64-Bit Server VM 1.7.0_79-b14. 
INFO  10:55:34,891 HelpFormatter - Date/Time: 2015/07/02 10:55:34 
INFO  10:55:34,891 HelpFormatter - -------------------------------------------------------------------------------- 
INFO  10:55:34,891 HelpFormatter - -------------------------------------------------------------------------------- 
INFO  10:55:34,995 GenomeAnalysisEngine - Strictness is SILENT 
INFO  10:55:35,028 GenomeAnalysisEngine - Downsampling Settings: No downsampling 
INFO  10:55:35,034 SAMDataSource$SAMReaders - Initializing SAMRecords in serial 
INFO  10:55:35,049 SAMDataSource$SAMReaders - Done initializing BAM readers: total time 0.02 
INFO  10:55:35,113 GenomeAnalysisEngine - Preparing for traversal over 1 BAM files 
INFO  10:55:35,117 GenomeAnalysisEngine - Done preparing for traversal 
INFO  10:55:35,117 ProgressMeter - [INITIALIZATION COMPLETE; STARTING PROCESSING] 
INFO  10:55:35,117 ProgressMeter -                 | processed |    time |    per 1M |           |   total | remaining 
INFO  10:55:35,118 ProgressMeter -        Location |     reads | elapsed |     reads | completed | runtime |   runtime 
INFO  10:55:35,142 ReadShardBalancer$1 - Loading BAM index data 
INFO  10:55:35,143 ReadShardBalancer$1 - Done loading BAM index data 
INFO  10:55:35,917 ProgressMeter -            done      2924.0     0.0 s       4.6 m       97.1%     0.0 s       0.0 s 
INFO  10:55:35,917 ProgressMeter - Total runtime 0.80 secs, 0.01 min, 0.00 hours 
INFO  10:55:35,919 MicroScheduler - 0 reads were filtered out during the traversal out of approximately 2924 total reads (0.00%) 
INFO  10:55:35,920 MicroScheduler -   -> 0 reads (0.00% of total) failing BadCigarFilter 
INFO  10:55:35,920 MicroScheduler -   -> 0 reads (0.00% of total) failing MalformedReadFilter 
INFO  10:55:36,904 GATKRunReport - Uploaded run statistics report to AWS S3 

##################
# Reads coverage #
##################
(only counts reads where MAPQ >= 1)
Genome length: 3043210
min =  0
max =  5
% cov. =  31.763
Avg. base cov. =  0.374381
Stdev base cov. =  0.617671

Reads length (MAPQ >= 1):
min-max avg stdev
175-1849 616.777 +- 220.26

flagstats:
2924 + 0 in total (QC-passed reads + QC-failed reads)
0 + 0 duplicates
2162 + 0 mapped (73.94%:-nan%)
0 + 0 paired in sequencing
0 + 0 read1
0 + 0 read2
0 + 0 properly paired (-nan%:-nan%)
0 + 0 with itself and mate mapped
0 + 0 singletons (-nan%:-nan%)
0 + 0 with mate mapped to a different chr
0 + 0 with mate mapped to a different chr (mapQ>=5)

idxstats:
Chr	length	mapped	unmapped
gi|387141638|ref|NC_017331.1|	3043210	2162	0
*	0	0	762

## SNP calling with GATK
INFO  10:55:39,069 HelpFormatter - -------------------------------------------------------------------------------- 
INFO  10:55:39,071 HelpFormatter - The Genome Analysis Toolkit (GATK) v3.4-0-g7e26428, Compiled 2015/05/15 03:25:41 
INFO  10:55:39,071 HelpFormatter - Copyright (c) 2010 The Broad Institute 
INFO  10:55:39,071 HelpFormatter - For support and documentation go to http://www.broadinstitute.org/gatk 
INFO  10:55:39,074 HelpFormatter - Program Args: -ploidy 1 -I ERR159971.bam -R NC_017331.1.fasta -T UnifiedGenotyper -o ERR159971-snps.vcf -filterNoBases -rf BadCigar --allow_potentially_misencoded_quality_scores 
INFO  10:55:39,079 HelpFormatter - Executing as fabio@ahmad-desktop on Linux 3.19.0-22-generic amd64; OpenJDK 64-Bit Server VM 1.7.0_79-b14. 
INFO  10:55:39,079 HelpFormatter - Date/Time: 2015/07/02 10:55:39 
INFO  10:55:39,079 HelpFormatter - -------------------------------------------------------------------------------- 
INFO  10:55:39,079 HelpFormatter - -------------------------------------------------------------------------------- 
INFO  10:55:39,145 GenomeAnalysisEngine - Strictness is SILENT 
INFO  10:55:39,224 GenomeAnalysisEngine - Downsampling Settings: Method: BY_SAMPLE, Target Coverage: 250 
INFO  10:55:39,230 SAMDataSource$SAMReaders - Initializing SAMRecords in serial 
INFO  10:55:39,245 SAMDataSource$SAMReaders - Done initializing BAM readers: total time 0.02 
INFO  10:55:39,310 GenomeAnalysisEngine - Preparing for traversal over 1 BAM files 
INFO  10:55:39,336 GenomeAnalysisEngine - Done preparing for traversal 
INFO  10:55:39,337 ProgressMeter - [INITIALIZATION COMPLETE; STARTING PROCESSING] 
INFO  10:55:39,337 ProgressMeter -                 | processed |    time |    per 1M |           |   total | remaining 
INFO  10:55:39,337 ProgressMeter -        Location |     sites | elapsed |     sites | completed | runtime |   runtime 
INFO  10:55:39,365 StrandBiasTest - SAM/BAM data was found. Attempting to use read data to calculate strand bias annotations values. 
INFO  10:55:39,365 StrandBiasTest - SAM/BAM data was found. Attempting to use read data to calculate strand bias annotations values. 
INFO  10:55:49,784 ProgressMeter -            done   3043210.0    10.0 s       3.0 s      100.0%    10.0 s       0.0 s 
INFO  10:55:49,784 ProgressMeter - Total runtime 10.45 secs, 0.17 min, 0.00 hours 
INFO  10:55:49,785 MicroScheduler - 0 reads were filtered out during the traversal out of approximately 2212 total reads (0.00%) 
INFO  10:55:49,785 MicroScheduler -   -> 0 reads (0.00% of total) failing BadCigarFilter 
INFO  10:55:49,785 MicroScheduler -   -> 0 reads (0.00% of total) failing BadMateFilter 
INFO  10:55:49,785 MicroScheduler -   -> 0 reads (0.00% of total) failing DuplicateReadFilter 
INFO  10:55:49,785 MicroScheduler -   -> 0 reads (0.00% of total) failing FailsVendorQualityCheckFilter 
INFO  10:55:49,786 MicroScheduler -   -> 0 reads (0.00% of total) failing MalformedReadFilter 
INFO  10:55:49,786 MicroScheduler -   -> 0 reads (0.00% of total) failing MappingQualityUnavailableFilter 
INFO  10:55:49,786 MicroScheduler -   -> 0 reads (0.00% of total) failing NotPrimaryAlignmentFilter 
INFO  10:55:49,786 MicroScheduler -   -> 0 reads (0.00% of total) failing UnmappedReadFilter 
INFO  10:55:50,737 GATKRunReport - Uploaded run statistics report to AWS S3 
SNPs found: 0
## INDELS calling with GATK
INFO  10:55:51,955 HelpFormatter - -------------------------------------------------------------------------------- 
INFO  10:55:51,956 HelpFormatter - The Genome Analysis Toolkit (GATK) v3.4-0-g7e26428, Compiled 2015/05/15 03:25:41 
INFO  10:55:51,956 HelpFormatter - Copyright (c) 2010 The Broad Institute 
INFO  10:55:51,957 HelpFormatter - For support and documentation go to http://www.broadinstitute.org/gatk 
INFO  10:55:51,959 HelpFormatter - Program Args: -ploidy 1 -I ERR159971.bam -R NC_017331.1.fasta -T UnifiedGenotyper -o ERR159971-indels.vcf -glm INDEL -filterNoBases -rf BadCigar --allow_potentially_misencoded_quality_scores 
INFO  10:55:51,964 HelpFormatter - Executing as fabio@ahmad-desktop on Linux 3.19.0-22-generic amd64; OpenJDK 64-Bit Server VM 1.7.0_79-b14. 
INFO  10:55:51,964 HelpFormatter - Date/Time: 2015/07/02 10:55:51 
INFO  10:55:51,964 HelpFormatter - -------------------------------------------------------------------------------- 
INFO  10:55:51,964 HelpFormatter - -------------------------------------------------------------------------------- 
INFO  10:55:52,037 GenomeAnalysisEngine - Strictness is SILENT 
INFO  10:55:52,117 GenomeAnalysisEngine - Downsampling Settings: Method: BY_SAMPLE, Target Coverage: 250 
INFO  10:55:52,123 SAMDataSource$SAMReaders - Initializing SAMRecords in serial 
INFO  10:55:52,139 SAMDataSource$SAMReaders - Done initializing BAM readers: total time 0.02 
INFO  10:55:52,201 GenomeAnalysisEngine - Preparing for traversal over 1 BAM files 
INFO  10:55:52,226 GenomeAnalysisEngine - Done preparing for traversal 
INFO  10:55:52,226 ProgressMeter - [INITIALIZATION COMPLETE; STARTING PROCESSING] 
INFO  10:55:52,226 ProgressMeter -                 | processed |    time |    per 1M |           |   total | remaining 
INFO  10:55:52,227 ProgressMeter -        Location |     sites | elapsed |     sites | completed | runtime |   runtime 
INFO  10:55:52,255 StrandBiasTest - SAM/BAM data was found. Attempting to use read data to calculate strand bias annotations values. 
INFO  10:55:52,255 StrandBiasTest - SAM/BAM data was found. Attempting to use read data to calculate strand bias annotations values. 
INFO  10:55:55,146 ProgressMeter -            done   3043210.0     2.0 s       0.0 s      100.0%     2.0 s       0.0 s 
INFO  10:55:55,146 ProgressMeter - Total runtime 2.92 secs, 0.05 min, 0.00 hours 
INFO  10:55:55,149 MicroScheduler - 0 reads were filtered out during the traversal out of approximately 2212 total reads (0.00%) 
INFO  10:55:55,149 MicroScheduler -   -> 0 reads (0.00% of total) failing BadCigarFilter 
INFO  10:55:55,149 MicroScheduler -   -> 0 reads (0.00% of total) failing BadMateFilter 
INFO  10:55:55,149 MicroScheduler -   -> 0 reads (0.00% of total) failing DuplicateReadFilter 
INFO  10:55:55,150 MicroScheduler -   -> 0 reads (0.00% of total) failing FailsVendorQualityCheckFilter 
INFO  10:55:55,150 MicroScheduler -   -> 0 reads (0.00% of total) failing MalformedReadFilter 
INFO  10:55:55,150 MicroScheduler -   -> 0 reads (0.00% of total) failing MappingQualityUnavailableFilter 
INFO  10:55:55,150 MicroScheduler -   -> 0 reads (0.00% of total) failing NotPrimaryAlignmentFilter 
INFO  10:55:55,151 MicroScheduler -   -> 0 reads (0.00% of total) failing UnmappedReadFilter 
INFO  10:55:56,221 GATKRunReport - Uploaded run statistics report to AWS S3 
INDELS found: 0
