#Sequence	Occurrence	Forward Match	Backward Match	Forward Mismatch	Backward Mismatch	Strand Bias Score	FER	RER
GTAC	15592	5	1	463349	463296	0.660054940841	0.999989209114	0.999997841557
CGAG	16136	2	3	476597	462149	0.165680830178	0.9999958036	0.999993508629
GTAA	26271	10	9	762603	755262	-0.0	0.999986887189	0.999988083747
CGAA	30885	2	4	918379	886447	0.351441545016	0.999997822255	0.999995487624
GTAG	11091	1	1	326496	324013	-0.0	0.999996937185	0.999996913714
CGAC	16551	2	4	490168	483363	0.34687847494	0.999995919783	0.999991724714
AGTG	20777	9	4	611152	606837	0.573679658032	0.999985273929	0.999993408488
AGTA	18108	3	0	522223	515790	0.602011162154	0.999994255361	1.0
AGTC	17836	3	4	519546	518426	0.138903161952	0.999994225761	0.999992284397
AAAA	123408	144	172	3501632	3349818	1.25527730371	0.999958878009	0.999948656563
CGAT	36506	6	7	1075682	1075755	6.07580788855e-10	0.999994422174	0.999993492985
AAAC	55949	21	13	1630685	1588562	0.636693493154	0.999987122142	0.999991816565
GTAT	30364	9	7	875868	879615	0.201816008339	0.999989724585	0.999992042036
GGTT	26570	11	4	753543	767182	1.12865278496	0.999985402506	0.999994786141
AGTT	23477	8	6	663706	671715	0.218154790959	0.999987946616	0.99999106772
AACA	48126	2	11	1421914	1380329	1.92888851977	0.999998593447	0.999992030949
AAAT	72950	20	15	2050919	2019588	0.301024822388	0.999990248369	0.999992572798
GCAC	20909	3	4	617628	614900	0.13908678586	0.999995142731	0.99999349492
GAAT	44585	9	4	1286746	1273366	0.573602027867	0.999993005662	0.999996858729
TTAG	17945	4	5	507354	508336	4.27122766462e-10	0.999992116021	0.999990164083
TTAC	26271	24	17	754089	758441	0.554951105353	0.999968174531	0.999977586102
TTAA	46056	16	9	1282200	1273731	0.63905662182	0.999987521603	0.999992934194
TATT	49654	9	20	1363446	1388381	1.20947826091	0.999993399122	0.99998559494
GAAC	30745	2	6	908944	892244	0.755072060793	0.999997799649	0.999993275427
GAAA	74468	20	20	2160758	2079709	-0.0	0.999990744075	0.999990383362
GAAG	49569	6	12	1471882	1418664	0.794590264598	0.999995923603	0.999991541409
TTAT	50798	15	14	1392206	1422335	0.0684290074755	0.999989225848	0.999990157127
ACGT	18070	8	2	548731	547707	0.961082140299	0.99998542112	0.999996348426
ACTT	28412	7	4	802792	821063	0.41729583951	0.999991280507	0.99999512829
GCTC	28906	5	17	828689	842143	1.77016154944	0.99999396641	0.999979813812
GCTA	14928	8	4	435817	431664	0.41143859594	0.999981644008	0.999990733619
ATAA	50798	22	16	1432164	1397003	0.377721032664	0.999984638867	0.999988547042
ATAC	30364	9	2	879539	876888	1.1842085895	0.999989767471	0.999997719212
CCAT	34506	6	6	991664	1008322	-0.0	0.9999939496	0.999994049555
ATAG	21192	4	3	606788	598483	4.12440350389e-10	0.999993407955	0.999994987351
GCTT	55970	15	18	1603772	1641075	0.137329002344	0.999990647137	0.9999890317
CCAA	29785	14	7	855819	845503	0.722583679211	0.999983641668	0.999991720973
ATTT	72950	21	33	1994571	2045252	0.868632167165	0.999989471531	0.999983865329
CCAC	12919	3	5	374866	376642	0.138724232272	0.999991997204	0.999986724971
ATAT	52862	45	33	1490714	1492039	0.753457965586	0.999969814034	0.999977883105
CCAG	22581	3	2	647699	648081	0.162785614942	0.99999536824	0.999996913976
TAAG	22614	3	2	651335	644857	-0.0	0.999995394096	0.999996898547
TAAC	21387	3	5	617681	616878	0.294539951585	0.999995143148	0.999991894735
TAAA	59458	56	53	1672766	1625733	0.0343963966316	0.999966523635	0.999967400384
TGTC	34421	8	8	997245	1020134	-0.0	0.999991977963	0.999992157954
TGTA	29957	9	1	862946	868799	1.94085895979	0.999989570719	0.999998848987
TCTT	54888	18	23	1517507	1592801	0.193910722134	0.999988138581	0.999985560238
CTCT	26959	4	11	753408	784891	0.922198487077	0.99999469082	0.999985985512
TAAT	37611	5	7	1046630	1052669	0.111020848571	0.999995222785	0.999993350281
GTGG	12919	12	8	374870	376292	0.417466899709	0.999967989927	0.999978740367
TCTG	35079	15	6	996861	1017653	1.29824024951	0.999984952993	0.999994104115
ACTA	10978	3	0	315454	311474	0.602009484571	0.999990489988	1.0
ACTC	15444	1	3	441304	448136	0.204089802836	0.999997733993	0.999993305648
TCTC	29653	8	9	833553	863522	8.47765156323e-10	0.999990402622	0.999989577676
CGTT	33194	8	6	966745	985902	0.219054517209	0.999991724877	0.999993914239
TCTA	19199	4	10	537113	547002	0.745169076579	0.999992552833	0.999981718865
CTCG	16136	1	5	464695	465513	0.660052759309	0.999997848056	0.999989259277
CGGC	38293	7	7	1081128	1079348	-0.0	0.999993525323	0.999993514645
TAGT	10978	3	3	311051	315188	2.9137429245e-10	0.999990355372	0.999990481962
CGGA	34005	5	9	996373	971656	0.528527408585	0.999994981824	0.999990737548
AAGC	55970	19	18	1643038	1617152	5.00670575923e-10	0.999988436189	0.999988869445
AAAG	68524	18	9	1989521	1914139	0.906747690069	0.999990952678	0.999995298169
AAGA	54888	22	23	1605714	1537148	0.114413711525	0.999986299118	0.999985037449
CTAA	17945	8	5	510962	504898	0.235717839341	0.999984343504	0.999990097108
GTGA	29412	5	3	869630	863348	0.13871880139	0.999994250461	0.999996525168
GTGC	20909	7	4	610817	616088	0.413792633629	0.99998854007	0.999993507463
GGCT	31947	9	12	910815	921840	0.177999553181	0.999990118837	0.999986982726
ACGA	25614	2	7	773384	748960	0.98256293297	0.999997413969	0.999990653794
CTAT	21192	3	8	597533	603428	0.644696832675	0.999994979382	0.999986742587
AAGT	28412	5	4	820357	811560	7.09233633107e-10	0.99999390513	0.999995071245
ACGG	26889	20	15	795689	779677	0.300738100376	0.999974865183	0.999980761634
CGGT	25144	5	5	725686	731057	-0.0	0.999993110015	0.999993160635
GGCC	18982	15	8	531246	532976	0.821210642287	0.999971765291	0.999984990169
GGCA	34307	6	8	1004433	989295	0.218536986523	0.999994026516	0.999991913499
GTGT	20661	3	3	606517	613701	2.2098493564e-09	0.999995053749	0.99999511165
TTCT	55398	9	12	1525511	1602858	0.176738738618	0.999994100372	0.999992513429
AGGG	17551	16	8	510110	497655	0.817198952418	0.9999686352	0.999983924865
AGGA	34871	6	5	1030735	995227	-0.0	0.999994178945	0.999994976046
AGGC	28023	9	13	818594	807857	0.395820012904	0.99998900566	0.999983908302
TCAA	56024	15	8	1616851	1605335	0.677563084435	0.999990722793	0.999995016641
GATT	49648	15	13	1410142	1428310	0.149084595402	0.999989362887	0.999990898417
CCCT	17551	3	7	491398	510640	0.462615496268	0.999993895006	0.9999862919
GTCG	16551	6	6	485458	483772	-0.0	0.99998764069	0.999987597617
GACT	17836	3	6	516235	522657	0.294233843463	0.999994188727	0.999988520328
AGGT	20146	4	2	589905	585480	0.16271940067	0.999993219293	0.999996584011
TTCG	30885	7	10	888700	901209	0.201209792899	0.999992123388	0.999988903918
TCAC	29412	5	0	861980	870171	1.51543900205	0.999994199435	1.0
TTCA	67355	34	40	1914834	1947631	0.249935806585	0.999982244207	0.999979462651
TTCC	45729	23	25	1284749	1334676	0.0523568955156	0.999982097991	0.999981269213
CTCA	26946	3	6	778316	784574	0.294270671079	0.999996145539	0.999992352596
GACA	34421	5	5	1025006	1004177	-0.0	0.999995122004	0.999995020823
GACC	15746	7	12	458371	456497	0.581354703886	0.999984728761	0.999973713552
GATG	42526	12	18	1262721	1247803	0.555305795634	0.999990496803	0.999985574854
GATA	37379	9	8	1087557	1071870	3.01952386169e-10	0.99999172464	0.999992536464
GACG	22512	11	5	675476	660092	0.676546931479	0.999983715453	0.999992425356
GATC	36006	10	19	1056642	1059282	0.866294571014	0.999990536146	0.999982063644
GCCG	38293	10	9	1087545	1074657	4.61418783547e-10	0.999990805063	0.999991625305
AGAC	22759	9	9	670595	657823	-0.0	0.999986579263	0.999986318695
ATCT	33703	5	12	955970	979664	0.841725149356	0.999994769738	0.999987751052
GCCC	17802	10	11	495148	500286	-0.0	0.999979804426	0.99997801306
GCCA	30003	6	7	871010	863845	0.102547140947	0.999993111493	0.99999189676
CCGG	29058	19	9	810224	803380	1.05930819782	0.999976550245	0.999988797457
TACT	18108	2	2	513831	520801	-0.0	0.999996107685	0.999996159776
ACCA	21042	9	5	616828	609452	0.372565536604	0.999985409436	0.999991795976
CTGC	38140	4	8	1099593	1110741	0.411428225618	0.999996362304	0.999992797653
CCGC	33833	8	10	955846	952366	0.189092119031	0.999991630521	0.999989499945
GGAC	18039	3	2	529601	523728	4.06142086617e-10	0.99999433539	0.999996181238
CCTT	37942	12	13	1068762	1118970	9.60687951108e-10	0.999988772182	0.999988382308
CAGT	25364	10	6	737184	745490	0.481904761961	0.99998643505	0.999991951667
ATCG	36506	7	14	1079383	1063617	0.882216044915	0.999993514856	0.99998683754
TAGG	11341	4	1	324588	324374	0.425970801414	0.999987676837	0.999996917148
ATCC	34867	20	16	997494	1014494	0.293868325828	0.999979950156	0.99998422884
TAGC	14928	1	5	432150	433785	0.660045161036	0.999997685994	0.999988473685
CAGA	35079	3	4	1027303	1001355	0.140741192447	0.999997079741	0.999996005429
CCTC	21729	3	3	610563	634303	1.71894312146e-10	0.999995086526	0.999995270422
CAGC	53957	10	20	1580294	1578609	1.15115204629	0.999993672104	0.999987330779
CCGT	26889	8	4	780739	790002	0.578252623145	0.999989753403	0.999994936747
CCTG	29579	12	17	850016	859554	0.338699257236	0.999985882818	0.999980222692
CAGG	29579	7	15	864608	853919	1.03977714288	0.999991903911	0.99998243424
TGGG	16687	6	8	474170	473198	0.21690904061	0.999987346471	0.999983094044
CTCC	25691	12	12	719480	742013	-0.0	0.999983321566	0.999983828038
TGGC	30003	12	7	859268	869122	0.5840654923	0.99998603482	0.99999194596
TGGA	32059	9	6	929866	920222	0.216588116462	0.99999032128	0.999993479877
TCGC	24467	10	4	712548	718968	0.932285916435	0.999985966055	0.999994436501
TCGA	21902	6	6	647343	635707	-0.0	0.999990731429	0.999990561779
TCGG	28095	35	20	810051	800872	1.2344534816	0.999956794711	0.999975027844
ACCC	13478	14	8	380732	383802	0.681357892624	0.99996323008	0.999979156353
TGGT	21042	8	11	605290	618547	0.188441454128	0.99998678337	0.999982216704
GCCT	28023	6	7	802115	821649	-0.0	0.999992519832	0.99999148062
CACA	25189	6	2	744243	739320	0.53897761644	0.999991938182	0.999997294819
TGTT	48126	15	13	1366392	1414360	0.150338092417	0.999989022304	0.999990808648
TCGT	25614	6	5	750799	762709	0.111984217111	0.999992008577	0.999993444463
TAGA	19199	2	6	551921	536230	0.760203799084	0.999996376306	0.999988810897
ACAG	38109	7	8	1129270	1105140	0.0960097526452	0.999993801344	0.999992761151
AAGG	37942	11	6	1124306	1083689	0.476632038266	0.999990216282	0.999994463387
ACAC	20661	3	4	611777	611757	0.138729959124	0.999995096276	0.999993461499
ATGT	34944	9	9	1016919	1026825	2.47287988985e-10	0.999991149816	0.999991235195
ACAA	43979	10	10	1290188	1254220	-0.0	0.999992249252	0.999992026981
CTAG	6218	1	0	179255	178240	-0.0	0.999994421386	1.0
ATCA	60485	8	14	1768089	1751443	0.681971887961	0.999995475361	0.999992006655
CACT	20777	2	3	604621	613501	1.55747950554e-10	0.999996692154	0.999995110056
ACAT	34944	9	10	1025502	1023320	0.0842750111818	0.999991223887	0.999990227981
ACTG	25364	3	4	742698	737140	0.139334593622	0.999995960689	0.999994573652
CGGG	20433	19	7	572342	565070	1.53698098706	0.999966804167	0.999987612308
CTAC	11091	2	3	323749	325654	-0.0	0.999993822413	0.999990787853
GGAA	45729	7	6	1340941	1299628	-0.0	0.999994779812	0.999995383316
AGAA	55398	5	12	1613469	1543701	1.04459968353	0.999996901097	0.999992226534
CCTA	11341	1	0	324220	323422	-0.0	0.999996915684	1.0
AGAG	26959	7	8	788146	761399	0.0965599555432	0.999991118476	0.999989493136
AATG	53196	11	8	1547433	1525265	0.188579203976	0.999992891504	0.999994755037
GGAG	25691	4	7	744666	727810	0.417391021884	0.999994628493	0.999990382198
ATTG	47586	10	10	1365390	1364492	-0.0	0.999992676139	0.999992671319
ATTC	44585	13	8	1261769	1283761	0.54905836724	0.999989697111	0.999993768349
GGAT	34867	4	4	1013335	1007458	-0.0	0.999996052654	0.999996029627
ATTA	37611	7	7	1052611	1043668	8.8646246044e-10	0.999993349914	0.999993292931
AGAT	33703	6	13	979463	965303	0.947486244045	0.999993874232	0.999986532907
TACG	19221	4	3	573844	570213	-0.0	0.999993029513	0.999994738836
CTTG	36505	10	15	1054391	1068851	0.371994754127	0.999990515942	0.999985966435
TGAT	60485	10	23	1749319	1766888	1.45400607118	0.999994283522	0.999986982932
TTTA	59458	20	15	1622941	1655192	0.396678667533	0.999987676845	0.999990937689
TTTC	74468	30	20	2057364	2145430	0.912983175878	0.999985418447	0.999990677946
TTTG	63497	17	15	1772644	1824344	0.139423012558	0.999990409898	0.999991777934
CAAG	36505	3	9	1078247	1060817	1.04683570187	0.999997217714	0.999991516045
CTTA	22614	17	19	643274	644993	0.0615093954463	0.999973573391	0.999970543184
GCAG	38140	2	9	1119123	1105607	1.42635297595	0.99999821289	0.999991859742
CAAC	23286	2	2	685978	682369	8.34999099998e-10	0.999997084463	0.999997069043
CAAA	63497	20	23	1837545	1784482	0.188237175396	0.999989116031	0.999987111272
TGAG	26946	23	36	788757	778352	1.04232933694	0.999970841046	0.999953750572
TTTT	123408	177	172	3304214	3467523	0.312808335118	0.99994643491	0.999950399329
TGAA	67355	16	15	1959021	1915215	-0.0	0.999991832722	0.999992168042
TGAC	33166	9	11	979810	979028	0.178162232418	0.99999081463	0.999988764493
GCAT	36270	4	3	1071233	1074215	0.138953458633	0.999996265999	0.999997207271
CAAT	47586	15	9	1366446	1372229	0.641002484371	0.999989022738	0.999993441371
CTGT	38109	12	9	1097239	1125273	0.284968398447	0.999989063578	0.999992002005
TGTG	25189	11	10	734932	741928	0.080371771947	0.999985032853	0.999986521785
TCAT	57367	9	18	1641122	1680141	0.910904737824	0.999994515977	0.999989286728
AATT	50234	24	11	1385404	1393543	1.54703240397	0.999982676833	0.999992106513
TATG	34515	6	11	995151	988842	0.626314453948	0.999993970801	0.999988876001
TATA	33668	41	26	931229	925447	1.06281288317	0.9999559741	0.999971906258
ACGC	20827	6	4	621341	616086	0.122670436327	0.99999034356	0.999993507442
TATC	37379	6	13	1069021	1082547	0.776695452784	0.99999438742	0.999987991428
AATC	49648	13	10	1423863	1419543	0.16899684316	0.999990869991	0.999992955529
AATA	49654	5	8	1397495	1372164	0.376877675507	0.999996422182	0.999994169827
CTGA	45149	12	7	1319956	1309888	0.444483116152	0.999990908871	0.99999465606
TCAG	45149	7	9	1315745	1316222	0.0949498893621	0.999994679848	0.999993162294
CGTG	16473	2	3	492449	491106	0.162996394371	0.999995938682	0.999993891376
CTTT	68524	21	23	1888970	1972762	0.0547146707291	0.999988882954	0.999988341355
CGTC	22512	6	4	662175	669505	0.262309811118	0.999990939033	0.999994025472
CGTA	19221	5	6	576902	569426	0.111825934681	0.999991333092	0.999989463184
GTTA	21387	12	5	617056	615100	0.843241917033	0.999980553197	0.999991871307
GTTC	30745	5	5	883938	907302	-0.0	0.999994343527	0.999994489186
GGGT	13478	6	2	381663	384761	0.749715822623	0.999984279572	0.999994801995
GTCA	33166	8	10	980575	979733	0.188785775052	0.999991841588	0.999989793242
GTTG	23286	6	7	678303	684174	1.10741529356e-09	0.999991154474	0.999989768789
GTCC	18039	14	6	518642	530035	1.12221660368	0.999973007157	0.999988680121
AACC	26570	10	5	764096	760259	0.520311423709	0.999986912811	0.999993423337
ACCG	25144	8	12	732815	721766	0.420304448532	0.999989083312	0.999983374389
AACG	33194	10	5	995003	966499	0.519231572215	0.99998994988	0.999994826716
CTTC	49569	7	22	1404056	1461243	2.07119725558	0.999995014469	0.999984944551
GTCT	22759	4	9	651498	670924	0.572641353388	0.999993860341	0.999986585844
GGGC	17802	11	2	498661	498162	1.64858416625	0.999977941412	0.999995985258
GTTT	55949	20	16	1568677	1625856	0.295698604671	0.999987250565	0.999990159127
GGGA	23391	9	3	675142	659204	0.834638897085	0.999986669649	0.999995449077
ACCT	20146	5	5	579578	592990	-0.0	0.999991373108	0.999991568226
GGGG	13102	16	8	364284	359529	0.818741308338	0.999956080154	0.999977749161
AACT	23477	7	7	669420	669050	-0.0	0.999989543296	0.999989537513
GAGT	15444	1	3	447861	445412	0.427552310588	0.999997767169	0.999993264708
GGTA	16032	4	5	468879	465097	0.123248204744	0.999991469087	0.99998924967
GGTG	21462	5	5	626001	625073	1.95170911029e-10	0.999992012856	0.999992000998
AGCA	43892	7	15	1308714	1278255	1.04680751316	0.999994651266	0.99998826539
GGCG	28885	6	8	820814	812479	0.21793652585	0.999992690237	0.999990153689
AGCC	31947	9	15	917651	914586	0.64063067058	0.999990192446	0.999983599406
TTGT	43979	17	12	1242615	1285781	0.449362597726	0.999986319361	0.999990667238
AGCG	33186	3	8	977406	954787	0.849068860625	0.999996930661	0.999991621238
GAGG	21729	10	9	636929	617286	-0.0	0.999984299909	0.999985420261
GAGA	29653	23	41	869594	841455	1.75286749935	0.999973551575	0.999951277249
GAGC	28906	6	10	843378	832508	0.482422214966	0.999992885803	0.999987988248
TTGA	56024	16	15	1608998	1607889	2.22708092398e-09	0.999990056022	0.999990671085
TTGC	41086	16	23	1175130	1202155	0.471079942468	0.999986384671	0.999980868058
CTGG	22581	11	11	647363	646839	7.090648758e-10	0.999983008277	0.999982994512
AGCT	44736	9	7	1307353	1311764	0.201710222723	0.999993115908	0.999994663703
TTGG	29785	21	19	842363	854542	0.122770594793	0.999975070752	0.999977766362
CCCA	16687	3	2	470995	474999	0.163556739613	0.999993630546	0.999995789483
ATGC	36270	12	11	1068394	1068896	0.0763513004343	0.999988768315	0.999989709114
ATGA	57367	9	9	1684245	1643536	-0.0	0.999994656388	0.999994524032
ATGG	34506	18	17	1006156	996261	2.59952458916e-09	0.99998211045	0.99998293649
TGCT	43892	12	5	1272449	1301427	1.03214031364	0.999990569456	0.999996158078
GGTC	15746	7	4	454080	459419	0.414593622071	0.999984584452	0.999991293427
GCGC	24676	3	5	706496	703475	0.295093404923	0.999995753709	0.999992892477
GCAA	41086	15	10	1211112	1182730	0.371432099353	0.999987614841	0.999991545056
GCGA	24467	3	4	730651	710542	0.140916536465	0.999995894089	0.999994370526
GCGG	33833	17	13	960469	953742	0.233043088605	0.999982300627	0.999986369665
CCCC	13102	14	11	355108	364033	0.257282907107	0.999960576928	0.999969783872
TGCC	34307	18	16	984053	999434	0.134218985576	0.999981708637	0.999983991195
CACG	16473	1	6	495496	490084	1.16218299382	0.999997981824	0.999987757351
TGCA	33426	7	6	978084	974643	-0.0	0.999992843202	0.999993843938
CCCG	20433	3	5	565629	564835	0.294559344325	0.999994696198	0.999991147936
TGCG	24780	6	7	726470	724605	0.102230290112	0.999991740952	0.999990339658
CACC	21462	13	8	622513	629077	0.546886600316	0.999979117338	0.999987283118
TACA	29957	5	8	872543	862139	0.37548612817	0.999994269656	0.99999072084
TACC	16032	8	2	463624	467707	1.19181005112	0.999982744936	0.999995723837
GCGT	20827	2	5	618114	619902	0.343779956861	0.999996764361	0.999991934274
CATA	34515	6	4	994498	993088	0.122682654975	0.999993966842	0.999995972176
CATC	42526	9	14	1243995	1261480	0.392398625278	0.999992765297	0.999988902048
CCGA	28095	3	3	812133	803506	1.15461063709e-09	0.999996306037	0.999996266377
CATG	32850	4	6	972958	970576	0.260959829886	0.999995888843	0.999993818142
TCCT	34871	13	12	982505	1027478	0.0744302589722	0.99998676869	0.999988321054
CGCT	33186	1	9	959738	970545	1.66749346806	0.99999895805	0.999990726946
CATT	53196	17	15	1515453	1544655	0.138948313788	0.999988782358	0.999990289188
GCTG	53957	15	16	1578992	1576853	0.0655239979791	0.999990500359	0.999989853311
CGCG	16952	6	4	492484	484433	0.122635224592	0.999987817012	0.999991742992
TCCG	34005	5	8	972448	981794	0.235740958629	0.999994858363	0.999991851718
CGCC	28885	12	19	817924	815423	0.668296137058	0.999985328925	0.999976699753
TCCC	23391	12	13	651013	673565	1.33429170115e-09	0.999981567528	0.999980700082
CGCA	24780	5	5	734235	723421	-0.0	0.999993190238	0.999993088443
TCCA	32059	10	7	917263	927852	0.320350144272	0.99998909812	0.99999245575
