1000000 reads considered for genome annotation 
2000000 reads considered for genome annotation 
3000000 reads considered for genome annotation 
Warning: 0 q-grams of 4215602 contain other letters than A,C,G and T, ignore these q-grams
No q-grams with Ns to add
Start Strand Bias Score calculation
pos 165747  34
0.995964023735 0.51229667005 0.497981930467 0.989720062385
8.02404629858e-07 3.95485884031e-07 0.999999651911 7.79763090669e-07
7.20025832524e-14 0.999999996942 3.5376849509e-14 1.59400739416e-09
6.85194937051e-20 1.0 3.41480383307e-20 1.93132006328e-09
0.156754849017 0.0783710511143 0.92584477543 0.153815945156
5.56901380594e-05 0.999974955733 2.78066551342e-05 5.50171251903e-05
0.600842982217 0.707151570662 0.300419561375 0.599361158519
6.40707027692e-27 0.999999996417 2.81623632721e-27 1.33109660854e-09
0.00146753860427 0.999325836185 0.000732993329801 0.00143292583686
0.0 1.0 0.0 3.90298371707e-09
0.843616294975 0.421808522539 0.584520634546 0.839497555559
0.00151789034369 0.999274350574 0.000759350895664 0.00150910179394
3.25974732675e-21 0.999999995697 1.53005963724e-21 1.69277566354e-09
3.14637295385e-08 0.999999985311 1.55430244347e-08 3.07074897441e-08
3.96915000976e-34 0.999999996024 1.57506695825e-34 1.63090925906e-09
2.92523769858e-97 0.999999992695 9.09606128901e-98 2.3354750129e-09
7.78347266251e-207 0.999999994261 6.44098386505e-208 3.03428962785e-09
3.73574661871e-07 0.999999837771 1.85775784873e-07 3.63986633761e-07
2.20508990973e-50 0.999999998591 9.23784970793e-51 2.19263226214e-09
0.00114322954864 0.000570960608653 0.999475146912 0.00113364260638
0.0250069286012 0.0125023322852 0.988127438804 0.0245569190942
4.96010078596e-10 0.999999994758 2.46813758866e-10 2.65603031132e-09
3.12149723224e-26 1.0 1.44232469105e-26 2.23650879736e-09
0.145318525359 0.929774664355 0.0726620096333 0.142897549332
1.04176734845e-114 0.999999996024 3.99790400717e-115 2.96381558648e-09
0.736616951278 0.36832281392 0.636851639141 0.736085062578
1.1015763388e-09 0.999999993926 5.442247724e-10 3.21220257178e-09
9.34314026545e-94 9.7703998809e-95 1.0 1.49978104927e-09
1.35225298598e-34 0.999999998991 5.38065794243e-35 1.74113405314e-09
0.00742916629302 0.996484815736 0.00371170837 0.00735910034063
3.37809300176e-05 0.999984878019 1.68521917898e-05 3.31042435913e-05
1.02916942402e-34 1.0 4.95203424416e-35 2.29876216108e-09
0.943947598988 0.535449314197 0.471972153754 0.940494577313
9.55956924986e-18 1.0 4.56752134778e-18 1.91391026628e-09
0.264246461937 0.132121381251 0.872443524608 0.261425852643
9.32087965109e-10 1.0 4.6100266964e-10 3.4708655148e-09
1.23632611124e-14 1.0 6.09593491716e-15 1.88858804616e-09
5.63270088639e-37 0.999999996695 2.48121988285e-37 2.78401234618e-09
0.0704824603585 0.966892255529 0.0352341641655 0.0702218397165
1.58854553228e-55 0.999999994198 6.15472745332e-56 2.36149579541e-09
2.38441672822e-07 1.18510025782e-07 0.999999897776 2.34383737196e-07
0.168028609376 0.0840103097966 0.919114633518 0.165472966374
0.087497908823 0.0437455701109 0.958241433432 0.0863234285978
1.67920063787e-54 0.999999998658 7.70872011755e-55 2.51178081933e-09
0.122047910029 0.940992541791 0.0610171681289 0.120719013303
1.0863177551e-17 1.0 5.20605927851e-18 1.79113328788e-09
3.72215495172e-17 0.999999994662 1.76881354016e-17 2.40519619648e-09
6.44914023189e-11 1.0 3.1241806132e-11 1.78303592093e-09
7.1162625624e-40 0.999999997909 2.94718822375e-40 1.96794654947e-09
1.15759904578e-35 4.31127962358e-36 0.999999998334 1.27264270877e-09
2.65791510656e-10 1.32649129432e-10 0.999999998881 2.2250496919e-09
1.02731690211e-05 0.999995560665 5.11394013832e-06 9.89834364331e-06
0.004877971826 0.997756897988 0.00243515448667 0.00472350061328
0.0264549117029 0.0132325679794 0.987386633771 0.0262482476531
1.58076593138e-10 0.999999994696 7.77101249954e-11 2.10134717605e-09
0.00165711702964 0.999233039769 0.000826953412843 0.00163286553299
9.49187407475e-42 3.2916917792e-42 0.999999999683 1.34703680189e-09
0.062398090546 0.0311972230934 0.96984194859 0.0619559438505
1.11278713184e-37 3.89322790337e-38 0.99999999976 1.10508978945e-09
6.38533693049e-87 1.22287854143e-87 1.0 2.17457619282e-09
1.87034173606e-35 0.999999999447 8.88373335563e-36 2.50313260212e-09
9.31790439719e-06 4.63985265364e-06 0.999995600544 9.20504156668e-06
2.5102809723e-34 0.999999996523 1.26471903686e-34 2.51450931478e-09
0.0103304780432 0.995173990838 0.00516476008099 0.0102252899237
0.000840851454057 0.000419952572917 0.999605559399 0.00082952019067
0.0206944388242 0.99023242733 0.0103428025109 0.0203485832482
0.00120509383866 0.000602503269678 0.999432378131 0.00118402403597
0.273629692044 0.867235093482 0.136816645119 0.270322557538
3.35043198215e-09 0.99999999735 1.64799622161e-09 4.31510527247e-09
5.94451167527e-190 4.96008282458e-192 1.0 2.14541721474e-09
2.17488326786e-52 7.02131660576e-53 0.999999995923 1.87504070692e-09
0.0 0.0 1.0 2.18076629454e-09
1.84268421645e-23 1.0 8.36480902658e-24 1.49618297572e-09
6.53037857515e-24 0.99999999911 3.15875701644e-24 2.05585108763e-09
5.44992518849e-89 8.65784891e-90 0.999999995327 1.61931514904e-09
4.44655808382e-05 0.999979155641 2.21249526112e-05 4.36552218755e-05
5.23650190373e-54 1.32307198211e-54 1.0 1.54485763503e-09
4.61401374836e-06 2.29213635455e-06 0.999997876513 4.42263740194e-06
1.30015141905e-09 0.999999997724 6.47063130902e-10 3.19012668603e-09
5.80230868562e-19 0.999999997966 2.85415640718e-19 2.4800810498e-09
5.59079572518e-28 1.0 2.57712111727e-28 2.31157787453e-09
0.570358930288 0.72214481754 0.285196474753 0.564373417774
9.17015880173e-09 4.52054741258e-09 0.999999997083 1.04739545631e-08
1.56657739234e-13 0.999999999495 7.50091413725e-14 1.31872325722e-09
0.0 0.0 0.999999999337 1.98015248139e-09
5.94024870386e-17 2.91528374887e-17 1.0 1.88427072662e-09
0.213535467008 0.896657057251 0.10676535416 0.210887726291
7.37277449204e-14 1.0 3.62753117649e-14 2.76753285039e-09
0.682009193822 0.340991173934 0.664356455355 0.676860129784
0.106087423053 0.948881296951 0.0530397816088 0.104612738181
5.69053067467e-47 1.0 2.42489363691e-47 1.99077522484e-09
0.000163339609996 0.999926038259 8.15110591814e-05 0.00015596445452
0.440220842571 0.220112616105 0.784335938906 0.436552472117
2.86000895043e-42 1.0 1.24043948242e-42 1.98800991879e-09
0.228616874608 0.114304269364 0.889540304505 0.22704196801
0.0441599304815 0.978780831041 0.0220776077073 0.0439539326765
3.1704621605e-28 1.45209790601e-28 0.999999998985 2.08274600705e-09
0.00099732338277 0.999536662352 0.000498731014941 0.000988255384406
8.57406181548e-24 0.999999999827 3.88112419655e-24 1.7922717702e-09
0.0344680136121 0.983686314551 0.0172281925338 0.0341995081468
0.0180781556465 0.99135443479 0.00903887102219 0.017945256352
6.63987245329e-71 1.75063354053e-71 1.0 1.99487305859e-09
8.53478293686e-14 1.0 4.06596795598e-14 1.32174562051e-09
7.68484791413e-20 1.0 3.66664369562e-20 1.57065299851e-09
0.000150916222647 0.999929302955 7.5327706542e-05 0.000149833226192
0.229384461675 0.888466124601 0.114692081835 0.226242940928
7.69143341522e-07 0.999999658585 3.83041604597e-07 7.46932646116e-07
8.31273164979e-28 0.999999997872 3.56013381731e-28 1.95533712307e-09
2.90834471544e-122 2.63166555431e-123 1.0 1.77536642746e-09
2.07510502951e-06 1.03264219349e-06 0.999999044741 1.99108570484e-06
6.37307123025e-16 2.9800202729e-16 0.999999999398 1.18170804589e-09
0.0026309466982 0.998756514262 0.00131406701987 0.00259485594972
0.000401601869134 0.999818397239 0.000200309903641 0.000391383427028
3.05793448504e-05 0.999985750456 1.53025358563e-05 3.00139297035e-05
0.306200148033 0.851910203784 0.153099220485 0.303738231073
2.94079029953e-14 1.0 1.45353661372e-14 2.43608765091e-09
2.87248974265e-200 2.14380098411e-202 0.999999998572 1.89122611854e-09
2.39810795691e-10 1.19158003464e-10 1.0 2.00627086818e-09
1.23829383179e-103 1.62665870532e-104 0.999999994306 2.08995163415e-09
1.49474503686e-59 3.69151665864e-60 1.0 1.45720848134e-09
0.0167216452025 0.00836411348252 0.992060845831 0.0166611977578
0.00039466580969 0.999815761897 0.000196996584279 0.000389057649378
1.60380676585e-41 6.49562759741e-42 0.99999999869 1.99713332201e-09
0.0301009479129 0.985695204865 0.0150459293744 0.0297252125068
8.68951187893e-05 4.32865786425e-05 0.999960183504 8.39087643148e-05
2.82137007684e-70 7.05154052137e-71 0.999999998559 1.88819953315e-09
0.468674588698 0.773534223434 0.234341220034 0.468138137281
0.0 0.0 1.0 1.8780582504e-09
0.0189103061115 0.00945743489876 0.990979499285 0.0185386241747
7.51323654313e-26 1.0 3.46278275077e-26 1.69038580209e-09
3.91959008307e-13 0.999999996818 1.90681853329e-13 2.31050735108e-09
1.70749785156e-102 2.58308156794e-103 1.0 1.81366879158e-09
0.000135058487691 0.999938455757 6.75786058815e-05 0.000132462073737
0.107481161832 0.0537342441085 0.947978942757 0.106845493687
1.19548171179e-47 4.31290269349e-48 1.0 2.21693853556e-09
2.97634710301e-06 0.999998671074 1.48102961177e-06 2.82756115949e-06
1.81090993082e-50 7.31544433287e-51 0.999999996027 2.03694722628e-09
8.48212305052e-48 1.0 3.8822197944e-48 2.21161332193e-09
0.578897274248 0.289457312623 0.724036620863 0.576410036858
5.57707859481e-73 1.0 2.07249725503e-73 2.65839988937e-09
1.01637046651e-18 0.999999999905 4.72003365066e-19 1.44888750117e-09
6.50562938463e-44 0.999999997642 2.65080487565e-44 1.94552446886e-09
0.419105295237 0.209554484615 0.796035173269 0.416616033015
2.89771362347e-309 8.62689738611e-316 1.0 1.90139704143e-09
0.823891833323 0.599679920609 0.411952789743 0.822015367901
3.67346403368e-46 1.0 1.72141683524e-46 2.25272823386e-09
9.56593562939e-80 1.0 4.20991030292e-80 2.56831247733e-09
4.30156120153e-14 1.0 2.04120669419e-14 1.12438354196e-09
0.043669477992 0.021823966644 0.979132373094 0.0435479736343
0.0712094397066 0.965448554849 0.0356063724152 0.0709565117155
0.0303623783412 0.0151737741902 0.985547944259 0.0302285530939
6.06475016921e-29 2.83990803372e-29 0.999999999901 2.32282302086e-09
1.93531287204e-07 9.67277352054e-08 0.999999905331 1.89487813855e-07
0.54177081665 0.734594770537 0.270884470926 0.538374417418
1.69721403767e-11 1.0 8.41721377136e-12 1.96717526749e-09
2.86924669228e-24 1.0 1.37582013185e-24 1.88835976601e-09
0.0728137561509 0.0364016521313 0.965331781457 0.0726975248598
4.67765159858e-51 1.91709381099e-51 1.0 2.05527890341e-09
2.39348977381e-13 0.99999999719 1.17991560411e-13 2.57525150672e-09
2.03513439959e-60 8.85279152875e-61 1.0 2.5867310358e-09
3.80545351962e-134 1.31416338384e-134 0.999999998238 2.93505383581e-09
9.81010834036e-181 1.40774193188e-181 0.999999998181 2.75525275704e-09
0.138656537363 0.0693236995642 0.932762103433 0.136640815965
0.226996312172 0.113497637451 0.890399658311 0.226000499577
0.000306386461539 0.000152954039911 0.999856032496 0.000302318155202
0.83863248011 0.419320251768 0.588700104259 0.837028856037
4.02636064683e-73 0.999999992552 1.7418257769e-73 2.75446142503e-09
0.932139349689 0.466078028653 0.541417844838 0.924819346809
2.1103756933e-22 1.0743427271e-22 1.0 3.75924147339e-09
2.06157843336e-55 1.0 9.43116993511e-56 2.79319884981e-09
0.00311211022561 0.998530042545 0.00155538821576 0.00305266442816
2.33005415806e-18 1.0 1.12484089407e-18 1.9610468595e-09
8.77603319051e-48 1.0 3.58782571672e-48 2.27514766685e-09
4.38807341524e-78 1.51850399681e-78 1.0 2.14253796622e-09
0.0108607892137 0.00542997619658 0.994869795368 0.0108263739227
9.67174365277e-31 0.999999996145 4.35086337105e-31 2.44878377949e-09
1.00901222406e-84 1.0 2.63659935993e-85 2.25087057539e-09
0.0369662212172 0.0184799162852 0.982273445001 0.0364789422947
7.07917882492e-15 0.999999997715 3.47278925907e-15 1.7762864815e-09
1.87557091539e-09 1.0 9.29772552719e-10 3.44986755238e-09
0.00999716025401 0.00499880054425 0.995235225553 0.00988946489955
0.0317539810071 0.984693738635 0.0158761806472 0.0311886279588
2.79319549752e-97 1.0 7.6358142915e-98 2.3062355799e-09
0.0749028028508 0.0374485790414 0.963681201546 0.0741269915279
0.00492706590817 0.00246288542772 0.997648604545 0.00484291702137
7.70107269867e-16 3.66375671116e-16 1.0 1.42980871494e-09
4.03244561826e-20 1.0 1.9087424049e-20 2.75868019574e-09
0.202502917385 0.902322198676 0.101248218005 0.201766520072
8.30854948282e-14 1.0 4.07128376284e-14 1.46564059554e-09
0.944286769462 0.472145834402 0.536263371835 0.940998112251
6.95436223079e-09 3.47751847473e-09 0.999999989705 8.49083275055e-09
0.0 0.0 1.0 1.73984808234e-09
1.95739467472e-29 0.999999998066 8.97037521977e-30 2.00333807807e-09
4.0800124003e-13 2.00388373737e-13 0.999999997158 1.6002519268e-09
0.499165863086 0.249577171201 0.757591917849 0.494790300539
7.45766085578e-05 0.999965623672 3.72392649014e-05 7.23937396951e-05
2.10826816354e-20 9.80807085646e-21 0.999999995657 1.62827126276e-09
0.439553760816 0.219782157873 0.785133687195 0.436908726542
2.40439458246e-11 1.2090621555e-11 0.999999991337 2.31254703715e-09
1.11629666206e-08 0.999999993468 5.47644377301e-09 1.2127703269e-08
0.0595123333917 0.0297527526282 0.971684043899 0.0590462698151
0.0143703050214 0.993083797185 0.00718030643548 0.0142294894596
3.36103367705e-148 5.10888591527e-150 0.999999997581 1.80365793763e-09
0.00156039110745 0.999276000445 0.000778551935699 0.00151574944
6.06279596863e-115 1.07678658265e-116 0.999999998503 1.37648538745e-09
1.10691106959e-64 1.0 2.76972692543e-65 1.54323564688e-09
1.41886966967e-181 7.99369951645e-185 1.0 1.5218758891e-09
1.01046093116e-10 1.0 4.96217466278e-11 1.39702605964e-09
6.06540645653e-08 3.00846482678e-08 0.999999975158 6.08565093474e-08
7.83528006663e-66 1.0 3.11895927518e-66 2.31258183433e-09
6.64284137951e-14 3.23375083464e-14 0.999999999486 1.78041144754e-09
4.86719155575e-27 0.999999999506 2.27220116588e-27 2.04287926178e-09
1.1922376049e-82 4.4318925093e-83 1.0 2.27030966489e-09
9.87977583363e-06 4.91576056867e-06 0.999995454068 9.58639238988e-06
6.58565861267e-41 2.2924017187e-41 0.999999996873 1.71268474181e-09
0.434765284742 0.217388698794 0.787787727704 0.430276754239
1.14293718044e-17 1.0 5.58556269065e-18 1.87156299448e-09
0.277297455863 0.138648551848 0.864180938249 0.276189962601
0.0113440148308 0.994576487793 0.0056684050102 0.0113189334558
1.50743571083e-69 3.64877243866e-70 1.0 1.66239887548e-09
5.17355734769e-11 0.999999991843 2.56413350176e-11 2.3564034417e-09
6.1105050978e-45 2.5438094457e-45 1.0 1.83950690811e-09
0.000606029799653 0.000302794683893 0.999720801587 0.000590458870302
1.07451489687e-10 1.0 5.31916836714e-11 2.04930084195e-09
1.66784162851e-17 1.0 8.32490651803e-18 2.54034304189e-09
2.55440855992e-36 1.09802126888e-36 1.0 2.12075871067e-09
5.29832231644e-05 0.99997522931 2.641086722e-05 5.18667359046e-05
0.00115897149716 0.999471009533 0.000578195074599 0.00115014391632
0.00526100007669 0.997523053049 0.0026297030875 0.00525667156232
1.77548192274e-31 1.0 8.55837253096e-32 2.21336280406e-09
5.94183949349e-13 2.87235410419e-13 0.99999999859 1.80763990799e-09
1.59359144626e-232 4.05149578663e-235 1.0 2.19258924585e-09
0.0763917898408 0.0382009679091 0.963885694451 0.0759347209824
3.74179297623e-21 1.0 1.76412102285e-21 2.04549938155e-09
1.90296991815e-07 9.40679840323e-08 0.99999991465 1.84089647568e-07
8.25232804346e-25 1.0 3.90056600118e-25 1.93989085702e-09
2.18110763007e-68 5.04698096067e-69 1.0 1.61158639094e-09
3.82009446745e-06 1.90258889814e-06 0.99999827082 3.70059499089e-06
0.179027597631 0.089514575734 0.913846865275 0.177289134235
3.26162409444e-25 0.999999998136 1.53607013775e-25 1.81105405726e-09
0.846462260247 0.586218987439 0.423238543665 0.846402131999
8.62303321513e-215 4.99226601778e-218 0.999999999029 1.82552271119e-09
1.88043922729e-43 0.999999996766 7.60838785077e-44 1.84701118508e-09
3.78096489544e-05 0.999982375576 1.88555953337e-05 3.70391159921e-05
5.55490093725e-06 2.76676672048e-06 0.999997451174 5.5296663966e-06
0.859482012913 0.429742736389 0.577028985919 0.856110433996
7.10885259295e-06 0.999996734793 3.52669528766e-06 7.0008382612e-06
3.09426967553e-08 1.54321637184e-08 0.999999981012 3.05987001214e-08
7.87636591911e-61 1.0 2.71721361174e-61 2.37819992133e-09
5.91572997096e-12 2.93315674126e-12 1.0 2.45411648458e-09
8.30437860866e-35 3.09438854622e-35 1.0 1.41640616039e-09
9.18055294606e-37 4.11472866965e-37 0.999999998961 2.00683249241e-09
4.77691483157e-09 0.999999998743 2.37393571883e-09 6.41621034246e-09
0.0123411142788 0.00617380515445 0.994164253957 0.0122643551328
3.84914867742e-12 1.0 1.90869953057e-12 1.81464300141e-09
0.72661632311 0.363303662584 0.642900856011 0.721468857208
#Sequence	Occurrence	Forward Match	Backward Match	Forward Mismatch	Backward Mismatch	Strand Bias Score	FER (Forward Error Rate)	RER (Reverse Error Rate), ERD (Error rate Difference)
