## Starting pipeline #
bio_pipeline.sh -ref NC_017331.1.fasta -sra ERR159990.sra -mem-pacbio -dbq 0 -nofix -skip-fastqc -indels
######################

## Saving SRA statistics..
## Dumping fastq files from ERR159990.sra
Rejected 76681 READS because READLEN < 1
Read 81741 spots for ERR159990.sra
Written 5060 spots for ERR159990.sra
## One fastq file generated
## Creating bwa index for NC_017331.1.fasta
[bwa_index] Pack FASTA... 0.02 sec
[bwa_index] Construct BWT for the packed sequence...
[bwa_index] 0.60 seconds elapse.
[bwa_index] Update BWT... 0.02 sec
[bwa_index] Pack forward-only FASTA... 0.01 sec
[bwa_index] Construct SA from BWT and Occ... 0.28 sec
[main] Version: 0.7.12-r1039
[main] CMD: bwa index NC_017331.1.fasta
[main] Real time: 1.569 sec; CPU: 0.928 sec
## Generating sam file with bwa-mem aligner
[M::bwa_idx_load_from_disk] read 0 ALT contigs
[M::process] read 5060 sequences (3053336 bp)...
[M::mem_process_seqs] Processed 5060 reads in 7.576 CPU sec, 1.895 real sec
[main] Version: 0.7.12-r1039
[main] CMD: bwa mem -t 4 -x pacbio NC_017331.1.fasta ERR159990_1.fastq
[main] Real time: 2.098 sec; CPU: 7.592 sec
## Converting sam file to BAM, sorting and indexing
[samopen] SAM header is present: 1 sequences.
## Removing duplicates
[bam_rmdup_core] processing reference gi|387141638|ref|NC_017331.1|...
## Adding read groups and indexing
[Thu Jul 02 11:08:45 CEST 2015] picard.sam.AddOrReplaceReadGroups INPUT=tmp.rmdup.sorted.bam OUTPUT=tmp.addrg.rmdup.sorted.bam RGLB=rglib RGPL=rgpl RGPU=rgpu RGSM=rgsm VALIDATION_STRINGENCY=SILENT    RGID=1 VERBOSITY=INFO QUIET=false COMPRESSION_LEVEL=5 MAX_RECORDS_IN_RAM=500000 CREATE_INDEX=false CREATE_MD5_FILE=false GA4GH_CLIENT_SECRETS=client_secrets.json
[Thu Jul 02 11:08:45 CEST 2015] Executing as fabio@ahmad-desktop on Linux 3.19.0-22-generic amd64; OpenJDK 64-Bit Server VM 1.7.0_79-b14; Picard version: 1.135(83ec44e03ec8d07ef180ef86b7a62d59a80dedd3_1435607037) IntelDeflater
INFO	2015-07-02 11:08:45	AddOrReplaceReadGroups	Created read group ID=1 PL=rgpl LB=rglib SM=rgsm

[Thu Jul 02 11:08:46 CEST 2015] picard.sam.AddOrReplaceReadGroups done. Elapsed time: 0.01 minutes.
Runtime.totalMemory()=251658240
## Realigning near indels and re-indexing
[Thu Jul 02 11:08:46 CEST 2015] picard.sam.CreateSequenceDictionary REFERENCE=NC_017331.1.fasta OUTPUT=NC_017331.1.dict    TRUNCATE_NAMES_AT_WHITESPACE=true NUM_SEQUENCES=2147483647 VERBOSITY=INFO QUIET=false VALIDATION_STRINGENCY=STRICT COMPRESSION_LEVEL=5 MAX_RECORDS_IN_RAM=500000 CREATE_INDEX=false CREATE_MD5_FILE=false GA4GH_CLIENT_SECRETS=client_secrets.json
[Thu Jul 02 11:08:46 CEST 2015] Executing as fabio@ahmad-desktop on Linux 3.19.0-22-generic amd64; OpenJDK 64-Bit Server VM 1.7.0_79-b14; Picard version: 1.135(83ec44e03ec8d07ef180ef86b7a62d59a80dedd3_1435607037) IntelDeflater
[Thu Jul 02 11:08:46 CEST 2015] picard.sam.CreateSequenceDictionary done. Elapsed time: 0.00 minutes.
Runtime.totalMemory()=251658240
INFO  11:08:47,780 HelpFormatter - -------------------------------------------------------------------------------- 
INFO  11:08:47,781 HelpFormatter - The Genome Analysis Toolkit (GATK) v3.4-0-g7e26428, Compiled 2015/05/15 03:25:41 
INFO  11:08:47,781 HelpFormatter - Copyright (c) 2010 The Broad Institute 
INFO  11:08:47,782 HelpFormatter - For support and documentation go to http://www.broadinstitute.org/gatk 
INFO  11:08:47,784 HelpFormatter - Program Args: -I tmp.addrg.rmdup.sorted.bam -R NC_017331.1.fasta -T RealignerTargetCreator -o help.intervals -filterNoBases -rf BadCigar --allow_potentially_misencoded_quality_scores 
INFO  11:08:47,788 HelpFormatter - Executing as fabio@ahmad-desktop on Linux 3.19.0-22-generic amd64; OpenJDK 64-Bit Server VM 1.7.0_79-b14. 
INFO  11:08:47,789 HelpFormatter - Date/Time: 2015/07/02 11:08:47 
INFO  11:08:47,789 HelpFormatter - -------------------------------------------------------------------------------- 
INFO  11:08:47,789 HelpFormatter - -------------------------------------------------------------------------------- 
INFO  11:08:47,838 GenomeAnalysisEngine - Strictness is SILENT 
INFO  11:08:47,901 GenomeAnalysisEngine - Downsampling Settings: Method: BY_SAMPLE, Target Coverage: 1000 
INFO  11:08:47,908 SAMDataSource$SAMReaders - Initializing SAMRecords in serial 
INFO  11:08:47,925 SAMDataSource$SAMReaders - Done initializing BAM readers: total time 0.02 
INFO  11:08:47,987 GenomeAnalysisEngine - Preparing for traversal over 1 BAM files 
INFO  11:08:48,015 GenomeAnalysisEngine - Done preparing for traversal 
INFO  11:08:48,015 ProgressMeter - [INITIALIZATION COMPLETE; STARTING PROCESSING] 
INFO  11:08:48,016 ProgressMeter -                 | processed |    time |    per 1M |           |   total | remaining 
INFO  11:08:48,016 ProgressMeter -        Location |     sites | elapsed |     sites | completed | runtime |   runtime 
INFO  11:08:50,618 ProgressMeter -            done   3043210.0     2.0 s       0.0 s      100.0%     2.0 s       0.0 s 
INFO  11:08:50,619 ProgressMeter - Total runtime 2.60 secs, 0.04 min, 0.00 hours 
INFO  11:08:50,621 MicroScheduler - 74 reads were filtered out during the traversal out of approximately 4312 total reads (1.72%) 
INFO  11:08:50,621 MicroScheduler -   -> 0 reads (0.00% of total) failing BadCigarFilter 
INFO  11:08:50,621 MicroScheduler -   -> 0 reads (0.00% of total) failing BadMateFilter 
INFO  11:08:50,622 MicroScheduler -   -> 0 reads (0.00% of total) failing DuplicateReadFilter 
INFO  11:08:50,622 MicroScheduler -   -> 0 reads (0.00% of total) failing FailsVendorQualityCheckFilter 
INFO  11:08:50,622 MicroScheduler -   -> 0 reads (0.00% of total) failing MalformedReadFilter 
INFO  11:08:50,622 MicroScheduler -   -> 0 reads (0.00% of total) failing MappingQualityUnavailableFilter 
INFO  11:08:50,622 MicroScheduler -   -> 74 reads (1.72% of total) failing MappingQualityZeroFilter 
INFO  11:08:50,623 MicroScheduler -   -> 0 reads (0.00% of total) failing NotPrimaryAlignmentFilter 
INFO  11:08:50,623 MicroScheduler -   -> 0 reads (0.00% of total) failing Platform454Filter 
INFO  11:08:50,623 MicroScheduler -   -> 0 reads (0.00% of total) failing UnmappedReadFilter 
INFO  11:08:51,623 GATKRunReport - Uploaded run statistics report to AWS S3 
INFO  11:08:52,843 HelpFormatter - -------------------------------------------------------------------------------- 
INFO  11:08:52,845 HelpFormatter - The Genome Analysis Toolkit (GATK) v3.4-0-g7e26428, Compiled 2015/05/15 03:25:41 
INFO  11:08:52,845 HelpFormatter - Copyright (c) 2010 The Broad Institute 
INFO  11:08:52,845 HelpFormatter - For support and documentation go to http://www.broadinstitute.org/gatk 
INFO  11:08:52,848 HelpFormatter - Program Args: -I tmp.addrg.rmdup.sorted.bam -R NC_017331.1.fasta -T IndelRealigner -targetIntervals help.intervals -o ERR159990.bam -filterNoBases -rf BadCigar --allow_potentially_misencoded_quality_scores --defaultBaseQualities 0 
INFO  11:08:52,852 HelpFormatter - Executing as fabio@ahmad-desktop on Linux 3.19.0-22-generic amd64; OpenJDK 64-Bit Server VM 1.7.0_79-b14. 
INFO  11:08:52,852 HelpFormatter - Date/Time: 2015/07/02 11:08:52 
INFO  11:08:52,852 HelpFormatter - -------------------------------------------------------------------------------- 
INFO  11:08:52,852 HelpFormatter - -------------------------------------------------------------------------------- 
INFO  11:08:52,948 GenomeAnalysisEngine - Strictness is SILENT 
INFO  11:08:52,981 GenomeAnalysisEngine - Downsampling Settings: No downsampling 
INFO  11:08:52,987 SAMDataSource$SAMReaders - Initializing SAMRecords in serial 
INFO  11:08:53,004 SAMDataSource$SAMReaders - Done initializing BAM readers: total time 0.02 
INFO  11:08:53,064 GenomeAnalysisEngine - Preparing for traversal over 1 BAM files 
INFO  11:08:53,067 GenomeAnalysisEngine - Done preparing for traversal 
INFO  11:08:53,068 ProgressMeter - [INITIALIZATION COMPLETE; STARTING PROCESSING] 
INFO  11:08:53,068 ProgressMeter -                 | processed |    time |    per 1M |           |   total | remaining 
INFO  11:08:53,068 ProgressMeter -        Location |     reads | elapsed |     reads | completed | runtime |   runtime 
INFO  11:08:53,089 ReadShardBalancer$1 - Loading BAM index data 
INFO  11:08:53,090 ReadShardBalancer$1 - Done loading BAM index data 
INFO  11:08:54,145 ProgressMeter -            done      5165.0     1.0 s       3.5 m       97.1%     1.0 s       0.0 s 
INFO  11:08:54,146 ProgressMeter - Total runtime 1.08 secs, 0.02 min, 0.00 hours 
INFO  11:08:54,148 MicroScheduler - 0 reads were filtered out during the traversal out of approximately 5165 total reads (0.00%) 
INFO  11:08:54,148 MicroScheduler -   -> 0 reads (0.00% of total) failing BadCigarFilter 
INFO  11:08:54,148 MicroScheduler -   -> 0 reads (0.00% of total) failing MalformedReadFilter 
INFO  11:08:55,234 GATKRunReport - Uploaded run statistics report to AWS S3 

##################
# Reads coverage #
##################
(only counts reads where MAPQ >= 1)
Genome length: 3043210
min =  0
max =  7
% cov. =  51.7157
Avg. base cov. =  0.726609
Stdev base cov. =  0.871383

Reads length (MAPQ >= 1):
min-max avg stdev
48-1631 593.612 +- 202.305

flagstats:
5165 + 0 in total (QC-passed reads + QC-failed reads)
0 + 0 duplicates
4200 + 0 mapped (81.32%:-nan%)
0 + 0 paired in sequencing
0 + 0 read1
0 + 0 read2
0 + 0 properly paired (-nan%:-nan%)
0 + 0 with itself and mate mapped
0 + 0 singletons (-nan%:-nan%)
0 + 0 with mate mapped to a different chr
0 + 0 with mate mapped to a different chr (mapQ>=5)

idxstats:
Chr	length	mapped	unmapped
gi|387141638|ref|NC_017331.1|	3043210	4200	0
*	0	0	965

## SNP calling with GATK
INFO  11:08:57,792 HelpFormatter - -------------------------------------------------------------------------------- 
INFO  11:08:57,794 HelpFormatter - The Genome Analysis Toolkit (GATK) v3.4-0-g7e26428, Compiled 2015/05/15 03:25:41 
INFO  11:08:57,794 HelpFormatter - Copyright (c) 2010 The Broad Institute 
INFO  11:08:57,794 HelpFormatter - For support and documentation go to http://www.broadinstitute.org/gatk 
INFO  11:08:57,797 HelpFormatter - Program Args: -ploidy 1 -I ERR159990.bam -R NC_017331.1.fasta -T UnifiedGenotyper -o ERR159990-snps.vcf -filterNoBases -rf BadCigar --allow_potentially_misencoded_quality_scores 
INFO  11:08:57,801 HelpFormatter - Executing as fabio@ahmad-desktop on Linux 3.19.0-22-generic amd64; OpenJDK 64-Bit Server VM 1.7.0_79-b14. 
INFO  11:08:57,801 HelpFormatter - Date/Time: 2015/07/02 11:08:57 
INFO  11:08:57,801 HelpFormatter - -------------------------------------------------------------------------------- 
INFO  11:08:57,801 HelpFormatter - -------------------------------------------------------------------------------- 
INFO  11:08:57,869 GenomeAnalysisEngine - Strictness is SILENT 
INFO  11:08:57,952 GenomeAnalysisEngine - Downsampling Settings: Method: BY_SAMPLE, Target Coverage: 250 
INFO  11:08:57,957 SAMDataSource$SAMReaders - Initializing SAMRecords in serial 
INFO  11:08:57,973 SAMDataSource$SAMReaders - Done initializing BAM readers: total time 0.01 
INFO  11:08:58,037 GenomeAnalysisEngine - Preparing for traversal over 1 BAM files 
INFO  11:08:58,065 GenomeAnalysisEngine - Done preparing for traversal 
INFO  11:08:58,066 ProgressMeter - [INITIALIZATION COMPLETE; STARTING PROCESSING] 
INFO  11:08:58,066 ProgressMeter -                 | processed |    time |    per 1M |           |   total | remaining 
INFO  11:08:58,066 ProgressMeter -        Location |     sites | elapsed |     sites | completed | runtime |   runtime 
INFO  11:08:58,094 StrandBiasTest - SAM/BAM data was found. Attempting to use read data to calculate strand bias annotations values. 
INFO  11:08:58,094 StrandBiasTest - SAM/BAM data was found. Attempting to use read data to calculate strand bias annotations values. 
INFO  11:09:14,062 ProgressMeter -            done   3043210.0    15.0 s       5.0 s      100.0%    15.0 s       0.0 s 
INFO  11:09:14,062 ProgressMeter - Total runtime 16.00 secs, 0.27 min, 0.00 hours 
INFO  11:09:14,063 MicroScheduler - 0 reads were filtered out during the traversal out of approximately 4312 total reads (0.00%) 
INFO  11:09:14,063 MicroScheduler -   -> 0 reads (0.00% of total) failing BadCigarFilter 
INFO  11:09:14,063 MicroScheduler -   -> 0 reads (0.00% of total) failing BadMateFilter 
INFO  11:09:14,063 MicroScheduler -   -> 0 reads (0.00% of total) failing DuplicateReadFilter 
INFO  11:09:14,063 MicroScheduler -   -> 0 reads (0.00% of total) failing FailsVendorQualityCheckFilter 
INFO  11:09:14,064 MicroScheduler -   -> 0 reads (0.00% of total) failing MalformedReadFilter 
INFO  11:09:14,064 MicroScheduler -   -> 0 reads (0.00% of total) failing MappingQualityUnavailableFilter 
INFO  11:09:14,064 MicroScheduler -   -> 0 reads (0.00% of total) failing NotPrimaryAlignmentFilter 
INFO  11:09:14,064 MicroScheduler -   -> 0 reads (0.00% of total) failing UnmappedReadFilter 
INFO  11:09:15,055 GATKRunReport - Uploaded run statistics report to AWS S3 
SNPs found: 13
## INDELS calling with GATK
INFO  11:09:16,372 HelpFormatter - -------------------------------------------------------------------------------- 
INFO  11:09:16,373 HelpFormatter - The Genome Analysis Toolkit (GATK) v3.4-0-g7e26428, Compiled 2015/05/15 03:25:41 
INFO  11:09:16,373 HelpFormatter - Copyright (c) 2010 The Broad Institute 
INFO  11:09:16,374 HelpFormatter - For support and documentation go to http://www.broadinstitute.org/gatk 
INFO  11:09:16,376 HelpFormatter - Program Args: -ploidy 1 -I ERR159990.bam -R NC_017331.1.fasta -T UnifiedGenotyper -o ERR159990-indels.vcf -glm INDEL -filterNoBases -rf BadCigar --allow_potentially_misencoded_quality_scores 
INFO  11:09:16,381 HelpFormatter - Executing as fabio@ahmad-desktop on Linux 3.19.0-22-generic amd64; OpenJDK 64-Bit Server VM 1.7.0_79-b14. 
INFO  11:09:16,381 HelpFormatter - Date/Time: 2015/07/02 11:09:16 
INFO  11:09:16,381 HelpFormatter - -------------------------------------------------------------------------------- 
INFO  11:09:16,381 HelpFormatter - -------------------------------------------------------------------------------- 
INFO  11:09:16,450 GenomeAnalysisEngine - Strictness is SILENT 
INFO  11:09:16,515 GenomeAnalysisEngine - Downsampling Settings: Method: BY_SAMPLE, Target Coverage: 250 
INFO  11:09:16,520 SAMDataSource$SAMReaders - Initializing SAMRecords in serial 
INFO  11:09:16,536 SAMDataSource$SAMReaders - Done initializing BAM readers: total time 0.02 
INFO  11:09:16,597 GenomeAnalysisEngine - Preparing for traversal over 1 BAM files 
INFO  11:09:16,624 GenomeAnalysisEngine - Done preparing for traversal 
INFO  11:09:16,625 ProgressMeter - [INITIALIZATION COMPLETE; STARTING PROCESSING] 
INFO  11:09:16,625 ProgressMeter -                 | processed |    time |    per 1M |           |   total | remaining 
INFO  11:09:16,625 ProgressMeter -        Location |     sites | elapsed |     sites | completed | runtime |   runtime 
INFO  11:09:16,653 StrandBiasTest - SAM/BAM data was found. Attempting to use read data to calculate strand bias annotations values. 
INFO  11:09:16,653 StrandBiasTest - SAM/BAM data was found. Attempting to use read data to calculate strand bias annotations values. 
INFO  11:09:20,887 ProgressMeter -            done   3043210.0     4.0 s       1.0 s      100.0%     4.0 s       0.0 s 
INFO  11:09:20,888 ProgressMeter - Total runtime 4.26 secs, 0.07 min, 0.00 hours 
INFO  11:09:20,890 MicroScheduler - 0 reads were filtered out during the traversal out of approximately 4312 total reads (0.00%) 
INFO  11:09:20,890 MicroScheduler -   -> 0 reads (0.00% of total) failing BadCigarFilter 
INFO  11:09:20,890 MicroScheduler -   -> 0 reads (0.00% of total) failing BadMateFilter 
INFO  11:09:20,891 MicroScheduler -   -> 0 reads (0.00% of total) failing DuplicateReadFilter 
INFO  11:09:20,891 MicroScheduler -   -> 0 reads (0.00% of total) failing FailsVendorQualityCheckFilter 
INFO  11:09:20,891 MicroScheduler -   -> 0 reads (0.00% of total) failing MalformedReadFilter 
INFO  11:09:20,891 MicroScheduler -   -> 0 reads (0.00% of total) failing MappingQualityUnavailableFilter 
INFO  11:09:20,891 MicroScheduler -   -> 0 reads (0.00% of total) failing NotPrimaryAlignmentFilter 
INFO  11:09:20,892 MicroScheduler -   -> 0 reads (0.00% of total) failing UnmappedReadFilter 
INFO  11:09:21,865 GATKRunReport - Uploaded run statistics report to AWS S3 
INDELS found: 0
