## Starting pipeline #
bio_pipeline.sh -ref NC_017331.1.fasta -sra ERR159987.sra -mem-pacbio -dbq 0 -nofix -skip-fastqc -indels
######################

## Saving SRA statistics..
## Dumping fastq files from ERR159987.sra
Rejected 73720 READS because READLEN < 1
Read 81741 spots for ERR159987.sra
Written 8021 spots for ERR159987.sra
## One fastq file generated
## Creating bwa index for NC_017331.1.fasta
[bwa_index] Pack FASTA... 0.02 sec
[bwa_index] Construct BWT for the packed sequence...
[bwa_index] 0.61 seconds elapse.
[bwa_index] Update BWT... 0.02 sec
[bwa_index] Pack forward-only FASTA... 0.01 sec
[bwa_index] Construct SA from BWT and Occ... 0.28 sec
[main] Version: 0.7.12-r1039
[main] CMD: bwa index NC_017331.1.fasta
[main] Real time: 1.534 sec; CPU: 0.936 sec
## Generating sam file with bwa-mem aligner
[M::bwa_idx_load_from_disk] read 0 ALT contigs
[M::process] read 8021 sequences (5656530 bp)...
[M::mem_process_seqs] Processed 8021 reads in 13.856 CPU sec, 3.475 real sec
[main] Version: 0.7.12-r1039
[main] CMD: bwa mem -t 4 -x pacbio NC_017331.1.fasta ERR159987_1.fastq
[main] Real time: 3.782 sec; CPU: 13.888 sec
## Converting sam file to BAM, sorting and indexing
[samopen] SAM header is present: 1 sequences.
## Removing duplicates
[bam_rmdup_core] processing reference gi|387141638|ref|NC_017331.1|...
## Adding read groups and indexing
[Thu Jul 02 11:06:20 CEST 2015] picard.sam.AddOrReplaceReadGroups INPUT=tmp.rmdup.sorted.bam OUTPUT=tmp.addrg.rmdup.sorted.bam RGLB=rglib RGPL=rgpl RGPU=rgpu RGSM=rgsm VALIDATION_STRINGENCY=SILENT    RGID=1 VERBOSITY=INFO QUIET=false COMPRESSION_LEVEL=5 MAX_RECORDS_IN_RAM=500000 CREATE_INDEX=false CREATE_MD5_FILE=false GA4GH_CLIENT_SECRETS=client_secrets.json
[Thu Jul 02 11:06:20 CEST 2015] Executing as fabio@ahmad-desktop on Linux 3.19.0-22-generic amd64; OpenJDK 64-Bit Server VM 1.7.0_79-b14; Picard version: 1.135(83ec44e03ec8d07ef180ef86b7a62d59a80dedd3_1435607037) IntelDeflater
INFO	2015-07-02 11:06:20	AddOrReplaceReadGroups	Created read group ID=1 PL=rgpl LB=rglib SM=rgsm

[Thu Jul 02 11:06:21 CEST 2015] picard.sam.AddOrReplaceReadGroups done. Elapsed time: 0.02 minutes.
Runtime.totalMemory()=251658240
## Realigning near indels and re-indexing
[Thu Jul 02 11:06:21 CEST 2015] picard.sam.CreateSequenceDictionary REFERENCE=NC_017331.1.fasta OUTPUT=NC_017331.1.dict    TRUNCATE_NAMES_AT_WHITESPACE=true NUM_SEQUENCES=2147483647 VERBOSITY=INFO QUIET=false VALIDATION_STRINGENCY=STRICT COMPRESSION_LEVEL=5 MAX_RECORDS_IN_RAM=500000 CREATE_INDEX=false CREATE_MD5_FILE=false GA4GH_CLIENT_SECRETS=client_secrets.json
[Thu Jul 02 11:06:21 CEST 2015] Executing as fabio@ahmad-desktop on Linux 3.19.0-22-generic amd64; OpenJDK 64-Bit Server VM 1.7.0_79-b14; Picard version: 1.135(83ec44e03ec8d07ef180ef86b7a62d59a80dedd3_1435607037) IntelDeflater
[Thu Jul 02 11:06:21 CEST 2015] picard.sam.CreateSequenceDictionary done. Elapsed time: 0.00 minutes.
Runtime.totalMemory()=251658240
INFO  11:06:22,808 HelpFormatter - -------------------------------------------------------------------------------- 
INFO  11:06:22,809 HelpFormatter - The Genome Analysis Toolkit (GATK) v3.4-0-g7e26428, Compiled 2015/05/15 03:25:41 
INFO  11:06:22,810 HelpFormatter - Copyright (c) 2010 The Broad Institute 
INFO  11:06:22,810 HelpFormatter - For support and documentation go to http://www.broadinstitute.org/gatk 
INFO  11:06:22,813 HelpFormatter - Program Args: -I tmp.addrg.rmdup.sorted.bam -R NC_017331.1.fasta -T RealignerTargetCreator -o help.intervals -filterNoBases -rf BadCigar --allow_potentially_misencoded_quality_scores 
INFO  11:06:22,817 HelpFormatter - Executing as fabio@ahmad-desktop on Linux 3.19.0-22-generic amd64; OpenJDK 64-Bit Server VM 1.7.0_79-b14. 
INFO  11:06:22,818 HelpFormatter - Date/Time: 2015/07/02 11:06:22 
INFO  11:06:22,818 HelpFormatter - -------------------------------------------------------------------------------- 
INFO  11:06:22,818 HelpFormatter - -------------------------------------------------------------------------------- 
INFO  11:06:22,862 GenomeAnalysisEngine - Strictness is SILENT 
INFO  11:06:22,926 GenomeAnalysisEngine - Downsampling Settings: Method: BY_SAMPLE, Target Coverage: 1000 
INFO  11:06:22,932 SAMDataSource$SAMReaders - Initializing SAMRecords in serial 
INFO  11:06:22,948 SAMDataSource$SAMReaders - Done initializing BAM readers: total time 0.02 
INFO  11:06:23,008 GenomeAnalysisEngine - Preparing for traversal over 1 BAM files 
INFO  11:06:23,036 GenomeAnalysisEngine - Done preparing for traversal 
INFO  11:06:23,037 ProgressMeter - [INITIALIZATION COMPLETE; STARTING PROCESSING] 
INFO  11:06:23,037 ProgressMeter -                 | processed |    time |    per 1M |           |   total | remaining 
INFO  11:06:23,038 ProgressMeter -        Location |     sites | elapsed |     sites | completed | runtime |   runtime 
INFO  11:06:26,223 ProgressMeter -            done   3043210.0     3.0 s       1.0 s      100.0%     3.0 s       0.0 s 
INFO  11:06:26,224 ProgressMeter - Total runtime 3.19 secs, 0.05 min, 0.00 hours 
INFO  11:06:26,226 MicroScheduler - 101 reads were filtered out during the traversal out of approximately 6368 total reads (1.59%) 
INFO  11:06:26,226 MicroScheduler -   -> 0 reads (0.00% of total) failing BadCigarFilter 
INFO  11:06:26,226 MicroScheduler -   -> 0 reads (0.00% of total) failing BadMateFilter 
INFO  11:06:26,227 MicroScheduler -   -> 0 reads (0.00% of total) failing DuplicateReadFilter 
INFO  11:06:26,227 MicroScheduler -   -> 0 reads (0.00% of total) failing FailsVendorQualityCheckFilter 
INFO  11:06:26,227 MicroScheduler -   -> 0 reads (0.00% of total) failing MalformedReadFilter 
INFO  11:06:26,227 MicroScheduler -   -> 0 reads (0.00% of total) failing MappingQualityUnavailableFilter 
INFO  11:06:26,227 MicroScheduler -   -> 101 reads (1.59% of total) failing MappingQualityZeroFilter 
INFO  11:06:26,228 MicroScheduler -   -> 0 reads (0.00% of total) failing NotPrimaryAlignmentFilter 
INFO  11:06:26,228 MicroScheduler -   -> 0 reads (0.00% of total) failing Platform454Filter 
INFO  11:06:26,228 MicroScheduler -   -> 0 reads (0.00% of total) failing UnmappedReadFilter 
INFO  11:06:27,239 GATKRunReport - Uploaded run statistics report to AWS S3 
INFO  11:06:28,485 HelpFormatter - -------------------------------------------------------------------------------- 
INFO  11:06:28,487 HelpFormatter - The Genome Analysis Toolkit (GATK) v3.4-0-g7e26428, Compiled 2015/05/15 03:25:41 
INFO  11:06:28,487 HelpFormatter - Copyright (c) 2010 The Broad Institute 
INFO  11:06:28,487 HelpFormatter - For support and documentation go to http://www.broadinstitute.org/gatk 
INFO  11:06:28,491 HelpFormatter - Program Args: -I tmp.addrg.rmdup.sorted.bam -R NC_017331.1.fasta -T IndelRealigner -targetIntervals help.intervals -o ERR159987.bam -filterNoBases -rf BadCigar --allow_potentially_misencoded_quality_scores --defaultBaseQualities 0 
INFO  11:06:28,496 HelpFormatter - Executing as fabio@ahmad-desktop on Linux 3.19.0-22-generic amd64; OpenJDK 64-Bit Server VM 1.7.0_79-b14. 
INFO  11:06:28,496 HelpFormatter - Date/Time: 2015/07/02 11:06:28 
INFO  11:06:28,496 HelpFormatter - -------------------------------------------------------------------------------- 
INFO  11:06:28,496 HelpFormatter - -------------------------------------------------------------------------------- 
INFO  11:06:28,594 GenomeAnalysisEngine - Strictness is SILENT 
INFO  11:06:28,627 GenomeAnalysisEngine - Downsampling Settings: No downsampling 
INFO  11:06:28,632 SAMDataSource$SAMReaders - Initializing SAMRecords in serial 
INFO  11:06:28,648 SAMDataSource$SAMReaders - Done initializing BAM readers: total time 0.01 
INFO  11:06:28,706 GenomeAnalysisEngine - Preparing for traversal over 1 BAM files 
INFO  11:06:28,709 GenomeAnalysisEngine - Done preparing for traversal 
INFO  11:06:28,709 ProgressMeter - [INITIALIZATION COMPLETE; STARTING PROCESSING] 
INFO  11:06:28,709 ProgressMeter -                 | processed |    time |    per 1M |           |   total | remaining 
INFO  11:06:28,710 ProgressMeter -        Location |     reads | elapsed |     reads | completed | runtime |   runtime 
INFO  11:06:28,725 ReadShardBalancer$1 - Loading BAM index data 
INFO  11:06:28,726 ReadShardBalancer$1 - Done loading BAM index data 
INFO  11:06:30,250 ProgressMeter -            done      8204.0     1.0 s       3.1 m       99.3%     1.0 s       0.0 s 
INFO  11:06:30,251 ProgressMeter - Total runtime 1.54 secs, 0.03 min, 0.00 hours 
INFO  11:06:30,253 MicroScheduler - 0 reads were filtered out during the traversal out of approximately 8204 total reads (0.00%) 
INFO  11:06:30,253 MicroScheduler -   -> 0 reads (0.00% of total) failing BadCigarFilter 
INFO  11:06:30,254 MicroScheduler -   -> 0 reads (0.00% of total) failing MalformedReadFilter 
INFO  11:06:31,283 GATKRunReport - Uploaded run statistics report to AWS S3 

##################
# Reads coverage #
##################
(only counts reads where MAPQ >= 1)
Genome length: 3043210
min =  0
max =  10
% cov. =  70.1888
Avg. base cov. =  1.18775
Stdev base cov. =  1.12347

Reads length (MAPQ >= 1):
min-max avg stdev
78-2274 669.988 +- 270.625

flagstats:
8204 + 0 in total (QC-passed reads + QC-failed reads)
0 + 0 duplicates
6160 + 0 mapped (75.09%:-nan%)
0 + 0 paired in sequencing
0 + 0 read1
0 + 0 read2
0 + 0 properly paired (-nan%:-nan%)
0 + 0 with itself and mate mapped
0 + 0 singletons (-nan%:-nan%)
0 + 0 with mate mapped to a different chr
0 + 0 with mate mapped to a different chr (mapQ>=5)

idxstats:
Chr	length	mapped	unmapped
gi|387141638|ref|NC_017331.1|	3043210	6160	0
*	0	0	2044

## SNP calling with GATK
INFO  11:06:34,843 HelpFormatter - -------------------------------------------------------------------------------- 
INFO  11:06:34,845 HelpFormatter - The Genome Analysis Toolkit (GATK) v3.4-0-g7e26428, Compiled 2015/05/15 03:25:41 
INFO  11:06:34,845 HelpFormatter - Copyright (c) 2010 The Broad Institute 
INFO  11:06:34,845 HelpFormatter - For support and documentation go to http://www.broadinstitute.org/gatk 
INFO  11:06:34,848 HelpFormatter - Program Args: -ploidy 1 -I ERR159987.bam -R NC_017331.1.fasta -T UnifiedGenotyper -o ERR159987-snps.vcf -filterNoBases -rf BadCigar --allow_potentially_misencoded_quality_scores 
INFO  11:06:34,852 HelpFormatter - Executing as fabio@ahmad-desktop on Linux 3.19.0-22-generic amd64; OpenJDK 64-Bit Server VM 1.7.0_79-b14. 
INFO  11:06:34,852 HelpFormatter - Date/Time: 2015/07/02 11:06:34 
INFO  11:06:34,852 HelpFormatter - -------------------------------------------------------------------------------- 
INFO  11:06:34,852 HelpFormatter - -------------------------------------------------------------------------------- 
INFO  11:06:34,928 GenomeAnalysisEngine - Strictness is SILENT 
INFO  11:06:35,012 GenomeAnalysisEngine - Downsampling Settings: Method: BY_SAMPLE, Target Coverage: 250 
INFO  11:06:35,017 SAMDataSource$SAMReaders - Initializing SAMRecords in serial 
INFO  11:06:35,034 SAMDataSource$SAMReaders - Done initializing BAM readers: total time 0.02 
INFO  11:06:35,097 GenomeAnalysisEngine - Preparing for traversal over 1 BAM files 
INFO  11:06:35,127 GenomeAnalysisEngine - Done preparing for traversal 
INFO  11:06:35,128 ProgressMeter - [INITIALIZATION COMPLETE; STARTING PROCESSING] 
INFO  11:06:35,128 ProgressMeter -                 | processed |    time |    per 1M |           |   total | remaining 
INFO  11:06:35,128 ProgressMeter -        Location |     sites | elapsed |     sites | completed | runtime |   runtime 
INFO  11:06:35,157 StrandBiasTest - SAM/BAM data was found. Attempting to use read data to calculate strand bias annotations values. 
INFO  11:06:35,157 StrandBiasTest - SAM/BAM data was found. Attempting to use read data to calculate strand bias annotations values. 
INFO  11:06:56,560 ProgressMeter -            done   3043210.0    21.0 s       7.0 s      100.0%    21.0 s       0.0 s 
INFO  11:06:56,560 ProgressMeter - Total runtime 21.43 secs, 0.36 min, 0.01 hours 
INFO  11:06:56,560 MicroScheduler - 0 reads were filtered out during the traversal out of approximately 6369 total reads (0.00%) 
INFO  11:06:56,560 MicroScheduler -   -> 0 reads (0.00% of total) failing BadCigarFilter 
INFO  11:06:56,561 MicroScheduler -   -> 0 reads (0.00% of total) failing BadMateFilter 
INFO  11:06:56,561 MicroScheduler -   -> 0 reads (0.00% of total) failing DuplicateReadFilter 
INFO  11:06:56,561 MicroScheduler -   -> 0 reads (0.00% of total) failing FailsVendorQualityCheckFilter 
INFO  11:06:56,561 MicroScheduler -   -> 0 reads (0.00% of total) failing MalformedReadFilter 
INFO  11:06:56,562 MicroScheduler -   -> 0 reads (0.00% of total) failing MappingQualityUnavailableFilter 
INFO  11:06:56,562 MicroScheduler -   -> 0 reads (0.00% of total) failing NotPrimaryAlignmentFilter 
INFO  11:06:56,562 MicroScheduler -   -> 0 reads (0.00% of total) failing UnmappedReadFilter 
INFO  11:06:57,573 GATKRunReport - Uploaded run statistics report to AWS S3 
SNPs found: 7
## INDELS calling with GATK
INFO  11:06:58,924 HelpFormatter - -------------------------------------------------------------------------------- 
INFO  11:06:58,926 HelpFormatter - The Genome Analysis Toolkit (GATK) v3.4-0-g7e26428, Compiled 2015/05/15 03:25:41 
INFO  11:06:58,926 HelpFormatter - Copyright (c) 2010 The Broad Institute 
INFO  11:06:58,926 HelpFormatter - For support and documentation go to http://www.broadinstitute.org/gatk 
INFO  11:06:58,929 HelpFormatter - Program Args: -ploidy 1 -I ERR159987.bam -R NC_017331.1.fasta -T UnifiedGenotyper -o ERR159987-indels.vcf -glm INDEL -filterNoBases -rf BadCigar --allow_potentially_misencoded_quality_scores 
INFO  11:06:58,933 HelpFormatter - Executing as fabio@ahmad-desktop on Linux 3.19.0-22-generic amd64; OpenJDK 64-Bit Server VM 1.7.0_79-b14. 
INFO  11:06:58,934 HelpFormatter - Date/Time: 2015/07/02 11:06:58 
INFO  11:06:58,934 HelpFormatter - -------------------------------------------------------------------------------- 
INFO  11:06:58,934 HelpFormatter - -------------------------------------------------------------------------------- 
INFO  11:06:59,017 GenomeAnalysisEngine - Strictness is SILENT 
INFO  11:06:59,108 GenomeAnalysisEngine - Downsampling Settings: Method: BY_SAMPLE, Target Coverage: 250 
INFO  11:06:59,114 SAMDataSource$SAMReaders - Initializing SAMRecords in serial 
INFO  11:06:59,131 SAMDataSource$SAMReaders - Done initializing BAM readers: total time 0.02 
INFO  11:06:59,196 GenomeAnalysisEngine - Preparing for traversal over 1 BAM files 
INFO  11:06:59,226 GenomeAnalysisEngine - Done preparing for traversal 
INFO  11:06:59,227 ProgressMeter - [INITIALIZATION COMPLETE; STARTING PROCESSING] 
INFO  11:06:59,227 ProgressMeter -                 | processed |    time |    per 1M |           |   total | remaining 
INFO  11:06:59,228 ProgressMeter -        Location |     sites | elapsed |     sites | completed | runtime |   runtime 
INFO  11:06:59,258 StrandBiasTest - SAM/BAM data was found. Attempting to use read data to calculate strand bias annotations values. 
INFO  11:06:59,259 StrandBiasTest - SAM/BAM data was found. Attempting to use read data to calculate strand bias annotations values. 
INFO  11:07:04,678 ProgressMeter -            done   3043210.0     5.0 s       1.0 s      100.0%     5.0 s       0.0 s 
INFO  11:07:04,678 ProgressMeter - Total runtime 5.45 secs, 0.09 min, 0.00 hours 
INFO  11:07:04,679 MicroScheduler - 0 reads were filtered out during the traversal out of approximately 6369 total reads (0.00%) 
INFO  11:07:04,679 MicroScheduler -   -> 0 reads (0.00% of total) failing BadCigarFilter 
INFO  11:07:04,679 MicroScheduler -   -> 0 reads (0.00% of total) failing BadMateFilter 
INFO  11:07:04,679 MicroScheduler -   -> 0 reads (0.00% of total) failing DuplicateReadFilter 
INFO  11:07:04,680 MicroScheduler -   -> 0 reads (0.00% of total) failing FailsVendorQualityCheckFilter 
INFO  11:07:04,680 MicroScheduler -   -> 0 reads (0.00% of total) failing MalformedReadFilter 
INFO  11:07:04,680 MicroScheduler -   -> 0 reads (0.00% of total) failing MappingQualityUnavailableFilter 
INFO  11:07:04,680 MicroScheduler -   -> 0 reads (0.00% of total) failing NotPrimaryAlignmentFilter 
INFO  11:07:04,681 MicroScheduler -   -> 0 reads (0.00% of total) failing UnmappedReadFilter 
INFO  11:07:05,652 GATKRunReport - Uploaded run statistics report to AWS S3 
INDELS found: 2
