## Starting pipeline #
bio_pipeline.sh -ref NC_017331.1.fasta -sra ERR159985.sra -mem-pacbio -dbq 0 -nofix -skip-fastqc -indels
######################

## Saving SRA statistics..
## Dumping fastq files from ERR159985.sra
Rejected 75671 READS because READLEN < 1
Read 81741 spots for ERR159985.sra
Written 6070 spots for ERR159985.sra
## One fastq file generated
## Creating bwa index for NC_017331.1.fasta
[bwa_index] Pack FASTA... 0.02 sec
[bwa_index] Construct BWT for the packed sequence...
[bwa_index] 0.61 seconds elapse.
[bwa_index] Update BWT... 0.02 sec
[bwa_index] Pack forward-only FASTA... 0.01 sec
[bwa_index] Construct SA from BWT and Occ... 0.30 sec
[main] Version: 0.7.12-r1039
[main] CMD: bwa index NC_017331.1.fasta
[main] Real time: 1.552 sec; CPU: 0.956 sec
## Generating sam file with bwa-mem aligner
[M::bwa_idx_load_from_disk] read 0 ALT contigs
[M::process] read 6070 sequences (4764184 bp)...
[M::mem_process_seqs] Processed 6070 reads in 13.476 CPU sec, 3.381 real sec
[main] Version: 0.7.12-r1039
[main] CMD: bwa mem -t 4 -x pacbio NC_017331.1.fasta ERR159985_1.fastq
[main] Real time: 3.707 sec; CPU: 13.508 sec
## Converting sam file to BAM, sorting and indexing
[samopen] SAM header is present: 1 sequences.
## Removing duplicates
[bam_rmdup_core] processing reference gi|387141638|ref|NC_017331.1|...
## Adding read groups and indexing
[Thu Jul 02 11:04:31 CEST 2015] picard.sam.AddOrReplaceReadGroups INPUT=tmp.rmdup.sorted.bam OUTPUT=tmp.addrg.rmdup.sorted.bam RGLB=rglib RGPL=rgpl RGPU=rgpu RGSM=rgsm VALIDATION_STRINGENCY=SILENT    RGID=1 VERBOSITY=INFO QUIET=false COMPRESSION_LEVEL=5 MAX_RECORDS_IN_RAM=500000 CREATE_INDEX=false CREATE_MD5_FILE=false GA4GH_CLIENT_SECRETS=client_secrets.json
[Thu Jul 02 11:04:31 CEST 2015] Executing as fabio@ahmad-desktop on Linux 3.19.0-22-generic amd64; OpenJDK 64-Bit Server VM 1.7.0_79-b14; Picard version: 1.135(83ec44e03ec8d07ef180ef86b7a62d59a80dedd3_1435607037) IntelDeflater
INFO	2015-07-02 11:04:32	AddOrReplaceReadGroups	Created read group ID=1 PL=rgpl LB=rglib SM=rgsm

[Thu Jul 02 11:04:32 CEST 2015] picard.sam.AddOrReplaceReadGroups done. Elapsed time: 0.02 minutes.
Runtime.totalMemory()=251658240
## Realigning near indels and re-indexing
[Thu Jul 02 11:04:33 CEST 2015] picard.sam.CreateSequenceDictionary REFERENCE=NC_017331.1.fasta OUTPUT=NC_017331.1.dict    TRUNCATE_NAMES_AT_WHITESPACE=true NUM_SEQUENCES=2147483647 VERBOSITY=INFO QUIET=false VALIDATION_STRINGENCY=STRICT COMPRESSION_LEVEL=5 MAX_RECORDS_IN_RAM=500000 CREATE_INDEX=false CREATE_MD5_FILE=false GA4GH_CLIENT_SECRETS=client_secrets.json
[Thu Jul 02 11:04:33 CEST 2015] Executing as fabio@ahmad-desktop on Linux 3.19.0-22-generic amd64; OpenJDK 64-Bit Server VM 1.7.0_79-b14; Picard version: 1.135(83ec44e03ec8d07ef180ef86b7a62d59a80dedd3_1435607037) IntelDeflater
[Thu Jul 02 11:04:33 CEST 2015] picard.sam.CreateSequenceDictionary done. Elapsed time: 0.00 minutes.
Runtime.totalMemory()=251658240
INFO  11:04:34,547 HelpFormatter - -------------------------------------------------------------------------------- 
INFO  11:04:34,549 HelpFormatter - The Genome Analysis Toolkit (GATK) v3.4-0-g7e26428, Compiled 2015/05/15 03:25:41 
INFO  11:04:34,549 HelpFormatter - Copyright (c) 2010 The Broad Institute 
INFO  11:04:34,549 HelpFormatter - For support and documentation go to http://www.broadinstitute.org/gatk 
INFO  11:04:34,552 HelpFormatter - Program Args: -I tmp.addrg.rmdup.sorted.bam -R NC_017331.1.fasta -T RealignerTargetCreator -o help.intervals -filterNoBases -rf BadCigar --allow_potentially_misencoded_quality_scores 
INFO  11:04:34,556 HelpFormatter - Executing as fabio@ahmad-desktop on Linux 3.19.0-22-generic amd64; OpenJDK 64-Bit Server VM 1.7.0_79-b14. 
INFO  11:04:34,556 HelpFormatter - Date/Time: 2015/07/02 11:04:34 
INFO  11:04:34,556 HelpFormatter - -------------------------------------------------------------------------------- 
INFO  11:04:34,556 HelpFormatter - -------------------------------------------------------------------------------- 
INFO  11:04:34,609 GenomeAnalysisEngine - Strictness is SILENT 
INFO  11:04:34,693 GenomeAnalysisEngine - Downsampling Settings: Method: BY_SAMPLE, Target Coverage: 1000 
INFO  11:04:34,701 SAMDataSource$SAMReaders - Initializing SAMRecords in serial 
INFO  11:04:34,723 SAMDataSource$SAMReaders - Done initializing BAM readers: total time 0.02 
INFO  11:04:34,810 GenomeAnalysisEngine - Preparing for traversal over 1 BAM files 
INFO  11:04:34,849 GenomeAnalysisEngine - Done preparing for traversal 
INFO  11:04:34,849 ProgressMeter - [INITIALIZATION COMPLETE; STARTING PROCESSING] 
INFO  11:04:34,850 ProgressMeter -                 | processed |    time |    per 1M |           |   total | remaining 
INFO  11:04:34,850 ProgressMeter -        Location |     sites | elapsed |     sites | completed | runtime |   runtime 
INFO  11:04:37,933 ProgressMeter -            done   3043210.0     3.0 s       1.0 s      100.0%     3.0 s       0.0 s 
INFO  11:04:37,934 ProgressMeter - Total runtime 3.08 secs, 0.05 min, 0.00 hours 
INFO  11:04:37,937 MicroScheduler - 74 reads were filtered out during the traversal out of approximately 4882 total reads (1.52%) 
INFO  11:04:37,938 MicroScheduler -   -> 0 reads (0.00% of total) failing BadCigarFilter 
INFO  11:04:37,938 MicroScheduler -   -> 0 reads (0.00% of total) failing BadMateFilter 
INFO  11:04:37,938 MicroScheduler -   -> 0 reads (0.00% of total) failing DuplicateReadFilter 
INFO  11:04:37,939 MicroScheduler -   -> 0 reads (0.00% of total) failing FailsVendorQualityCheckFilter 
INFO  11:04:37,939 MicroScheduler -   -> 0 reads (0.00% of total) failing MalformedReadFilter 
INFO  11:04:37,939 MicroScheduler -   -> 0 reads (0.00% of total) failing MappingQualityUnavailableFilter 
INFO  11:04:37,940 MicroScheduler -   -> 74 reads (1.52% of total) failing MappingQualityZeroFilter 
INFO  11:04:37,940 MicroScheduler -   -> 0 reads (0.00% of total) failing NotPrimaryAlignmentFilter 
INFO  11:04:37,940 MicroScheduler -   -> 0 reads (0.00% of total) failing Platform454Filter 
INFO  11:04:37,940 MicroScheduler -   -> 0 reads (0.00% of total) failing UnmappedReadFilter 
INFO  11:04:39,020 GATKRunReport - Uploaded run statistics report to AWS S3 
INFO  11:04:40,420 HelpFormatter - -------------------------------------------------------------------------------- 
INFO  11:04:40,422 HelpFormatter - The Genome Analysis Toolkit (GATK) v3.4-0-g7e26428, Compiled 2015/05/15 03:25:41 
INFO  11:04:40,422 HelpFormatter - Copyright (c) 2010 The Broad Institute 
INFO  11:04:40,422 HelpFormatter - For support and documentation go to http://www.broadinstitute.org/gatk 
INFO  11:04:40,425 HelpFormatter - Program Args: -I tmp.addrg.rmdup.sorted.bam -R NC_017331.1.fasta -T IndelRealigner -targetIntervals help.intervals -o ERR159985.bam -filterNoBases -rf BadCigar --allow_potentially_misencoded_quality_scores --defaultBaseQualities 0 
INFO  11:04:40,429 HelpFormatter - Executing as fabio@ahmad-desktop on Linux 3.19.0-22-generic amd64; OpenJDK 64-Bit Server VM 1.7.0_79-b14. 
INFO  11:04:40,429 HelpFormatter - Date/Time: 2015/07/02 11:04:40 
INFO  11:04:40,429 HelpFormatter - -------------------------------------------------------------------------------- 
INFO  11:04:40,429 HelpFormatter - -------------------------------------------------------------------------------- 
INFO  11:04:40,523 GenomeAnalysisEngine - Strictness is SILENT 
INFO  11:04:40,557 GenomeAnalysisEngine - Downsampling Settings: No downsampling 
INFO  11:04:40,563 SAMDataSource$SAMReaders - Initializing SAMRecords in serial 
INFO  11:04:40,581 SAMDataSource$SAMReaders - Done initializing BAM readers: total time 0.02 
INFO  11:04:40,646 GenomeAnalysisEngine - Preparing for traversal over 1 BAM files 
INFO  11:04:40,650 GenomeAnalysisEngine - Done preparing for traversal 
INFO  11:04:40,650 ProgressMeter - [INITIALIZATION COMPLETE; STARTING PROCESSING] 
INFO  11:04:40,650 ProgressMeter -                 | processed |    time |    per 1M |           |   total | remaining 
INFO  11:04:40,651 ProgressMeter -        Location |     reads | elapsed |     reads | completed | runtime |   runtime 
INFO  11:04:40,667 ReadShardBalancer$1 - Loading BAM index data 
INFO  11:04:40,668 ReadShardBalancer$1 - Done loading BAM index data 
INFO  11:04:42,007 ProgressMeter -            done      6258.0     1.0 s       3.6 m       99.1%     1.0 s       0.0 s 
INFO  11:04:42,008 ProgressMeter - Total runtime 1.36 secs, 0.02 min, 0.00 hours 
INFO  11:04:42,011 MicroScheduler - 0 reads were filtered out during the traversal out of approximately 6258 total reads (0.00%) 
INFO  11:04:42,011 MicroScheduler -   -> 0 reads (0.00% of total) failing BadCigarFilter 
INFO  11:04:42,011 MicroScheduler -   -> 0 reads (0.00% of total) failing MalformedReadFilter 
INFO  11:04:43,157 GATKRunReport - Uploaded run statistics report to AWS S3 

##################
# Reads coverage #
##################
(only counts reads where MAPQ >= 1)
Genome length: 3043210
min =  0
max =  8
% cov. =  62.6193
Avg. base cov. =  0.984967
Stdev base cov. =  1.02765

Reads length (MAPQ >= 1):
min-max avg stdev
43-2939 749.254 +- 340.367

flagstats:
6258 + 0 in total (QC-passed reads + QC-failed reads)
0 + 0 duplicates
4743 + 0 mapped (75.79%:-nan%)
0 + 0 paired in sequencing
0 + 0 read1
0 + 0 read2
0 + 0 properly paired (-nan%:-nan%)
0 + 0 with itself and mate mapped
0 + 0 singletons (-nan%:-nan%)
0 + 0 with mate mapped to a different chr
0 + 0 with mate mapped to a different chr (mapQ>=5)

idxstats:
Chr	length	mapped	unmapped
gi|387141638|ref|NC_017331.1|	3043210	4743	0
*	0	0	1515

## SNP calling with GATK
INFO  11:04:46,586 HelpFormatter - -------------------------------------------------------------------------------- 
INFO  11:04:46,587 HelpFormatter - The Genome Analysis Toolkit (GATK) v3.4-0-g7e26428, Compiled 2015/05/15 03:25:41 
INFO  11:04:46,588 HelpFormatter - Copyright (c) 2010 The Broad Institute 
INFO  11:04:46,588 HelpFormatter - For support and documentation go to http://www.broadinstitute.org/gatk 
INFO  11:04:46,591 HelpFormatter - Program Args: -ploidy 1 -I ERR159985.bam -R NC_017331.1.fasta -T UnifiedGenotyper -o ERR159985-snps.vcf -filterNoBases -rf BadCigar --allow_potentially_misencoded_quality_scores 
INFO  11:04:46,595 HelpFormatter - Executing as fabio@ahmad-desktop on Linux 3.19.0-22-generic amd64; OpenJDK 64-Bit Server VM 1.7.0_79-b14. 
INFO  11:04:46,595 HelpFormatter - Date/Time: 2015/07/02 11:04:46 
INFO  11:04:46,595 HelpFormatter - -------------------------------------------------------------------------------- 
INFO  11:04:46,596 HelpFormatter - -------------------------------------------------------------------------------- 
INFO  11:04:46,674 GenomeAnalysisEngine - Strictness is SILENT 
INFO  11:04:46,765 GenomeAnalysisEngine - Downsampling Settings: Method: BY_SAMPLE, Target Coverage: 250 
INFO  11:04:46,772 SAMDataSource$SAMReaders - Initializing SAMRecords in serial 
INFO  11:04:46,788 SAMDataSource$SAMReaders - Done initializing BAM readers: total time 0.02 
INFO  11:04:46,858 GenomeAnalysisEngine - Preparing for traversal over 1 BAM files 
INFO  11:04:46,888 GenomeAnalysisEngine - Done preparing for traversal 
INFO  11:04:46,889 ProgressMeter - [INITIALIZATION COMPLETE; STARTING PROCESSING] 
INFO  11:04:46,889 ProgressMeter -                 | processed |    time |    per 1M |           |   total | remaining 
INFO  11:04:46,890 ProgressMeter -        Location |     sites | elapsed |     sites | completed | runtime |   runtime 
INFO  11:04:46,918 StrandBiasTest - SAM/BAM data was found. Attempting to use read data to calculate strand bias annotations values. 
INFO  11:04:46,918 StrandBiasTest - SAM/BAM data was found. Attempting to use read data to calculate strand bias annotations values. 
INFO  11:05:06,588 ProgressMeter -            done   3043210.0    19.0 s       6.0 s      100.0%    19.0 s       0.0 s 
INFO  11:05:06,588 ProgressMeter - Total runtime 19.70 secs, 0.33 min, 0.01 hours 
INFO  11:05:06,588 MicroScheduler - 0 reads were filtered out during the traversal out of approximately 4882 total reads (0.00%) 
INFO  11:05:06,589 MicroScheduler -   -> 0 reads (0.00% of total) failing BadCigarFilter 
INFO  11:05:06,589 MicroScheduler -   -> 0 reads (0.00% of total) failing BadMateFilter 
INFO  11:05:06,589 MicroScheduler -   -> 0 reads (0.00% of total) failing DuplicateReadFilter 
INFO  11:05:06,589 MicroScheduler -   -> 0 reads (0.00% of total) failing FailsVendorQualityCheckFilter 
INFO  11:05:06,589 MicroScheduler -   -> 0 reads (0.00% of total) failing MalformedReadFilter 
INFO  11:05:06,590 MicroScheduler -   -> 0 reads (0.00% of total) failing MappingQualityUnavailableFilter 
INFO  11:05:06,590 MicroScheduler -   -> 0 reads (0.00% of total) failing NotPrimaryAlignmentFilter 
INFO  11:05:06,590 MicroScheduler -   -> 0 reads (0.00% of total) failing UnmappedReadFilter 
INFO  11:05:07,807 GATKRunReport - Uploaded run statistics report to AWS S3 
SNPs found: 37
## INDELS calling with GATK
INFO  11:05:09,042 HelpFormatter - -------------------------------------------------------------------------------- 
INFO  11:05:09,043 HelpFormatter - The Genome Analysis Toolkit (GATK) v3.4-0-g7e26428, Compiled 2015/05/15 03:25:41 
INFO  11:05:09,044 HelpFormatter - Copyright (c) 2010 The Broad Institute 
INFO  11:05:09,044 HelpFormatter - For support and documentation go to http://www.broadinstitute.org/gatk 
INFO  11:05:09,047 HelpFormatter - Program Args: -ploidy 1 -I ERR159985.bam -R NC_017331.1.fasta -T UnifiedGenotyper -o ERR159985-indels.vcf -glm INDEL -filterNoBases -rf BadCigar --allow_potentially_misencoded_quality_scores 
INFO  11:05:09,051 HelpFormatter - Executing as fabio@ahmad-desktop on Linux 3.19.0-22-generic amd64; OpenJDK 64-Bit Server VM 1.7.0_79-b14. 
INFO  11:05:09,051 HelpFormatter - Date/Time: 2015/07/02 11:05:09 
INFO  11:05:09,051 HelpFormatter - -------------------------------------------------------------------------------- 
INFO  11:05:09,051 HelpFormatter - -------------------------------------------------------------------------------- 
INFO  11:05:09,123 GenomeAnalysisEngine - Strictness is SILENT 
INFO  11:05:09,188 GenomeAnalysisEngine - Downsampling Settings: Method: BY_SAMPLE, Target Coverage: 250 
INFO  11:05:09,193 SAMDataSource$SAMReaders - Initializing SAMRecords in serial 
INFO  11:05:09,210 SAMDataSource$SAMReaders - Done initializing BAM readers: total time 0.02 
INFO  11:05:09,272 GenomeAnalysisEngine - Preparing for traversal over 1 BAM files 
INFO  11:05:09,300 GenomeAnalysisEngine - Done preparing for traversal 
INFO  11:05:09,300 ProgressMeter - [INITIALIZATION COMPLETE; STARTING PROCESSING] 
INFO  11:05:09,301 ProgressMeter -                 | processed |    time |    per 1M |           |   total | remaining 
INFO  11:05:09,301 ProgressMeter -        Location |     sites | elapsed |     sites | completed | runtime |   runtime 
INFO  11:05:09,329 StrandBiasTest - SAM/BAM data was found. Attempting to use read data to calculate strand bias annotations values. 
INFO  11:05:09,329 StrandBiasTest - SAM/BAM data was found. Attempting to use read data to calculate strand bias annotations values. 
INFO  11:05:13,782 ProgressMeter -            done   3043210.0     4.0 s       1.0 s      100.0%     4.0 s       0.0 s 
INFO  11:05:13,783 ProgressMeter - Total runtime 4.48 secs, 0.07 min, 0.00 hours 
INFO  11:05:13,785 MicroScheduler - 0 reads were filtered out during the traversal out of approximately 4882 total reads (0.00%) 
INFO  11:05:13,785 MicroScheduler -   -> 0 reads (0.00% of total) failing BadCigarFilter 
INFO  11:05:13,785 MicroScheduler -   -> 0 reads (0.00% of total) failing BadMateFilter 
INFO  11:05:13,785 MicroScheduler -   -> 0 reads (0.00% of total) failing DuplicateReadFilter 
INFO  11:05:13,786 MicroScheduler -   -> 0 reads (0.00% of total) failing FailsVendorQualityCheckFilter 
INFO  11:05:13,786 MicroScheduler -   -> 0 reads (0.00% of total) failing MalformedReadFilter 
INFO  11:05:13,786 MicroScheduler -   -> 0 reads (0.00% of total) failing MappingQualityUnavailableFilter 
INFO  11:05:13,786 MicroScheduler -   -> 0 reads (0.00% of total) failing NotPrimaryAlignmentFilter 
INFO  11:05:13,787 MicroScheduler -   -> 0 reads (0.00% of total) failing UnmappedReadFilter 
INFO  11:05:14,787 GATKRunReport - Uploaded run statistics report to AWS S3 
INDELS found: 0
