1000000 reads considered for genome annotation 
2000000 reads considered for genome annotation 
3000000 reads considered for genome annotation 
4000000 reads considered for genome annotation 
Warning: 98 q-grams of 4658597 contain other letters than A,C,G and T, ignore these q-grams
No q-grams with Ns to add
Start Strand Bias Score calculation
fisher  1.0 0.0 6.27188666479e-09
chi  0.0
fisher  1.0 2.09394977588e-163 6.69733625523e-09
chi  5.45519205109e-163
fisher  0.999999994163 0.0 6.9926653947e-09
chi  0.0
fisher  0.999999911122 0.0 9.42505655612e-09
chi  0.0
fisher  1.0 0.0 7.11771335629e-09
chi  0.0
fisher  3.3195026453e-06 0.999996748981 6.62243055529e-06
chi  6.64052812928e-06
fisher  0.999999964332 0.0 7.50655528665e-09
chi  0.0
fisher  0.0 1.0 6.90332858803e-09
chi  0.0
fisher  0.0 0.999999941152 7.39075468286e-09
chi  0.0
fisher  0.999999992899 1.33793371658e-128 5.07151021987e-09
chi  3.80130891724e-128
fisher  0.9999999768 2.48173830301e-236 7.36446587969e-09
chi  7.4618630254e-236
fisher  0.0 0.999999959413 6.45431861628e-09
chi  0.0
fisher  1.0 0.0 7.02050606331e-09
chi  0.0
fisher  1.0 3.48123815336e-162 7.58235409402e-09
chi  8.59027943543e-162
fisher  0.999999943479 0.0 7.92309748867e-09
chi  0.0
fisher  0.999999996717 0.0 6.88417448754e-09
chi  0.0
fisher  0.0 0.999999951849 7.86976937304e-09
chi  0.0
fisher  1.0 0.0 5.44622756341e-09
chi  0.0
fisher  1.0 2.20908449764e-45 6.08886955379e-09
chi  4.54357919628e-45
fisher  0.609808769629 0.392526785691 0.784351470331
chi  0.785053216354
fisher  0.0 0.99999997565 7.39401652304e-09
chi  0.0
fisher  0.999999995449 0.0 7.60906418328e-09
chi  0.0
fisher  0.0 1.0 7.61465353734e-09
chi  0.0
fisher  0.0 1.0 8.04257646286e-09
chi  0.0
fisher  0.0 0.999999925686 8.73649722288e-09
chi  0.0
fisher  0.999999968882 1.16629675687e-71 6.01419241697e-09
chi  2.52660185429e-71
fisher  0.99999996911 0.0 6.62717135129e-09
chi  0.0
fisher  0.0 1.0 1.14331388325e-08
chi  0.0
fisher  0.0 1.0 7.37205645949e-09
chi  0.0
fisher  0.999999978999 0.0 9.26998201624e-09
chi  0.0
fisher  1.0 0.0 9.96635421491e-09
chi  0.0
fisher  1.0 6.44049068775e-238 9.72604649731e-09
chi  1.5861884087e-237
fisher  1.14125755618e-128 0.999999990635 8.3019966269e-09
chi  2.51121596483e-128
fisher  0.0 1.0 9.18752296073e-09
chi  0.0
fisher  0.999999949921 0.0 7.87406168495e-09
chi  0.0
fisher  1.0 1.32148289178e-309 7.2704076091e-09
chi  6.05855348184e-309
fisher  0.0 1.0 6.94341016708e-09
chi  0.0
fisher  0.0 1.0 4.226380674e-09
chi  0.0
fisher  0.0 0.999999986546 8.33231886177e-09
chi  0.0
fisher  1.0 0.0 6.99797027668e-09
chi  0.0
fisher  1.0 5.22524681493e-58 8.57234962216e-09
chi  1.08230188825e-57
fisher  8.26879455786e-13 0.999999948298 5.41083046767e-09
chi  1.65573932586e-12
fisher  0.0 0.999999983456 5.41872560229e-09
chi  0.0
fisher  0.0 1.0 7.14191815196e-09
chi  0.0
fisher  0.999999990935 0.0 7.53345792233e-09
chi  0.0
fisher  1.97357571474e-64 0.999999958984 6.37461310458e-09
chi  4.12915842529e-64
fisher  0.99999997346 5.33125593305e-273 6.1687480528e-09
chi  2.71567226255e-272
fisher  1.0 0.0 7.9411343401e-09
chi  0.0
fisher  0.999999949995 0.0 8.86421352999e-09
chi  0.0
fisher  0.999999988078 0.0 9.66204775107e-09
chi  0.0
fisher  1.0 0.0 6.85846207105e-09
chi  0.0
fisher  0.999999965281 0.0 8.92862199457e-09
chi  0.0
fisher  0.999999983385 0.0 6.11935580646e-09
chi  0.0
fisher  0.0 1.0 1.03116121981e-08
chi  0.0
fisher  4.14328253229e-12 0.999999998362 5.77631259132e-09
chi  8.2922161829e-12
fisher  1.0 5.64623703826e-242 6.89561110504e-09
chi  2.11710250624e-241
fisher  1.0 0.0 6.85755811719e-09
chi  0.0
fisher  0.0 1.0 8.99718447257e-09
chi  0.0
fisher  1.0 0.0 8.74764178179e-09
chi  0.0
fisher  0.99999983497 1.422534439e-07 2.86199744421e-07
chi  2.84596584111e-07
fisher  0.0 1.0 1.03878099696e-08
chi  0.0
fisher  0.0 0.999999993178 8.03880496952e-09
chi  0.0
fisher  0.509590206224 0.492418787924 0.983925332612
chi  0.984836344813
fisher  1.0 2.4891635757e-294 6.39541078183e-09
chi  1.53976744855e-293
#Sequence	Occurrence	Forward Match	Backward Match	Forward Mismatch	Backward Mismatch	Strand Bias Score	FER (Forward Error Rate)	RER (Reverse Error Rate), ERD (Error rate Difference)
