1000000 reads considered for genome annotation 
2000000 reads considered for genome annotation 
3000000 reads considered for genome annotation 
4000000 reads considered for genome annotation 
Warning: 100 q-grams of 4658594 contain other letters than A,C,G and T, ignore these q-grams
No q-grams with Ns to add
Start Strand Bias Score calculation
0.000150239575074 0.999928660404 7.50555389442e-05 0.000149378563299
1.86446229357e-191 3.83921217959e-193 0.999999996968 2.4617346072e-09
0.0 1.0 0.0 3.53745574082e-09
0.0 0.999999995791 0.0 3.96272726482e-09
0.0 0.999999995089 0.0 4.49982014727e-09
0.000787702896632 0.999619959493 0.000393880913362 0.000775530533285
0.140598455224 0.931562294196 0.0702972469657 0.139319382837
0.0 0.999999996043 0.0 2.86938844341e-09
5.54876698014e-129 0.999999999641 6.19180772413e-130 2.29057364586e-09
0.0 1.0 0.0 5.59966111339e-09
7.5046099396e-201 1.56988391316e-201 1.0 4.66293128935e-09
8.69669864192e-08 4.34018849359e-08 0.99999995904 8.72052950305e-08
1.00075495218e-158 0.99999999417 1.43192595643e-159 2.94020430997e-09
2.89098691522e-67 0.999999993502 1.16919972308e-67 3.40529393978e-09
5.3161730288e-317 1.0 9.31313742411e-320 2.83725855927e-09
0.0 1.0 0.0 4.04498328372e-09
5.74400140012e-124 8.92162061748e-125 1.0 2.32490281953e-09
5.32802086657e-217 1.0 5.92321986489e-218 3.91830668091e-09
1.52062473555e-180 1.0 2.32951354398e-181 3.64194407124e-09
3.28621280589e-66 1.01780844689e-66 0.999999998091 2.01645255783e-09
0.0681363138877 0.0340679320507 0.966764122429 0.0673280281071
0.0 1.0 0.0 3.80044465736e-09
0.456095255144 0.228047395334 0.775066401218 0.453306754328
0.0 0.999999974635 0.0 4.60973005103e-09
4.76418926218e-254 1.94049618434e-255 1.0 3.63068044785e-09
0.0 1.0 0.0 3.56095228684e-09
8.61691610941e-14 4.26021634008e-14 0.999999996031 2.28211138502e-09
9.46212983103e-262 1.25726191658e-262 0.99999998642 4.64217252748e-09
1.33873062607e-31 0.999999992904 6.33625450565e-32 3.04421499646e-09
0.0 0.999999998214 0.0 3.6075522854e-09
0.0 1.0 0.0 3.95880490181e-09
1.13138642478e-19 5.56834990427e-20 1.0 2.75054038328e-09
2.66466887716e-15 0.999999992737 1.32711454644e-15 4.11116264126e-09
3.9683909903e-147 5.07162396097e-148 1.0 2.71906159665e-09
3.46440011464e-152 1.0 7.08556573313e-153 3.6354262403e-09
0.0 1.0 0.0 3.41080659712e-09
1.29645019233e-05 6.47262263056e-06 0.999993843456 1.27146185256e-05
0.0 0.999999996791 0.0 3.45160230186e-09
1.59652841753e-139 1.0 4.02656939627e-140 3.5687783827e-09
0.0 0.0 0.999999990947 4.77348476971e-09
0.0 0.0 0.999999987667 5.71163550437e-09
5.72572408122e-31 2.64719678349e-31 1.0 2.39835538461e-09
3.6995608558e-09 1.84443459644e-09 0.999999998276 6.5813255306e-09
0.0 1.0 0.0 4.15430419022e-09
1.10412272894e-127 1.0 1.87049057797e-128 2.73027094104e-09
0.0 0.999999998679 0.0 2.83498302168e-09
0.0 0.999999991914 0.0 3.03793347074e-09
0.0 1.0 0.0 2.5298357341e-09
0.0 1.0 0.0 2.30588514546e-09
0.0 1.0 0.0 3.58684563331e-09
6.13837917393e-22 3.02494863134e-22 1.0 3.27412747879e-09
0.0 1.0 0.0 3.58493895589e-09
1.20665368534e-09 1.0 5.99594167303e-10 3.75863799638e-09
1.82860866734e-42 1.0 7.8328890709e-43 2.4336279878e-09
3.86605892437e-167 1.0 8.94950915159e-168 4.09287568072e-09
0.0 0.999999996384 0.0 2.32043029766e-09
0.0 1.0 0.0 3.15234257998e-09
5.63342252117e-05 0.999972628622 2.81490493735e-05 5.57715087488e-05
0.0 0.0 1.0 5.39122660928e-09
2.01183685235e-253 3.03355171576e-254 0.999999995443 4.76893483434e-09
0.0 0.0 1.0 4.17016237297e-09
1.73120675888e-276 8.20196115148e-278 1.0 4.00885828658e-09
0.0 0.999999992103 0.0 3.72418430073e-09
0.0 0.999999999705 0.0 2.35328458947e-09
1.69230654481e-144 0.999999998027 4.47538726007e-145 3.89635734763e-09
2.86832987365e-64 0.999999998501 1.15365870801e-64 2.88592529338e-09
0.0 0.0 1.0 4.1488209519e-09
1.41459741991e-249 1.0 1.24171115568e-250 3.94610367958e-09
2.91950191716e-63 0.999999998083 1.34441068395e-63 4.40365395013e-09
0.0 0.0 0.999999999363 3.93400988764e-09
0.0 1.0 0.0 4.20331494773e-09
0.0 0.0 0.999999991093 4.00810522107e-09
0.0 0.0 0.999999995294 6.71340298974e-09
4.61982682442e-178 1.0 7.96735080591e-179 3.55112320679e-09
0.0 1.0 0.0 5.14035624339e-09
0.0 0.0 0.999999969788 5.99182101457e-09
5.61022208852e-178 0.999999994415 6.66000761892e-179 3.35275914272e-09
0.0 0.0 0.99999999904 3.02328062598e-09
1.73729399779e-32 8.3521109677e-33 1.0 3.32669060679e-09
3.6974412848e-25 1.0 1.80584000355e-25 3.44715834405e-09
0.0 1.0 0.0 3.75735106477e-09
0.0 0.999999994105 0.0 3.30260560548e-09
9.3477599186e-279 3.32310192274e-280 0.999999995031 3.61489478055e-09
4.60605562654e-07 2.29896678967e-07 0.999999782063 4.524974299e-07
0.0 0.0 0.999999995335 4.98275947832e-09
1.69450841725e-187 1.99052181104e-188 0.999999994014 3.43635525843e-09
0.938167399407 0.469082673139 0.535614938416 0.934079514969
0.0 0.999999997741 0.0 4.68236135596e-09
2.5222463813e-73 0.999999994115 1.02352115323e-73 3.5109202633e-09
0.0 1.0 0.0 3.53677906525e-09
2.04913163941e-68 0.999999998831 8.47076965588e-69 3.06212549889e-09
2.90432984919e-05 1.45217225692e-05 0.999986017646 2.90146044038e-05
0.0 0.999999987947 0.0 4.23212432842e-09
0.0 0.0 1.0 3.87964810801e-09
5.49445819275e-97 1.0 1.90939846896e-97 3.31069252635e-09
0.0 0.0 1.0 2.60959243433e-09
0.0 0.999999994022 0.0 3.94608135632e-09
5.25946216929e-112 0.999999999524 1.55199277548e-112 3.31231801758e-09
9.00933417463e-63 1.0 3.95254897328e-63 3.70270749978e-09
0.0 1.0 0.0 6.17971213923e-09
0.0 0.0 1.0 4.88522020593e-09
2.20314792824e-44 1.0 9.75390760443e-45 2.70674209575e-09
1.25565925101e-144 2.91144240909e-145 0.999999993356 3.61829917714e-09
1.45471171398e-17 1.0 7.28836579171e-18 4.68315264722e-09
0.0 0.0 0.999999992684 4.80083613038e-09
1.44108863044e-44 1.0 7.03989365593e-45 4.46344040527e-09
0.0 0.0 1.0 3.28419020754e-09
2.4651963151e-285 1.27600346709e-286 1.0 4.16440437642e-09
1.64808342215e-310 2.80020425039e-316 0.999999999829 1.84986765062e-09
7.79146154524e-131 0.999999999703 2.10798530754e-131 3.38413420005e-09
0.0 1.0 0.0 4.76366482891e-09
0.0 0.999999992408 0.0 4.40741286219e-09
1.67444499167e-16 0.999999998961 8.15120343601e-17 2.40273955133e-09
1.04170434521e-101 1.0 4.46806814371e-102 4.85361107939e-09
0.0 0.0 1.0 5.20137574104e-09
3.64267578417e-133 1.05237023779e-133 0.999999991551 4.06077252474e-09
0.0 0.0 1.0 4.71621051636e-09
0.0 0.0 0.999999993205 3.33455293061e-09
8.59929073703e-53 0.999999997772 3.28211647879e-53 2.1244324257e-09
4.26127843253e-80 1.0 1.7087021424e-80 4.42069890676e-09
1.48082230452e-24 7.35001292221e-25 1.0 4.18302136455e-09
2.19963528514e-111 1.0 8.00665993532e-112 4.08809674372e-09
7.51043541154e-223 1.0 9.39286400343e-224 3.81669952185e-09
0.0 0.0 0.99999999541 3.46801178035e-09
0.0 0.0 1.0 5.6443823498e-09
0.0 0.0 1.0 4.38238717269e-09
5.19531930218e-284 1.0 6.94798849307e-286 3.1430041036e-09
0.0 0.0 1.0 2.66732359479e-09
0.0 0.0 0.999999994198 4.05967653069e-09
1.25497955216e-167 0.99999999644 4.51193283444e-169 2.15584027001e-09
3.86574928846e-217 2.18854478569e-218 0.999999996732 3.0956023544e-09
0.0 0.0 1.0 3.47554870078e-09
0.00749413375651 0.00374690834455 0.996419049237 0.00746875616247
5.4798429822e-65 0.999999997841 2.33697917444e-65 3.48904747079e-09
0.0 1.0 0.0 3.27687014408e-09
6.14735852447e-37 1.16582480512e-37 1.0 8.0539063357e-10
3.91084769237e-23 0.999999999852 1.89518928261e-23 2.56470912652e-09
4.11839417013e-52 0.999999994969 1.82568132333e-52 3.23427445152e-09
8.41271270829e-43 3.93958241605e-43 1.0 3.10213562421e-09
7.59002166235e-57 1.0 3.46771301153e-57 3.45220831136e-09
0.0 0.0 1.0 4.36985082444e-09
0.466512322999 0.233257440295 0.770824219172 0.465123096549
0.556221588689 0.726399471026 0.278112782454 0.552448881357
0.0 0.999999990902 0.0 3.62874347358e-09
7.33267924295e-120 1.38467169681e-120 1.0 2.67246281403e-09
0.0874831446658 0.957150732279 0.0437414136445 0.0874535804179
0.0 0.0 1.0 2.70327943108e-09
3.31178281768e-06 1.65438233291e-06 0.999998419394 3.23874244197e-06
2.77467893786e-23 0.999999999765 1.34361021138e-23 2.83655215041e-09
1.47889604057e-68 1.0 5.95764107608e-69 3.03092536271e-09
1.08335534996e-168 2.92739016602e-169 0.999999997594 3.91715520393e-09
0.0 0.999999995887 0.0 3.94852174315e-09
2.10265580815e-07 1.04992186527e-07 0.999999898486 2.08657419399e-07
0.0 0.0 1.0 6.50557105835e-09
1.69641168936e-60 6.50018245482e-61 1.0 2.33451667649e-09
3.01544110665e-66 0.999999988437 1.33698471226e-66 4.13625269618e-09
0.0 0.999999996833 0.0 4.29450215973e-09
1.86039279079e-72 0.999999989992 7.8858478304e-73 3.83241950193e-09
3.7024079199e-33 1.77816797179e-33 1.0 3.51585989282e-09
2.31255164424e-80 6.57365532971e-81 0.999999996247 2.24100026038e-09
0.0 0.0 1.0 4.17077310359e-09
0.0 0.0 0.999999982818 4.11770328289e-09
0.00313322616974 0.998483376078 0.00156639295125 0.00313131330423
9.44049695631e-14 0.999999996274 4.67623657164e-14 2.73820400649e-09
1.66925122341e-84 5.43984755183e-85 1.0 2.73677032325e-09
0.0 1.0 0.0 4.47791813484e-09
0.0 1.0 0.0 4.1235458071e-09
1.20397850861e-09 0.999999999382 5.99668017706e-10 4.2283033107e-09
0.665610802724 0.332805192861 0.670188397763 0.664803319179
0.0 0.0 0.99999999698 3.5879509089e-09
0.0 0.0 0.999999989782 4.19680931928e-09
4.35307932983e-05 0.999979541384 2.17275484335e-05 4.27510848597e-05
9.06462485701e-246 1.0 6.05134509769e-247 3.71531531033e-09
0.0 1.0 0.0 3.08896955386e-09
1.70689685154e-12 0.999999991964 8.45483721226e-13 2.67017659355e-09
0.0 0.999999996006 0.0 2.71414611225e-09
9.26191981658e-161 1.0 8.96364614286e-162 2.7542115632e-09
7.0182379149e-33 1.0 3.3718411906e-33 3.49311646682e-09
1.07735012584e-187 1.0 1.29212714388e-188 3.29814415685e-09
0.0 1.0 0.0 4.23646444817e-09
0.0 1.0 0.0 4.93612251353e-09
0.0 1.0 0.0 2.14544943759e-09
1.24778566679e-34 1.0 6.10907748384e-35 4.22594783591e-09
0.0 1.0 0.0 3.37646634302e-09
1.88239191957e-273 1.0 8.72341127722e-275 3.78212411644e-09
0.0 1.0 0.0 3.79652267894e-09
0.0 1.0 0.0 3.65824752964e-09
1.32246781933e-69 1.0 5.31923015399e-70 3.06373765334e-09
0.0 0.0 0.999999999297 4.90533182774e-09
0.00226994077513 0.998911574757 0.00113427875813 0.00226260098003
0.0 1.0 0.0 4.30163590779e-09
0.0020812917123 0.00104049111385 0.998993764771 0.00205259972985
2.74701818538e-97 0.999999996378 7.05057140828e-98 2.49620472375e-09
7.42740630196e-58 1.0 3.3178662124e-58 3.31012287876e-09
0.0 0.0 1.0 4.31750393652e-09
0.0 1.0 0.0 4.63621014441e-09
1.32655994386e-15 1.0 6.52536048123e-16 2.73687596145e-09
5.19407974294e-26 0.99999999851 2.49425922493e-26 2.91517019532e-09
0.0615126352804 0.0307561180242 0.969894715955 0.0612492389661
0.0 0.999999989587 0.0 3.61139430027e-09
0.0 0.0 0.999999998491 3.76865039522e-09
0.0 0.999999992461 0.0 3.7403780244e-09
1.68944983348e-47 7.91965285871e-48 0.999999996344 3.49432911276e-09
1.26257549636e-76 1.0 4.94874405495e-77 3.39924375554e-09
0.0 0.0 0.999999998318 3.39160644613e-09
0.0 0.999999996714 0.0 3.72935062491e-09
6.27950765427e-37 3.03538047024e-37 1.0 3.42834946469e-09
0.0 1.0 0.0 4.40969877725e-09
0.0 0.0 1.0 2.99997665769e-09
2.21292430971e-159 0.999999996003 6.18576012423e-160 3.45622874297e-09
0.0 0.0 0.999999999934 3.48130614899e-09
0.0 0.0 1.0 4.79298755853e-09
0.0 0.0 0.999999998454 2.90881847943e-09
1.49648677703e-32 0.999999999895 7.22088600408e-33 3.21237305787e-09
4.87437374795e-63 1.0 2.07466259515e-63 3.00786578382e-09
0.0 0.999999999212 0.0 4.04907089353e-09
0.0 0.999999998855 0.0 2.9899141523e-09
0.0 0.0 1.0 5.16464756812e-09
1.77940262988e-112 5.50736636558e-113 1.0 3.47222839946e-09
0.0 0.0 0.999999997944 2.87415182356e-09
2.00809143198e-165 0.999999995898 2.18947224716e-166 3.09520389237e-09
0.282321232894 0.141160617443 0.861275041118 0.280945793116
0.0 1.0 0.0 4.29455168178e-09
0.0 0.0 0.999999994879 3.86772524039e-09
7.07593895507e-76 3.02105996543e-76 0.999999996492 3.99245116205e-09
7.54873131947e-198 1.09320024482e-198 0.999999996818 3.25786074663e-09
2.09648605165e-79 1.0 9.78986683065e-80 5.91964904033e-09
0.0 1.0 0.0 4.4472609223e-09
6.64698582725e-18 1.0 3.31835665527e-18 5.94349101689e-09
0.0 0.0 1.0 5.5281403378e-09
6.61298558802e-110 1.0 2.09362547163e-110 3.41579193884e-09
1.35397264425e-270 1.0 8.96838542087e-272 3.89475548713e-09
2.10745232837e-317 1.0 6.52285228265e-319 4.06292198362e-09
0.0 0.999999996085 0.0 3.84400629622e-09
0.0 0.0 0.999999999563 3.64842292561e-09
3.94892384624e-303 1.3308800873e-304 1.0 3.99598668308e-09
0.0 0.0 1.0 3.59154799878e-09
0.0 0.999999995084 0.0 2.89796726291e-09
0.000226621960087 0.999891213932 0.000113263232416 0.000223639007256
5.1481384827e-178 6.53095839619e-179 1.0 3.21201140228e-09
0.0 1.0 0.0 3.40740076019e-09
1.82760313255e-144 0.999999991458 4.7877194342e-145 3.81888916619e-09
0.0 0.0 0.999999995413 2.94063537687e-09
0.00258344855954 0.00129155466152 0.998753909801 0.0025437626505
1.34709707507e-12 6.71120798774e-13 1.0 3.06308489408e-09
0.0 0.999999999177 0.0 3.39809050947e-09
0.0 0.999999999936 0.0 2.9794916787e-09
0.0 0.99999999297 0.0 3.56666978129e-09
0.0 1.0 0.0 5.47223861472e-09
8.94783528987e-41 0.99999999234 4.13376364548e-41 3.35692060123e-09
0.0 0.0 1.0 5.31915584596e-09
0.0 0.0 0.999999997524 3.56983008693e-09
0.0 1.0 0.0 6.01074263352e-09
7.32308385414e-09 0.999999998933 3.64425891898e-09 9.63644766325e-09
0.00402129826053 0.00201024379995 0.998056586401 0.00402007842636
0.0 0.999999998536 0.0 4.30444758852e-09
#Sequence	Occurrence	Forward Match	Backward Match	Forward Mismatch	Backward Mismatch	Strand Bias Score	FER (Forward Error Rate)	RER (Reverse Error Rate), ERD (Error rate Difference)
GGGT	23425	1007249	1078703	79090	13069	9223372036854775807	0.0728041615002	0.0119704480423	0.060833713458
