## Starting pipeline #
bio_pipeline.sh -ref NC_017331.1.fasta -sra ERR159972.sra -mem-pacbio -dbq 0 -nofix -skip-fastqc -indels
######################

## Saving SRA statistics..
## Dumping fastq files from ERR159972.sra
Rejected 78328 READS because READLEN < 1
Read 81741 spots for ERR159972.sra
Written 3413 spots for ERR159972.sra
## One fastq file generated
## Creating bwa index for NC_017331.1.fasta
[bwa_index] Pack FASTA... 0.02 sec
[bwa_index] Construct BWT for the packed sequence...
[bwa_index] 0.80 seconds elapse.
[bwa_index] Update BWT... 0.02 sec
[bwa_index] Pack forward-only FASTA... 0.02 sec
[bwa_index] Construct SA from BWT and Occ... 0.28 sec
[main] Version: 0.7.12-r1039
[main] CMD: bwa index NC_017331.1.fasta
[main] Real time: 1.737 sec; CPU: 1.136 sec
## Generating sam file with bwa-mem aligner
[M::bwa_idx_load_from_disk] read 0 ALT contigs
[M::process] read 3413 sequences (2036554 bp)...
[M::mem_process_seqs] Processed 3413 reads in 5.132 CPU sec, 1.286 real sec
[main] Version: 0.7.12-r1039
[main] CMD: bwa mem -t 4 -x pacbio NC_017331.1.fasta ERR159972_1.fastq
[main] Real time: 1.423 sec; CPU: 5.148 sec
## Converting sam file to BAM, sorting and indexing
[samopen] SAM header is present: 1 sequences.
## Removing duplicates
[bam_rmdup_core] processing reference gi|387141638|ref|NC_017331.1|...
## Adding read groups and indexing
[Thu Jul 02 10:56:01 CEST 2015] picard.sam.AddOrReplaceReadGroups INPUT=tmp.rmdup.sorted.bam OUTPUT=tmp.addrg.rmdup.sorted.bam RGLB=rglib RGPL=rgpl RGPU=rgpu RGSM=rgsm VALIDATION_STRINGENCY=SILENT    RGID=1 VERBOSITY=INFO QUIET=false COMPRESSION_LEVEL=5 MAX_RECORDS_IN_RAM=500000 CREATE_INDEX=false CREATE_MD5_FILE=false GA4GH_CLIENT_SECRETS=client_secrets.json
[Thu Jul 02 10:56:01 CEST 2015] Executing as fabio@ahmad-desktop on Linux 3.19.0-22-generic amd64; OpenJDK 64-Bit Server VM 1.7.0_79-b14; Picard version: 1.135(83ec44e03ec8d07ef180ef86b7a62d59a80dedd3_1435607037) IntelDeflater
INFO	2015-07-02 10:56:01	AddOrReplaceReadGroups	Created read group ID=1 PL=rgpl LB=rglib SM=rgsm

[Thu Jul 02 10:56:01 CEST 2015] picard.sam.AddOrReplaceReadGroups done. Elapsed time: 0.01 minutes.
Runtime.totalMemory()=251658240
## Realigning near indels and re-indexing
[Thu Jul 02 10:56:01 CEST 2015] picard.sam.CreateSequenceDictionary REFERENCE=NC_017331.1.fasta OUTPUT=NC_017331.1.dict    TRUNCATE_NAMES_AT_WHITESPACE=true NUM_SEQUENCES=2147483647 VERBOSITY=INFO QUIET=false VALIDATION_STRINGENCY=STRICT COMPRESSION_LEVEL=5 MAX_RECORDS_IN_RAM=500000 CREATE_INDEX=false CREATE_MD5_FILE=false GA4GH_CLIENT_SECRETS=client_secrets.json
[Thu Jul 02 10:56:01 CEST 2015] Executing as fabio@ahmad-desktop on Linux 3.19.0-22-generic amd64; OpenJDK 64-Bit Server VM 1.7.0_79-b14; Picard version: 1.135(83ec44e03ec8d07ef180ef86b7a62d59a80dedd3_1435607037) IntelDeflater
[Thu Jul 02 10:56:02 CEST 2015] picard.sam.CreateSequenceDictionary done. Elapsed time: 0.00 minutes.
Runtime.totalMemory()=251658240
INFO  10:56:03,290 HelpFormatter - -------------------------------------------------------------------------------- 
INFO  10:56:03,292 HelpFormatter - The Genome Analysis Toolkit (GATK) v3.4-0-g7e26428, Compiled 2015/05/15 03:25:41 
INFO  10:56:03,292 HelpFormatter - Copyright (c) 2010 The Broad Institute 
INFO  10:56:03,292 HelpFormatter - For support and documentation go to http://www.broadinstitute.org/gatk 
INFO  10:56:03,295 HelpFormatter - Program Args: -I tmp.addrg.rmdup.sorted.bam -R NC_017331.1.fasta -T RealignerTargetCreator -o help.intervals -filterNoBases -rf BadCigar --allow_potentially_misencoded_quality_scores 
INFO  10:56:03,298 HelpFormatter - Executing as fabio@ahmad-desktop on Linux 3.19.0-22-generic amd64; OpenJDK 64-Bit Server VM 1.7.0_79-b14. 
INFO  10:56:03,299 HelpFormatter - Date/Time: 2015/07/02 10:56:03 
INFO  10:56:03,299 HelpFormatter - -------------------------------------------------------------------------------- 
INFO  10:56:03,299 HelpFormatter - -------------------------------------------------------------------------------- 
INFO  10:56:03,340 GenomeAnalysisEngine - Strictness is SILENT 
INFO  10:56:03,419 GenomeAnalysisEngine - Downsampling Settings: Method: BY_SAMPLE, Target Coverage: 1000 
INFO  10:56:03,425 SAMDataSource$SAMReaders - Initializing SAMRecords in serial 
INFO  10:56:03,440 SAMDataSource$SAMReaders - Done initializing BAM readers: total time 0.01 
INFO  10:56:03,501 GenomeAnalysisEngine - Preparing for traversal over 1 BAM files 
INFO  10:56:03,528 GenomeAnalysisEngine - Done preparing for traversal 
INFO  10:56:03,528 ProgressMeter - [INITIALIZATION COMPLETE; STARTING PROCESSING] 
INFO  10:56:03,529 ProgressMeter -                 | processed |    time |    per 1M |           |   total | remaining 
INFO  10:56:03,529 ProgressMeter -        Location |     sites | elapsed |     sites | completed | runtime |   runtime 
INFO  10:56:05,625 ProgressMeter -            done   3043210.0     2.0 s       0.0 s      100.0%     2.0 s       0.0 s 
INFO  10:56:05,626 ProgressMeter - Total runtime 2.10 secs, 0.03 min, 0.00 hours 
INFO  10:56:05,628 MicroScheduler - 48 reads were filtered out during the traversal out of approximately 2862 total reads (1.68%) 
INFO  10:56:05,628 MicroScheduler -   -> 0 reads (0.00% of total) failing BadCigarFilter 
INFO  10:56:05,629 MicroScheduler -   -> 0 reads (0.00% of total) failing BadMateFilter 
INFO  10:56:05,629 MicroScheduler -   -> 0 reads (0.00% of total) failing DuplicateReadFilter 
INFO  10:56:05,629 MicroScheduler -   -> 0 reads (0.00% of total) failing FailsVendorQualityCheckFilter 
INFO  10:56:05,629 MicroScheduler -   -> 0 reads (0.00% of total) failing MalformedReadFilter 
INFO  10:56:05,629 MicroScheduler -   -> 0 reads (0.00% of total) failing MappingQualityUnavailableFilter 
INFO  10:56:05,630 MicroScheduler -   -> 48 reads (1.68% of total) failing MappingQualityZeroFilter 
INFO  10:56:05,630 MicroScheduler -   -> 0 reads (0.00% of total) failing NotPrimaryAlignmentFilter 
INFO  10:56:05,630 MicroScheduler -   -> 0 reads (0.00% of total) failing Platform454Filter 
INFO  10:56:05,630 MicroScheduler -   -> 0 reads (0.00% of total) failing UnmappedReadFilter 
INFO  10:56:06,620 GATKRunReport - Uploaded run statistics report to AWS S3 
INFO  10:56:07,824 HelpFormatter - -------------------------------------------------------------------------------- 
INFO  10:56:07,826 HelpFormatter - The Genome Analysis Toolkit (GATK) v3.4-0-g7e26428, Compiled 2015/05/15 03:25:41 
INFO  10:56:07,826 HelpFormatter - Copyright (c) 2010 The Broad Institute 
INFO  10:56:07,826 HelpFormatter - For support and documentation go to http://www.broadinstitute.org/gatk 
INFO  10:56:07,829 HelpFormatter - Program Args: -I tmp.addrg.rmdup.sorted.bam -R NC_017331.1.fasta -T IndelRealigner -targetIntervals help.intervals -o ERR159972.bam -filterNoBases -rf BadCigar --allow_potentially_misencoded_quality_scores --defaultBaseQualities 0 
INFO  10:56:07,833 HelpFormatter - Executing as fabio@ahmad-desktop on Linux 3.19.0-22-generic amd64; OpenJDK 64-Bit Server VM 1.7.0_79-b14. 
INFO  10:56:07,833 HelpFormatter - Date/Time: 2015/07/02 10:56:07 
INFO  10:56:07,833 HelpFormatter - -------------------------------------------------------------------------------- 
INFO  10:56:07,833 HelpFormatter - -------------------------------------------------------------------------------- 
INFO  10:56:07,947 GenomeAnalysisEngine - Strictness is SILENT 
INFO  10:56:07,979 GenomeAnalysisEngine - Downsampling Settings: No downsampling 
INFO  10:56:07,984 SAMDataSource$SAMReaders - Initializing SAMRecords in serial 
INFO  10:56:07,999 SAMDataSource$SAMReaders - Done initializing BAM readers: total time 0.01 
INFO  10:56:08,057 GenomeAnalysisEngine - Preparing for traversal over 1 BAM files 
INFO  10:56:08,060 GenomeAnalysisEngine - Done preparing for traversal 
INFO  10:56:08,060 ProgressMeter - [INITIALIZATION COMPLETE; STARTING PROCESSING] 
INFO  10:56:08,061 ProgressMeter -                 | processed |    time |    per 1M |           |   total | remaining 
INFO  10:56:08,061 ProgressMeter -        Location |     reads | elapsed |     reads | completed | runtime |   runtime 
INFO  10:56:08,082 ReadShardBalancer$1 - Loading BAM index data 
INFO  10:56:08,083 ReadShardBalancer$1 - Done loading BAM index data 
INFO  10:56:08,908 ProgressMeter -            done      3455.0     0.0 s       4.1 m       96.4%     0.0 s       0.0 s 
INFO  10:56:08,908 ProgressMeter - Total runtime 0.85 secs, 0.01 min, 0.00 hours 
INFO  10:56:08,910 MicroScheduler - 0 reads were filtered out during the traversal out of approximately 3455 total reads (0.00%) 
INFO  10:56:08,911 MicroScheduler -   -> 0 reads (0.00% of total) failing BadCigarFilter 
INFO  10:56:08,911 MicroScheduler -   -> 0 reads (0.00% of total) failing MalformedReadFilter 
INFO  10:56:09,891 GATKRunReport - Uploaded run statistics report to AWS S3 

##################
# Reads coverage #
##################
(only counts reads where MAPQ >= 1)
Genome length: 3043210
min =  0
max =  5
% cov. =  38.6056
Avg. base cov. =  0.481324
Stdev base cov. =  0.702823

Reads length (MAPQ >= 1):
min-max avg stdev
153-1572 588.438 +- 205.465

flagstats:
3455 + 0 in total (QC-passed reads + QC-failed reads)
0 + 0 duplicates
2799 + 0 mapped (81.01%:-nan%)
0 + 0 paired in sequencing
0 + 0 read1
0 + 0 read2
0 + 0 properly paired (-nan%:-nan%)
0 + 0 with itself and mate mapped
0 + 0 singletons (-nan%:-nan%)
0 + 0 with mate mapped to a different chr
0 + 0 with mate mapped to a different chr (mapQ>=5)

idxstats:
Chr	length	mapped	unmapped
gi|387141638|ref|NC_017331.1|	3043210	2799	0
*	0	0	656

## SNP calling with GATK
INFO  10:56:12,009 HelpFormatter - -------------------------------------------------------------------------------- 
INFO  10:56:12,011 HelpFormatter - The Genome Analysis Toolkit (GATK) v3.4-0-g7e26428, Compiled 2015/05/15 03:25:41 
INFO  10:56:12,011 HelpFormatter - Copyright (c) 2010 The Broad Institute 
INFO  10:56:12,011 HelpFormatter - For support and documentation go to http://www.broadinstitute.org/gatk 
INFO  10:56:12,014 HelpFormatter - Program Args: -ploidy 1 -I ERR159972.bam -R NC_017331.1.fasta -T UnifiedGenotyper -o ERR159972-snps.vcf -filterNoBases -rf BadCigar --allow_potentially_misencoded_quality_scores 
INFO  10:56:12,019 HelpFormatter - Executing as fabio@ahmad-desktop on Linux 3.19.0-22-generic amd64; OpenJDK 64-Bit Server VM 1.7.0_79-b14. 
INFO  10:56:12,019 HelpFormatter - Date/Time: 2015/07/02 10:56:12 
INFO  10:56:12,019 HelpFormatter - -------------------------------------------------------------------------------- 
INFO  10:56:12,019 HelpFormatter - -------------------------------------------------------------------------------- 
INFO  10:56:12,086 GenomeAnalysisEngine - Strictness is SILENT 
INFO  10:56:12,159 GenomeAnalysisEngine - Downsampling Settings: Method: BY_SAMPLE, Target Coverage: 250 
INFO  10:56:12,164 SAMDataSource$SAMReaders - Initializing SAMRecords in serial 
INFO  10:56:12,180 SAMDataSource$SAMReaders - Done initializing BAM readers: total time 0.02 
INFO  10:56:12,242 GenomeAnalysisEngine - Preparing for traversal over 1 BAM files 
INFO  10:56:12,269 GenomeAnalysisEngine - Done preparing for traversal 
INFO  10:56:12,269 ProgressMeter - [INITIALIZATION COMPLETE; STARTING PROCESSING] 
INFO  10:56:12,270 ProgressMeter -                 | processed |    time |    per 1M |           |   total | remaining 
INFO  10:56:12,270 ProgressMeter -        Location |     sites | elapsed |     sites | completed | runtime |   runtime 
INFO  10:56:12,298 StrandBiasTest - SAM/BAM data was found. Attempting to use read data to calculate strand bias annotations values. 
INFO  10:56:12,298 StrandBiasTest - SAM/BAM data was found. Attempting to use read data to calculate strand bias annotations values. 
INFO  10:56:24,462 ProgressMeter -            done   3043210.0    12.0 s       4.0 s      100.0%    12.0 s       0.0 s 
INFO  10:56:24,462 ProgressMeter - Total runtime 12.19 secs, 0.20 min, 0.00 hours 
INFO  10:56:24,462 MicroScheduler - 0 reads were filtered out during the traversal out of approximately 2862 total reads (0.00%) 
INFO  10:56:24,463 MicroScheduler -   -> 0 reads (0.00% of total) failing BadCigarFilter 
INFO  10:56:24,463 MicroScheduler -   -> 0 reads (0.00% of total) failing BadMateFilter 
INFO  10:56:24,463 MicroScheduler -   -> 0 reads (0.00% of total) failing DuplicateReadFilter 
INFO  10:56:24,463 MicroScheduler -   -> 0 reads (0.00% of total) failing FailsVendorQualityCheckFilter 
INFO  10:56:24,464 MicroScheduler -   -> 0 reads (0.00% of total) failing MalformedReadFilter 
INFO  10:56:24,464 MicroScheduler -   -> 0 reads (0.00% of total) failing MappingQualityUnavailableFilter 
INFO  10:56:24,464 MicroScheduler -   -> 0 reads (0.00% of total) failing NotPrimaryAlignmentFilter 
INFO  10:56:24,464 MicroScheduler -   -> 0 reads (0.00% of total) failing UnmappedReadFilter 
INFO  10:56:25,437 GATKRunReport - Uploaded run statistics report to AWS S3 
SNPs found: 8
## INDELS calling with GATK
INFO  10:56:26,750 HelpFormatter - -------------------------------------------------------------------------------- 
INFO  10:56:26,751 HelpFormatter - The Genome Analysis Toolkit (GATK) v3.4-0-g7e26428, Compiled 2015/05/15 03:25:41 
INFO  10:56:26,752 HelpFormatter - Copyright (c) 2010 The Broad Institute 
INFO  10:56:26,752 HelpFormatter - For support and documentation go to http://www.broadinstitute.org/gatk 
INFO  10:56:26,754 HelpFormatter - Program Args: -ploidy 1 -I ERR159972.bam -R NC_017331.1.fasta -T UnifiedGenotyper -o ERR159972-indels.vcf -glm INDEL -filterNoBases -rf BadCigar --allow_potentially_misencoded_quality_scores 
INFO  10:56:26,759 HelpFormatter - Executing as fabio@ahmad-desktop on Linux 3.19.0-22-generic amd64; OpenJDK 64-Bit Server VM 1.7.0_79-b14. 
INFO  10:56:26,759 HelpFormatter - Date/Time: 2015/07/02 10:56:26 
INFO  10:56:26,759 HelpFormatter - -------------------------------------------------------------------------------- 
INFO  10:56:26,759 HelpFormatter - -------------------------------------------------------------------------------- 
INFO  10:56:26,827 GenomeAnalysisEngine - Strictness is SILENT 
INFO  10:56:26,897 GenomeAnalysisEngine - Downsampling Settings: Method: BY_SAMPLE, Target Coverage: 250 
INFO  10:56:26,903 SAMDataSource$SAMReaders - Initializing SAMRecords in serial 
INFO  10:56:26,918 SAMDataSource$SAMReaders - Done initializing BAM readers: total time 0.01 
INFO  10:56:26,977 GenomeAnalysisEngine - Preparing for traversal over 1 BAM files 
INFO  10:56:27,002 GenomeAnalysisEngine - Done preparing for traversal 
INFO  10:56:27,002 ProgressMeter - [INITIALIZATION COMPLETE; STARTING PROCESSING] 
INFO  10:56:27,003 ProgressMeter -                 | processed |    time |    per 1M |           |   total | remaining 
INFO  10:56:27,003 ProgressMeter -        Location |     sites | elapsed |     sites | completed | runtime |   runtime 
INFO  10:56:27,029 StrandBiasTest - SAM/BAM data was found. Attempting to use read data to calculate strand bias annotations values. 
INFO  10:56:27,029 StrandBiasTest - SAM/BAM data was found. Attempting to use read data to calculate strand bias annotations values. 
INFO  10:56:30,247 ProgressMeter -            done   3043210.0     3.0 s       1.0 s      100.0%     3.0 s       0.0 s 
INFO  10:56:30,247 ProgressMeter - Total runtime 3.24 secs, 0.05 min, 0.00 hours 
INFO  10:56:30,249 MicroScheduler - 0 reads were filtered out during the traversal out of approximately 2862 total reads (0.00%) 
INFO  10:56:30,250 MicroScheduler -   -> 0 reads (0.00% of total) failing BadCigarFilter 
INFO  10:56:30,250 MicroScheduler -   -> 0 reads (0.00% of total) failing BadMateFilter 
INFO  10:56:30,250 MicroScheduler -   -> 0 reads (0.00% of total) failing DuplicateReadFilter 
INFO  10:56:30,250 MicroScheduler -   -> 0 reads (0.00% of total) failing FailsVendorQualityCheckFilter 
INFO  10:56:30,251 MicroScheduler -   -> 0 reads (0.00% of total) failing MalformedReadFilter 
INFO  10:56:30,251 MicroScheduler -   -> 0 reads (0.00% of total) failing MappingQualityUnavailableFilter 
INFO  10:56:30,251 MicroScheduler -   -> 0 reads (0.00% of total) failing NotPrimaryAlignmentFilter 
INFO  10:56:30,251 MicroScheduler -   -> 0 reads (0.00% of total) failing UnmappedReadFilter 
INFO  10:56:31,240 GATKRunReport - Uploaded run statistics report to AWS S3 
INDELS found: 0
