## Starting pipeline #
bio_pipeline.sh -ref NC_017331.1.fasta -sra ERR159988.sra -mem-pacbio -dbq 0 -nofix -skip-fastqc -indels
######################

## Saving SRA statistics..
## Dumping fastq files from ERR159988.sra
Rejected 73053 READS because READLEN < 1
Read 81741 spots for ERR159988.sra
Written 8688 spots for ERR159988.sra
## One fastq file generated
## Creating bwa index for NC_017331.1.fasta
[bwa_index] Pack FASTA... 0.02 sec
[bwa_index] Construct BWT for the packed sequence...
[bwa_index] 0.60 seconds elapse.
[bwa_index] Update BWT... 0.02 sec
[bwa_index] Pack forward-only FASTA... 0.01 sec
[bwa_index] Construct SA from BWT and Occ... 0.30 sec
[main] Version: 0.7.12-r1039
[main] CMD: bwa index NC_017331.1.fasta
[main] Real time: 1.558 sec; CPU: 0.948 sec
## Generating sam file with bwa-mem aligner
[M::bwa_idx_load_from_disk] read 0 ALT contigs
[M::process] read 8688 sequences (5695744 bp)...
[M::mem_process_seqs] Processed 8688 reads in 14.904 CPU sec, 3.739 real sec
[main] Version: 0.7.12-r1039
[main] CMD: bwa mem -t 4 -x pacbio NC_017331.1.fasta ERR159988_1.fastq
[main] Real time: 4.040 sec; CPU: 14.940 sec
## Converting sam file to BAM, sorting and indexing
[samopen] SAM header is present: 1 sequences.
## Removing duplicates
[bam_rmdup_core] processing reference gi|387141638|ref|NC_017331.1|...
## Adding read groups and indexing
[Thu Jul 02 11:07:14 CEST 2015] picard.sam.AddOrReplaceReadGroups INPUT=tmp.rmdup.sorted.bam OUTPUT=tmp.addrg.rmdup.sorted.bam RGLB=rglib RGPL=rgpl RGPU=rgpu RGSM=rgsm VALIDATION_STRINGENCY=SILENT    RGID=1 VERBOSITY=INFO QUIET=false COMPRESSION_LEVEL=5 MAX_RECORDS_IN_RAM=500000 CREATE_INDEX=false CREATE_MD5_FILE=false GA4GH_CLIENT_SECRETS=client_secrets.json
[Thu Jul 02 11:07:14 CEST 2015] Executing as fabio@ahmad-desktop on Linux 3.19.0-22-generic amd64; OpenJDK 64-Bit Server VM 1.7.0_79-b14; Picard version: 1.135(83ec44e03ec8d07ef180ef86b7a62d59a80dedd3_1435607037) IntelDeflater
INFO	2015-07-02 11:07:14	AddOrReplaceReadGroups	Created read group ID=1 PL=rgpl LB=rglib SM=rgsm

[Thu Jul 02 11:07:15 CEST 2015] picard.sam.AddOrReplaceReadGroups done. Elapsed time: 0.02 minutes.
Runtime.totalMemory()=251658240
## Realigning near indels and re-indexing
[Thu Jul 02 11:07:16 CEST 2015] picard.sam.CreateSequenceDictionary REFERENCE=NC_017331.1.fasta OUTPUT=NC_017331.1.dict    TRUNCATE_NAMES_AT_WHITESPACE=true NUM_SEQUENCES=2147483647 VERBOSITY=INFO QUIET=false VALIDATION_STRINGENCY=STRICT COMPRESSION_LEVEL=5 MAX_RECORDS_IN_RAM=500000 CREATE_INDEX=false CREATE_MD5_FILE=false GA4GH_CLIENT_SECRETS=client_secrets.json
[Thu Jul 02 11:07:16 CEST 2015] Executing as fabio@ahmad-desktop on Linux 3.19.0-22-generic amd64; OpenJDK 64-Bit Server VM 1.7.0_79-b14; Picard version: 1.135(83ec44e03ec8d07ef180ef86b7a62d59a80dedd3_1435607037) IntelDeflater
[Thu Jul 02 11:07:16 CEST 2015] picard.sam.CreateSequenceDictionary done. Elapsed time: 0.00 minutes.
Runtime.totalMemory()=251658240
INFO  11:07:17,580 HelpFormatter - -------------------------------------------------------------------------------- 
INFO  11:07:17,582 HelpFormatter - The Genome Analysis Toolkit (GATK) v3.4-0-g7e26428, Compiled 2015/05/15 03:25:41 
INFO  11:07:17,582 HelpFormatter - Copyright (c) 2010 The Broad Institute 
INFO  11:07:17,582 HelpFormatter - For support and documentation go to http://www.broadinstitute.org/gatk 
INFO  11:07:17,585 HelpFormatter - Program Args: -I tmp.addrg.rmdup.sorted.bam -R NC_017331.1.fasta -T RealignerTargetCreator -o help.intervals -filterNoBases -rf BadCigar --allow_potentially_misencoded_quality_scores 
INFO  11:07:17,589 HelpFormatter - Executing as fabio@ahmad-desktop on Linux 3.19.0-22-generic amd64; OpenJDK 64-Bit Server VM 1.7.0_79-b14. 
INFO  11:07:17,590 HelpFormatter - Date/Time: 2015/07/02 11:07:17 
INFO  11:07:17,590 HelpFormatter - -------------------------------------------------------------------------------- 
INFO  11:07:17,590 HelpFormatter - -------------------------------------------------------------------------------- 
INFO  11:07:17,636 GenomeAnalysisEngine - Strictness is SILENT 
INFO  11:07:17,717 GenomeAnalysisEngine - Downsampling Settings: Method: BY_SAMPLE, Target Coverage: 1000 
INFO  11:07:17,723 SAMDataSource$SAMReaders - Initializing SAMRecords in serial 
INFO  11:07:17,739 SAMDataSource$SAMReaders - Done initializing BAM readers: total time 0.02 
INFO  11:07:17,808 GenomeAnalysisEngine - Preparing for traversal over 1 BAM files 
INFO  11:07:17,839 GenomeAnalysisEngine - Done preparing for traversal 
INFO  11:07:17,839 ProgressMeter - [INITIALIZATION COMPLETE; STARTING PROCESSING] 
INFO  11:07:17,839 ProgressMeter -                 | processed |    time |    per 1M |           |   total | remaining 
INFO  11:07:17,840 ProgressMeter -        Location |     sites | elapsed |     sites | completed | runtime |   runtime 
INFO  11:07:22,529 ProgressMeter -            done   3043210.0     4.0 s       1.0 s      100.0%     4.0 s       0.0 s 
INFO  11:07:22,530 ProgressMeter - Total runtime 4.69 secs, 0.08 min, 0.00 hours 
INFO  11:07:22,534 MicroScheduler - 138 reads were filtered out during the traversal out of approximately 7277 total reads (1.90%) 
INFO  11:07:22,534 MicroScheduler -   -> 0 reads (0.00% of total) failing BadCigarFilter 
INFO  11:07:22,534 MicroScheduler -   -> 0 reads (0.00% of total) failing BadMateFilter 
INFO  11:07:22,534 MicroScheduler -   -> 0 reads (0.00% of total) failing DuplicateReadFilter 
INFO  11:07:22,535 MicroScheduler -   -> 0 reads (0.00% of total) failing FailsVendorQualityCheckFilter 
INFO  11:07:22,535 MicroScheduler -   -> 0 reads (0.00% of total) failing MalformedReadFilter 
INFO  11:07:22,535 MicroScheduler -   -> 0 reads (0.00% of total) failing MappingQualityUnavailableFilter 
INFO  11:07:22,536 MicroScheduler -   -> 138 reads (1.90% of total) failing MappingQualityZeroFilter 
INFO  11:07:22,536 MicroScheduler -   -> 0 reads (0.00% of total) failing NotPrimaryAlignmentFilter 
INFO  11:07:22,536 MicroScheduler -   -> 0 reads (0.00% of total) failing Platform454Filter 
INFO  11:07:22,536 MicroScheduler -   -> 0 reads (0.00% of total) failing UnmappedReadFilter 
INFO  11:07:23,673 GATKRunReport - Uploaded run statistics report to AWS S3 
INFO  11:07:24,918 HelpFormatter - -------------------------------------------------------------------------------- 
INFO  11:07:24,920 HelpFormatter - The Genome Analysis Toolkit (GATK) v3.4-0-g7e26428, Compiled 2015/05/15 03:25:41 
INFO  11:07:24,920 HelpFormatter - Copyright (c) 2010 The Broad Institute 
INFO  11:07:24,920 HelpFormatter - For support and documentation go to http://www.broadinstitute.org/gatk 
INFO  11:07:24,923 HelpFormatter - Program Args: -I tmp.addrg.rmdup.sorted.bam -R NC_017331.1.fasta -T IndelRealigner -targetIntervals help.intervals -o ERR159988.bam -filterNoBases -rf BadCigar --allow_potentially_misencoded_quality_scores --defaultBaseQualities 0 
INFO  11:07:24,927 HelpFormatter - Executing as fabio@ahmad-desktop on Linux 3.19.0-22-generic amd64; OpenJDK 64-Bit Server VM 1.7.0_79-b14. 
INFO  11:07:24,927 HelpFormatter - Date/Time: 2015/07/02 11:07:24 
INFO  11:07:24,927 HelpFormatter - -------------------------------------------------------------------------------- 
INFO  11:07:24,927 HelpFormatter - -------------------------------------------------------------------------------- 
INFO  11:07:25,034 GenomeAnalysisEngine - Strictness is SILENT 
INFO  11:07:25,067 GenomeAnalysisEngine - Downsampling Settings: No downsampling 
INFO  11:07:25,072 SAMDataSource$SAMReaders - Initializing SAMRecords in serial 
INFO  11:07:25,088 SAMDataSource$SAMReaders - Done initializing BAM readers: total time 0.01 
INFO  11:07:25,147 GenomeAnalysisEngine - Preparing for traversal over 1 BAM files 
INFO  11:07:25,150 GenomeAnalysisEngine - Done preparing for traversal 
INFO  11:07:25,151 ProgressMeter - [INITIALIZATION COMPLETE; STARTING PROCESSING] 
INFO  11:07:25,151 ProgressMeter -                 | processed |    time |    per 1M |           |   total | remaining 
INFO  11:07:25,151 ProgressMeter -        Location |     reads | elapsed |     reads | completed | runtime |   runtime 
INFO  11:07:25,165 ReadShardBalancer$1 - Loading BAM index data 
INFO  11:07:25,166 ReadShardBalancer$1 - Done loading BAM index data 
INFO  11:07:26,717 ProgressMeter -            done      8903.0     1.0 s       2.9 m       99.0%     1.0 s       0.0 s 
INFO  11:07:26,717 ProgressMeter - Total runtime 1.57 secs, 0.03 min, 0.00 hours 
INFO  11:07:26,721 MicroScheduler - 0 reads were filtered out during the traversal out of approximately 8903 total reads (0.00%) 
INFO  11:07:26,721 MicroScheduler -   -> 0 reads (0.00% of total) failing BadCigarFilter 
INFO  11:07:26,722 MicroScheduler -   -> 0 reads (0.00% of total) failing MalformedReadFilter 
INFO  11:07:27,795 GATKRunReport - Uploaded run statistics report to AWS S3 

##################
# Reads coverage #
##################
(only counts reads where MAPQ >= 1)
Genome length: 3043210
min =  0
max =  10
% cov. =  74.4287
Avg. base cov. =  1.3546
Stdev base cov. =  1.2112

Reads length (MAPQ >= 1):
min-max avg stdev
41-2525 648.571 +- 263.089

flagstats:
8903 + 0 in total (QC-passed reads + QC-failed reads)
0 + 0 duplicates
7056 + 0 mapped (79.25%:-nan%)
0 + 0 paired in sequencing
0 + 0 read1
0 + 0 read2
0 + 0 properly paired (-nan%:-nan%)
0 + 0 with itself and mate mapped
0 + 0 singletons (-nan%:-nan%)
0 + 0 with mate mapped to a different chr
0 + 0 with mate mapped to a different chr (mapQ>=5)

idxstats:
Chr	length	mapped	unmapped
gi|387141638|ref|NC_017331.1|	3043210	7056	0
*	0	0	1847

## SNP calling with GATK
INFO  11:07:31,524 HelpFormatter - -------------------------------------------------------------------------------- 
INFO  11:07:31,526 HelpFormatter - The Genome Analysis Toolkit (GATK) v3.4-0-g7e26428, Compiled 2015/05/15 03:25:41 
INFO  11:07:31,526 HelpFormatter - Copyright (c) 2010 The Broad Institute 
INFO  11:07:31,526 HelpFormatter - For support and documentation go to http://www.broadinstitute.org/gatk 
INFO  11:07:31,529 HelpFormatter - Program Args: -ploidy 1 -I ERR159988.bam -R NC_017331.1.fasta -T UnifiedGenotyper -o ERR159988-snps.vcf -filterNoBases -rf BadCigar --allow_potentially_misencoded_quality_scores 
INFO  11:07:31,533 HelpFormatter - Executing as fabio@ahmad-desktop on Linux 3.19.0-22-generic amd64; OpenJDK 64-Bit Server VM 1.7.0_79-b14. 
INFO  11:07:31,533 HelpFormatter - Date/Time: 2015/07/02 11:07:31 
INFO  11:07:31,533 HelpFormatter - -------------------------------------------------------------------------------- 
INFO  11:07:31,534 HelpFormatter - -------------------------------------------------------------------------------- 
INFO  11:07:31,607 GenomeAnalysisEngine - Strictness is SILENT 
INFO  11:07:31,683 GenomeAnalysisEngine - Downsampling Settings: Method: BY_SAMPLE, Target Coverage: 250 
INFO  11:07:31,689 SAMDataSource$SAMReaders - Initializing SAMRecords in serial 
INFO  11:07:31,704 SAMDataSource$SAMReaders - Done initializing BAM readers: total time 0.01 
INFO  11:07:31,764 GenomeAnalysisEngine - Preparing for traversal over 1 BAM files 
INFO  11:07:31,793 GenomeAnalysisEngine - Done preparing for traversal 
INFO  11:07:31,793 ProgressMeter - [INITIALIZATION COMPLETE; STARTING PROCESSING] 
INFO  11:07:31,794 ProgressMeter -                 | processed |    time |    per 1M |           |   total | remaining 
INFO  11:07:31,794 ProgressMeter -        Location |     sites | elapsed |     sites | completed | runtime |   runtime 
INFO  11:07:31,821 StrandBiasTest - SAM/BAM data was found. Attempting to use read data to calculate strand bias annotations values. 
INFO  11:07:31,821 StrandBiasTest - SAM/BAM data was found. Attempting to use read data to calculate strand bias annotations values. 
INFO  11:07:53,123 ProgressMeter -            done   3043210.0    21.0 s       7.0 s      100.0%    21.0 s       0.0 s 
INFO  11:07:53,123 ProgressMeter - Total runtime 21.33 secs, 0.36 min, 0.01 hours 
INFO  11:07:53,123 MicroScheduler - 0 reads were filtered out during the traversal out of approximately 7277 total reads (0.00%) 
INFO  11:07:53,124 MicroScheduler -   -> 0 reads (0.00% of total) failing BadCigarFilter 
INFO  11:07:53,124 MicroScheduler -   -> 0 reads (0.00% of total) failing BadMateFilter 
INFO  11:07:53,124 MicroScheduler -   -> 0 reads (0.00% of total) failing DuplicateReadFilter 
INFO  11:07:53,124 MicroScheduler -   -> 0 reads (0.00% of total) failing FailsVendorQualityCheckFilter 
INFO  11:07:53,124 MicroScheduler -   -> 0 reads (0.00% of total) failing MalformedReadFilter 
INFO  11:07:53,125 MicroScheduler -   -> 0 reads (0.00% of total) failing MappingQualityUnavailableFilter 
INFO  11:07:53,125 MicroScheduler -   -> 0 reads (0.00% of total) failing NotPrimaryAlignmentFilter 
INFO  11:07:53,125 MicroScheduler -   -> 0 reads (0.00% of total) failing UnmappedReadFilter 
INFO  11:07:54,287 GATKRunReport - Uploaded run statistics report to AWS S3 
SNPs found: 40
## INDELS calling with GATK
INFO  11:07:55,719 HelpFormatter - -------------------------------------------------------------------------------- 
INFO  11:07:55,721 HelpFormatter - The Genome Analysis Toolkit (GATK) v3.4-0-g7e26428, Compiled 2015/05/15 03:25:41 
INFO  11:07:55,721 HelpFormatter - Copyright (c) 2010 The Broad Institute 
INFO  11:07:55,721 HelpFormatter - For support and documentation go to http://www.broadinstitute.org/gatk 
INFO  11:07:55,724 HelpFormatter - Program Args: -ploidy 1 -I ERR159988.bam -R NC_017331.1.fasta -T UnifiedGenotyper -o ERR159988-indels.vcf -glm INDEL -filterNoBases -rf BadCigar --allow_potentially_misencoded_quality_scores 
INFO  11:07:55,728 HelpFormatter - Executing as fabio@ahmad-desktop on Linux 3.19.0-22-generic amd64; OpenJDK 64-Bit Server VM 1.7.0_79-b14. 
INFO  11:07:55,729 HelpFormatter - Date/Time: 2015/07/02 11:07:55 
INFO  11:07:55,729 HelpFormatter - -------------------------------------------------------------------------------- 
INFO  11:07:55,729 HelpFormatter - -------------------------------------------------------------------------------- 
INFO  11:07:55,822 GenomeAnalysisEngine - Strictness is SILENT 
INFO  11:07:55,889 GenomeAnalysisEngine - Downsampling Settings: Method: BY_SAMPLE, Target Coverage: 250 
INFO  11:07:55,895 SAMDataSource$SAMReaders - Initializing SAMRecords in serial 
INFO  11:07:55,910 SAMDataSource$SAMReaders - Done initializing BAM readers: total time 0.01 
INFO  11:07:55,981 GenomeAnalysisEngine - Preparing for traversal over 1 BAM files 
INFO  11:07:56,020 GenomeAnalysisEngine - Done preparing for traversal 
INFO  11:07:56,020 ProgressMeter - [INITIALIZATION COMPLETE; STARTING PROCESSING] 
INFO  11:07:56,021 ProgressMeter -                 | processed |    time |    per 1M |           |   total | remaining 
INFO  11:07:56,021 ProgressMeter -        Location |     sites | elapsed |     sites | completed | runtime |   runtime 
INFO  11:07:56,058 StrandBiasTest - SAM/BAM data was found. Attempting to use read data to calculate strand bias annotations values. 
INFO  11:07:56,058 StrandBiasTest - SAM/BAM data was found. Attempting to use read data to calculate strand bias annotations values. 
INFO  11:08:02,071 ProgressMeter -            done   3043210.0     6.0 s       1.0 s      100.0%     6.0 s       0.0 s 
INFO  11:08:02,072 ProgressMeter - Total runtime 6.05 secs, 0.10 min, 0.00 hours 
INFO  11:08:02,072 MicroScheduler - 0 reads were filtered out during the traversal out of approximately 7277 total reads (0.00%) 
INFO  11:08:02,072 MicroScheduler -   -> 0 reads (0.00% of total) failing BadCigarFilter 
INFO  11:08:02,072 MicroScheduler -   -> 0 reads (0.00% of total) failing BadMateFilter 
INFO  11:08:02,073 MicroScheduler -   -> 0 reads (0.00% of total) failing DuplicateReadFilter 
INFO  11:08:02,073 MicroScheduler -   -> 0 reads (0.00% of total) failing FailsVendorQualityCheckFilter 
INFO  11:08:02,073 MicroScheduler -   -> 0 reads (0.00% of total) failing MalformedReadFilter 
INFO  11:08:02,073 MicroScheduler -   -> 0 reads (0.00% of total) failing MappingQualityUnavailableFilter 
INFO  11:08:02,074 MicroScheduler -   -> 0 reads (0.00% of total) failing NotPrimaryAlignmentFilter 
INFO  11:08:02,074 MicroScheduler -   -> 0 reads (0.00% of total) failing UnmappedReadFilter 
INFO  11:08:03,193 GATKRunReport - Uploaded run statistics report to AWS S3 
INDELS found: 4
