## Starting pipeline #
bio_pipeline.sh -ref NZ_CP009685.1.fasta -sra ERR764953.sra -sra-nocheck -mem-ont2d -fs -nofix -dbq 0 -skip-fastqc
######################

## Forcing use of only one fastq file: ERR764953.fastq
## Creating bwa index for NZ_CP009685.1.fasta
[bwa_index] Pack FASTA... 0.05 sec
[bwa_index] Construct BWT for the packed sequence...
[bwa_index] 1.44 seconds elapse.
[bwa_index] Update BWT... 0.03 sec
[bwa_index] Pack forward-only FASTA... 0.03 sec
[bwa_index] Construct SA from BWT and Occ... 0.59 sec
[main] Version: 0.7.12-r1039
[main] CMD: bwa index NZ_CP009685.1.fasta
[main] Real time: 2.475 sec; CPU: 2.156 sec
## Generating sam file with bwa-mem aligner
[M::bwa_idx_load_from_disk] read 0 ALT contigs
[M::process] read 10076 sequences (40001630 bp)...
[M::process] read 6841 sequences (21569327 bp)...
[M::mem_process_seqs] Processed 10076 reads in 1049.723 CPU sec, 262.711 real sec
[M::mem_process_seqs] Processed 6841 reads in 547.144 CPU sec, 139.207 real sec
[main] Version: 0.7.12-r1039
[main] CMD: bwa mem -t 4 -x ont2d NZ_CP009685.1.fasta ERR764953.fastq
[main] Real time: 403.577 sec; CPU: 1597.154 sec
## Converting sam file to BAM, sorting and indexing
[samopen] SAM header is present: 1 sequences.
## Removing duplicates
[bam_rmdup_core] processing reference gi|749204315|ref|NZ_CP009685.1|...
## Adding read groups and indexing
Picked up JAVA_TOOL_OPTIONS: -Xmx2048m
[Wed Jun 24 13:06:51 CEST 2015] picard.sam.AddOrReplaceReadGroups INPUT=tmp.rmdup.sorted.bam OUTPUT=tmp.addrg.rmdup.sorted.bam RGLB=rglib RGPL=rgpl RGPU=rgpu RGSM=rgsm VALIDATION_STRINGENCY=SILENT    RGID=1 VERBOSITY=INFO QUIET=false COMPRESSION_LEVEL=5 MAX_RECORDS_IN_RAM=500000 CREATE_INDEX=false CREATE_MD5_FILE=false GA4GH_CLIENT_SECRETS=client_secrets.json
[Wed Jun 24 13:06:51 CEST 2015] Executing as ft583445@linuxbmc0121.rz.RWTH-Aachen.DE on Linux 2.6.32-504.23.4.el6.x86_64 amd64; Java HotSpot(TM) 64-Bit Server VM 1.7.0_79-b15; Picard version: 1.134(a7a08c474e4d99346eec7a9956a8fe71943b5d80_1434033355) JdkDeflater
INFO	2015-06-24 13:06:51	AddOrReplaceReadGroups	Created read group ID=1 PL=rgpl LB=rglib SM=rgsm

[Wed Jun 24 13:07:08 CEST 2015] picard.sam.AddOrReplaceReadGroups done. Elapsed time: 0.29 minutes.
Runtime.totalMemory()=1518862336
## Realigning near indels and re-indexing
Picked up JAVA_TOOL_OPTIONS: -Xmx2048m
[Wed Jun 24 13:07:10 CEST 2015] picard.sam.CreateSequenceDictionary REFERENCE=NZ_CP009685.1.fasta OUTPUT=NZ_CP009685.1.dict    TRUNCATE_NAMES_AT_WHITESPACE=true NUM_SEQUENCES=2147483647 VERBOSITY=INFO QUIET=false VALIDATION_STRINGENCY=STRICT COMPRESSION_LEVEL=5 MAX_RECORDS_IN_RAM=500000 CREATE_INDEX=false CREATE_MD5_FILE=false GA4GH_CLIENT_SECRETS=client_secrets.json
[Wed Jun 24 13:07:10 CEST 2015] Executing as ft583445@linuxbmc0121.rz.RWTH-Aachen.DE on Linux 2.6.32-504.23.4.el6.x86_64 amd64; Java HotSpot(TM) 64-Bit Server VM 1.7.0_79-b15; Picard version: 1.134(a7a08c474e4d99346eec7a9956a8fe71943b5d80_1434033355) JdkDeflater
[Wed Jun 24 13:07:11 CEST 2015] picard.sam.CreateSequenceDictionary done. Elapsed time: 0.01 minutes.
Runtime.totalMemory()=1518862336
Picked up JAVA_TOOL_OPTIONS: -Xmx2048m
INFO  13:07:13,937 HelpFormatter - -------------------------------------------------------------------------------- 
INFO  13:07:13,939 HelpFormatter - The Genome Analysis Toolkit (GATK) v3.4-0-g7e26428, Compiled 2015/05/15 03:25:41 
INFO  13:07:13,939 HelpFormatter - Copyright (c) 2010 The Broad Institute 
INFO  13:07:13,939 HelpFormatter - For support and documentation go to http://www.broadinstitute.org/gatk 
INFO  13:07:13,943 HelpFormatter - Program Args: -I tmp.addrg.rmdup.sorted.bam -R NZ_CP009685.1.fasta -T RealignerTargetCreator -o help.intervals -filterNoBases -rf BadCigar --allow_potentially_misencoded_quality_scores 
INFO  13:07:13,947 HelpFormatter - Executing as ft583445@linuxbmc0121.rz.RWTH-Aachen.DE on Linux 2.6.32-504.23.4.el6.x86_64 amd64; Java HotSpot(TM) 64-Bit Server VM 1.7.0_79-b15. 
INFO  13:07:13,947 HelpFormatter - Date/Time: 2015/06/24 13:07:13 
INFO  13:07:13,947 HelpFormatter - -------------------------------------------------------------------------------- 
INFO  13:07:13,947 HelpFormatter - -------------------------------------------------------------------------------- 
INFO  13:07:14,550 GenomeAnalysisEngine - Strictness is SILENT 
INFO  13:07:14,775 GenomeAnalysisEngine - Downsampling Settings: Method: BY_SAMPLE, Target Coverage: 1000 
INFO  13:07:14,784 SAMDataSource$SAMReaders - Initializing SAMRecords in serial 
INFO  13:07:14,823 SAMDataSource$SAMReaders - Done initializing BAM readers: total time 0.04 
INFO  13:07:15,108 GenomeAnalysisEngine - Preparing for traversal over 1 BAM files 
INFO  13:07:15,216 GenomeAnalysisEngine - Done preparing for traversal 
INFO  13:07:15,217 ProgressMeter - [INITIALIZATION COMPLETE; STARTING PROCESSING] 
INFO  13:07:15,217 ProgressMeter -                 | processed |    time |    per 1M |           |   total | remaining 
INFO  13:07:15,218 ProgressMeter -        Location |     sites | elapsed |     sites | completed | runtime |   runtime 
INFO  13:07:39,361 ProgressMeter -            done   4636831.0    24.0 s       5.0 s      100.0%    24.0 s       0.0 s 
INFO  13:07:39,362 ProgressMeter - Total runtime 24.15 secs, 0.40 min, 0.01 hours 
INFO  13:07:39,366 MicroScheduler - 88 reads were filtered out during the traversal out of approximately 17929 total reads (0.49%) 
INFO  13:07:39,366 MicroScheduler -   -> 0 reads (0.00% of total) failing BadCigarFilter 
INFO  13:07:39,367 MicroScheduler -   -> 0 reads (0.00% of total) failing BadMateFilter 
INFO  13:07:39,367 MicroScheduler -   -> 0 reads (0.00% of total) failing DuplicateReadFilter 
INFO  13:07:39,368 MicroScheduler -   -> 0 reads (0.00% of total) failing FailsVendorQualityCheckFilter 
INFO  13:07:39,368 MicroScheduler -   -> 0 reads (0.00% of total) failing MalformedReadFilter 
INFO  13:07:39,368 MicroScheduler -   -> 0 reads (0.00% of total) failing MappingQualityUnavailableFilter 
INFO  13:07:39,369 MicroScheduler -   -> 88 reads (0.49% of total) failing MappingQualityZeroFilter 
INFO  13:07:39,369 MicroScheduler -   -> 0 reads (0.00% of total) failing NotPrimaryAlignmentFilter 
INFO  13:07:39,369 MicroScheduler -   -> 0 reads (0.00% of total) failing Platform454Filter 
INFO  13:07:39,370 MicroScheduler -   -> 0 reads (0.00% of total) failing UnmappedReadFilter 
INFO  13:07:41,029 GATKRunReport - Uploaded run statistics report to AWS S3 
Picked up JAVA_TOOL_OPTIONS: -Xmx2048m
INFO  13:07:42,950 HelpFormatter - -------------------------------------------------------------------------------- 
INFO  13:07:42,953 HelpFormatter - The Genome Analysis Toolkit (GATK) v3.4-0-g7e26428, Compiled 2015/05/15 03:25:41 
INFO  13:07:42,953 HelpFormatter - Copyright (c) 2010 The Broad Institute 
INFO  13:07:42,954 HelpFormatter - For support and documentation go to http://www.broadinstitute.org/gatk 
INFO  13:07:42,959 HelpFormatter - Program Args: -I tmp.addrg.rmdup.sorted.bam -R NZ_CP009685.1.fasta -T IndelRealigner -targetIntervals help.intervals -o ERR764953.bam -filterNoBases -rf BadCigar --allow_potentially_misencoded_quality_scores --defaultBaseQualities 0 
INFO  13:07:42,964 HelpFormatter - Executing as ft583445@linuxbmc0121.rz.RWTH-Aachen.DE on Linux 2.6.32-504.23.4.el6.x86_64 amd64; Java HotSpot(TM) 64-Bit Server VM 1.7.0_79-b15. 
INFO  13:07:42,965 HelpFormatter - Date/Time: 2015/06/24 13:07:42 
INFO  13:07:42,965 HelpFormatter - -------------------------------------------------------------------------------- 
INFO  13:07:42,965 HelpFormatter - -------------------------------------------------------------------------------- 
INFO  13:07:43,704 GenomeAnalysisEngine - Strictness is SILENT 
INFO  13:07:43,761 GenomeAnalysisEngine - Downsampling Settings: No downsampling 
INFO  13:07:43,768 SAMDataSource$SAMReaders - Initializing SAMRecords in serial 
INFO  13:07:43,791 SAMDataSource$SAMReaders - Done initializing BAM readers: total time 0.02 
INFO  13:07:43,863 GenomeAnalysisEngine - Preparing for traversal over 1 BAM files 
INFO  13:07:43,867 GenomeAnalysisEngine - Done preparing for traversal 
INFO  13:07:43,867 ProgressMeter - [INITIALIZATION COMPLETE; STARTING PROCESSING] 
INFO  13:07:43,868 ProgressMeter -                 | processed |    time |    per 1M |           |   total | remaining 
INFO  13:07:43,868 ProgressMeter -        Location |     reads | elapsed |     reads | completed | runtime |   runtime 
INFO  13:07:43,881 ReadShardBalancer$1 - Loading BAM index data 
INFO  13:07:43,882 ReadShardBalancer$1 - Done loading BAM index data 
INFO  13:08:04,224 ProgressMeter -            done     17943.0    20.0 s      18.9 m       99.7%    20.0 s       0.0 s 
INFO  13:08:04,225 ProgressMeter - Total runtime 20.36 secs, 0.34 min, 0.01 hours 
INFO  13:08:04,229 MicroScheduler - 0 reads were filtered out during the traversal out of approximately 17943 total reads (0.00%) 
INFO  13:08:04,230 MicroScheduler -   -> 0 reads (0.00% of total) failing BadCigarFilter 
INFO  13:08:04,230 MicroScheduler -   -> 0 reads (0.00% of total) failing MalformedReadFilter 
INFO  13:08:05,504 GATKRunReport - Uploaded run statistics report to AWS S3 

##################
# Reads coverage #
##################
(only counts reads where MAPQ >= 1)
Genome length: 4636831
min =  0
max =  46
% cov. =  99.1244
Avg. base cov. =  11.2886
Stdev base cov. =  5.85668

Reads length (MAPQ >= 1):
min-max avg stdev
46-42474 4353.06 +- 4911.74

flagstats:
17943 + 0 in total (QC-passed reads + QC-failed reads)
0 + 0 duplicates
14233 + 0 mapped (79.32%:-nan%)
0 + 0 paired in sequencing
0 + 0 read1
0 + 0 read2
0 + 0 properly paired (-nan%:-nan%)
0 + 0 with itself and mate mapped
0 + 0 singletons (-nan%:-nan%)
0 + 0 with mate mapped to a different chr
0 + 0 with mate mapped to a different chr (mapQ>=5)

idxstats:
Chr	length	mapped	unmapped
gi|749204315|ref|NZ_CP009685.1|	4636831	14233	0
*	0	0	3710

## SNP calling with GATK
Picked up JAVA_TOOL_OPTIONS: -Xmx2048m
INFO  13:08:18,516 HelpFormatter - -------------------------------------------------------------------------------- 
INFO  13:08:18,518 HelpFormatter - The Genome Analysis Toolkit (GATK) v3.4-0-g7e26428, Compiled 2015/05/15 03:25:41 
INFO  13:08:18,518 HelpFormatter - Copyright (c) 2010 The Broad Institute 
INFO  13:08:18,518 HelpFormatter - For support and documentation go to http://www.broadinstitute.org/gatk 
INFO  13:08:18,522 HelpFormatter - Program Args: -ploidy 1 -I ERR764953.bam -R NZ_CP009685.1.fasta -T UnifiedGenotyper -o ERR764953-snps.vcf -filterNoBases -rf BadCigar --allow_potentially_misencoded_quality_scores 
INFO  13:08:18,527 HelpFormatter - Executing as ft583445@linuxbmc0121.rz.RWTH-Aachen.DE on Linux 2.6.32-504.23.4.el6.x86_64 amd64; Java HotSpot(TM) 64-Bit Server VM 1.7.0_79-b15. 
INFO  13:08:18,528 HelpFormatter - Date/Time: 2015/06/24 13:08:18 
INFO  13:08:18,528 HelpFormatter - -------------------------------------------------------------------------------- 
INFO  13:08:18,528 HelpFormatter - -------------------------------------------------------------------------------- 
INFO  13:08:19,169 GenomeAnalysisEngine - Strictness is SILENT 
INFO  13:08:19,358 GenomeAnalysisEngine - Downsampling Settings: Method: BY_SAMPLE, Target Coverage: 250 
INFO  13:08:19,369 SAMDataSource$SAMReaders - Initializing SAMRecords in serial 
INFO  13:08:19,400 SAMDataSource$SAMReaders - Done initializing BAM readers: total time 0.03 
INFO  13:08:19,490 GenomeAnalysisEngine - Preparing for traversal over 1 BAM files 
INFO  13:08:19,567 GenomeAnalysisEngine - Done preparing for traversal 
INFO  13:08:19,567 ProgressMeter - [INITIALIZATION COMPLETE; STARTING PROCESSING] 
INFO  13:08:19,567 ProgressMeter -                 | processed |    time |    per 1M |           |   total | remaining 
INFO  13:08:19,568 ProgressMeter -        Location |     sites | elapsed |     sites | completed | runtime |   runtime 
INFO  13:08:19,607 StrandBiasTest - SAM/BAM data was found. Attempting to use read data to calculate strand bias annotations values. 
INFO  13:08:19,607 StrandBiasTest - SAM/BAM data was found. Attempting to use read data to calculate strand bias annotations values. 
INFO  13:08:49,571 ProgressMeter - gi|749204315|ref|NZ_CP009685.1|:2685793   2670592.0    30.0 s      11.0 s       57.9%    51.0 s      21.0 s 
INFO  13:09:10,408 ProgressMeter -            done   4636831.0    50.0 s      10.0 s      100.0%    50.0 s       0.0 s 
INFO  13:09:10,408 ProgressMeter - Total runtime 50.84 secs, 0.85 min, 0.01 hours 
INFO  13:09:10,408 MicroScheduler - 0 reads were filtered out during the traversal out of approximately 17929 total reads (0.00%) 
INFO  13:09:10,409 MicroScheduler -   -> 0 reads (0.00% of total) failing BadCigarFilter 
INFO  13:09:10,409 MicroScheduler -   -> 0 reads (0.00% of total) failing BadMateFilter 
INFO  13:09:10,409 MicroScheduler -   -> 0 reads (0.00% of total) failing DuplicateReadFilter 
INFO  13:09:10,409 MicroScheduler -   -> 0 reads (0.00% of total) failing FailsVendorQualityCheckFilter 
INFO  13:09:10,409 MicroScheduler -   -> 0 reads (0.00% of total) failing MalformedReadFilter 
INFO  13:09:10,409 MicroScheduler -   -> 0 reads (0.00% of total) failing MappingQualityUnavailableFilter 
INFO  13:09:10,410 MicroScheduler -   -> 0 reads (0.00% of total) failing NotPrimaryAlignmentFilter 
INFO  13:09:10,410 MicroScheduler -   -> 0 reads (0.00% of total) failing UnmappedReadFilter 
INFO  13:09:11,747 GATKRunReport - Uploaded run statistics report to AWS S3 
SNPs found: 764
