## Starting pipeline #
bio_pipeline.sh -ref NC_017331.1.fasta -sra ERR159977.sra -mem-pacbio -dbq 0 -nofix -skip-fastqc -indels
######################

## Saving SRA statistics..
## Dumping fastq files from ERR159977.sra
Rejected 76015 READS because READLEN < 1
Read 81741 spots for ERR159977.sra
Written 5726 spots for ERR159977.sra
## One fastq file generated
## Creating bwa index for NC_017331.1.fasta
[bwa_index] Pack FASTA... 0.02 sec
[bwa_index] Construct BWT for the packed sequence...
[bwa_index] 0.59 seconds elapse.
[bwa_index] Update BWT... 0.02 sec
[bwa_index] Pack forward-only FASTA... 0.01 sec
[bwa_index] Construct SA from BWT and Occ... 0.28 sec
[main] Version: 0.7.12-r1039
[main] CMD: bwa index NC_017331.1.fasta
[main] Real time: 1.542 sec; CPU: 0.912 sec
## Generating sam file with bwa-mem aligner
[M::bwa_idx_load_from_disk] read 0 ALT contigs
[M::process] read 5726 sequences (4417961 bp)...
[M::mem_process_seqs] Processed 5726 reads in 11.200 CPU sec, 2.804 real sec
[main] Version: 0.7.12-r1039
[main] CMD: bwa mem -t 4 -x pacbio NC_017331.1.fasta ERR159977_1.fastq
[main] Real time: 3.057 sec; CPU: 11.224 sec
## Converting sam file to BAM, sorting and indexing
[samopen] SAM header is present: 1 sequences.
## Removing duplicates
[bam_rmdup_core] processing reference gi|387141638|ref|NC_017331.1|...
## Adding read groups and indexing
[Thu Jul 02 10:59:20 CEST 2015] picard.sam.AddOrReplaceReadGroups INPUT=tmp.rmdup.sorted.bam OUTPUT=tmp.addrg.rmdup.sorted.bam RGLB=rglib RGPL=rgpl RGPU=rgpu RGSM=rgsm VALIDATION_STRINGENCY=SILENT    RGID=1 VERBOSITY=INFO QUIET=false COMPRESSION_LEVEL=5 MAX_RECORDS_IN_RAM=500000 CREATE_INDEX=false CREATE_MD5_FILE=false GA4GH_CLIENT_SECRETS=client_secrets.json
[Thu Jul 02 10:59:20 CEST 2015] Executing as fabio@ahmad-desktop on Linux 3.19.0-22-generic amd64; OpenJDK 64-Bit Server VM 1.7.0_79-b14; Picard version: 1.135(83ec44e03ec8d07ef180ef86b7a62d59a80dedd3_1435607037) IntelDeflater
INFO	2015-07-02 10:59:20	AddOrReplaceReadGroups	Created read group ID=1 PL=rgpl LB=rglib SM=rgsm

[Thu Jul 02 10:59:20 CEST 2015] picard.sam.AddOrReplaceReadGroups done. Elapsed time: 0.01 minutes.
Runtime.totalMemory()=251658240
## Realigning near indels and re-indexing
[Thu Jul 02 10:59:21 CEST 2015] picard.sam.CreateSequenceDictionary REFERENCE=NC_017331.1.fasta OUTPUT=NC_017331.1.dict    TRUNCATE_NAMES_AT_WHITESPACE=true NUM_SEQUENCES=2147483647 VERBOSITY=INFO QUIET=false VALIDATION_STRINGENCY=STRICT COMPRESSION_LEVEL=5 MAX_RECORDS_IN_RAM=500000 CREATE_INDEX=false CREATE_MD5_FILE=false GA4GH_CLIENT_SECRETS=client_secrets.json
[Thu Jul 02 10:59:21 CEST 2015] Executing as fabio@ahmad-desktop on Linux 3.19.0-22-generic amd64; OpenJDK 64-Bit Server VM 1.7.0_79-b14; Picard version: 1.135(83ec44e03ec8d07ef180ef86b7a62d59a80dedd3_1435607037) IntelDeflater
[Thu Jul 02 10:59:21 CEST 2015] picard.sam.CreateSequenceDictionary done. Elapsed time: 0.00 minutes.
Runtime.totalMemory()=251658240
INFO  10:59:22,424 HelpFormatter - -------------------------------------------------------------------------------- 
INFO  10:59:22,425 HelpFormatter - The Genome Analysis Toolkit (GATK) v3.4-0-g7e26428, Compiled 2015/05/15 03:25:41 
INFO  10:59:22,425 HelpFormatter - Copyright (c) 2010 The Broad Institute 
INFO  10:59:22,426 HelpFormatter - For support and documentation go to http://www.broadinstitute.org/gatk 
INFO  10:59:22,428 HelpFormatter - Program Args: -I tmp.addrg.rmdup.sorted.bam -R NC_017331.1.fasta -T RealignerTargetCreator -o help.intervals -filterNoBases -rf BadCigar --allow_potentially_misencoded_quality_scores 
INFO  10:59:22,432 HelpFormatter - Executing as fabio@ahmad-desktop on Linux 3.19.0-22-generic amd64; OpenJDK 64-Bit Server VM 1.7.0_79-b14. 
INFO  10:59:22,432 HelpFormatter - Date/Time: 2015/07/02 10:59:22 
INFO  10:59:22,432 HelpFormatter - -------------------------------------------------------------------------------- 
INFO  10:59:22,432 HelpFormatter - -------------------------------------------------------------------------------- 
INFO  10:59:22,473 GenomeAnalysisEngine - Strictness is SILENT 
INFO  10:59:22,558 GenomeAnalysisEngine - Downsampling Settings: Method: BY_SAMPLE, Target Coverage: 1000 
INFO  10:59:22,564 SAMDataSource$SAMReaders - Initializing SAMRecords in serial 
INFO  10:59:22,579 SAMDataSource$SAMReaders - Done initializing BAM readers: total time 0.01 
INFO  10:59:22,638 GenomeAnalysisEngine - Preparing for traversal over 1 BAM files 
INFO  10:59:22,666 GenomeAnalysisEngine - Done preparing for traversal 
INFO  10:59:22,666 ProgressMeter - [INITIALIZATION COMPLETE; STARTING PROCESSING] 
INFO  10:59:22,667 ProgressMeter -                 | processed |    time |    per 1M |           |   total | remaining 
INFO  10:59:22,667 ProgressMeter -        Location |     sites | elapsed |     sites | completed | runtime |   runtime 
INFO  10:59:25,403 ProgressMeter -            done   3043210.0     2.0 s       0.0 s      100.0%     2.0 s       0.0 s 
INFO  10:59:25,404 ProgressMeter - Total runtime 2.74 secs, 0.05 min, 0.00 hours 
INFO  10:59:25,406 MicroScheduler - 84 reads were filtered out during the traversal out of approximately 4793 total reads (1.75%) 
INFO  10:59:25,406 MicroScheduler -   -> 0 reads (0.00% of total) failing BadCigarFilter 
INFO  10:59:25,406 MicroScheduler -   -> 0 reads (0.00% of total) failing BadMateFilter 
INFO  10:59:25,406 MicroScheduler -   -> 0 reads (0.00% of total) failing DuplicateReadFilter 
INFO  10:59:25,407 MicroScheduler -   -> 0 reads (0.00% of total) failing FailsVendorQualityCheckFilter 
INFO  10:59:25,407 MicroScheduler -   -> 0 reads (0.00% of total) failing MalformedReadFilter 
INFO  10:59:25,407 MicroScheduler -   -> 0 reads (0.00% of total) failing MappingQualityUnavailableFilter 
INFO  10:59:25,407 MicroScheduler -   -> 84 reads (1.75% of total) failing MappingQualityZeroFilter 
INFO  10:59:25,407 MicroScheduler -   -> 0 reads (0.00% of total) failing NotPrimaryAlignmentFilter 
INFO  10:59:25,408 MicroScheduler -   -> 0 reads (0.00% of total) failing Platform454Filter 
INFO  10:59:25,408 MicroScheduler -   -> 0 reads (0.00% of total) failing UnmappedReadFilter 
INFO  10:59:26,335 GATKRunReport - Uploaded run statistics report to AWS S3 
INFO  10:59:27,521 HelpFormatter - -------------------------------------------------------------------------------- 
INFO  10:59:27,523 HelpFormatter - The Genome Analysis Toolkit (GATK) v3.4-0-g7e26428, Compiled 2015/05/15 03:25:41 
INFO  10:59:27,523 HelpFormatter - Copyright (c) 2010 The Broad Institute 
INFO  10:59:27,523 HelpFormatter - For support and documentation go to http://www.broadinstitute.org/gatk 
INFO  10:59:27,526 HelpFormatter - Program Args: -I tmp.addrg.rmdup.sorted.bam -R NC_017331.1.fasta -T IndelRealigner -targetIntervals help.intervals -o ERR159977.bam -filterNoBases -rf BadCigar --allow_potentially_misencoded_quality_scores --defaultBaseQualities 0 
INFO  10:59:27,530 HelpFormatter - Executing as fabio@ahmad-desktop on Linux 3.19.0-22-generic amd64; OpenJDK 64-Bit Server VM 1.7.0_79-b14. 
INFO  10:59:27,530 HelpFormatter - Date/Time: 2015/07/02 10:59:27 
INFO  10:59:27,530 HelpFormatter - -------------------------------------------------------------------------------- 
INFO  10:59:27,530 HelpFormatter - -------------------------------------------------------------------------------- 
INFO  10:59:27,632 GenomeAnalysisEngine - Strictness is SILENT 
INFO  10:59:27,663 GenomeAnalysisEngine - Downsampling Settings: No downsampling 
INFO  10:59:27,669 SAMDataSource$SAMReaders - Initializing SAMRecords in serial 
INFO  10:59:27,684 SAMDataSource$SAMReaders - Done initializing BAM readers: total time 0.01 
INFO  10:59:27,740 GenomeAnalysisEngine - Preparing for traversal over 1 BAM files 
INFO  10:59:27,744 GenomeAnalysisEngine - Done preparing for traversal 
INFO  10:59:27,744 ProgressMeter - [INITIALIZATION COMPLETE; STARTING PROCESSING] 
INFO  10:59:27,744 ProgressMeter -                 | processed |    time |    per 1M |           |   total | remaining 
INFO  10:59:27,745 ProgressMeter -        Location |     reads | elapsed |     reads | completed | runtime |   runtime 
INFO  10:59:27,761 ReadShardBalancer$1 - Loading BAM index data 
INFO  10:59:27,761 ReadShardBalancer$1 - Done loading BAM index data 
INFO  10:59:28,972 ProgressMeter -            done      5886.0     1.0 s       3.5 m       98.9%     1.0 s       0.0 s 
INFO  10:59:28,972 ProgressMeter - Total runtime 1.23 secs, 0.02 min, 0.00 hours 
INFO  10:59:28,974 MicroScheduler - 0 reads were filtered out during the traversal out of approximately 5886 total reads (0.00%) 
INFO  10:59:28,975 MicroScheduler -   -> 0 reads (0.00% of total) failing BadCigarFilter 
INFO  10:59:28,975 MicroScheduler -   -> 0 reads (0.00% of total) failing MalformedReadFilter 
INFO  10:59:29,927 GATKRunReport - Uploaded run statistics report to AWS S3 

##################
# Reads coverage #
##################
(only counts reads where MAPQ >= 1)
Genome length: 3043210
min =  0
max =  7
% cov. =  61.5368
Avg. base cov. =  0.964961
Stdev base cov. =  1.01892

Reads length (MAPQ >= 1):
min-max avg stdev
32-2267 746.346 +- 331.205

flagstats:
5886 + 0 in total (QC-passed reads + QC-failed reads)
0 + 0 duplicates
4653 + 0 mapped (79.05%:-nan%)
0 + 0 paired in sequencing
0 + 0 read1
0 + 0 read2
0 + 0 properly paired (-nan%:-nan%)
0 + 0 with itself and mate mapped
0 + 0 singletons (-nan%:-nan%)
0 + 0 with mate mapped to a different chr
0 + 0 with mate mapped to a different chr (mapQ>=5)

idxstats:
Chr	length	mapped	unmapped
gi|387141638|ref|NC_017331.1|	3043210	4653	0
*	0	0	1233

## SNP calling with GATK
INFO  10:59:32,777 HelpFormatter - -------------------------------------------------------------------------------- 
INFO  10:59:32,779 HelpFormatter - The Genome Analysis Toolkit (GATK) v3.4-0-g7e26428, Compiled 2015/05/15 03:25:41 
INFO  10:59:32,779 HelpFormatter - Copyright (c) 2010 The Broad Institute 
INFO  10:59:32,779 HelpFormatter - For support and documentation go to http://www.broadinstitute.org/gatk 
INFO  10:59:32,781 HelpFormatter - Program Args: -ploidy 1 -I ERR159977.bam -R NC_017331.1.fasta -T UnifiedGenotyper -o ERR159977-snps.vcf -filterNoBases -rf BadCigar --allow_potentially_misencoded_quality_scores 
INFO  10:59:32,786 HelpFormatter - Executing as fabio@ahmad-desktop on Linux 3.19.0-22-generic amd64; OpenJDK 64-Bit Server VM 1.7.0_79-b14. 
INFO  10:59:32,786 HelpFormatter - Date/Time: 2015/07/02 10:59:32 
INFO  10:59:32,786 HelpFormatter - -------------------------------------------------------------------------------- 
INFO  10:59:32,786 HelpFormatter - -------------------------------------------------------------------------------- 
INFO  10:59:32,850 GenomeAnalysisEngine - Strictness is SILENT 
INFO  10:59:32,920 GenomeAnalysisEngine - Downsampling Settings: Method: BY_SAMPLE, Target Coverage: 250 
INFO  10:59:32,926 SAMDataSource$SAMReaders - Initializing SAMRecords in serial 
INFO  10:59:32,941 SAMDataSource$SAMReaders - Done initializing BAM readers: total time 0.01 
INFO  10:59:32,999 GenomeAnalysisEngine - Preparing for traversal over 1 BAM files 
INFO  10:59:33,028 GenomeAnalysisEngine - Done preparing for traversal 
INFO  10:59:33,028 ProgressMeter - [INITIALIZATION COMPLETE; STARTING PROCESSING] 
INFO  10:59:33,029 ProgressMeter -                 | processed |    time |    per 1M |           |   total | remaining 
INFO  10:59:33,029 ProgressMeter -        Location |     sites | elapsed |     sites | completed | runtime |   runtime 
INFO  10:59:33,055 StrandBiasTest - SAM/BAM data was found. Attempting to use read data to calculate strand bias annotations values. 
INFO  10:59:33,055 StrandBiasTest - SAM/BAM data was found. Attempting to use read data to calculate strand bias annotations values. 
INFO  10:59:51,319 ProgressMeter -            done   3043210.0    18.0 s       6.0 s      100.0%    18.0 s       0.0 s 
INFO  10:59:51,319 ProgressMeter - Total runtime 18.29 secs, 0.30 min, 0.01 hours 
INFO  10:59:51,319 MicroScheduler - 0 reads were filtered out during the traversal out of approximately 4793 total reads (0.00%) 
INFO  10:59:51,319 MicroScheduler -   -> 0 reads (0.00% of total) failing BadCigarFilter 
INFO  10:59:51,320 MicroScheduler -   -> 0 reads (0.00% of total) failing BadMateFilter 
INFO  10:59:51,320 MicroScheduler -   -> 0 reads (0.00% of total) failing DuplicateReadFilter 
INFO  10:59:51,320 MicroScheduler -   -> 0 reads (0.00% of total) failing FailsVendorQualityCheckFilter 
INFO  10:59:51,320 MicroScheduler -   -> 0 reads (0.00% of total) failing MalformedReadFilter 
INFO  10:59:51,321 MicroScheduler -   -> 0 reads (0.00% of total) failing MappingQualityUnavailableFilter 
INFO  10:59:51,321 MicroScheduler -   -> 0 reads (0.00% of total) failing NotPrimaryAlignmentFilter 
INFO  10:59:51,321 MicroScheduler -   -> 0 reads (0.00% of total) failing UnmappedReadFilter 
INFO  10:59:52,326 GATKRunReport - Uploaded run statistics report to AWS S3 
SNPs found: 36
## INDELS calling with GATK
INFO  10:59:53,754 HelpFormatter - -------------------------------------------------------------------------------- 
INFO  10:59:53,755 HelpFormatter - The Genome Analysis Toolkit (GATK) v3.4-0-g7e26428, Compiled 2015/05/15 03:25:41 
INFO  10:59:53,755 HelpFormatter - Copyright (c) 2010 The Broad Institute 
INFO  10:59:53,756 HelpFormatter - For support and documentation go to http://www.broadinstitute.org/gatk 
INFO  10:59:53,758 HelpFormatter - Program Args: -ploidy 1 -I ERR159977.bam -R NC_017331.1.fasta -T UnifiedGenotyper -o ERR159977-indels.vcf -glm INDEL -filterNoBases -rf BadCigar --allow_potentially_misencoded_quality_scores 
INFO  10:59:53,763 HelpFormatter - Executing as fabio@ahmad-desktop on Linux 3.19.0-22-generic amd64; OpenJDK 64-Bit Server VM 1.7.0_79-b14. 
INFO  10:59:53,763 HelpFormatter - Date/Time: 2015/07/02 10:59:53 
INFO  10:59:53,763 HelpFormatter - -------------------------------------------------------------------------------- 
INFO  10:59:53,763 HelpFormatter - -------------------------------------------------------------------------------- 
INFO  10:59:53,830 GenomeAnalysisEngine - Strictness is SILENT 
INFO  10:59:53,896 GenomeAnalysisEngine - Downsampling Settings: Method: BY_SAMPLE, Target Coverage: 250 
INFO  10:59:53,902 SAMDataSource$SAMReaders - Initializing SAMRecords in serial 
INFO  10:59:53,917 SAMDataSource$SAMReaders - Done initializing BAM readers: total time 0.01 
INFO  10:59:53,975 GenomeAnalysisEngine - Preparing for traversal over 1 BAM files 
INFO  10:59:54,004 GenomeAnalysisEngine - Done preparing for traversal 
INFO  10:59:54,004 ProgressMeter - [INITIALIZATION COMPLETE; STARTING PROCESSING] 
INFO  10:59:54,005 ProgressMeter -                 | processed |    time |    per 1M |           |   total | remaining 
INFO  10:59:54,005 ProgressMeter -        Location |     sites | elapsed |     sites | completed | runtime |   runtime 
INFO  10:59:54,031 StrandBiasTest - SAM/BAM data was found. Attempting to use read data to calculate strand bias annotations values. 
INFO  10:59:54,031 StrandBiasTest - SAM/BAM data was found. Attempting to use read data to calculate strand bias annotations values. 
INFO  10:59:58,383 ProgressMeter -            done   3043210.0     4.0 s       1.0 s      100.0%     4.0 s       0.0 s 
INFO  10:59:58,384 ProgressMeter - Total runtime 4.38 secs, 0.07 min, 0.00 hours 
INFO  10:59:58,384 MicroScheduler - 0 reads were filtered out during the traversal out of approximately 4793 total reads (0.00%) 
INFO  10:59:58,384 MicroScheduler -   -> 0 reads (0.00% of total) failing BadCigarFilter 
INFO  10:59:58,384 MicroScheduler -   -> 0 reads (0.00% of total) failing BadMateFilter 
INFO  10:59:58,385 MicroScheduler -   -> 0 reads (0.00% of total) failing DuplicateReadFilter 
INFO  10:59:58,385 MicroScheduler -   -> 0 reads (0.00% of total) failing FailsVendorQualityCheckFilter 
INFO  10:59:58,385 MicroScheduler -   -> 0 reads (0.00% of total) failing MalformedReadFilter 
INFO  10:59:58,385 MicroScheduler -   -> 0 reads (0.00% of total) failing MappingQualityUnavailableFilter 
INFO  10:59:58,386 MicroScheduler -   -> 0 reads (0.00% of total) failing NotPrimaryAlignmentFilter 
INFO  10:59:58,386 MicroScheduler -   -> 0 reads (0.00% of total) failing UnmappedReadFilter 
INFO  11:00:00,462 GATKRunReport - Uploaded run statistics report to AWS S3 
INDELS found: 0
