## Starting pipeline #
bio_pipeline.sh -ref NC_017331.1.fasta -sra ERR159966.sra -mem-pacbio -dbq 0 -nofix -skip-fastqc -indels
######################

## Saving SRA statistics..
## Dumping fastq files from ERR159966.sra
Rejected 75342 READS because READLEN < 1
Read 81741 spots for ERR159966.sra
Written 6399 spots for ERR159966.sra
## One fastq file generated
## Creating bwa index for NC_017331.1.fasta
[bwa_index] Pack FASTA... 0.02 sec
[bwa_index] Construct BWT for the packed sequence...
[bwa_index] 0.58 seconds elapse.
[bwa_index] Update BWT... 0.02 sec
[bwa_index] Pack forward-only FASTA... 0.01 sec
[bwa_index] Construct SA from BWT and Occ... 0.28 sec
[main] Version: 0.7.12-r1039
[main] CMD: bwa index NC_017331.1.fasta
[main] Real time: 1.525 sec; CPU: 0.908 sec
## Generating sam file with bwa-mem aligner
[M::bwa_idx_load_from_disk] read 0 ALT contigs
[M::process] read 6399 sequences (4483909 bp)...
[M::mem_process_seqs] Processed 6399 reads in 12.464 CPU sec, 3.128 real sec
[main] Version: 0.7.12-r1039
[main] CMD: bwa mem -t 4 -x pacbio NC_017331.1.fasta ERR159966_1.fastq
[main] Real time: 3.398 sec; CPU: 12.492 sec
## Converting sam file to BAM, sorting and indexing
[samopen] SAM header is present: 1 sequences.
## Removing duplicates
[bam_rmdup_core] processing reference gi|387141638|ref|NC_017331.1|...
## Adding read groups and indexing
[Thu Jul 02 10:54:44 CEST 2015] picard.sam.AddOrReplaceReadGroups INPUT=tmp.rmdup.sorted.bam OUTPUT=tmp.addrg.rmdup.sorted.bam RGLB=rglib RGPL=rgpl RGPU=rgpu RGSM=rgsm VALIDATION_STRINGENCY=SILENT    RGID=1 VERBOSITY=INFO QUIET=false COMPRESSION_LEVEL=5 MAX_RECORDS_IN_RAM=500000 CREATE_INDEX=false CREATE_MD5_FILE=false GA4GH_CLIENT_SECRETS=client_secrets.json
[Thu Jul 02 10:54:44 CEST 2015] Executing as fabio@ahmad-desktop on Linux 3.19.0-22-generic amd64; OpenJDK 64-Bit Server VM 1.7.0_79-b14; Picard version: 1.135(83ec44e03ec8d07ef180ef86b7a62d59a80dedd3_1435607037) IntelDeflater
INFO	2015-07-02 10:54:44	AddOrReplaceReadGroups	Created read group ID=1 PL=rgpl LB=rglib SM=rgsm

[Thu Jul 02 10:54:44 CEST 2015] picard.sam.AddOrReplaceReadGroups done. Elapsed time: 0.01 minutes.
Runtime.totalMemory()=251658240
## Realigning near indels and re-indexing
[Thu Jul 02 10:54:45 CEST 2015] picard.sam.CreateSequenceDictionary REFERENCE=NC_017331.1.fasta OUTPUT=NC_017331.1.dict    TRUNCATE_NAMES_AT_WHITESPACE=true NUM_SEQUENCES=2147483647 VERBOSITY=INFO QUIET=false VALIDATION_STRINGENCY=STRICT COMPRESSION_LEVEL=5 MAX_RECORDS_IN_RAM=500000 CREATE_INDEX=false CREATE_MD5_FILE=false GA4GH_CLIENT_SECRETS=client_secrets.json
[Thu Jul 02 10:54:45 CEST 2015] Executing as fabio@ahmad-desktop on Linux 3.19.0-22-generic amd64; OpenJDK 64-Bit Server VM 1.7.0_79-b14; Picard version: 1.135(83ec44e03ec8d07ef180ef86b7a62d59a80dedd3_1435607037) IntelDeflater
[Thu Jul 02 10:54:45 CEST 2015] picard.sam.CreateSequenceDictionary done. Elapsed time: 0.00 minutes.
Runtime.totalMemory()=251658240
INFO  10:54:46,439 HelpFormatter - -------------------------------------------------------------------------------- 
INFO  10:54:46,441 HelpFormatter - The Genome Analysis Toolkit (GATK) v3.4-0-g7e26428, Compiled 2015/05/15 03:25:41 
INFO  10:54:46,441 HelpFormatter - Copyright (c) 2010 The Broad Institute 
INFO  10:54:46,441 HelpFormatter - For support and documentation go to http://www.broadinstitute.org/gatk 
INFO  10:54:46,443 HelpFormatter - Program Args: -I tmp.addrg.rmdup.sorted.bam -R NC_017331.1.fasta -T RealignerTargetCreator -o help.intervals -filterNoBases -rf BadCigar --allow_potentially_misencoded_quality_scores 
INFO  10:54:46,447 HelpFormatter - Executing as fabio@ahmad-desktop on Linux 3.19.0-22-generic amd64; OpenJDK 64-Bit Server VM 1.7.0_79-b14. 
INFO  10:54:46,447 HelpFormatter - Date/Time: 2015/07/02 10:54:46 
INFO  10:54:46,447 HelpFormatter - -------------------------------------------------------------------------------- 
INFO  10:54:46,448 HelpFormatter - -------------------------------------------------------------------------------- 
INFO  10:54:46,489 GenomeAnalysisEngine - Strictness is SILENT 
INFO  10:54:46,566 GenomeAnalysisEngine - Downsampling Settings: Method: BY_SAMPLE, Target Coverage: 1000 
INFO  10:54:46,572 SAMDataSource$SAMReaders - Initializing SAMRecords in serial 
INFO  10:54:46,587 SAMDataSource$SAMReaders - Done initializing BAM readers: total time 0.01 
INFO  10:54:46,647 GenomeAnalysisEngine - Preparing for traversal over 1 BAM files 
INFO  10:54:46,676 GenomeAnalysisEngine - Done preparing for traversal 
INFO  10:54:46,676 ProgressMeter - [INITIALIZATION COMPLETE; STARTING PROCESSING] 
INFO  10:54:46,677 ProgressMeter -                 | processed |    time |    per 1M |           |   total | remaining 
INFO  10:54:46,677 ProgressMeter -        Location |     sites | elapsed |     sites | completed | runtime |   runtime 
INFO  10:54:49,587 ProgressMeter -            done   3043210.0     2.0 s       0.0 s      100.0%     2.0 s       0.0 s 
INFO  10:54:49,587 ProgressMeter - Total runtime 2.91 secs, 0.05 min, 0.00 hours 
INFO  10:54:49,589 MicroScheduler - 79 reads were filtered out during the traversal out of approximately 5324 total reads (1.48%) 
INFO  10:54:49,590 MicroScheduler -   -> 0 reads (0.00% of total) failing BadCigarFilter 
INFO  10:54:49,590 MicroScheduler -   -> 0 reads (0.00% of total) failing BadMateFilter 
INFO  10:54:49,590 MicroScheduler -   -> 0 reads (0.00% of total) failing DuplicateReadFilter 
INFO  10:54:49,590 MicroScheduler -   -> 0 reads (0.00% of total) failing FailsVendorQualityCheckFilter 
INFO  10:54:49,590 MicroScheduler -   -> 0 reads (0.00% of total) failing MalformedReadFilter 
INFO  10:54:49,591 MicroScheduler -   -> 0 reads (0.00% of total) failing MappingQualityUnavailableFilter 
INFO  10:54:49,591 MicroScheduler -   -> 79 reads (1.48% of total) failing MappingQualityZeroFilter 
INFO  10:54:49,591 MicroScheduler -   -> 0 reads (0.00% of total) failing NotPrimaryAlignmentFilter 
INFO  10:54:49,591 MicroScheduler -   -> 0 reads (0.00% of total) failing Platform454Filter 
INFO  10:54:49,591 MicroScheduler -   -> 0 reads (0.00% of total) failing UnmappedReadFilter 
INFO  10:54:50,574 GATKRunReport - Uploaded run statistics report to AWS S3 
INFO  10:54:51,777 HelpFormatter - -------------------------------------------------------------------------------- 
INFO  10:54:51,779 HelpFormatter - The Genome Analysis Toolkit (GATK) v3.4-0-g7e26428, Compiled 2015/05/15 03:25:41 
INFO  10:54:51,779 HelpFormatter - Copyright (c) 2010 The Broad Institute 
INFO  10:54:51,779 HelpFormatter - For support and documentation go to http://www.broadinstitute.org/gatk 
INFO  10:54:51,782 HelpFormatter - Program Args: -I tmp.addrg.rmdup.sorted.bam -R NC_017331.1.fasta -T IndelRealigner -targetIntervals help.intervals -o ERR159966.bam -filterNoBases -rf BadCigar --allow_potentially_misencoded_quality_scores --defaultBaseQualities 0 
INFO  10:54:51,786 HelpFormatter - Executing as fabio@ahmad-desktop on Linux 3.19.0-22-generic amd64; OpenJDK 64-Bit Server VM 1.7.0_79-b14. 
INFO  10:54:51,786 HelpFormatter - Date/Time: 2015/07/02 10:54:51 
INFO  10:54:51,786 HelpFormatter - -------------------------------------------------------------------------------- 
INFO  10:54:51,786 HelpFormatter - -------------------------------------------------------------------------------- 
INFO  10:54:51,883 GenomeAnalysisEngine - Strictness is SILENT 
INFO  10:54:51,915 GenomeAnalysisEngine - Downsampling Settings: No downsampling 
INFO  10:54:51,920 SAMDataSource$SAMReaders - Initializing SAMRecords in serial 
INFO  10:54:51,935 SAMDataSource$SAMReaders - Done initializing BAM readers: total time 0.01 
INFO  10:54:51,992 GenomeAnalysisEngine - Preparing for traversal over 1 BAM files 
INFO  10:54:51,995 GenomeAnalysisEngine - Done preparing for traversal 
INFO  10:54:51,996 ProgressMeter - [INITIALIZATION COMPLETE; STARTING PROCESSING] 
INFO  10:54:51,996 ProgressMeter -                 | processed |    time |    per 1M |           |   total | remaining 
INFO  10:54:51,996 ProgressMeter -        Location |     reads | elapsed |     reads | completed | runtime |   runtime 
INFO  10:54:52,012 ReadShardBalancer$1 - Loading BAM index data 
INFO  10:54:52,013 ReadShardBalancer$1 - Done loading BAM index data 
INFO  10:54:53,258 ProgressMeter -            done      6576.0     1.0 s       3.2 m       98.8%     1.0 s       0.0 s 
INFO  10:54:53,259 ProgressMeter - Total runtime 1.26 secs, 0.02 min, 0.00 hours 
INFO  10:54:53,261 MicroScheduler - 0 reads were filtered out during the traversal out of approximately 6576 total reads (0.00%) 
INFO  10:54:53,261 MicroScheduler -   -> 0 reads (0.00% of total) failing BadCigarFilter 
INFO  10:54:53,262 MicroScheduler -   -> 0 reads (0.00% of total) failing MalformedReadFilter 
INFO  10:54:54,233 GATKRunReport - Uploaded run statistics report to AWS S3 

##################
# Reads coverage #
##################
(only counts reads where MAPQ >= 1)
Genome length: 3043210
min =  0
max =  11
% cov. =  64.5247
Avg. base cov. =  1.03972
Stdev base cov. =  1.07677

Reads length (MAPQ >= 1):
min-max avg stdev
83-2554 691.474 +- 289.247

flagstats:
6576 + 0 in total (QC-passed reads + QC-failed reads)
0 + 0 duplicates
5169 + 0 mapped (78.60%:-nan%)
0 + 0 paired in sequencing
0 + 0 read1
0 + 0 read2
0 + 0 properly paired (-nan%:-nan%)
0 + 0 with itself and mate mapped
0 + 0 singletons (-nan%:-nan%)
0 + 0 with mate mapped to a different chr
0 + 0 with mate mapped to a different chr (mapQ>=5)

idxstats:
Chr	length	mapped	unmapped
gi|387141638|ref|NC_017331.1|	3043210	5169	0
*	0	0	1407

## SNP calling with GATK
INFO  10:54:57,312 HelpFormatter - -------------------------------------------------------------------------------- 
INFO  10:54:57,314 HelpFormatter - The Genome Analysis Toolkit (GATK) v3.4-0-g7e26428, Compiled 2015/05/15 03:25:41 
INFO  10:54:57,314 HelpFormatter - Copyright (c) 2010 The Broad Institute 
INFO  10:54:57,314 HelpFormatter - For support and documentation go to http://www.broadinstitute.org/gatk 
INFO  10:54:57,317 HelpFormatter - Program Args: -ploidy 1 -I ERR159966.bam -R NC_017331.1.fasta -T UnifiedGenotyper -o ERR159966-snps.vcf -filterNoBases -rf BadCigar --allow_potentially_misencoded_quality_scores 
INFO  10:54:57,321 HelpFormatter - Executing as fabio@ahmad-desktop on Linux 3.19.0-22-generic amd64; OpenJDK 64-Bit Server VM 1.7.0_79-b14. 
INFO  10:54:57,321 HelpFormatter - Date/Time: 2015/07/02 10:54:57 
INFO  10:54:57,321 HelpFormatter - -------------------------------------------------------------------------------- 
INFO  10:54:57,321 HelpFormatter - -------------------------------------------------------------------------------- 
INFO  10:54:57,385 GenomeAnalysisEngine - Strictness is SILENT 
INFO  10:54:57,455 GenomeAnalysisEngine - Downsampling Settings: Method: BY_SAMPLE, Target Coverage: 250 
INFO  10:54:57,461 SAMDataSource$SAMReaders - Initializing SAMRecords in serial 
INFO  10:54:57,476 SAMDataSource$SAMReaders - Done initializing BAM readers: total time 0.01 
INFO  10:54:57,537 GenomeAnalysisEngine - Preparing for traversal over 1 BAM files 
INFO  10:54:57,565 GenomeAnalysisEngine - Done preparing for traversal 
INFO  10:54:57,566 ProgressMeter - [INITIALIZATION COMPLETE; STARTING PROCESSING] 
INFO  10:54:57,566 ProgressMeter -                 | processed |    time |    per 1M |           |   total | remaining 
INFO  10:54:57,566 ProgressMeter -        Location |     sites | elapsed |     sites | completed | runtime |   runtime 
INFO  10:54:57,592 StrandBiasTest - SAM/BAM data was found. Attempting to use read data to calculate strand bias annotations values. 
INFO  10:54:57,592 StrandBiasTest - SAM/BAM data was found. Attempting to use read data to calculate strand bias annotations values. 
INFO  10:55:16,157 ProgressMeter -            done   3043210.0    18.0 s       6.0 s      100.0%    18.0 s       0.0 s 
INFO  10:55:16,158 ProgressMeter - Total runtime 18.59 secs, 0.31 min, 0.01 hours 
INFO  10:55:16,158 MicroScheduler - 0 reads were filtered out during the traversal out of approximately 5326 total reads (0.00%) 
INFO  10:55:16,158 MicroScheduler -   -> 0 reads (0.00% of total) failing BadCigarFilter 
INFO  10:55:16,159 MicroScheduler -   -> 0 reads (0.00% of total) failing BadMateFilter 
INFO  10:55:16,159 MicroScheduler -   -> 0 reads (0.00% of total) failing DuplicateReadFilter 
INFO  10:55:16,159 MicroScheduler -   -> 0 reads (0.00% of total) failing FailsVendorQualityCheckFilter 
INFO  10:55:16,159 MicroScheduler -   -> 0 reads (0.00% of total) failing MalformedReadFilter 
INFO  10:55:16,159 MicroScheduler -   -> 0 reads (0.00% of total) failing MappingQualityUnavailableFilter 
INFO  10:55:16,160 MicroScheduler -   -> 0 reads (0.00% of total) failing NotPrimaryAlignmentFilter 
INFO  10:55:16,160 MicroScheduler -   -> 0 reads (0.00% of total) failing UnmappedReadFilter 
INFO  10:55:17,136 GATKRunReport - Uploaded run statistics report to AWS S3 
SNPs found: 20
## INDELS calling with GATK
INFO  10:55:18,328 HelpFormatter - -------------------------------------------------------------------------------- 
INFO  10:55:18,330 HelpFormatter - The Genome Analysis Toolkit (GATK) v3.4-0-g7e26428, Compiled 2015/05/15 03:25:41 
INFO  10:55:18,330 HelpFormatter - Copyright (c) 2010 The Broad Institute 
INFO  10:55:18,330 HelpFormatter - For support and documentation go to http://www.broadinstitute.org/gatk 
INFO  10:55:18,333 HelpFormatter - Program Args: -ploidy 1 -I ERR159966.bam -R NC_017331.1.fasta -T UnifiedGenotyper -o ERR159966-indels.vcf -glm INDEL -filterNoBases -rf BadCigar --allow_potentially_misencoded_quality_scores 
INFO  10:55:18,337 HelpFormatter - Executing as fabio@ahmad-desktop on Linux 3.19.0-22-generic amd64; OpenJDK 64-Bit Server VM 1.7.0_79-b14. 
INFO  10:55:18,337 HelpFormatter - Date/Time: 2015/07/02 10:55:18 
INFO  10:55:18,337 HelpFormatter - -------------------------------------------------------------------------------- 
INFO  10:55:18,337 HelpFormatter - -------------------------------------------------------------------------------- 
INFO  10:55:18,405 GenomeAnalysisEngine - Strictness is SILENT 
INFO  10:55:18,471 GenomeAnalysisEngine - Downsampling Settings: Method: BY_SAMPLE, Target Coverage: 250 
INFO  10:55:18,477 SAMDataSource$SAMReaders - Initializing SAMRecords in serial 
INFO  10:55:18,492 SAMDataSource$SAMReaders - Done initializing BAM readers: total time 0.01 
INFO  10:55:18,553 GenomeAnalysisEngine - Preparing for traversal over 1 BAM files 
INFO  10:55:18,581 GenomeAnalysisEngine - Done preparing for traversal 
INFO  10:55:18,582 ProgressMeter - [INITIALIZATION COMPLETE; STARTING PROCESSING] 
INFO  10:55:18,582 ProgressMeter -                 | processed |    time |    per 1M |           |   total | remaining 
INFO  10:55:18,582 ProgressMeter -        Location |     sites | elapsed |     sites | completed | runtime |   runtime 
INFO  10:55:18,609 StrandBiasTest - SAM/BAM data was found. Attempting to use read data to calculate strand bias annotations values. 
INFO  10:55:18,609 StrandBiasTest - SAM/BAM data was found. Attempting to use read data to calculate strand bias annotations values. 
INFO  10:55:22,960 ProgressMeter -            done   3043210.0     4.0 s       1.0 s      100.0%     4.0 s       0.0 s 
INFO  10:55:22,960 ProgressMeter - Total runtime 4.38 secs, 0.07 min, 0.00 hours 
INFO  10:55:22,962 MicroScheduler - 0 reads were filtered out during the traversal out of approximately 5326 total reads (0.00%) 
INFO  10:55:22,963 MicroScheduler -   -> 0 reads (0.00% of total) failing BadCigarFilter 
INFO  10:55:22,963 MicroScheduler -   -> 0 reads (0.00% of total) failing BadMateFilter 
INFO  10:55:22,963 MicroScheduler -   -> 0 reads (0.00% of total) failing DuplicateReadFilter 
INFO  10:55:22,963 MicroScheduler -   -> 0 reads (0.00% of total) failing FailsVendorQualityCheckFilter 
INFO  10:55:22,963 MicroScheduler -   -> 0 reads (0.00% of total) failing MalformedReadFilter 
INFO  10:55:22,964 MicroScheduler -   -> 0 reads (0.00% of total) failing MappingQualityUnavailableFilter 
INFO  10:55:22,964 MicroScheduler -   -> 0 reads (0.00% of total) failing NotPrimaryAlignmentFilter 
INFO  10:55:22,964 MicroScheduler -   -> 0 reads (0.00% of total) failing UnmappedReadFilter 
INFO  10:55:23,960 GATKRunReport - Uploaded run statistics report to AWS S3 
INDELS found: 0
