## Starting pipeline #
bio_pipeline.sh -ref NC_017331.1.fasta -sra ERR159965.sra -mem-pacbio -dbq 0 -nofix -skip-fastqc -indels
######################

## Saving SRA statistics..
## Dumping fastq files from ERR159965.sra
Rejected 76360 READS because READLEN < 1
Read 81741 spots for ERR159965.sra
Written 5381 spots for ERR159965.sra
## One fastq file generated
## Creating bwa index for NC_017331.1.fasta
[bwa_index] Pack FASTA... 0.02 sec
[bwa_index] Construct BWT for the packed sequence...
[bwa_index] 0.59 seconds elapse.
[bwa_index] Update BWT... 0.02 sec
[bwa_index] Pack forward-only FASTA... 0.01 sec
[bwa_index] Construct SA from BWT and Occ... 0.28 sec
[main] Version: 0.7.12-r1039
[main] CMD: bwa index NC_017331.1.fasta
[main] Real time: 1.499 sec; CPU: 0.912 sec
## Generating sam file with bwa-mem aligner
[M::bwa_idx_load_from_disk] read 0 ALT contigs
[M::process] read 5381 sequences (3981359 bp)...
[M::mem_process_seqs] Processed 5381 reads in 9.724 CPU sec, 2.436 real sec
[main] Version: 0.7.12-r1039
[main] CMD: bwa mem -t 4 -x pacbio NC_017331.1.fasta ERR159965_1.fastq
[main] Real time: 2.723 sec; CPU: 9.748 sec
## Converting sam file to BAM, sorting and indexing
[samopen] SAM header is present: 1 sequences.
## Removing duplicates
[bam_rmdup_core] processing reference gi|387141638|ref|NC_017331.1|...
## Adding read groups and indexing
[Thu Jul 02 10:53:58 CEST 2015] picard.sam.AddOrReplaceReadGroups INPUT=tmp.rmdup.sorted.bam OUTPUT=tmp.addrg.rmdup.sorted.bam RGLB=rglib RGPL=rgpl RGPU=rgpu RGSM=rgsm VALIDATION_STRINGENCY=SILENT    RGID=1 VERBOSITY=INFO QUIET=false COMPRESSION_LEVEL=5 MAX_RECORDS_IN_RAM=500000 CREATE_INDEX=false CREATE_MD5_FILE=false GA4GH_CLIENT_SECRETS=client_secrets.json
[Thu Jul 02 10:53:58 CEST 2015] Executing as fabio@ahmad-desktop on Linux 3.19.0-22-generic amd64; OpenJDK 64-Bit Server VM 1.7.0_79-b14; Picard version: 1.135(83ec44e03ec8d07ef180ef86b7a62d59a80dedd3_1435607037) IntelDeflater
INFO	2015-07-02 10:53:58	AddOrReplaceReadGroups	Created read group ID=1 PL=rgpl LB=rglib SM=rgsm

[Thu Jul 02 10:53:59 CEST 2015] picard.sam.AddOrReplaceReadGroups done. Elapsed time: 0.01 minutes.
Runtime.totalMemory()=251658240
## Realigning near indels and re-indexing
[Thu Jul 02 10:53:59 CEST 2015] picard.sam.CreateSequenceDictionary REFERENCE=NC_017331.1.fasta OUTPUT=NC_017331.1.dict    TRUNCATE_NAMES_AT_WHITESPACE=true NUM_SEQUENCES=2147483647 VERBOSITY=INFO QUIET=false VALIDATION_STRINGENCY=STRICT COMPRESSION_LEVEL=5 MAX_RECORDS_IN_RAM=500000 CREATE_INDEX=false CREATE_MD5_FILE=false GA4GH_CLIENT_SECRETS=client_secrets.json
[Thu Jul 02 10:53:59 CEST 2015] Executing as fabio@ahmad-desktop on Linux 3.19.0-22-generic amd64; OpenJDK 64-Bit Server VM 1.7.0_79-b14; Picard version: 1.135(83ec44e03ec8d07ef180ef86b7a62d59a80dedd3_1435607037) IntelDeflater
[Thu Jul 02 10:53:59 CEST 2015] picard.sam.CreateSequenceDictionary done. Elapsed time: 0.00 minutes.
Runtime.totalMemory()=251658240
INFO  10:54:01,051 HelpFormatter - -------------------------------------------------------------------------------- 
INFO  10:54:01,053 HelpFormatter - The Genome Analysis Toolkit (GATK) v3.4-0-g7e26428, Compiled 2015/05/15 03:25:41 
INFO  10:54:01,053 HelpFormatter - Copyright (c) 2010 The Broad Institute 
INFO  10:54:01,053 HelpFormatter - For support and documentation go to http://www.broadinstitute.org/gatk 
INFO  10:54:01,056 HelpFormatter - Program Args: -I tmp.addrg.rmdup.sorted.bam -R NC_017331.1.fasta -T RealignerTargetCreator -o help.intervals -filterNoBases -rf BadCigar --allow_potentially_misencoded_quality_scores 
INFO  10:54:01,060 HelpFormatter - Executing as fabio@ahmad-desktop on Linux 3.19.0-22-generic amd64; OpenJDK 64-Bit Server VM 1.7.0_79-b14. 
INFO  10:54:01,060 HelpFormatter - Date/Time: 2015/07/02 10:54:01 
INFO  10:54:01,060 HelpFormatter - -------------------------------------------------------------------------------- 
INFO  10:54:01,060 HelpFormatter - -------------------------------------------------------------------------------- 
INFO  10:54:01,100 GenomeAnalysisEngine - Strictness is SILENT 
INFO  10:54:01,174 GenomeAnalysisEngine - Downsampling Settings: Method: BY_SAMPLE, Target Coverage: 1000 
INFO  10:54:01,180 SAMDataSource$SAMReaders - Initializing SAMRecords in serial 
INFO  10:54:01,196 SAMDataSource$SAMReaders - Done initializing BAM readers: total time 0.01 
INFO  10:54:01,255 GenomeAnalysisEngine - Preparing for traversal over 1 BAM files 
INFO  10:54:01,283 GenomeAnalysisEngine - Done preparing for traversal 
INFO  10:54:01,283 ProgressMeter - [INITIALIZATION COMPLETE; STARTING PROCESSING] 
INFO  10:54:01,283 ProgressMeter -                 | processed |    time |    per 1M |           |   total | remaining 
INFO  10:54:01,284 ProgressMeter -        Location |     sites | elapsed |     sites | completed | runtime |   runtime 
INFO  10:54:03,869 ProgressMeter -            done   3043210.0     2.0 s       0.0 s      100.0%     2.0 s       0.0 s 
INFO  10:54:03,870 ProgressMeter - Total runtime 2.59 secs, 0.04 min, 0.00 hours 
INFO  10:54:03,872 MicroScheduler - 51 reads were filtered out during the traversal out of approximately 3950 total reads (1.29%) 
INFO  10:54:03,872 MicroScheduler -   -> 0 reads (0.00% of total) failing BadCigarFilter 
INFO  10:54:03,872 MicroScheduler -   -> 0 reads (0.00% of total) failing BadMateFilter 
INFO  10:54:03,872 MicroScheduler -   -> 0 reads (0.00% of total) failing DuplicateReadFilter 
INFO  10:54:03,873 MicroScheduler -   -> 0 reads (0.00% of total) failing FailsVendorQualityCheckFilter 
INFO  10:54:03,873 MicroScheduler -   -> 0 reads (0.00% of total) failing MalformedReadFilter 
INFO  10:54:03,873 MicroScheduler -   -> 0 reads (0.00% of total) failing MappingQualityUnavailableFilter 
INFO  10:54:03,873 MicroScheduler -   -> 51 reads (1.29% of total) failing MappingQualityZeroFilter 
INFO  10:54:03,873 MicroScheduler -   -> 0 reads (0.00% of total) failing NotPrimaryAlignmentFilter 
INFO  10:54:03,874 MicroScheduler -   -> 0 reads (0.00% of total) failing Platform454Filter 
INFO  10:54:03,874 MicroScheduler -   -> 0 reads (0.00% of total) failing UnmappedReadFilter 
INFO  10:54:04,865 GATKRunReport - Uploaded run statistics report to AWS S3 
INFO  10:54:06,061 HelpFormatter - -------------------------------------------------------------------------------- 
INFO  10:54:06,063 HelpFormatter - The Genome Analysis Toolkit (GATK) v3.4-0-g7e26428, Compiled 2015/05/15 03:25:41 
INFO  10:54:06,063 HelpFormatter - Copyright (c) 2010 The Broad Institute 
INFO  10:54:06,063 HelpFormatter - For support and documentation go to http://www.broadinstitute.org/gatk 
INFO  10:54:06,066 HelpFormatter - Program Args: -I tmp.addrg.rmdup.sorted.bam -R NC_017331.1.fasta -T IndelRealigner -targetIntervals help.intervals -o ERR159965.bam -filterNoBases -rf BadCigar --allow_potentially_misencoded_quality_scores --defaultBaseQualities 0 
INFO  10:54:06,070 HelpFormatter - Executing as fabio@ahmad-desktop on Linux 3.19.0-22-generic amd64; OpenJDK 64-Bit Server VM 1.7.0_79-b14. 
INFO  10:54:06,070 HelpFormatter - Date/Time: 2015/07/02 10:54:06 
INFO  10:54:06,070 HelpFormatter - -------------------------------------------------------------------------------- 
INFO  10:54:06,070 HelpFormatter - -------------------------------------------------------------------------------- 
INFO  10:54:06,178 GenomeAnalysisEngine - Strictness is SILENT 
INFO  10:54:06,211 GenomeAnalysisEngine - Downsampling Settings: No downsampling 
INFO  10:54:06,217 SAMDataSource$SAMReaders - Initializing SAMRecords in serial 
INFO  10:54:06,231 SAMDataSource$SAMReaders - Done initializing BAM readers: total time 0.01 
INFO  10:54:06,289 GenomeAnalysisEngine - Preparing for traversal over 1 BAM files 
INFO  10:54:06,292 GenomeAnalysisEngine - Done preparing for traversal 
INFO  10:54:06,292 ProgressMeter - [INITIALIZATION COMPLETE; STARTING PROCESSING] 
INFO  10:54:06,292 ProgressMeter -                 | processed |    time |    per 1M |           |   total | remaining 
INFO  10:54:06,293 ProgressMeter -        Location |     reads | elapsed |     reads | completed | runtime |   runtime 
INFO  10:54:06,309 ReadShardBalancer$1 - Loading BAM index data 
INFO  10:54:06,310 ReadShardBalancer$1 - Done loading BAM index data 
INFO  10:54:07,458 ProgressMeter -            done      5497.0     1.0 s       3.5 m       99.5%     1.0 s       0.0 s 
INFO  10:54:07,459 ProgressMeter - Total runtime 1.17 secs, 0.02 min, 0.00 hours 
INFO  10:54:07,461 MicroScheduler - 0 reads were filtered out during the traversal out of approximately 5497 total reads (0.00%) 
INFO  10:54:07,461 MicroScheduler -   -> 0 reads (0.00% of total) failing BadCigarFilter 
INFO  10:54:07,461 MicroScheduler -   -> 0 reads (0.00% of total) failing MalformedReadFilter 
INFO  10:54:08,478 GATKRunReport - Uploaded run statistics report to AWS S3 

##################
# Reads coverage #
##################
(only counts reads where MAPQ >= 1)
Genome length: 3043210
min =  0
max =  7
% cov. =  54.359
Avg. base cov. =  0.775974
Stdev base cov. =  0.908162

Reads length (MAPQ >= 1):
min-max avg stdev
57-2378 709.983 +- 299.308

flagstats:
5497 + 0 in total (QC-passed reads + QC-failed reads)
0 + 0 duplicates
3818 + 0 mapped (69.46%:-nan%)
0 + 0 paired in sequencing
0 + 0 read1
0 + 0 read2
0 + 0 properly paired (-nan%:-nan%)
0 + 0 with itself and mate mapped
0 + 0 singletons (-nan%:-nan%)
0 + 0 with mate mapped to a different chr
0 + 0 with mate mapped to a different chr (mapQ>=5)

idxstats:
Chr	length	mapped	unmapped
gi|387141638|ref|NC_017331.1|	3043210	3818	0
*	0	0	1679

## SNP calling with GATK
INFO  10:54:11,049 HelpFormatter - -------------------------------------------------------------------------------- 
INFO  10:54:11,051 HelpFormatter - The Genome Analysis Toolkit (GATK) v3.4-0-g7e26428, Compiled 2015/05/15 03:25:41 
INFO  10:54:11,051 HelpFormatter - Copyright (c) 2010 The Broad Institute 
INFO  10:54:11,051 HelpFormatter - For support and documentation go to http://www.broadinstitute.org/gatk 
INFO  10:54:11,054 HelpFormatter - Program Args: -ploidy 1 -I ERR159965.bam -R NC_017331.1.fasta -T UnifiedGenotyper -o ERR159965-snps.vcf -filterNoBases -rf BadCigar --allow_potentially_misencoded_quality_scores 
INFO  10:54:11,058 HelpFormatter - Executing as fabio@ahmad-desktop on Linux 3.19.0-22-generic amd64; OpenJDK 64-Bit Server VM 1.7.0_79-b14. 
INFO  10:54:11,058 HelpFormatter - Date/Time: 2015/07/02 10:54:11 
INFO  10:54:11,058 HelpFormatter - -------------------------------------------------------------------------------- 
INFO  10:54:11,058 HelpFormatter - -------------------------------------------------------------------------------- 
INFO  10:54:11,123 GenomeAnalysisEngine - Strictness is SILENT 
INFO  10:54:11,193 GenomeAnalysisEngine - Downsampling Settings: Method: BY_SAMPLE, Target Coverage: 250 
INFO  10:54:11,198 SAMDataSource$SAMReaders - Initializing SAMRecords in serial 
INFO  10:54:11,215 SAMDataSource$SAMReaders - Done initializing BAM readers: total time 0.02 
INFO  10:54:11,278 GenomeAnalysisEngine - Preparing for traversal over 1 BAM files 
INFO  10:54:11,307 GenomeAnalysisEngine - Done preparing for traversal 
INFO  10:54:11,307 ProgressMeter - [INITIALIZATION COMPLETE; STARTING PROCESSING] 
INFO  10:54:11,307 ProgressMeter -                 | processed |    time |    per 1M |           |   total | remaining 
INFO  10:54:11,308 ProgressMeter -        Location |     sites | elapsed |     sites | completed | runtime |   runtime 
INFO  10:54:11,335 StrandBiasTest - SAM/BAM data was found. Attempting to use read data to calculate strand bias annotations values. 
INFO  10:54:11,335 StrandBiasTest - SAM/BAM data was found. Attempting to use read data to calculate strand bias annotations values. 
INFO  10:54:27,095 ProgressMeter -            done   3043210.0    15.0 s       5.0 s      100.0%    15.0 s       0.0 s 
INFO  10:54:27,095 ProgressMeter - Total runtime 15.79 secs, 0.26 min, 0.00 hours 
INFO  10:54:27,095 MicroScheduler - 0 reads were filtered out during the traversal out of approximately 3949 total reads (0.00%) 
INFO  10:54:27,096 MicroScheduler -   -> 0 reads (0.00% of total) failing BadCigarFilter 
INFO  10:54:27,096 MicroScheduler -   -> 0 reads (0.00% of total) failing BadMateFilter 
INFO  10:54:27,096 MicroScheduler -   -> 0 reads (0.00% of total) failing DuplicateReadFilter 
INFO  10:54:27,096 MicroScheduler -   -> 0 reads (0.00% of total) failing FailsVendorQualityCheckFilter 
INFO  10:54:27,096 MicroScheduler -   -> 0 reads (0.00% of total) failing MalformedReadFilter 
INFO  10:54:27,097 MicroScheduler -   -> 0 reads (0.00% of total) failing MappingQualityUnavailableFilter 
INFO  10:54:27,097 MicroScheduler -   -> 0 reads (0.00% of total) failing NotPrimaryAlignmentFilter 
INFO  10:54:27,097 MicroScheduler -   -> 0 reads (0.00% of total) failing UnmappedReadFilter 
INFO  10:54:28,060 GATKRunReport - Uploaded run statistics report to AWS S3 
SNPs found: 10
## INDELS calling with GATK
INFO  10:54:29,267 HelpFormatter - -------------------------------------------------------------------------------- 
INFO  10:54:29,268 HelpFormatter - The Genome Analysis Toolkit (GATK) v3.4-0-g7e26428, Compiled 2015/05/15 03:25:41 
INFO  10:54:29,268 HelpFormatter - Copyright (c) 2010 The Broad Institute 
INFO  10:54:29,269 HelpFormatter - For support and documentation go to http://www.broadinstitute.org/gatk 
INFO  10:54:29,271 HelpFormatter - Program Args: -ploidy 1 -I ERR159965.bam -R NC_017331.1.fasta -T UnifiedGenotyper -o ERR159965-indels.vcf -glm INDEL -filterNoBases -rf BadCigar --allow_potentially_misencoded_quality_scores 
INFO  10:54:29,275 HelpFormatter - Executing as fabio@ahmad-desktop on Linux 3.19.0-22-generic amd64; OpenJDK 64-Bit Server VM 1.7.0_79-b14. 
INFO  10:54:29,276 HelpFormatter - Date/Time: 2015/07/02 10:54:29 
INFO  10:54:29,276 HelpFormatter - -------------------------------------------------------------------------------- 
INFO  10:54:29,276 HelpFormatter - -------------------------------------------------------------------------------- 
INFO  10:54:29,343 GenomeAnalysisEngine - Strictness is SILENT 
INFO  10:54:29,414 GenomeAnalysisEngine - Downsampling Settings: Method: BY_SAMPLE, Target Coverage: 250 
INFO  10:54:29,420 SAMDataSource$SAMReaders - Initializing SAMRecords in serial 
INFO  10:54:29,435 SAMDataSource$SAMReaders - Done initializing BAM readers: total time 0.01 
INFO  10:54:29,497 GenomeAnalysisEngine - Preparing for traversal over 1 BAM files 
INFO  10:54:29,531 GenomeAnalysisEngine - Done preparing for traversal 
INFO  10:54:29,531 ProgressMeter - [INITIALIZATION COMPLETE; STARTING PROCESSING] 
INFO  10:54:29,532 ProgressMeter -                 | processed |    time |    per 1M |           |   total | remaining 
INFO  10:54:29,532 ProgressMeter -        Location |     sites | elapsed |     sites | completed | runtime |   runtime 
INFO  10:54:29,559 StrandBiasTest - SAM/BAM data was found. Attempting to use read data to calculate strand bias annotations values. 
INFO  10:54:29,560 StrandBiasTest - SAM/BAM data was found. Attempting to use read data to calculate strand bias annotations values. 
INFO  10:54:34,628 ProgressMeter -            done   3043210.0     5.0 s       1.0 s      100.0%     5.0 s       0.0 s 
INFO  10:54:34,629 ProgressMeter - Total runtime 5.10 secs, 0.08 min, 0.00 hours 
INFO  10:54:34,631 MicroScheduler - 0 reads were filtered out during the traversal out of approximately 3949 total reads (0.00%) 
INFO  10:54:34,631 MicroScheduler -   -> 0 reads (0.00% of total) failing BadCigarFilter 
INFO  10:54:34,631 MicroScheduler -   -> 0 reads (0.00% of total) failing BadMateFilter 
INFO  10:54:34,632 MicroScheduler -   -> 0 reads (0.00% of total) failing DuplicateReadFilter 
INFO  10:54:34,632 MicroScheduler -   -> 0 reads (0.00% of total) failing FailsVendorQualityCheckFilter 
INFO  10:54:34,632 MicroScheduler -   -> 0 reads (0.00% of total) failing MalformedReadFilter 
INFO  10:54:34,632 MicroScheduler -   -> 0 reads (0.00% of total) failing MappingQualityUnavailableFilter 
INFO  10:54:34,632 MicroScheduler -   -> 0 reads (0.00% of total) failing NotPrimaryAlignmentFilter 
INFO  10:54:34,633 MicroScheduler -   -> 0 reads (0.00% of total) failing UnmappedReadFilter 
INFO  10:54:35,620 GATKRunReport - Uploaded run statistics report to AWS S3 
INDELS found: 0
