## Starting pipeline #
bio_pipeline.sh -ref NC_017331.1.fasta -sra ERR159995.sra -mem-pacbio -dbq 0 -nofix -skip-fastqc -indels
######################

## Saving SRA statistics..
## Dumping fastq files from ERR159995.sra
Rejected 77117 READS because READLEN < 1
Read 81741 spots for ERR159995.sra
Written 4624 spots for ERR159995.sra
## One fastq file generated
## Creating bwa index for NC_017331.1.fasta
[bwa_index] Pack FASTA... 0.02 sec
[bwa_index] Construct BWT for the packed sequence...
[bwa_index] 0.70 seconds elapse.
[bwa_index] Update BWT... 0.02 sec
[bwa_index] Pack forward-only FASTA... 0.02 sec
[bwa_index] Construct SA from BWT and Occ... 0.31 sec
[main] Version: 0.7.12-r1039
[main] CMD: bwa index NC_017331.1.fasta
[main] Real time: 1.962 sec; CPU: 1.072 sec
## Generating sam file with bwa-mem aligner
[M::bwa_idx_load_from_disk] read 0 ALT contigs
[M::process] read 4624 sequences (3219887 bp)...
[M::mem_process_seqs] Processed 4624 reads in 8.748 CPU sec, 2.199 real sec
[main] Version: 0.7.12-r1039
[main] CMD: bwa mem -t 4 -x pacbio NC_017331.1.fasta ERR159995_1.fastq
[main] Real time: 2.392 sec; CPU: 8.772 sec
## Converting sam file to BAM, sorting and indexing
[samopen] SAM header is present: 1 sequences.
## Removing duplicates
[bam_rmdup_core] processing reference gi|387141638|ref|NC_017331.1|...
## Adding read groups and indexing
[Thu Jul 02 11:12:03 CEST 2015] picard.sam.AddOrReplaceReadGroups INPUT=tmp.rmdup.sorted.bam OUTPUT=tmp.addrg.rmdup.sorted.bam RGLB=rglib RGPL=rgpl RGPU=rgpu RGSM=rgsm VALIDATION_STRINGENCY=SILENT    RGID=1 VERBOSITY=INFO QUIET=false COMPRESSION_LEVEL=5 MAX_RECORDS_IN_RAM=500000 CREATE_INDEX=false CREATE_MD5_FILE=false GA4GH_CLIENT_SECRETS=client_secrets.json
[Thu Jul 02 11:12:03 CEST 2015] Executing as fabio@ahmad-desktop on Linux 3.19.0-22-generic amd64; OpenJDK 64-Bit Server VM 1.7.0_79-b14; Picard version: 1.135(83ec44e03ec8d07ef180ef86b7a62d59a80dedd3_1435607037) IntelDeflater
INFO	2015-07-02 11:12:03	AddOrReplaceReadGroups	Created read group ID=1 PL=rgpl LB=rglib SM=rgsm

[Thu Jul 02 11:12:04 CEST 2015] picard.sam.AddOrReplaceReadGroups done. Elapsed time: 0.01 minutes.
Runtime.totalMemory()=251658240
## Realigning near indels and re-indexing
[Thu Jul 02 11:12:04 CEST 2015] picard.sam.CreateSequenceDictionary REFERENCE=NC_017331.1.fasta OUTPUT=NC_017331.1.dict    TRUNCATE_NAMES_AT_WHITESPACE=true NUM_SEQUENCES=2147483647 VERBOSITY=INFO QUIET=false VALIDATION_STRINGENCY=STRICT COMPRESSION_LEVEL=5 MAX_RECORDS_IN_RAM=500000 CREATE_INDEX=false CREATE_MD5_FILE=false GA4GH_CLIENT_SECRETS=client_secrets.json
[Thu Jul 02 11:12:04 CEST 2015] Executing as fabio@ahmad-desktop on Linux 3.19.0-22-generic amd64; OpenJDK 64-Bit Server VM 1.7.0_79-b14; Picard version: 1.135(83ec44e03ec8d07ef180ef86b7a62d59a80dedd3_1435607037) IntelDeflater
[Thu Jul 02 11:12:04 CEST 2015] picard.sam.CreateSequenceDictionary done. Elapsed time: 0.00 minutes.
Runtime.totalMemory()=251658240
INFO  11:12:05,908 HelpFormatter - -------------------------------------------------------------------------------- 
INFO  11:12:05,910 HelpFormatter - The Genome Analysis Toolkit (GATK) v3.4-0-g7e26428, Compiled 2015/05/15 03:25:41 
INFO  11:12:05,910 HelpFormatter - Copyright (c) 2010 The Broad Institute 
INFO  11:12:05,910 HelpFormatter - For support and documentation go to http://www.broadinstitute.org/gatk 
INFO  11:12:05,913 HelpFormatter - Program Args: -I tmp.addrg.rmdup.sorted.bam -R NC_017331.1.fasta -T RealignerTargetCreator -o help.intervals -filterNoBases -rf BadCigar --allow_potentially_misencoded_quality_scores 
INFO  11:12:05,917 HelpFormatter - Executing as fabio@ahmad-desktop on Linux 3.19.0-22-generic amd64; OpenJDK 64-Bit Server VM 1.7.0_79-b14. 
INFO  11:12:05,917 HelpFormatter - Date/Time: 2015/07/02 11:12:05 
INFO  11:12:05,917 HelpFormatter - -------------------------------------------------------------------------------- 
INFO  11:12:05,917 HelpFormatter - -------------------------------------------------------------------------------- 
INFO  11:12:05,961 GenomeAnalysisEngine - Strictness is SILENT 
INFO  11:12:06,044 GenomeAnalysisEngine - Downsampling Settings: Method: BY_SAMPLE, Target Coverage: 1000 
INFO  11:12:06,052 SAMDataSource$SAMReaders - Initializing SAMRecords in serial 
INFO  11:12:06,075 SAMDataSource$SAMReaders - Done initializing BAM readers: total time 0.02 
INFO  11:12:06,160 GenomeAnalysisEngine - Preparing for traversal over 1 BAM files 
INFO  11:12:06,190 GenomeAnalysisEngine - Done preparing for traversal 
INFO  11:12:06,191 ProgressMeter - [INITIALIZATION COMPLETE; STARTING PROCESSING] 
INFO  11:12:06,191 ProgressMeter -                 | processed |    time |    per 1M |           |   total | remaining 
INFO  11:12:06,191 ProgressMeter -        Location |     sites | elapsed |     sites | completed | runtime |   runtime 
INFO  11:12:08,653 ProgressMeter -            done   3043210.0     2.0 s       0.0 s      100.0%     2.0 s       0.0 s 
INFO  11:12:08,653 ProgressMeter - Total runtime 2.46 secs, 0.04 min, 0.00 hours 
INFO  11:12:08,655 MicroScheduler - 62 reads were filtered out during the traversal out of approximately 3538 total reads (1.75%) 
INFO  11:12:08,656 MicroScheduler -   -> 0 reads (0.00% of total) failing BadCigarFilter 
INFO  11:12:08,656 MicroScheduler -   -> 0 reads (0.00% of total) failing BadMateFilter 
INFO  11:12:08,656 MicroScheduler -   -> 0 reads (0.00% of total) failing DuplicateReadFilter 
INFO  11:12:08,656 MicroScheduler -   -> 0 reads (0.00% of total) failing FailsVendorQualityCheckFilter 
INFO  11:12:08,656 MicroScheduler -   -> 0 reads (0.00% of total) failing MalformedReadFilter 
INFO  11:12:08,657 MicroScheduler -   -> 0 reads (0.00% of total) failing MappingQualityUnavailableFilter 
INFO  11:12:08,657 MicroScheduler -   -> 62 reads (1.75% of total) failing MappingQualityZeroFilter 
INFO  11:12:08,657 MicroScheduler -   -> 0 reads (0.00% of total) failing NotPrimaryAlignmentFilter 
INFO  11:12:08,657 MicroScheduler -   -> 0 reads (0.00% of total) failing Platform454Filter 
INFO  11:12:08,657 MicroScheduler -   -> 0 reads (0.00% of total) failing UnmappedReadFilter 
INFO  11:12:09,645 GATKRunReport - Uploaded run statistics report to AWS S3 
INFO  11:12:10,973 HelpFormatter - -------------------------------------------------------------------------------- 
INFO  11:12:10,975 HelpFormatter - The Genome Analysis Toolkit (GATK) v3.4-0-g7e26428, Compiled 2015/05/15 03:25:41 
INFO  11:12:10,975 HelpFormatter - Copyright (c) 2010 The Broad Institute 
INFO  11:12:10,975 HelpFormatter - For support and documentation go to http://www.broadinstitute.org/gatk 
INFO  11:12:10,978 HelpFormatter - Program Args: -I tmp.addrg.rmdup.sorted.bam -R NC_017331.1.fasta -T IndelRealigner -targetIntervals help.intervals -o ERR159995.bam -filterNoBases -rf BadCigar --allow_potentially_misencoded_quality_scores --defaultBaseQualities 0 
INFO  11:12:10,982 HelpFormatter - Executing as fabio@ahmad-desktop on Linux 3.19.0-22-generic amd64; OpenJDK 64-Bit Server VM 1.7.0_79-b14. 
INFO  11:12:10,982 HelpFormatter - Date/Time: 2015/07/02 11:12:10 
INFO  11:12:10,982 HelpFormatter - -------------------------------------------------------------------------------- 
INFO  11:12:10,982 HelpFormatter - -------------------------------------------------------------------------------- 
INFO  11:12:11,076 GenomeAnalysisEngine - Strictness is SILENT 
INFO  11:12:11,118 GenomeAnalysisEngine - Downsampling Settings: No downsampling 
INFO  11:12:11,124 SAMDataSource$SAMReaders - Initializing SAMRecords in serial 
INFO  11:12:11,139 SAMDataSource$SAMReaders - Done initializing BAM readers: total time 0.01 
INFO  11:12:11,198 GenomeAnalysisEngine - Preparing for traversal over 1 BAM files 
INFO  11:12:11,201 GenomeAnalysisEngine - Done preparing for traversal 
INFO  11:12:11,201 ProgressMeter - [INITIALIZATION COMPLETE; STARTING PROCESSING] 
INFO  11:12:11,201 ProgressMeter -                 | processed |    time |    per 1M |           |   total | remaining 
INFO  11:12:11,202 ProgressMeter -        Location |     reads | elapsed |     reads | completed | runtime |   runtime 
INFO  11:12:11,220 ReadShardBalancer$1 - Loading BAM index data 
INFO  11:12:11,221 ReadShardBalancer$1 - Done loading BAM index data 
INFO  11:12:12,252 ProgressMeter -            done      4709.0     1.0 s       3.7 m       98.5%     1.0 s       0.0 s 
INFO  11:12:12,253 ProgressMeter - Total runtime 1.05 secs, 0.02 min, 0.00 hours 
INFO  11:12:12,255 MicroScheduler - 0 reads were filtered out during the traversal out of approximately 4709 total reads (0.00%) 
INFO  11:12:12,255 MicroScheduler -   -> 0 reads (0.00% of total) failing BadCigarFilter 
INFO  11:12:12,256 MicroScheduler -   -> 0 reads (0.00% of total) failing MalformedReadFilter 
INFO  11:12:13,356 GATKRunReport - Uploaded run statistics report to AWS S3 

##################
# Reads coverage #
##################
(only counts reads where MAPQ >= 1)
Genome length: 3043210
min =  0
max =  7
% cov. =  47.3519
Avg. base cov. =  0.629515
Stdev base cov. =  0.808312

Reads length (MAPQ >= 1):
min-max avg stdev
133-2144 649.657 +- 244.995

flagstats:
4709 + 0 in total (QC-passed reads + QC-failed reads)
0 + 0 duplicates
3448 + 0 mapped (73.22%:-nan%)
0 + 0 paired in sequencing
0 + 0 read1
0 + 0 read2
0 + 0 properly paired (-nan%:-nan%)
0 + 0 with itself and mate mapped
0 + 0 singletons (-nan%:-nan%)
0 + 0 with mate mapped to a different chr
0 + 0 with mate mapped to a different chr (mapQ>=5)

idxstats:
Chr	length	mapped	unmapped
gi|387141638|ref|NC_017331.1|	3043210	3448	0
*	0	0	1261

## SNP calling with GATK
INFO  11:12:16,157 HelpFormatter - -------------------------------------------------------------------------------- 
INFO  11:12:16,159 HelpFormatter - The Genome Analysis Toolkit (GATK) v3.4-0-g7e26428, Compiled 2015/05/15 03:25:41 
INFO  11:12:16,159 HelpFormatter - Copyright (c) 2010 The Broad Institute 
INFO  11:12:16,159 HelpFormatter - For support and documentation go to http://www.broadinstitute.org/gatk 
INFO  11:12:16,162 HelpFormatter - Program Args: -ploidy 1 -I ERR159995.bam -R NC_017331.1.fasta -T UnifiedGenotyper -o ERR159995-snps.vcf -filterNoBases -rf BadCigar --allow_potentially_misencoded_quality_scores 
INFO  11:12:16,166 HelpFormatter - Executing as fabio@ahmad-desktop on Linux 3.19.0-22-generic amd64; OpenJDK 64-Bit Server VM 1.7.0_79-b14. 
INFO  11:12:16,166 HelpFormatter - Date/Time: 2015/07/02 11:12:16 
INFO  11:12:16,166 HelpFormatter - -------------------------------------------------------------------------------- 
INFO  11:12:16,167 HelpFormatter - -------------------------------------------------------------------------------- 
INFO  11:12:16,234 GenomeAnalysisEngine - Strictness is SILENT 
INFO  11:12:16,312 GenomeAnalysisEngine - Downsampling Settings: Method: BY_SAMPLE, Target Coverage: 250 
INFO  11:12:16,318 SAMDataSource$SAMReaders - Initializing SAMRecords in serial 
INFO  11:12:16,334 SAMDataSource$SAMReaders - Done initializing BAM readers: total time 0.02 
INFO  11:12:16,398 GenomeAnalysisEngine - Preparing for traversal over 1 BAM files 
INFO  11:12:16,428 GenomeAnalysisEngine - Done preparing for traversal 
INFO  11:12:16,428 ProgressMeter - [INITIALIZATION COMPLETE; STARTING PROCESSING] 
INFO  11:12:16,428 ProgressMeter -                 | processed |    time |    per 1M |           |   total | remaining 
INFO  11:12:16,429 ProgressMeter -        Location |     sites | elapsed |     sites | completed | runtime |   runtime 
INFO  11:12:16,459 StrandBiasTest - SAM/BAM data was found. Attempting to use read data to calculate strand bias annotations values. 
INFO  11:12:16,459 StrandBiasTest - SAM/BAM data was found. Attempting to use read data to calculate strand bias annotations values. 
INFO  11:12:31,733 ProgressMeter -            done   3043210.0    15.0 s       5.0 s      100.0%    15.0 s       0.0 s 
INFO  11:12:31,734 ProgressMeter - Total runtime 15.31 secs, 0.26 min, 0.00 hours 
INFO  11:12:31,734 MicroScheduler - 0 reads were filtered out during the traversal out of approximately 3538 total reads (0.00%) 
INFO  11:12:31,735 MicroScheduler -   -> 0 reads (0.00% of total) failing BadCigarFilter 
INFO  11:12:31,735 MicroScheduler -   -> 0 reads (0.00% of total) failing BadMateFilter 
INFO  11:12:31,735 MicroScheduler -   -> 0 reads (0.00% of total) failing DuplicateReadFilter 
INFO  11:12:31,735 MicroScheduler -   -> 0 reads (0.00% of total) failing FailsVendorQualityCheckFilter 
INFO  11:12:31,736 MicroScheduler -   -> 0 reads (0.00% of total) failing MalformedReadFilter 
INFO  11:12:31,736 MicroScheduler -   -> 0 reads (0.00% of total) failing MappingQualityUnavailableFilter 
INFO  11:12:31,736 MicroScheduler -   -> 0 reads (0.00% of total) failing NotPrimaryAlignmentFilter 
INFO  11:12:31,737 MicroScheduler -   -> 0 reads (0.00% of total) failing UnmappedReadFilter 
INFO  11:12:32,840 GATKRunReport - Uploaded run statistics report to AWS S3 
SNPs found: 5
## INDELS calling with GATK
INFO  11:12:34,201 HelpFormatter - -------------------------------------------------------------------------------- 
INFO  11:12:34,202 HelpFormatter - The Genome Analysis Toolkit (GATK) v3.4-0-g7e26428, Compiled 2015/05/15 03:25:41 
INFO  11:12:34,202 HelpFormatter - Copyright (c) 2010 The Broad Institute 
INFO  11:12:34,203 HelpFormatter - For support and documentation go to http://www.broadinstitute.org/gatk 
INFO  11:12:34,205 HelpFormatter - Program Args: -ploidy 1 -I ERR159995.bam -R NC_017331.1.fasta -T UnifiedGenotyper -o ERR159995-indels.vcf -glm INDEL -filterNoBases -rf BadCigar --allow_potentially_misencoded_quality_scores 
INFO  11:12:34,211 HelpFormatter - Executing as fabio@ahmad-desktop on Linux 3.19.0-22-generic amd64; OpenJDK 64-Bit Server VM 1.7.0_79-b14. 
INFO  11:12:34,211 HelpFormatter - Date/Time: 2015/07/02 11:12:34 
INFO  11:12:34,211 HelpFormatter - -------------------------------------------------------------------------------- 
INFO  11:12:34,211 HelpFormatter - -------------------------------------------------------------------------------- 
INFO  11:12:34,289 GenomeAnalysisEngine - Strictness is SILENT 
INFO  11:12:34,377 GenomeAnalysisEngine - Downsampling Settings: Method: BY_SAMPLE, Target Coverage: 250 
INFO  11:12:34,383 SAMDataSource$SAMReaders - Initializing SAMRecords in serial 
INFO  11:12:34,399 SAMDataSource$SAMReaders - Done initializing BAM readers: total time 0.02 
INFO  11:12:34,465 GenomeAnalysisEngine - Preparing for traversal over 1 BAM files 
INFO  11:12:34,494 GenomeAnalysisEngine - Done preparing for traversal 
INFO  11:12:34,494 ProgressMeter - [INITIALIZATION COMPLETE; STARTING PROCESSING] 
INFO  11:12:34,495 ProgressMeter -                 | processed |    time |    per 1M |           |   total | remaining 
INFO  11:12:34,495 ProgressMeter -        Location |     sites | elapsed |     sites | completed | runtime |   runtime 
INFO  11:12:34,524 StrandBiasTest - SAM/BAM data was found. Attempting to use read data to calculate strand bias annotations values. 
INFO  11:12:34,525 StrandBiasTest - SAM/BAM data was found. Attempting to use read data to calculate strand bias annotations values. 
INFO  11:12:38,282 ProgressMeter -            done   3043210.0     3.0 s       1.0 s      100.0%     3.0 s       0.0 s 
INFO  11:12:38,282 ProgressMeter - Total runtime 3.79 secs, 0.06 min, 0.00 hours 
INFO  11:12:38,285 MicroScheduler - 0 reads were filtered out during the traversal out of approximately 3538 total reads (0.00%) 
INFO  11:12:38,285 MicroScheduler -   -> 0 reads (0.00% of total) failing BadCigarFilter 
INFO  11:12:38,285 MicroScheduler -   -> 0 reads (0.00% of total) failing BadMateFilter 
INFO  11:12:38,285 MicroScheduler -   -> 0 reads (0.00% of total) failing DuplicateReadFilter 
INFO  11:12:38,286 MicroScheduler -   -> 0 reads (0.00% of total) failing FailsVendorQualityCheckFilter 
INFO  11:12:38,286 MicroScheduler -   -> 0 reads (0.00% of total) failing MalformedReadFilter 
INFO  11:12:38,286 MicroScheduler -   -> 0 reads (0.00% of total) failing MappingQualityUnavailableFilter 
INFO  11:12:38,286 MicroScheduler -   -> 0 reads (0.00% of total) failing NotPrimaryAlignmentFilter 
INFO  11:12:38,286 MicroScheduler -   -> 0 reads (0.00% of total) failing UnmappedReadFilter 
INFO  11:12:39,302 GATKRunReport - Uploaded run statistics report to AWS S3 
INDELS found: 0
