## Starting pipeline #
bio_pipeline.sh -ref NC_017331.1.fasta -sra ERR159963.sra -mem-pacbio -dbq 0 -nofix -skip-fastqc -indels
######################

## Saving SRA statistics..
## Dumping fastq files from ERR159963.sra
Rejected 74897 READS because READLEN < 1
Read 81741 spots for ERR159963.sra
Written 6844 spots for ERR159963.sra
## One fastq file generated
## Creating bwa index for NC_017331.1.fasta
[bwa_index] Pack FASTA... 0.02 sec
[bwa_index] Construct BWT for the packed sequence...
[bwa_index] 0.61 seconds elapse.
[bwa_index] Update BWT... 0.02 sec
[bwa_index] Pack forward-only FASTA... 0.03 sec
[bwa_index] Construct SA from BWT and Occ... 0.34 sec
[main] Version: 0.7.12-r1039
[main] CMD: bwa index NC_017331.1.fasta
[main] Real time: 1.575 sec; CPU: 1.016 sec
## Generating sam file with bwa-mem aligner
[M::bwa_idx_load_from_disk] read 0 ALT contigs
[M::process] read 6844 sequences (4952970 bp)...
[M::mem_process_seqs] Processed 6844 reads in 10.356 CPU sec, 2.591 real sec
[main] Version: 0.7.12-r1039
[main] CMD: bwa mem -t 4 -x pacbio NC_017331.1.fasta ERR159963_1.fastq
[main] Real time: 2.889 sec; CPU: 10.400 sec
## Converting sam file to BAM, sorting and indexing
[samopen] SAM header is present: 1 sequences.
## Removing duplicates
[bam_rmdup_core] processing reference gi|387141638|ref|NC_017331.1|...
## Adding read groups and indexing
[Thu Jul 02 10:52:18 CEST 2015] picard.sam.AddOrReplaceReadGroups INPUT=tmp.rmdup.sorted.bam OUTPUT=tmp.addrg.rmdup.sorted.bam RGLB=rglib RGPL=rgpl RGPU=rgpu RGSM=rgsm VALIDATION_STRINGENCY=SILENT    RGID=1 VERBOSITY=INFO QUIET=false COMPRESSION_LEVEL=5 MAX_RECORDS_IN_RAM=500000 CREATE_INDEX=false CREATE_MD5_FILE=false GA4GH_CLIENT_SECRETS=client_secrets.json
[Thu Jul 02 10:52:18 CEST 2015] Executing as fabio@ahmad-desktop on Linux 3.19.0-22-generic amd64; OpenJDK 64-Bit Server VM 1.7.0_79-b14; Picard version: 1.135(83ec44e03ec8d07ef180ef86b7a62d59a80dedd3_1435607037) IntelDeflater
INFO	2015-07-02 10:52:18	AddOrReplaceReadGroups	Created read group ID=1 PL=rgpl LB=rglib SM=rgsm

[Thu Jul 02 10:52:19 CEST 2015] picard.sam.AddOrReplaceReadGroups done. Elapsed time: 0.02 minutes.
Runtime.totalMemory()=251658240
## Realigning near indels and re-indexing
[Thu Jul 02 10:52:20 CEST 2015] picard.sam.CreateSequenceDictionary REFERENCE=NC_017331.1.fasta OUTPUT=NC_017331.1.dict    TRUNCATE_NAMES_AT_WHITESPACE=true NUM_SEQUENCES=2147483647 VERBOSITY=INFO QUIET=false VALIDATION_STRINGENCY=STRICT COMPRESSION_LEVEL=5 MAX_RECORDS_IN_RAM=500000 CREATE_INDEX=false CREATE_MD5_FILE=false GA4GH_CLIENT_SECRETS=client_secrets.json
[Thu Jul 02 10:52:20 CEST 2015] Executing as fabio@ahmad-desktop on Linux 3.19.0-22-generic amd64; OpenJDK 64-Bit Server VM 1.7.0_79-b14; Picard version: 1.135(83ec44e03ec8d07ef180ef86b7a62d59a80dedd3_1435607037) IntelDeflater
[Thu Jul 02 10:52:20 CEST 2015] picard.sam.CreateSequenceDictionary done. Elapsed time: 0.00 minutes.
Runtime.totalMemory()=251658240
INFO  10:52:21,850 HelpFormatter - -------------------------------------------------------------------------------- 
INFO  10:52:21,852 HelpFormatter - The Genome Analysis Toolkit (GATK) v3.4-0-g7e26428, Compiled 2015/05/15 03:25:41 
INFO  10:52:21,852 HelpFormatter - Copyright (c) 2010 The Broad Institute 
INFO  10:52:21,852 HelpFormatter - For support and documentation go to http://www.broadinstitute.org/gatk 
INFO  10:52:21,855 HelpFormatter - Program Args: -I tmp.addrg.rmdup.sorted.bam -R NC_017331.1.fasta -T RealignerTargetCreator -o help.intervals -filterNoBases -rf BadCigar --allow_potentially_misencoded_quality_scores 
INFO  10:52:21,859 HelpFormatter - Executing as fabio@ahmad-desktop on Linux 3.19.0-22-generic amd64; OpenJDK 64-Bit Server VM 1.7.0_79-b14. 
INFO  10:52:21,859 HelpFormatter - Date/Time: 2015/07/02 10:52:21 
INFO  10:52:21,859 HelpFormatter - -------------------------------------------------------------------------------- 
INFO  10:52:21,859 HelpFormatter - -------------------------------------------------------------------------------- 
INFO  10:52:21,937 GenomeAnalysisEngine - Strictness is SILENT 
INFO  10:52:22,052 GenomeAnalysisEngine - Downsampling Settings: Method: BY_SAMPLE, Target Coverage: 1000 
INFO  10:52:22,058 SAMDataSource$SAMReaders - Initializing SAMRecords in serial 
INFO  10:52:22,080 SAMDataSource$SAMReaders - Done initializing BAM readers: total time 0.02 
INFO  10:52:22,172 GenomeAnalysisEngine - Preparing for traversal over 1 BAM files 
INFO  10:52:22,201 GenomeAnalysisEngine - Done preparing for traversal 
INFO  10:52:22,201 ProgressMeter - [INITIALIZATION COMPLETE; STARTING PROCESSING] 
INFO  10:52:22,202 ProgressMeter -                 | processed |    time |    per 1M |           |   total | remaining 
INFO  10:52:22,202 ProgressMeter -        Location |     sites | elapsed |     sites | completed | runtime |   runtime 
INFO  10:52:24,904 ProgressMeter -            done   3043210.0     2.0 s       0.0 s      100.0%     2.0 s       0.0 s 
INFO  10:52:24,905 ProgressMeter - Total runtime 2.70 secs, 0.05 min, 0.00 hours 
INFO  10:52:24,907 MicroScheduler - 77 reads were filtered out during the traversal out of approximately 4636 total reads (1.66%) 
INFO  10:52:24,907 MicroScheduler -   -> 0 reads (0.00% of total) failing BadCigarFilter 
INFO  10:52:24,907 MicroScheduler -   -> 0 reads (0.00% of total) failing BadMateFilter 
INFO  10:52:24,908 MicroScheduler -   -> 0 reads (0.00% of total) failing DuplicateReadFilter 
INFO  10:52:24,908 MicroScheduler -   -> 0 reads (0.00% of total) failing FailsVendorQualityCheckFilter 
INFO  10:52:24,908 MicroScheduler -   -> 0 reads (0.00% of total) failing MalformedReadFilter 
INFO  10:52:24,908 MicroScheduler -   -> 0 reads (0.00% of total) failing MappingQualityUnavailableFilter 
INFO  10:52:24,908 MicroScheduler -   -> 77 reads (1.66% of total) failing MappingQualityZeroFilter 
INFO  10:52:24,908 MicroScheduler -   -> 0 reads (0.00% of total) failing NotPrimaryAlignmentFilter 
INFO  10:52:24,909 MicroScheduler -   -> 0 reads (0.00% of total) failing Platform454Filter 
INFO  10:52:24,909 MicroScheduler -   -> 0 reads (0.00% of total) failing UnmappedReadFilter 
INFO  10:52:26,240 GATKRunReport - Uploaded run statistics report to AWS S3 
INFO  10:52:27,480 HelpFormatter - -------------------------------------------------------------------------------- 
INFO  10:52:27,482 HelpFormatter - The Genome Analysis Toolkit (GATK) v3.4-0-g7e26428, Compiled 2015/05/15 03:25:41 
INFO  10:52:27,482 HelpFormatter - Copyright (c) 2010 The Broad Institute 
INFO  10:52:27,482 HelpFormatter - For support and documentation go to http://www.broadinstitute.org/gatk 
INFO  10:52:27,485 HelpFormatter - Program Args: -I tmp.addrg.rmdup.sorted.bam -R NC_017331.1.fasta -T IndelRealigner -targetIntervals help.intervals -o ERR159963.bam -filterNoBases -rf BadCigar --allow_potentially_misencoded_quality_scores --defaultBaseQualities 0 
INFO  10:52:27,489 HelpFormatter - Executing as fabio@ahmad-desktop on Linux 3.19.0-22-generic amd64; OpenJDK 64-Bit Server VM 1.7.0_79-b14. 
INFO  10:52:27,489 HelpFormatter - Date/Time: 2015/07/02 10:52:27 
INFO  10:52:27,489 HelpFormatter - -------------------------------------------------------------------------------- 
INFO  10:52:27,490 HelpFormatter - -------------------------------------------------------------------------------- 
INFO  10:52:27,591 GenomeAnalysisEngine - Strictness is SILENT 
INFO  10:52:27,622 GenomeAnalysisEngine - Downsampling Settings: No downsampling 
INFO  10:52:27,628 SAMDataSource$SAMReaders - Initializing SAMRecords in serial 
INFO  10:52:27,643 SAMDataSource$SAMReaders - Done initializing BAM readers: total time 0.01 
INFO  10:52:27,699 GenomeAnalysisEngine - Preparing for traversal over 1 BAM files 
INFO  10:52:27,702 GenomeAnalysisEngine - Done preparing for traversal 
INFO  10:52:27,703 ProgressMeter - [INITIALIZATION COMPLETE; STARTING PROCESSING] 
INFO  10:52:27,703 ProgressMeter -                 | processed |    time |    per 1M |           |   total | remaining 
INFO  10:52:27,703 ProgressMeter -        Location |     reads | elapsed |     reads | completed | runtime |   runtime 
INFO  10:52:27,718 ReadShardBalancer$1 - Loading BAM index data 
INFO  10:52:27,719 ReadShardBalancer$1 - Done loading BAM index data 
INFO  10:52:29,017 ProgressMeter -            done      6953.0     1.0 s       3.1 m       97.5%     1.0 s       0.0 s 
INFO  10:52:29,018 ProgressMeter - Total runtime 1.32 secs, 0.02 min, 0.00 hours 
INFO  10:52:29,023 MicroScheduler - 0 reads were filtered out during the traversal out of approximately 6953 total reads (0.00%) 
INFO  10:52:29,023 MicroScheduler -   -> 0 reads (0.00% of total) failing BadCigarFilter 
INFO  10:52:29,024 MicroScheduler -   -> 0 reads (0.00% of total) failing MalformedReadFilter 
INFO  10:52:30,082 GATKRunReport - Uploaded run statistics report to AWS S3 

##################
# Reads coverage #
##################
(only counts reads where MAPQ >= 1)
Genome length: 3043210
min =  0
max =  7
% cov. =  61.6819
Avg. base cov. =  0.918847
Stdev base cov. =  0.983883

Reads length (MAPQ >= 1):
min-max avg stdev
107-2689 704.974 +- 300.364

flagstats:
6953 + 0 in total (QC-passed reads + QC-failed reads)
0 + 0 duplicates
4490 + 0 mapped (64.58%:-nan%)
0 + 0 paired in sequencing
0 + 0 read1
0 + 0 read2
0 + 0 properly paired (-nan%:-nan%)
0 + 0 with itself and mate mapped
0 + 0 singletons (-nan%:-nan%)
0 + 0 with mate mapped to a different chr
0 + 0 with mate mapped to a different chr (mapQ>=5)

idxstats:
Chr	length	mapped	unmapped
gi|387141638|ref|NC_017331.1|	3043210	4490	0
*	0	0	2463

## SNP calling with GATK
INFO  10:52:33,174 HelpFormatter - -------------------------------------------------------------------------------- 
INFO  10:52:33,175 HelpFormatter - The Genome Analysis Toolkit (GATK) v3.4-0-g7e26428, Compiled 2015/05/15 03:25:41 
INFO  10:52:33,175 HelpFormatter - Copyright (c) 2010 The Broad Institute 
INFO  10:52:33,176 HelpFormatter - For support and documentation go to http://www.broadinstitute.org/gatk 
INFO  10:52:33,178 HelpFormatter - Program Args: -ploidy 1 -I ERR159963.bam -R NC_017331.1.fasta -T UnifiedGenotyper -o ERR159963-snps.vcf -filterNoBases -rf BadCigar --allow_potentially_misencoded_quality_scores 
INFO  10:52:33,182 HelpFormatter - Executing as fabio@ahmad-desktop on Linux 3.19.0-22-generic amd64; OpenJDK 64-Bit Server VM 1.7.0_79-b14. 
INFO  10:52:33,182 HelpFormatter - Date/Time: 2015/07/02 10:52:33 
INFO  10:52:33,183 HelpFormatter - -------------------------------------------------------------------------------- 
INFO  10:52:33,183 HelpFormatter - -------------------------------------------------------------------------------- 
INFO  10:52:33,248 GenomeAnalysisEngine - Strictness is SILENT 
INFO  10:52:33,315 GenomeAnalysisEngine - Downsampling Settings: Method: BY_SAMPLE, Target Coverage: 250 
INFO  10:52:33,320 SAMDataSource$SAMReaders - Initializing SAMRecords in serial 
INFO  10:52:33,336 SAMDataSource$SAMReaders - Done initializing BAM readers: total time 0.02 
INFO  10:52:33,395 GenomeAnalysisEngine - Preparing for traversal over 1 BAM files 
INFO  10:52:33,424 GenomeAnalysisEngine - Done preparing for traversal 
INFO  10:52:33,424 ProgressMeter - [INITIALIZATION COMPLETE; STARTING PROCESSING] 
INFO  10:52:33,424 ProgressMeter -                 | processed |    time |    per 1M |           |   total | remaining 
INFO  10:52:33,425 ProgressMeter -        Location |     sites | elapsed |     sites | completed | runtime |   runtime 
INFO  10:52:33,451 StrandBiasTest - SAM/BAM data was found. Attempting to use read data to calculate strand bias annotations values. 
INFO  10:52:33,451 StrandBiasTest - SAM/BAM data was found. Attempting to use read data to calculate strand bias annotations values. 
INFO  10:52:50,470 ProgressMeter -            done   3043210.0    17.0 s       5.0 s      100.0%    17.0 s       0.0 s 
INFO  10:52:50,471 ProgressMeter - Total runtime 17.05 secs, 0.28 min, 0.00 hours 
INFO  10:52:50,471 MicroScheduler - 0 reads were filtered out during the traversal out of approximately 4636 total reads (0.00%) 
INFO  10:52:50,471 MicroScheduler -   -> 0 reads (0.00% of total) failing BadCigarFilter 
INFO  10:52:50,472 MicroScheduler -   -> 0 reads (0.00% of total) failing BadMateFilter 
INFO  10:52:50,472 MicroScheduler -   -> 0 reads (0.00% of total) failing DuplicateReadFilter 
INFO  10:52:50,472 MicroScheduler -   -> 0 reads (0.00% of total) failing FailsVendorQualityCheckFilter 
INFO  10:52:50,472 MicroScheduler -   -> 0 reads (0.00% of total) failing MalformedReadFilter 
INFO  10:52:50,472 MicroScheduler -   -> 0 reads (0.00% of total) failing MappingQualityUnavailableFilter 
INFO  10:52:50,473 MicroScheduler -   -> 0 reads (0.00% of total) failing NotPrimaryAlignmentFilter 
INFO  10:52:50,473 MicroScheduler -   -> 0 reads (0.00% of total) failing UnmappedReadFilter 
INFO  10:52:51,474 GATKRunReport - Uploaded run statistics report to AWS S3 
SNPs found: 12
## INDELS calling with GATK
INFO  10:52:52,730 HelpFormatter - -------------------------------------------------------------------------------- 
INFO  10:52:52,732 HelpFormatter - The Genome Analysis Toolkit (GATK) v3.4-0-g7e26428, Compiled 2015/05/15 03:25:41 
INFO  10:52:52,732 HelpFormatter - Copyright (c) 2010 The Broad Institute 
INFO  10:52:52,732 HelpFormatter - For support and documentation go to http://www.broadinstitute.org/gatk 
INFO  10:52:52,735 HelpFormatter - Program Args: -ploidy 1 -I ERR159963.bam -R NC_017331.1.fasta -T UnifiedGenotyper -o ERR159963-indels.vcf -glm INDEL -filterNoBases -rf BadCigar --allow_potentially_misencoded_quality_scores 
INFO  10:52:52,739 HelpFormatter - Executing as fabio@ahmad-desktop on Linux 3.19.0-22-generic amd64; OpenJDK 64-Bit Server VM 1.7.0_79-b14. 
INFO  10:52:52,739 HelpFormatter - Date/Time: 2015/07/02 10:52:52 
INFO  10:52:52,739 HelpFormatter - -------------------------------------------------------------------------------- 
INFO  10:52:52,739 HelpFormatter - -------------------------------------------------------------------------------- 
INFO  10:52:52,808 GenomeAnalysisEngine - Strictness is SILENT 
INFO  10:52:52,875 GenomeAnalysisEngine - Downsampling Settings: Method: BY_SAMPLE, Target Coverage: 250 
INFO  10:52:52,880 SAMDataSource$SAMReaders - Initializing SAMRecords in serial 
INFO  10:52:52,895 SAMDataSource$SAMReaders - Done initializing BAM readers: total time 0.01 
INFO  10:52:52,953 GenomeAnalysisEngine - Preparing for traversal over 1 BAM files 
INFO  10:52:52,981 GenomeAnalysisEngine - Done preparing for traversal 
INFO  10:52:52,981 ProgressMeter - [INITIALIZATION COMPLETE; STARTING PROCESSING] 
INFO  10:52:52,981 ProgressMeter -                 | processed |    time |    per 1M |           |   total | remaining 
INFO  10:52:52,982 ProgressMeter -        Location |     sites | elapsed |     sites | completed | runtime |   runtime 
INFO  10:52:53,008 StrandBiasTest - SAM/BAM data was found. Attempting to use read data to calculate strand bias annotations values. 
INFO  10:52:53,008 StrandBiasTest - SAM/BAM data was found. Attempting to use read data to calculate strand bias annotations values. 
INFO  10:52:57,403 ProgressMeter -            done   3043210.0     4.0 s       1.0 s      100.0%     4.0 s       0.0 s 
INFO  10:52:57,403 ProgressMeter - Total runtime 4.42 secs, 0.07 min, 0.00 hours 
INFO  10:52:57,403 MicroScheduler - 0 reads were filtered out during the traversal out of approximately 4636 total reads (0.00%) 
INFO  10:52:57,403 MicroScheduler -   -> 0 reads (0.00% of total) failing BadCigarFilter 
INFO  10:52:57,404 MicroScheduler -   -> 0 reads (0.00% of total) failing BadMateFilter 
INFO  10:52:57,404 MicroScheduler -   -> 0 reads (0.00% of total) failing DuplicateReadFilter 
INFO  10:52:57,404 MicroScheduler -   -> 0 reads (0.00% of total) failing FailsVendorQualityCheckFilter 
INFO  10:52:57,404 MicroScheduler -   -> 0 reads (0.00% of total) failing MalformedReadFilter 
INFO  10:52:57,405 MicroScheduler -   -> 0 reads (0.00% of total) failing MappingQualityUnavailableFilter 
INFO  10:52:57,405 MicroScheduler -   -> 0 reads (0.00% of total) failing NotPrimaryAlignmentFilter 
INFO  10:52:57,405 MicroScheduler -   -> 0 reads (0.00% of total) failing UnmappedReadFilter 
INFO  10:52:58,412 GATKRunReport - Uploaded run statistics report to AWS S3 
INDELS found: 1
