## Starting pipeline #
bio_pipeline.sh -ref NC_017331.1.fasta -sra ERR159986.sra -mem-pacbio -dbq 0 -nofix -skip-fastqc -indels
######################

## Saving SRA statistics..
## Dumping fastq files from ERR159986.sra
Rejected 74133 READS because READLEN < 1
Read 81741 spots for ERR159986.sra
Written 7608 spots for ERR159986.sra
## One fastq file generated
## Creating bwa index for NC_017331.1.fasta
[bwa_index] Pack FASTA... 0.02 sec
[bwa_index] Construct BWT for the packed sequence...
[bwa_index] 0.60 seconds elapse.
[bwa_index] Update BWT... 0.02 sec
[bwa_index] Pack forward-only FASTA... 0.01 sec
[bwa_index] Construct SA from BWT and Occ... 0.27 sec
[main] Version: 0.7.12-r1039
[main] CMD: bwa index NC_017331.1.fasta
[main] Real time: 1.567 sec; CPU: 0.924 sec
## Generating sam file with bwa-mem aligner
[M::bwa_idx_load_from_disk] read 0 ALT contigs
[M::process] read 7608 sequences (5548077 bp)...
[M::mem_process_seqs] Processed 7608 reads in 16.540 CPU sec, 4.146 real sec
[main] Version: 0.7.12-r1039
[main] CMD: bwa mem -t 4 -x pacbio NC_017331.1.fasta ERR159986_1.fastq
[main] Real time: 4.473 sec; CPU: 16.568 sec
## Converting sam file to BAM, sorting and indexing
[samopen] SAM header is present: 1 sequences.
## Removing duplicates
[bam_rmdup_core] processing reference gi|387141638|ref|NC_017331.1|...
## Adding read groups and indexing
[Thu Jul 02 11:05:24 CEST 2015] picard.sam.AddOrReplaceReadGroups INPUT=tmp.rmdup.sorted.bam OUTPUT=tmp.addrg.rmdup.sorted.bam RGLB=rglib RGPL=rgpl RGPU=rgpu RGSM=rgsm VALIDATION_STRINGENCY=SILENT    RGID=1 VERBOSITY=INFO QUIET=false COMPRESSION_LEVEL=5 MAX_RECORDS_IN_RAM=500000 CREATE_INDEX=false CREATE_MD5_FILE=false GA4GH_CLIENT_SECRETS=client_secrets.json
[Thu Jul 02 11:05:24 CEST 2015] Executing as fabio@ahmad-desktop on Linux 3.19.0-22-generic amd64; OpenJDK 64-Bit Server VM 1.7.0_79-b14; Picard version: 1.135(83ec44e03ec8d07ef180ef86b7a62d59a80dedd3_1435607037) IntelDeflater
INFO	2015-07-02 11:05:24	AddOrReplaceReadGroups	Created read group ID=1 PL=rgpl LB=rglib SM=rgsm

[Thu Jul 02 11:05:25 CEST 2015] picard.sam.AddOrReplaceReadGroups done. Elapsed time: 0.02 minutes.
Runtime.totalMemory()=251658240
## Realigning near indels and re-indexing
[Thu Jul 02 11:05:26 CEST 2015] picard.sam.CreateSequenceDictionary REFERENCE=NC_017331.1.fasta OUTPUT=NC_017331.1.dict    TRUNCATE_NAMES_AT_WHITESPACE=true NUM_SEQUENCES=2147483647 VERBOSITY=INFO QUIET=false VALIDATION_STRINGENCY=STRICT COMPRESSION_LEVEL=5 MAX_RECORDS_IN_RAM=500000 CREATE_INDEX=false CREATE_MD5_FILE=false GA4GH_CLIENT_SECRETS=client_secrets.json
[Thu Jul 02 11:05:26 CEST 2015] Executing as fabio@ahmad-desktop on Linux 3.19.0-22-generic amd64; OpenJDK 64-Bit Server VM 1.7.0_79-b14; Picard version: 1.135(83ec44e03ec8d07ef180ef86b7a62d59a80dedd3_1435607037) IntelDeflater
[Thu Jul 02 11:05:26 CEST 2015] picard.sam.CreateSequenceDictionary done. Elapsed time: 0.00 minutes.
Runtime.totalMemory()=251658240
INFO  11:05:27,507 HelpFormatter - -------------------------------------------------------------------------------- 
INFO  11:05:27,509 HelpFormatter - The Genome Analysis Toolkit (GATK) v3.4-0-g7e26428, Compiled 2015/05/15 03:25:41 
INFO  11:05:27,509 HelpFormatter - Copyright (c) 2010 The Broad Institute 
INFO  11:05:27,509 HelpFormatter - For support and documentation go to http://www.broadinstitute.org/gatk 
INFO  11:05:27,513 HelpFormatter - Program Args: -I tmp.addrg.rmdup.sorted.bam -R NC_017331.1.fasta -T RealignerTargetCreator -o help.intervals -filterNoBases -rf BadCigar --allow_potentially_misencoded_quality_scores 
INFO  11:05:27,517 HelpFormatter - Executing as fabio@ahmad-desktop on Linux 3.19.0-22-generic amd64; OpenJDK 64-Bit Server VM 1.7.0_79-b14. 
INFO  11:05:27,517 HelpFormatter - Date/Time: 2015/07/02 11:05:27 
INFO  11:05:27,517 HelpFormatter - -------------------------------------------------------------------------------- 
INFO  11:05:27,518 HelpFormatter - -------------------------------------------------------------------------------- 
INFO  11:05:27,563 GenomeAnalysisEngine - Strictness is SILENT 
INFO  11:05:27,645 GenomeAnalysisEngine - Downsampling Settings: Method: BY_SAMPLE, Target Coverage: 1000 
INFO  11:05:27,651 SAMDataSource$SAMReaders - Initializing SAMRecords in serial 
INFO  11:05:27,667 SAMDataSource$SAMReaders - Done initializing BAM readers: total time 0.02 
INFO  11:05:27,731 GenomeAnalysisEngine - Preparing for traversal over 1 BAM files 
INFO  11:05:27,762 GenomeAnalysisEngine - Done preparing for traversal 
INFO  11:05:27,762 ProgressMeter - [INITIALIZATION COMPLETE; STARTING PROCESSING] 
INFO  11:05:27,762 ProgressMeter -                 | processed |    time |    per 1M |           |   total | remaining 
INFO  11:05:27,763 ProgressMeter -        Location |     sites | elapsed |     sites | completed | runtime |   runtime 
INFO  11:05:31,330 ProgressMeter -            done   3043210.0     3.0 s       1.0 s      100.0%     3.0 s       0.0 s 
INFO  11:05:31,331 ProgressMeter - Total runtime 3.57 secs, 0.06 min, 0.00 hours 
INFO  11:05:31,333 MicroScheduler - 114 reads were filtered out during the traversal out of approximately 6456 total reads (1.77%) 
INFO  11:05:31,333 MicroScheduler -   -> 0 reads (0.00% of total) failing BadCigarFilter 
INFO  11:05:31,334 MicroScheduler -   -> 0 reads (0.00% of total) failing BadMateFilter 
INFO  11:05:31,334 MicroScheduler -   -> 0 reads (0.00% of total) failing DuplicateReadFilter 
INFO  11:05:31,334 MicroScheduler -   -> 0 reads (0.00% of total) failing FailsVendorQualityCheckFilter 
INFO  11:05:31,334 MicroScheduler -   -> 0 reads (0.00% of total) failing MalformedReadFilter 
INFO  11:05:31,334 MicroScheduler -   -> 0 reads (0.00% of total) failing MappingQualityUnavailableFilter 
INFO  11:05:31,335 MicroScheduler -   -> 114 reads (1.77% of total) failing MappingQualityZeroFilter 
INFO  11:05:31,335 MicroScheduler -   -> 0 reads (0.00% of total) failing NotPrimaryAlignmentFilter 
INFO  11:05:31,335 MicroScheduler -   -> 0 reads (0.00% of total) failing Platform454Filter 
INFO  11:05:31,335 MicroScheduler -   -> 0 reads (0.00% of total) failing UnmappedReadFilter 
INFO  11:05:32,369 GATKRunReport - Uploaded run statistics report to AWS S3 
INFO  11:05:34,029 HelpFormatter - -------------------------------------------------------------------------------- 
INFO  11:05:34,031 HelpFormatter - The Genome Analysis Toolkit (GATK) v3.4-0-g7e26428, Compiled 2015/05/15 03:25:41 
INFO  11:05:34,031 HelpFormatter - Copyright (c) 2010 The Broad Institute 
INFO  11:05:34,032 HelpFormatter - For support and documentation go to http://www.broadinstitute.org/gatk 
INFO  11:05:34,036 HelpFormatter - Program Args: -I tmp.addrg.rmdup.sorted.bam -R NC_017331.1.fasta -T IndelRealigner -targetIntervals help.intervals -o ERR159986.bam -filterNoBases -rf BadCigar --allow_potentially_misencoded_quality_scores --defaultBaseQualities 0 
INFO  11:05:34,042 HelpFormatter - Executing as fabio@ahmad-desktop on Linux 3.19.0-22-generic amd64; OpenJDK 64-Bit Server VM 1.7.0_79-b14. 
INFO  11:05:34,042 HelpFormatter - Date/Time: 2015/07/02 11:05:34 
INFO  11:05:34,042 HelpFormatter - -------------------------------------------------------------------------------- 
INFO  11:05:34,043 HelpFormatter - -------------------------------------------------------------------------------- 
INFO  11:05:34,151 GenomeAnalysisEngine - Strictness is SILENT 
INFO  11:05:34,193 GenomeAnalysisEngine - Downsampling Settings: No downsampling 
INFO  11:05:34,201 SAMDataSource$SAMReaders - Initializing SAMRecords in serial 
INFO  11:05:34,222 SAMDataSource$SAMReaders - Done initializing BAM readers: total time 0.02 
INFO  11:05:34,307 GenomeAnalysisEngine - Preparing for traversal over 1 BAM files 
INFO  11:05:34,311 GenomeAnalysisEngine - Done preparing for traversal 
INFO  11:05:34,312 ProgressMeter - [INITIALIZATION COMPLETE; STARTING PROCESSING] 
INFO  11:05:34,312 ProgressMeter -                 | processed |    time |    per 1M |           |   total | remaining 
INFO  11:05:34,313 ProgressMeter -        Location |     reads | elapsed |     reads | completed | runtime |   runtime 
INFO  11:05:34,334 ReadShardBalancer$1 - Loading BAM index data 
INFO  11:05:34,335 ReadShardBalancer$1 - Done loading BAM index data 
INFO  11:05:35,862 ProgressMeter -            done      7814.0     1.0 s       3.3 m       99.5%     1.0 s       0.0 s 
INFO  11:05:35,863 ProgressMeter - Total runtime 1.55 secs, 0.03 min, 0.00 hours 
INFO  11:05:35,865 MicroScheduler - 0 reads were filtered out during the traversal out of approximately 7814 total reads (0.00%) 
INFO  11:05:35,865 MicroScheduler -   -> 0 reads (0.00% of total) failing BadCigarFilter 
INFO  11:05:35,865 MicroScheduler -   -> 0 reads (0.00% of total) failing MalformedReadFilter 
INFO  11:05:36,928 GATKRunReport - Uploaded run statistics report to AWS S3 

##################
# Reads coverage #
##################
(only counts reads where MAPQ >= 1)
Genome length: 3043210
min =  0
max =  10
% cov. =  72.3429
Avg. base cov. =  1.28207
Stdev base cov. =  1.17799

Reads length (MAPQ >= 1):
min-max avg stdev
84-2704 719.348 +- 318.87

flagstats:
7814 + 0 in total (QC-passed reads + QC-failed reads)
0 + 0 duplicates
6232 + 0 mapped (79.75%:-nan%)
0 + 0 paired in sequencing
0 + 0 read1
0 + 0 read2
0 + 0 properly paired (-nan%:-nan%)
0 + 0 with itself and mate mapped
0 + 0 singletons (-nan%:-nan%)
0 + 0 with mate mapped to a different chr
0 + 0 with mate mapped to a different chr (mapQ>=5)

idxstats:
Chr	length	mapped	unmapped
gi|387141638|ref|NC_017331.1|	3043210	6232	0
*	0	0	1582

## SNP calling with GATK
INFO  11:05:40,521 HelpFormatter - -------------------------------------------------------------------------------- 
INFO  11:05:40,523 HelpFormatter - The Genome Analysis Toolkit (GATK) v3.4-0-g7e26428, Compiled 2015/05/15 03:25:41 
INFO  11:05:40,523 HelpFormatter - Copyright (c) 2010 The Broad Institute 
INFO  11:05:40,523 HelpFormatter - For support and documentation go to http://www.broadinstitute.org/gatk 
INFO  11:05:40,526 HelpFormatter - Program Args: -ploidy 1 -I ERR159986.bam -R NC_017331.1.fasta -T UnifiedGenotyper -o ERR159986-snps.vcf -filterNoBases -rf BadCigar --allow_potentially_misencoded_quality_scores 
INFO  11:05:40,530 HelpFormatter - Executing as fabio@ahmad-desktop on Linux 3.19.0-22-generic amd64; OpenJDK 64-Bit Server VM 1.7.0_79-b14. 
INFO  11:05:40,530 HelpFormatter - Date/Time: 2015/07/02 11:05:40 
INFO  11:05:40,530 HelpFormatter - -------------------------------------------------------------------------------- 
INFO  11:05:40,530 HelpFormatter - -------------------------------------------------------------------------------- 
INFO  11:05:40,597 GenomeAnalysisEngine - Strictness is SILENT 
INFO  11:05:40,669 GenomeAnalysisEngine - Downsampling Settings: Method: BY_SAMPLE, Target Coverage: 250 
INFO  11:05:40,675 SAMDataSource$SAMReaders - Initializing SAMRecords in serial 
INFO  11:05:40,692 SAMDataSource$SAMReaders - Done initializing BAM readers: total time 0.02 
INFO  11:05:40,755 GenomeAnalysisEngine - Preparing for traversal over 1 BAM files 
INFO  11:05:40,786 GenomeAnalysisEngine - Done preparing for traversal 
INFO  11:05:40,786 ProgressMeter - [INITIALIZATION COMPLETE; STARTING PROCESSING] 
INFO  11:05:40,786 ProgressMeter -                 | processed |    time |    per 1M |           |   total | remaining 
INFO  11:05:40,787 ProgressMeter -        Location |     sites | elapsed |     sites | completed | runtime |   runtime 
INFO  11:05:40,814 StrandBiasTest - SAM/BAM data was found. Attempting to use read data to calculate strand bias annotations values. 
INFO  11:05:40,814 StrandBiasTest - SAM/BAM data was found. Attempting to use read data to calculate strand bias annotations values. 
INFO  11:06:02,153 ProgressMeter -            done   3043210.0    21.0 s       7.0 s      100.0%    21.0 s       0.0 s 
INFO  11:06:02,154 ProgressMeter - Total runtime 21.37 secs, 0.36 min, 0.01 hours 
INFO  11:06:02,154 MicroScheduler - 0 reads were filtered out during the traversal out of approximately 6456 total reads (0.00%) 
INFO  11:06:02,154 MicroScheduler -   -> 0 reads (0.00% of total) failing BadCigarFilter 
INFO  11:06:02,154 MicroScheduler -   -> 0 reads (0.00% of total) failing BadMateFilter 
INFO  11:06:02,154 MicroScheduler -   -> 0 reads (0.00% of total) failing DuplicateReadFilter 
INFO  11:06:02,155 MicroScheduler -   -> 0 reads (0.00% of total) failing FailsVendorQualityCheckFilter 
INFO  11:06:02,155 MicroScheduler -   -> 0 reads (0.00% of total) failing MalformedReadFilter 
INFO  11:06:02,155 MicroScheduler -   -> 0 reads (0.00% of total) failing MappingQualityUnavailableFilter 
INFO  11:06:02,155 MicroScheduler -   -> 0 reads (0.00% of total) failing NotPrimaryAlignmentFilter 
INFO  11:06:02,156 MicroScheduler -   -> 0 reads (0.00% of total) failing UnmappedReadFilter 
INFO  11:06:03,210 GATKRunReport - Uploaded run statistics report to AWS S3 
SNPs found: 48
## INDELS calling with GATK
INFO  11:06:04,424 HelpFormatter - -------------------------------------------------------------------------------- 
INFO  11:06:04,425 HelpFormatter - The Genome Analysis Toolkit (GATK) v3.4-0-g7e26428, Compiled 2015/05/15 03:25:41 
INFO  11:06:04,426 HelpFormatter - Copyright (c) 2010 The Broad Institute 
INFO  11:06:04,426 HelpFormatter - For support and documentation go to http://www.broadinstitute.org/gatk 
INFO  11:06:04,428 HelpFormatter - Program Args: -ploidy 1 -I ERR159986.bam -R NC_017331.1.fasta -T UnifiedGenotyper -o ERR159986-indels.vcf -glm INDEL -filterNoBases -rf BadCigar --allow_potentially_misencoded_quality_scores 
INFO  11:06:04,432 HelpFormatter - Executing as fabio@ahmad-desktop on Linux 3.19.0-22-generic amd64; OpenJDK 64-Bit Server VM 1.7.0_79-b14. 
INFO  11:06:04,433 HelpFormatter - Date/Time: 2015/07/02 11:06:04 
INFO  11:06:04,433 HelpFormatter - -------------------------------------------------------------------------------- 
INFO  11:06:04,433 HelpFormatter - -------------------------------------------------------------------------------- 
INFO  11:06:04,502 GenomeAnalysisEngine - Strictness is SILENT 
INFO  11:06:04,586 GenomeAnalysisEngine - Downsampling Settings: Method: BY_SAMPLE, Target Coverage: 250 
INFO  11:06:04,592 SAMDataSource$SAMReaders - Initializing SAMRecords in serial 
INFO  11:06:04,608 SAMDataSource$SAMReaders - Done initializing BAM readers: total time 0.02 
INFO  11:06:04,668 GenomeAnalysisEngine - Preparing for traversal over 1 BAM files 
INFO  11:06:04,698 GenomeAnalysisEngine - Done preparing for traversal 
INFO  11:06:04,698 ProgressMeter - [INITIALIZATION COMPLETE; STARTING PROCESSING] 
INFO  11:06:04,699 ProgressMeter -                 | processed |    time |    per 1M |           |   total | remaining 
INFO  11:06:04,699 ProgressMeter -        Location |     sites | elapsed |     sites | completed | runtime |   runtime 
INFO  11:06:04,726 StrandBiasTest - SAM/BAM data was found. Attempting to use read data to calculate strand bias annotations values. 
INFO  11:06:04,726 StrandBiasTest - SAM/BAM data was found. Attempting to use read data to calculate strand bias annotations values. 
INFO  11:06:10,212 ProgressMeter -            done   3043210.0     5.0 s       1.0 s      100.0%     5.0 s       0.0 s 
INFO  11:06:10,212 ProgressMeter - Total runtime 5.51 secs, 0.09 min, 0.00 hours 
INFO  11:06:10,213 MicroScheduler - 0 reads were filtered out during the traversal out of approximately 6456 total reads (0.00%) 
INFO  11:06:10,213 MicroScheduler -   -> 0 reads (0.00% of total) failing BadCigarFilter 
INFO  11:06:10,213 MicroScheduler -   -> 0 reads (0.00% of total) failing BadMateFilter 
INFO  11:06:10,213 MicroScheduler -   -> 0 reads (0.00% of total) failing DuplicateReadFilter 
INFO  11:06:10,214 MicroScheduler -   -> 0 reads (0.00% of total) failing FailsVendorQualityCheckFilter 
INFO  11:06:10,214 MicroScheduler -   -> 0 reads (0.00% of total) failing MalformedReadFilter 
INFO  11:06:10,214 MicroScheduler -   -> 0 reads (0.00% of total) failing MappingQualityUnavailableFilter 
INFO  11:06:10,214 MicroScheduler -   -> 0 reads (0.00% of total) failing NotPrimaryAlignmentFilter 
INFO  11:06:10,215 MicroScheduler -   -> 0 reads (0.00% of total) failing UnmappedReadFilter 
INFO  11:06:11,228 GATKRunReport - Uploaded run statistics report to AWS S3 
INDELS found: 4
