Warning: 108 q-grams of 4658582 contain other letters than A,C,G and T, ignore these q-grams
No q-grams with Ns to add
Start Strand Bias Score calculation
Start Strand Bias Score calculation
Start Strand Bias Score calculation
Loading serialized object instead of annotating (parsing) genome...
Time before output:  1431893674.11
############################### snps #########################
#Sequence	Occurrence	Forward Match	Backward Match	Forward Mismatch	Backward Mismatch	Strand Bias Score	FER (Forward Error Rate)	RER (Reverse Error Rate), ERD (Error rate Difference)
CGGCGGGT	305	8248	11368	2034	138	9.15865635542	0.197821435518	0.0119937423953	0.185827693123
TGGCGGGT	266	8120	11350	1751	156	9.22948018596	0.177388309189	0.0135581435773	0.163830165611
CGGCAGGT	336	11405	14572	2123	201	9.14082852965	0.156933767002	0.0136059026603	0.143327864342
GGCGGGGT	179	5448	6997	1043	127	9.32646141282	0.160684024033	0.0178270634475	0.142856960586
TGGCAGGT	211	7828	9813	1341	123	9.22050327449	0.146253680881	0.0123792270531	0.133874453828
CGGCTGGT	343	11017	14355	1873	179	9.16388530884	0.1453064391	0.0123159488097	0.13299049029
GCGGCGGT	762	22102	28079	3617	440	8.97501698435	0.140635327968	0.0154283109506	0.125207017017
TCGGCGGT	380	12071	15759	1898	229	9.14657486682	0.135872288639	0.0143232424318	0.121549046207
TGGCTGGT	342	12648	15541	1940	221	9.11175862944	0.132986015903	0.0140210633168	0.118964952587
ACGGCGGT	399	13469	16914	1971	239	9.14555142339	0.127655440415	0.0139334227249	0.11372201769
ATGGCGGT	445	16107	20194	2313	281	9.11742789804	0.125570032573	0.0137240537241	0.111845978849
GGCTGGGT	192	6941	8292	972	103	9.34492381483	0.122835839757	0.0122692078618	0.110566631896
GGCCGGGT	153	5456	6272	761	76	9.37214810163	0.122406305292	0.0119722747322	0.11043403056
CGAAGGGT	70	3015	3344	404	39	9.61144382067	0.118163205616	0.0115282293822	0.106634976233
GCGAGGGT	79	3069	3512	394	26	9.47261236565	0.113774184233	0.00734878462408	0.106425399609
GGCAGGGT	190	7057	8586	939	97	9.28498637575	0.117433716858	0.0111712541748	0.106262462684
AGGCGGGT	159	5663	6780	754	96	9.42565482961	0.11750038959	0.0139616055846	0.103538784006
GGGAGGGT	48	2057	2273	261	21	9.61723578145	0.112597066437	0.00915431560593	0.103442750831
CGGCTCGT	96	2918	3730	387	63	9.48359324453	0.117095310136	0.0166095438967	0.10048576624
CCGGCGGT	411	13437	15690	1764	268	9.13585337144	0.11604499704	0.0167940844717	0.0992509125679
CTGGGGGT	68	2687	2983	333	36	9.47264074304	0.110264900662	0.0119244783041	0.0983404223582
GTGGCGGT	310	10458	12777	1300	184	9.25859043895	0.110563020922	0.0141964354602	0.0963665854617
ATGGCGGG	325	10422	14102	1254	173	9.24160387159	0.10739979445	0.012119089317	0.0952807051332
ACGGGGGT	36	1409	1599	160	12	9.722330192	0.101975780752	0.00744878957169	0.0945269911804
ACGGCGGG	295	8841	11127	1058	158	9.33275728703	0.106879482776	0.014000886132	0.092878596644
CGGAAGGT	175	6955	7745	822	101	9.4228580341	0.105696283914	0.0128728014275	0.0928234824866
CTGGCGGT	695	23524	28379	2840	456	9.02474595685	0.107722652101	0.0158141147911	0.0919085373103
CCCCGGGT	40	1317	1544	148	16	9.7638378392	0.101023890785	0.0102564102564	0.0907674805286
AGGGGGGT	30	1215	1412	138	17	9.84230022243	0.10199556541	0.0118964310707	0.0900991343395
GGGCGGGT	133	4252	4873	485	62	9.36034554737	0.10238547604	0.0125633232016	0.0898221528381
CCAAGGGT	34	1552	1797	171	18	9.7465342812	0.0992455020313	0.0099173553719	0.0893281466594
AGGCAGGT	109	4933	5647	554	71	9.37284494783	0.100965919446	0.0124169289962	0.0885489904498
CGGCCGGT	64	2057	2329	224	23	9.67771874865	0.0982025427444	0.00977891156463	0.0884236311798
AGCTAGGT	10	457	463	49	4	10.0098514431	0.096837944664	0.00856531049251	0.0882726341715
CGTAGGGT	51	2273	2328	248	24	9.56015025114	0.0983736612455	0.0102040816327	0.0881695796129
GCGCGGGT	347	11200	12493	1254	159	9.17612312392	0.100690541192	0.0125671830541	0.0881233581375
GTGGCTCG	33	1217	1587	137	21	9.68436197285	0.1011816839	0.0130597014925	0.088121982407
GCGGGGGT	72	2457	2729	284	43	9.60498900172	0.103611820503	0.0155122655123	0.0880995549912
GGACGGGT	92	3799	4248	434	66	9.53761743954	0.102527758091	0.0152990264256	0.0872287316656
CGCGGGGT	85	3168	3454	345	39	9.66061442792	0.0982066609735	0.0111651875179	0.0870414734556
ACAAGGGT	34	1576	1772	174	24	9.75789076765	0.0994285714286	0.0133630289532	0.0860655424753
GGGCAGGT	152	5916	6755	634	76	9.45410879568	0.0967938931298	0.0111257502562	0.0856681428736
GCAGGGGT	78	3349	3369	356	38	9.59602286851	0.0960863697706	0.0111535074846	0.084932862286
CGGCGGGA	365	11088	13691	1311	292	9.19425288941	0.105734333414	0.0208825001788	0.0848518332352
GCCCGGGT	89	2956	3125	318	39	9.54684303771	0.0971288943189	0.0123261694058	0.0848027249131
TCGCGGGT	197	7840	8544	838	102	9.31225051815	0.0965660290389	0.0117973629424	0.0847686660965
GGCTCGGT	76	2598	3268	284	46	9.67377051578	0.0985426786954	0.0138805069403	0.0846621717551
GACCGGGT	89	3493	3971	368	46	9.40161644691	0.0953120953121	0.0114513318397	0.0838607634724
ACGAGGGT	29	1166	1342	138	32	9.73714105038	0.105828220859	0.0232896652111	0.0825385556478
GGAAGGGT	101	4302	4741	449	60	9.45843700411	0.0945064197011	0.0124973963758	0.0820090233254
CCCAGGGT	74	3144	3356	322	39	9.59162494853	0.0929024812464	0.0114874815906	0.0814149996558
TCGGCTCG	93	2931	3722	296	39	9.49480807073	0.0917260613573	0.0103695825578	0.0813564787995
GTGGGGGT	46	1890	2184	197	29	9.53439762034	0.0943938667944	0.0131043831902	0.0812894836042
ACGGCTCG	91	3051	3884	309	44	9.65798564179	0.0919642857143	0.0112016293279	0.0807626563864
GCTCGGGT	42	1800	1862	181	20	9.81517383167	0.0913679959616	0.0106269925611	0.0807410034005
GCCGGGGT	179	6327	6901	654	91	9.34807245696	0.0936828534594	0.0130148741419	0.0806679793175
CTCGGGGT	20	830	892	86	12	9.90328534118	0.0938864628821	0.0132743362832	0.0806121265989
GTCAGGGT	184	7897	8844	815	121	9.3345199927	0.09354912764	0.0134969325153	0.0800521951247
CCCGCGGT	78	2612	3101	282	55	9.63842029788	0.0974429854872	0.0174271229404	0.0800158625468
CCGCGGGT	108	3887	4032	402	63	9.49806970426	0.093728141758	0.0153846153846	0.0783435263734
GGATGGGT	83	3447	3758	343	49	9.44228959879	0.0905013192612	0.0128710270554	0.0776302922058
TGGCTCGT	48	2100	2472	206	30	9.70015103156	0.0893321769297	0.0119904076739	0.0773417692559
CCCAAGGT	14	679	757	61	4	10.2846662956	0.0824324324324	0.00525624178712	0.0771761906453
CACGAGGT	31	1334	1495	122	11	9.69755702611	0.0837912087912	0.00730411686587	0.0764870919253
GTGCGGGT	137	4968	5454	481	68	9.50795464306	0.0882730776289	0.0123143788482	0.0759586987807
GGCGCGGT	516	17003	18725	1683	269	9.16190128764	0.0900674301616	0.0141623670633	0.0759050630983
GCGGTGGT	319	11822	13272	1202	222	9.23414426724	0.0922911547912	0.0164517563361	0.075839398455
GGGTGGGT	45	2007	2131	190	24	9.60658846155	0.0864815657715	0.0111368909513	0.0753446748202
CTCAGGGT	84	3873	3952	368	46	9.51102288243	0.0867719877387	0.0115057528764	0.0752662348623
CCACGGGT	106	4106	4592	389	53	9.48062427879	0.0865406006674	0.0114101184069	0.0751304822605
GGGGCGGT	143	5090	5832	473	61	9.36230558282	0.0850260650728	0.0103512642118	0.074674800861
GTCCGGGT	131	5115	5618	475	60	9.45772152849	0.0849731663685	0.0105671010919	0.0744060652766
CTGAGGGT	46	2316	2397	211	22	9.5947772261	0.0834982192323	0.00909466721786	0.0744035520144
CGCCGGGT	411	13779	15057	1322	206	9.19439886441	0.0875438712668	0.0134966913451	0.0740471799217
GAGGCGGT	208	7893	8783	755	119	9.33550799583	0.0873034227567	0.0133677825208	0.0739356402359
CAGCGGGT	297	11231	11926	1035	126	9.27838391411	0.0843795858471	0.010454696316	0.0739248895311
ACGCGGGT	199	7791	8477	737	111	9.30445602924	0.0864212007505	0.0129250116442	0.0734961891063
TTGGCGGT	279	10570	12526	1001	166	9.25227476694	0.0865093768905	0.013079104948	0.0734302719425
TCGGCGGG	250	7801	9436	701	89	9.400199837	0.0824511879558	0.009343832021	0.0731073559348
TCGAGGGT	50	2351	2510	211	24	9.67320733761	0.0823575331772	0.00947119179163	0.0728863413856
CCAGAGGT	71	3329	3716	289	27	9.58756545815	0.0798783858485	0.00721346513492	0.0726649207136
TGACGGGT	134	5912	6491	530	63	9.51193683035	0.0822725861534	0.00961245041196	0.0726601357414
CCGAGGGT	40	1748	1884	166	27	9.71350139736	0.0867293625914	0.0141287284144	0.072600634177
GATAGGGT	53	2484	2714	220	24	9.71111989805	0.0813609467456	0.00876552227904	0.0725954244665
AGCAGGGT	170	7393	7555	674	85	9.35277796312	0.0835502665179	0.0111256544503	0.0724246120677
GCCGCGGT	283	9771	10208	955	174	9.23549369743	0.0890359873205	0.0167597765363	0.0722762107842
GCGGAGGT	114	4223	4576	400	67	9.41350570388	0.086523902228	0.0144303252208	0.0720935770072
AGAGGGGT	25	1199	1368	103	10	9.90618612979	0.07910906298	0.00725689404935	0.0718521689307
CGGGAGGT	55	2381	2368	217	28	9.72204863658	0.0835257890685	0.0116861435726	0.0718396454959
GCGCAGGT	432	16975	17917	1610	271	9.14845514337	0.0866290018832	0.0148999340224	0.0717290678608
GGGGGGGT	11	410	423	35	3	7.33185123185	0.0786516853933	0.00704225352113	0.0716094318721
CCGCCGGT	453	15289	15309	1424	216	9.17630930224	0.0852031352839	0.0139130434783	0.0712900918056
CGCTGGGT	302	11700	12451	1093	179	9.24517665703	0.08543734855	0.0141726049089	0.071264743641
GCGGGCGT	503	15875	17730	1550	323	9.13580078794	0.0889526542324	0.0178917631419	0.0710608910906
GGCGAGGT	186	7242	8000	661	102	9.40010281338	0.0836391243831	0.012589484078	0.0710496403051
GGAGAGGT	81	3720	3892	321	33	9.70225544836	0.079435783222	0.0084076433121	0.0710281399099
GTGGCGGG	236	7046	8957	644	117	9.4670475528	0.0837451235371	0.012893982808	0.070851140729
GGCCCGGT	208	7239	7975	690	132	9.39507087328	0.0870223231177	0.0162822252374	0.0707400978802
CAGGCGGT	522	19355	21787	1885	403	9.1754081003	0.088747645951	0.0181613339342	0.0705863120168
GCGCCGGT	588	19005	20536	1764	315	9.17542306571	0.0849342770475	0.0151071891036	0.0698270879439
TGGAAGGT	155	6861	7401	638	115	9.43804112124	0.0850780104014	0.0153006918574	0.069777318544
CGTCGGGT	139	5553	5915	513	90	9.40148329065	0.0845697329377	0.014987510408	0.0695822225297
CCTCGGGT	26	1273	1359	107	11	9.72261948661	0.0775362318841	0.00802919708029	0.0695070348038
TAGGCGGT	80	3280	3631	301	56	9.51045544356	0.0840547333147	0.0151885001356	0.0688662331791
GACAGGGT	79	3689	4123	316	42	9.59279568109	0.0789013732834	0.0100840336134	0.06881733967
GTCAAGGT	60	2828	3016	262	49	9.48629133297	0.0847896440129	0.015986949429	0.0688026945839
AGCCGGGT	185	7542	7984	652	87	9.34747407131	0.0795704173786	0.0107793334159	0.0687910839626
GACTGGGT	101	3820	4385	340	58	9.55973567248	0.0817307692308	0.0130542426289	0.0686765266019
AGGTGGGT	67	2934	3304	257	40	9.52649558758	0.0805390159825	0.011961722488	0.0685772934944
GCGAAGGT	212	8851	9618	781	122	9.40672558042	0.0810838870432	0.0125256673511	0.0685582196921
ATTAGGGT	25	1200	1211	103	13	9.96529574653	0.0790483499616	0.0106209150327	0.0684274349289
GGTAGGGT	48	2187	2273	185	22	9.64270958257	0.0779932546374	0.00958605664488	0.0684071979926
CAGTGGGT	111	4724	5155	397	48	9.50447502894	0.0775239211092	0.00922544685758	0.0682984742516
GAGAGGGT	54	2575	2645	220	28	9.5723497355	0.0787119856887	0.0104751215862	0.0682368641025
TGCAGGGT	137	6008	6531	520	76	9.46033634499	0.0796568627451	0.0115029514152	0.0681539113299
TCCCGGGT	59	2362	2873	201	30	9.64697489457	0.0784237222005	0.0103341370996	0.068089585101
GGCGGGGA	240	7740	9096	784	223	9.29974788087	0.0919755983107	0.0239296061809	0.0680459921297
GTGGAGGT	57	2342	2452	209	35	9.75390014814	0.0819286554292	0.0140731805388	0.0678554748904
GGGGCGGG	137	4246	4722	373	62	9.46222231545	0.080753409829	0.0129598662207	0.0677935436082
CGTCAGGT	316	13220	14299	1177	204	9.29675638193	0.0817531430159	0.0140660552989	0.067687087717
GGTGGGGT	81	3378	3688	291	44	9.56435599524	0.07931316435	0.0117899249732	0.0675232393768
GGATAGGT	58	2728	3091	232	34	9.65256168219	0.0783783783784	0.01088	0.0674983783784
CTGCGGGT	246	9728	10045	855	136	9.35001787392	0.08078994614	0.0133582162852	0.0674317298548
GTGAGGGT	44	2192	2400	182	23	9.74863925176	0.0766638584667	0.00949236483698	0.0671714936297
GCGGCGGG	576	16742	19064	1440	234	9.21876541675	0.0791992080079	0.0121256088714	0.0670735991365
CCAGGGGT	54	2275	2535	193	29	9.62463671291	0.0782009724473	0.0113104524181	0.0668905200292
CCGGAGGT	152	5836	6220	514	89	9.49835463429	0.0809448818898	0.0141068315105	0.0668380503792
GCCAGGGT	260	10613	11231	911	140	9.35454119629	0.0790524123568	0.0123120218099	0.066740390547
GGCTCCCG	69	2218	2496	182	23	9.72100787666	0.0758333333333	0.00913060738388	0.0667027259495
ATGGCTCG	67	2781	3447	220	23	9.54694424739	0.0733088970343	0.00662824207493	0.0666806549594
GGGGTGGT	62	2388	2654	223	51	9.61044255397	0.0854078896974	0.018853974122	0.0665539155754
ACGGAGGT	68	2786	2956	243	41	9.59526040917	0.0802244965335	0.0136803470137	0.0665441495198
CGGAGGGT	48	1980	2273	172	31	9.65493026497	0.0799256505576	0.0134548611111	0.0664707894465
TCTCGGGT	28	1267	1441	97	7	9.79530348993	0.0711143695015	0.00483425414365	0.0662801153578
AGCGGGGT	95	3764	4073	307	38	9.59760542166	0.075411446819	0.00924349306738	0.0661679537516
GACGCGGT	236	9489	10038	819	136	9.38537354947	0.0794528521537	0.0133674071162	0.0660854450375
CGGGGGGT	22	807	854	69	11	9.89285412294	0.0787671232877	0.0127167630058	0.0660503602819
AGCGAGGT	130	5748	6117	481	70	9.55266854783	0.0772194573768	0.0113140455794	0.0659054117973
CAACGGGT	102	4492	4531	369	47	9.5727117966	0.0759103065213	0.0102664919179	0.0656438146034
GACGGGGT	55	2476	2566	198	22	9.6723462079	0.0740463724757	0.00850077279753	0.0655455996782
CGAAAGGT	96	4494	4747	365	46	9.50523370759	0.0751183371064	0.00959732943876	0.0655210076676
TGGCGGGA	334	11873	14178	1100	279	9.28010761724	0.0847914900177	0.0192986096701	0.0654928803477
TACGGCGG	303	10352	12343	857	137	9.38391790523	0.0764564189491	0.0109775641026	0.0654788548465
AGGAAGGT	135	6482	6965	539	83	9.4240214239	0.0767696909272	0.0117763904654	0.0649933004618
GGCGGCGT	943	31613	35235	2753	544	9.04215785374	0.0801082465227	0.0152044495374	0.0649037969853
CGCAGGGT	161	6526	7185	564	107	9.34382510208	0.0795486600846	0.0146736149205	0.0648750451642
TAGGCGGG	42	1600	1825	133	22	9.71008688102	0.0767455279862	0.0119112073633	0.0648343206229
CGGTGGGT	79	3179	3571	264	43	9.54717852399	0.0766773162939	0.0118981737687	0.0647791425253
CGCAAGGT	109	4843	5394	409	72	9.49571219754	0.0778750952018	0.01317233809	0.0647027571118
AGCCAGGT	231	10054	10823	839	135	9.37839346275	0.0770219406959	0.0123197663807	0.0647021743151
AAAAGGGT	120	5929	6313	487	72	9.40966151335	0.0759039900249	0.0112764291308	0.0646275608942
CGGTAGGT	87	3740	4014	310	49	9.56044004865	0.0765432098765	0.0120600541472	0.0644831557294
ACAGGGGT	63	2842	3221	234	38	9.61175057281	0.0760728218466	0.0116600184106	0.064412803436
CGGGCGGT	268	9522	10155	840	172	9.35441466145	0.0810654313839	0.01665536942	0.0644100619639
GGCCAGGT	179	7199	7755	627	126	9.41631909607	0.0801175568617	0.0159878188047	0.064129738057
CGACGGGT	119	4963	5120	405	59	9.41582034989	0.0754470938897	0.0113921606488	0.0640549332409
GCACAGGT	88	3638	4017	307	57	9.60679736666	0.0778200253485	0.0139911634757	0.0638288618728
TGGTGGGT	158	6774	7478	558	94	9.34692062084	0.0761047463175	0.0124141574221	0.0636905888954
CGCGCGGT	369	13565	14213	1175	232	9.21646898979	0.0797150610583	0.0160609207338	0.0636541403245
GTAAGGGT	74	3632	3694	286	35	9.61970383478	0.0729964267483	0.00938589434165	0.0636105324067
CTCCGGGT	90	3400	3769	284	52	9.71294261682	0.0770901194354	0.0136090028788	0.0634811165566
CAGCAGGT	469	19788	20817	1626	265	9.17192013564	0.0759316335108	0.012569964899	0.0633616686118
GTGGCAGG	200	7686	9491	599	87	9.45144393451	0.0722993361497	0.00908331593234	0.0632160202173
AGCCCGGT	185	7038	7524	566	86	9.33722127182	0.0744345081536	0.0113009198423	0.0631335883113
CTGGAGGT	151	6374	6930	550	115	9.4255922872	0.079433853264	0.0163236337828	0.0631102194812
AGACGGGT	85	3580	3899	270	28	9.60061133737	0.0701298701299	0.00713012477718	0.0629997453527
AACAGGGT	156	6701	7347	548	94	9.48362182447	0.0755966340185	0.0126327106572	0.0629639233613
AAGGCGGT	227	9244	10125	780	153	9.30187363288	0.0778132482043	0.0148861646235	0.0629270835808
TGGCCGGT	226	8228	9065	707	151	9.37982447726	0.0791270285395	0.0163845486111	0.0627424799283
GCTGCGGT	306	12558	13425	982	133	9.31581958669	0.0725258493353	0.00980970644638	0.0627161428889
CGTGAGGT	93	4375	4649	345	49	9.60351454162	0.073093220339	0.0104299702001	0.0626632501389
CACCGGGT	145	5848	6404	481	87	9.52589508293	0.0759993679886	0.013403173625	0.0625961943636
TCCAGGGT	129	5676	5992	463	79	9.4526352485	0.0754194494217	0.0130126832482	0.0624067661735
GAGCGGGT	124	5277	5504	435	77	9.45403529337	0.0761554621849	0.0137968106074	0.0623586515775
CGAGCGGT	106	4212	4447	361	75	9.4552550606	0.0789416138202	0.0165855816011	0.0623560322192
ACACGGGT	44	1973	2140	151	19	9.74489704075	0.0710922787194	0.00880037054192	0.0622919081775
CGATGGGT	98	4241	4375	351	63	9.48322417964	0.07643728223	0.0141955835962	0.0622416986338
AAACGGGT	192	8762	9326	694	106	9.35024072721	0.0733925549915	0.0112383375742	0.0621542174173
GAGTCGGT	105	4730	5005	367	50	9.50540996735	0.0720031391014	0.00989119683482	0.0621119422666
CGGACGGT	171	6899	7050	558	91	9.51053651715	0.074829019713	0.0127433132614	0.0620857064516
ACCCGGGT	68	2977	3166	239	40	9.55359123728	0.074315920398	0.0124766063631	0.0618393140349
TGGACGGT	147	6537	7356	533	102	9.35642194078	0.0753889674682	0.0136765888978	0.0617123785703
GCGGGAGT	111	4504	4815	371	71	9.444698745	0.0761025641026	0.0145313139582	0.0615712501443
CGACAGGT	137	5842	6279	472	84	9.45366710346	0.0747545137789	0.013201320132	0.0615531936469
GCCACGGT	277	11121	11953	873	137	9.30987968619	0.0727863931966	0.0113316790736	0.061454714123
CGCCAGGT	463	18897	20063	1530	274	9.24591958688	0.0749008665002	0.0134729802822	0.061427886218
CCCTGGGT	99	4389	4836	335	47	9.42240320632	0.0709144792549	0.00962523039115	0.0612892488637
CGATAGGT	55	2495	2605	191	26	9.60385048437	0.0711094564408	0.0098821740783	0.0612272823625
GAACGGGT	122	5390	5829	436	81	9.48758855586	0.0748369378647	0.0137055837563	0.0611313541084
TTCGAGGT	65	3057	3328	229	30	9.66618924031	0.0696895922094	0.00893388921977	0.0607557029896
GGGTCGGT	76	3138	3057	247	38	9.7378558567	0.0729689807976	0.0122778675283	0.0606911132694
GTCGAGGT	83	3566	3824	296	62	9.61231777513	0.0766442257897	0.0159547092126	0.0606895165772
CTTGGGGT	16	661	705	48	5	9.43834310644	0.0677009873061	0.00704225352113	0.0606587337849
GCCTGGGT	241	9599	10359	768	141	9.31585316669	0.0740812192534	0.0134285714286	0.0606526478248
CGGCAGGG	285	10418	11813	796	124	9.37746110423	0.0709827001962	0.010387869649	0.0605948305472
CCGGGGGT	42	1631	1620	120	13	9.65286316141	0.0685322672758	0.00796080832823	0.0605714589476
AGAAGGGT	53	2877	2990	208	21	9.66375809231	0.0674230145867	0.00697442710063	0.0604485874861
CGGATGGT	176	7204	7769	592	123	9.42347126751	0.0759363776296	0.0155854029397	0.0603509746899
TCACGGGT	79	3556	3604	275	42	9.56787470574	0.0717828243279	0.0115194733955	0.0602633509323
ACACAGGT	66	3446	3742	271	49	9.65355152276	0.0729082593489	0.012925349512	0.0599829098369
ACGAAGGT	99	4723	5064	351	47	9.48270406402	0.0691761923532	0.00919585208374	0.0599803402694
ACGGCTAG	13	639	636	51	9	7.35982416045	0.0739130434783	0.0139534883721	0.0599595551062
GACGAGGT	83	3533	3994	271	46	9.56108818895	0.0712407991588	0.0113861386139	0.0598546605449
CCGCTGGT	505	18860	20470	1502	289	9.16879443464	0.0737648561045	0.0139216725276	0.0598431835769
CACAGGGT	72	3377	3622	259	42	9.70518466723	0.0712321232123	0.0114628820961	0.0597692411163
CCCTCGGT	50	1922	2185	145	23	9.87208376229	0.0701499758104	0.0104166666667	0.0597333091437
CGCGAGGT	126	5540	5496	429	68	9.59446908979	0.071871335232	0.0122214234364	0.0596499117957
ACCCCGGT	103	3749	4105	287	48	9.53123197864	0.0711100099108	0.0115579099446	0.0595520999662
CCGACGGT	227	9034	9389	706	124	9.33516546378	0.0724845995893	0.0130347944917	0.0594498050976
CCCCCGGT	67	2542	2694	202	39	9.62350216575	0.0736151603499	0.0142700329308	0.059345127419
GCACCGGT	163	6234	6720	479	82	9.48214012986	0.0713540890809	0.0120552778595	0.0592988112214
GCGACGGT	385	15738	16114	1265	251	9.2177898389	0.0743986355349	0.0153376107547	0.0590610247802
GAAAGGGT	129	6023	6264	446	63	9.46422152622	0.0689441953934	0.0099573257468	0.0589868696466
GGGCCGGT	160	5603	5790	442	83	9.47923412231	0.0731182795699	0.0141324706283	0.0589858089416
AAGAGGGT	81	3603	4142	263	38	9.68190150013	0.0680289705122	0.00909090909091	0.0589380614212
CTGCAGGT	134	6102	6532	468	82	9.42077155502	0.0712328767123	0.0123979437557	0.0588349329567
GGCGGGGG	126	4129	4384	333	71	9.55095423039	0.0746302106679	0.0159371492705	0.0586930613974
TGCCGGGT	260	10806	11314	841	156	9.34200110409	0.0722074353911	0.0136006974717	0.0586067379194
AACTGGGT	156	6810	7332	516	88	9.41396438224	0.0704340704341	0.0118598382749	0.0585742321591
ATGGCAGG	218	8725	10655	670	138	9.37768481694	0.0713145290048	0.0127860650422	0.0585284639626
TGGCGGGG	244	8195	9378	638	131	9.2952619437	0.0722291407223	0.0137764223367	0.0584527183856
CTCGCGGT	101	4179	4430	321	58	9.50690734953	0.0713333333333	0.0129233511586	0.0584099821747
AGTCGGGT	76	3227	3581	265	64	9.5952214385	0.0758877434135	0.0175582990398	0.0583294443737
AAGCGGGT	203	8806	9270	660	108	9.38534290666	0.0697232199451	0.0115163147793	0.0582069051658
AGGGAGGT	38	2030	2128	149	22	9.92630303164	0.0683799908215	0.0102325581395	0.0581474326819
CCAGCGGT	386	15416	16041	1230	258	9.22954264301	0.0738916256158	0.015829191975	0.0580624336408
CTGCCGGT	423	15775	16292	1200	209	9.30174623089	0.0706921944035	0.0126658990364	0.0580262953671
GGAGGGGT	38	1593	1816	109	11	9.80593249003	0.0640423031727	0.00602079912425	0.0580215040485
CCCCAGGT	115	4425	4795	348	73	9.59643949091	0.0729101194217	0.0149958915366	0.0579142278852
GTCGGGGT	75	3227	3358	237	36	9.54672403434	0.0684180138568	0.0106069534473	0.0578110604096
TGTCGGGT	82	3753	3990	286	53	9.58143523838	0.0708096063382	0.0131090774178	0.0577005289204
AGTGGCGG	195	6948	8701	507	91	9.41576366033	0.0680080482897	0.0103503184713	0.0576577298184
GCAAGGGT	79	3547	3635	265	44	9.61741158439	0.0695173137461	0.0119597716771	0.057557542069
ACCAGGGT	111	5030	5091	371	58	9.40300708354	0.0686909831513	0.0112643231695	0.0574266599817
GGCAAGGT	134	6184	6670	478	97	9.39915089979	0.0717502251576	0.0143342692478	0.0574159559098
GGGGAGGT	40	1792	1833	151	38	9.70542048748	0.0777148739063	0.0203099946553	0.0574048792511
GCGTGGGT	143	5659	6334	413	68	9.44528803564	0.0680171277997	0.0106216807248	0.057395447075
ACAGAGGT	56	2713	3041	194	29	9.72292962676	0.0667354661163	0.00944625407166	0.0572892120446
GTAGCGGT	182	7675	8340	584	114	9.39239135558	0.070710739799	0.013484740951	0.057225998848
TGAAAGGT	138	6789	7350	490	75	9.39369334378	0.06731693914	0.010101010101	0.057215929039
GGCGTGGT	415	16002	17188	1216	234	9.19945448484	0.0706237658265	0.0134312937665	0.05719247206
CAGCCGGT	331	12155	11988	938	176	9.27553668341	0.0716413350645	0.0144689246958	0.0571724103687
CGCGGAGT	108	4771	4900	336	44	9.45263199814	0.0657920501273	0.0088996763754	0.0568923737519
GCGGCCGT	99	3912	4060	314	72	9.51916485489	0.0743019403691	0.0174249757986	0.0568769645705
CGGCGGGG	258	7568	8759	577	125	9.3525375695	0.0708410067526	0.0140702386312	0.0567707681214
CGGCGGCT	451	13487	16207	1072	278	9.25659027406	0.0736314307301	0.0168638155899	0.0567676151402
GGCCCCGT	53	1922	2047	160	42	9.72337200836	0.0768491834774	0.0201053135472	0.0567438699303
TCGGCTGT	131	5264	6021	395	80	9.44792476195	0.0698003180774	0.0131126044911	0.0566877135863
GGGACGGT	78	3031	3246	224	40	9.68511125555	0.0688172043011	0.0121728545344	0.0566443497667
TAACGGGT	100	4805	5044	344	52	9.67638876765	0.0668090891435	0.0102040816327	0.0566050075109
TGTGGCGG	210	7365	8907	527	92	9.43715210884	0.0667764825139	0.0102233581509	0.056553124363
CACGGGGT	53	2318	2732	164	27	9.74031903518	0.0660757453666	0.00978615440377	0.0562895909629
GGGCTGGT	295	10917	11961	826	171	9.33334949337	0.0703397768884	0.0140949554896	0.0562448213987
GTCTGGGT	128	5555	6246	408	77	9.38415980072	0.0684219352675	0.0121777637198	0.0562441715477
CGCACGGT	179	7196	7970	527	97	9.35615776426	0.0682377314515	0.0120242965167	0.0562134349348
GGCTCGGG	27	1140	1233	72	4	9.93968238528	0.0594059405941	0.00323362974939	0.0561723108447
AACCGGGT	170	7595	7631	585	119	9.45146710404	0.0715158924205	0.0153548387097	0.0561610537109
TGTGGGGT	53	2507	2733	180	30	9.66236125692	0.0669892072944	0.0108577633008	0.0561314439936
ATGGGGGT	71	3256	3406	229	33	9.54709508855	0.0657101865136	0.00959581273626	0.0561143737774
GAGCAGGT	242	10267	11207	744	130	9.33720296316	0.0675687948415	0.0114668783629	0.0561019164786
GCTGGGGT	129	5456	5662	426	94	9.44460092398	0.0724243454607	0.0163307852675	0.0560935601932
GGCCGAGT	49	2072	2153	149	24	9.78782789757	0.0670868977938	0.0110243454295	0.0560625523643
CACAAGGT	45	2028	2206	141	20	9.77929699693	0.0650069156293	0.00898472596586	0.0560221896635
TTGCGGGT	204	9173	9225	651	97	9.39735246454	0.066266286645	0.0104054923836	0.0558607942613
AGGCTGGT	185	8045	8867	593	115	9.35839347802	0.0686501504978	0.0128033845469	0.0558467659509
ACCCAGGT	127	6039	6540	444	84	9.52228362531	0.0684868116613	0.0126811594203	0.055805652241
CCGCAGGT	300	12216	12709	941	204	9.27954889143	0.0715208634187	0.01579803299	0.0557228304287
ATGAAGGT	157	7266	7948	517	86	9.40870166161	0.0664268277014	0.0107045058501	0.0557223218513
GGTCGGGT	105	4221	4613	299	49	9.48426732007	0.0661504424779	0.0105105105105	0.0556399319674
GAGAAGGT	92	4378	4460	315	52	9.48550194507	0.0671212444066	0.011524822695	0.0555964217115
AGCTGGGT	124	5542	5863	398	68	9.4580033867	0.0670033670034	0.0114651829371	0.0555381840663
ATCAGGGT	152	7211	7508	513	83	9.52442817763	0.0664163645779	0.0109340007904	0.0554823637875
AGCGCGGT	413	16121	17215	1205	247	9.26160703319	0.0695486552003	0.0141450005727	0.0554036546276
ACCGCGGT	124	5021	5368	370	72	9.5488150989	0.0686329066963	0.0132352941176	0.0553976125787
GTAGGGGT	34	1530	1612	100	10	10.102733372	0.0613496932515	0.00616522811344	0.0551844651381
ACGTGGGT	68	3123	3429	220	37	9.54073481245	0.065809153455	0.0106751298327	0.0551340236223
GGTGCGGT	119	4890	5566	354	70	9.49956562612	0.0675057208238	0.0124201561391	0.0550855646847
TCCGGGGT	108	4416	4777	311	52	9.5511610934	0.0657922572456	0.0107682750052	0.0550239822404
CGAGTGGT	64	3011	3074	206	28	9.85610714156	0.0640348150451	0.00902643455835	0.0550083804867
ACGTAGGT	39	2030	2289	135	17	9.81629144456	0.0623556581986	0.00737207285343	0.0549835853452
GTGGCTGG	339	12439	14752	920	209	9.30470861141	0.0688674301969	0.0139696544349	0.054897775762
AAGCCGGT	243	9875	10070	702	117	9.42257432721	0.0663704263969	0.0114852262688	0.0548852001281
AGTCCGGT	126	5341	5604	374	60	9.41115177775	0.0654418197725	0.010593220339	0.0548485994335
GCAAAGGT	146	6399	7116	466	94	9.48891319078	0.0678805535324	0.0130374479889	0.0548431055435
AGAAAGGT	122	6088	6346	424	66	9.40118503573	0.0651105651106	0.0102932002495	0.054817364861
GTCCCGGT	116	4769	4907	358	75	9.61675557165	0.0698264092062	0.0150541951024	0.0547722141038
GTTCCGGT	200	8209	9238	617	142	9.39743247106	0.0699070926807	0.0151385927505	0.0547684999302
GCATGGGT	84	3676	3996	248	34	9.56150472576	0.0632008154944	0.00843672456576	0.0547640909286
TCGGGGGT	32	1324	1455	94	17	9.75015473907	0.0662905500705	0.0115489130435	0.054741637027
ACCGGCGG	453	14250	16352	1020	201	9.2622407959	0.0667976424361	0.0121428139914	0.0546548284447
TAGCAGGT	58	2850	2964	199	32	9.79021706955	0.0652673007543	0.0106809078772	0.0545863928772
ACGGCTGG	387	14161	16159	1021	209	9.28773651635	0.0672506916085	0.0127688172043	0.0544818744042
GCACGGGT	66	2866	3131	202	36	9.6962143441	0.0658409387223	0.0113672245027	0.0544737142196
ATAAGGGT	68	3678	4090	240	28	9.66451758462	0.0612557427259	0.00679941719281	0.0544563255331
ACTGGGGT	91	4178	4267	317	70	9.63874252136	0.0705228031146	0.0161401890708	0.0543826140438
CGTTAGGT	49	2381	2705	170	34	9.76734302689	0.0666405331243	0.0124132895217	0.0542272436025
GCGATGGT	419	17362	18511	1285	276	9.21920438385	0.068911889312	0.0146910097408	0.0542208795712
CCTGGGGT	66	2999	2992	210	34	9.67378393794	0.0654409473356	0.0112359550562	0.0542049922794
AGGACGGT	85	3758	3999	263	46	9.57966758974	0.0654066152698	0.0113720642769	0.0540345509929
TACGGGGT	38	1858	1953	121	14	9.68905522944	0.0611419909045	0.00711743772242	0.0540245531821
CCGTGGGT	138	5311	5534	389	80	9.55924445556	0.0682456140351	0.0142500890631	0.053995524972
TTCCGGGT	229	9759	10096	701	134	9.35050244042	0.067017208413	0.0130987292278	0.0539184791852
TAGGGGGT	22	1140	1127	74	8	9.94037715704	0.0609555189456	0.00704845814978	0.0539070607959
TGAAGGGT	81	4053	4248	270	37	9.62518269942	0.0624566273421	0.00863477246208	0.05382185488
CGGTCGGT	143	5513	5939	410	93	9.46122249503	0.0692216782036	0.0154177718833	0.0538039063203
ACGCAGGT	222	10115	10485	728	143	9.37732136671	0.0671400903809	0.0134550244637	0.0536850659172
AGGCCGGT	165	6751	6968	477	87	9.41553459134	0.0659933591588	0.0123316796598	0.053661679499
GGAAAGGT	107	4953	5223	367	82	9.54943941694	0.068984962406	0.0154571159284	0.0535278464776
GAATGGGT	85	3845	4208	278	60	9.61258221513	0.0674266310939	0.0140581068416	0.0533685242523
GCGTCGGT	253	10044	10680	691	119	9.39606101191	0.0643688868188	0.0110195388462	0.0533493479726
GCTCCGGT	124	4838	5235	363	88	9.38650207099	0.0697942703326	0.0165320308097	0.0532622395229
CTCGTGGT	32	1531	1722	102	16	9.68862102113	0.062461726883	0.00920598388953	0.0532557429935
CATTAGGT	51	2525	2570	154	11	9.73173601096	0.0574841358716	0.00426191398683	0.0532222218848
TAAGGGGT	36	1687	1946	108	14	9.91740279817	0.0601671309192	0.00714285714286	0.0530242737764
CCCGGGGT	35	1436	1494	105	23	10.057583322	0.0681375730045	0.0151615029664	0.0529760700382
GCGGCTGT	274	9238	10457	701	188	9.4275250866	0.07053023443	0.0176608736496	0.0528693607804
TCGGCCGT	21	856	934	58	10	9.29932293489	0.0634573304158	0.010593220339	0.0528641100768
GCAGCGGT	322	12811	13693	898	176	9.27832486697	0.0655044131592	0.0126901723268	0.0528142408325
GTACGGGT	100	4529	4727	323	66	9.54715381602	0.0665704863974	0.0137700813687	0.0528004050287
GTGCCGGT	314	11615	12546	823	171	9.33830884155	0.0661681942434	0.0134465675867	0.0527216266568
CGGCGAGT	225	8564	9129	605	123	9.32249657817	0.0659832042753	0.0132944228275	0.0526887814478
GCTTGGGT	33	1369	1429	90	13	9.85097128762	0.0616860863605	0.00901525658807	0.0526708297724
AGAGAGGT	56	2676	2774	187	36	9.73754841347	0.0653161019909	0.0128113879004	0.0525047140906
GCGGAAGT	242	9737	10716	687	146	9.3618671249	0.0659056024559	0.0134413551832	0.0524642472727
ATGCGGGT	180	7744	8248	534	101	9.41025420455	0.0645083353467	0.0120972571565	0.0524110781902
GGTACGGT	164	6760	7383	484	108	9.47819884733	0.0668139149641	0.0144173007609	0.0523966142032
ACGGCAGG	262	10479	11614	709	129	9.39563660728	0.0633714694315	0.0109852678191	0.0523862016124
GCGGCTCG	172	5192	6436	375	98	9.52263258748	0.0673612358541	0.0149984695439	0.0523627663102
CGGCCCGT	156	5666	5955	417	98	9.51334818414	0.0685517014631	0.0161903188502	0.0523613826129
GAAGAGGT	234	10311	11239	752	180	9.36654083101	0.0679743288439	0.0157632016814	0.0522111271625
GTAGAGGT	81	3835	4367	249	39	9.53595173734	0.0609696376102	0.0088515660463	0.0521180715639
CGAACGGT	162	7375	7445	522	106	9.42642735209	0.066101051032	0.014037875778	0.052063175254
GCAGAGGT	92	4391	4589	292	48	9.52095920593	0.062353192398	0.0103515203796	0.0520016720185
GCTAAGGT	64	3015	3201	203	36	9.64621464519	0.0630826600373	0.0111214087118	0.0519612513255
GAAGGGGT	82	3865	3949	266	50	9.73826326862	0.0643911885742	0.0125031257814	0.0518880627927
TCCCCGGT	114	4403	5077	294	55	9.61056408554	0.0625931445604	0.0107170693687	0.0518760751917
ACCGAGGT	95	3892	4095	269	53	9.55180804519	0.0646479211728	0.0127772420444	0.0518706791284
CGAGAGGT	41	1867	1849	138	32	9.7963902494	0.0688279301746	0.0170122275385	0.051815702636
ACGACGGT	185	8323	8780	586	125	9.31992340375	0.0657761813896	0.0140370578327	0.0517391235569
CCACCGGT	180	6899	7091	476	92	9.47601379958	0.0645423728814	0.0128080189336	0.0517343539478
TTACAGGT	123	5920	6576	398	75	9.58086721763	0.0629946185502	0.0112764997745	0.0517181187757
GCCATGGT	112	5007	5063	341	62	9.50753785549	0.0637621540763	0.0120975609756	0.0516645931007
GTGGCTGT	106	4640	5213	335	83	9.48799908892	0.0673366834171	0.0156722054381	0.051664477979
CTTGAGGT	75	3453	3749	231	42	9.69940456521	0.0627035830619	0.0110788710103	0.0516247120516
GCGTAGGT	88	3693	4111	240	39	9.66228065018	0.0610221205187	0.00939759036145	0.0516245301572
GCCGAGGT	151	5826	5863	422	95	9.3563706198	0.0675416133163	0.0159449479691	0.0515966653471
CGTTGGGT	145	6312	6731	434	87	9.49247983208	0.0643344203973	0.0127603402757	0.0515740801215
ACGGCTGT	146	6073	6666	429	98	9.41327280808	0.0659796985543	0.0144884683619	0.0514912301924
GCCCCGGT	177	6051	6557	474	142	9.41733499724	0.0726436781609	0.021197193611	0.0514464845499
GGTAAGGT	102	4725	5340	330	75	9.47466267666	0.0652818991098	0.0138504155125	0.0514314835973
ATTGGGGT	68	3174	3280	200	26	9.75963673674	0.0592768227623	0.00786448880823	0.0514123339541
ACGCCGGT	510	20004	20348	1355	249	9.17506379477	0.0634392995927	0.012089139195	0.0513501603976
GTCGCGGT	252	10166	11305	688	139	9.41695610437	0.0633867698544	0.0121461027613	0.0512406670932
AGTCAGGT	79	3917	4290	251	39	9.62880929358	0.0602207293666	0.00900900900901	0.0512117203576
ATCGCGGT	314	13640	14394	916	171	9.24517457368	0.0629293762023	0.0117404737384	0.0511889024638
TGAGAGGT	43	2126	2314	144	29	9.78266131765	0.063436123348	0.0123772940674	0.0510588292806
ATCGGCGG	512	16438	19762	1085	217	9.25930507862	0.0619186212407	0.0108614044747	0.051057216766
TGCCAGGT	202	9029	9508	625	132	9.39391632106	0.0647400041434	0.0136929460581	0.0510470580853
GGTTGGGT	92	4135	4708	279	58	9.61411774005	0.0632079746262	0.0121695342006	0.0510384404256
GGCAGCGT	433	16581	17556	1213	306	9.17617753607	0.0681690457458	0.0171313402754	0.0510377054703
CTACAGGT	69	3251	3662	216	42	9.68774940624	0.0623017017594	0.0113390928726	0.0509626088869
TCGAAGGT	120	5766	6128	389	76	9.47064850215	0.0632006498781	0.0122501611863	0.0509504886918
CATAGGGT	37	1698	1887	102	11	9.79202585568	0.0566666666667	0.00579557428872	0.0508710923779
ACGTCGGT	122	4823	5303	339	80	9.45959592445	0.0656722200697	0.0148616013375	0.0508106187322
TGCGGGGT	84	3574	3799	232	39	9.57865244736	0.0609563846558	0.01016154247	0.0507948421858
GCGGCAGT	385	14537	16275	1034	259	9.26095929464	0.066405497399	0.0156646909399	0.0507408064591
GAAGCGGT	298	12406	13411	869	201	9.31519828907	0.065461393597	0.0147663826036	0.0506950109934
CGAGGAGT	37	1670	1868	102	13	9.63361966758	0.0575620767494	0.00691121743753	0.0506508593119
CCACAGGT	123	5561	6004	355	57	9.4225217615	0.0600067613252	0.00940438871473	0.0506023726105
GCCGTGGT	306	12303	12740	839	171	9.37174137375	0.063841120073	0.0132445201766	0.0505965998965
TCGCCGGT	482	18402	19516	1234	242	9.22947244878	0.0628437563659	0.0122482032594	0.0505955531064
ATGGAGGT	75	3466	3807	217	32	9.61544306216	0.058919359218	0.00833550403751	0.0505838551805
ACCGGGGT	103	3929	4024	274	60	9.56048972297	0.0651915298596	0.0146914789422	0.0505000509174
CAAGGGGT	32	1557	1705	98	15	10.1278152521	0.0592145015106	0.00872093023256	0.050493571278
GAGCCGGT	160	5762	5674	377	63	9.56071815185	0.0614106532008	0.0109813491372	0.0504293040637
GACACGGT	97	4179	4533	278	55	9.54804352692	0.0623737940319	0.0119877942459	0.050385999786
GCTACGGT	125	5441	6028	360	72	9.57793907835	0.0620582658162	0.0118032786885	0.0502549871277
ATGAGGGT	52	2760	2698	180	30	9.67171824856	0.0612244897959	0.0109970674487	0.0502274223472
TGCTGGGT	198	8329	9020	554	111	9.33669686451	0.0623663176855	0.0121563903187	0.0502099273668
GACCCGGT	124	5024	5455	326	60	9.58550955894	0.0609345794393	0.0108794197643	0.050055159675
AGGAGGGT	34	1710	1707	110	18	10.0113827714	0.0604395604396	0.0104347826087	0.0500047778309
Time after output:  1431893802.56
Time before output:  1431893802.56
############################### insertion #########################
#Sequence	Occurrence	Forward Match	Backward Match	Forward Mismatch	Backward Mismatch	Strand Bias Score	FER (Forward Error Rate)	RER (Reverse Error Rate), ERD (Error rate Difference)
Time after output:  1431893802.56
Time before output:  1431893802.56
############################### deletions #########################
#Sequence	Occurrence	Forward Match	Backward Match	Forward Mismatch	Backward Mismatch	Strand Bias Score	FER (Forward Error Rate)	RER (Reverse Error Rate), ERD (Error rate Difference)
Time after output:  1431893802.56
